{"C:\\Users\\LeonPrior\\OneDrive - Prior Consultoría\\Documentos\\CONSULTORÍAS 2025\\IPS\\IA\\APP TABLERO\\components\\ActivityManager.tsx": {"path":"C:\\Users\\LeonPrior\\OneDrive - Prior Consultoría\\Documentos\\CONSULTORÍAS 2025\\IPS\\IA\\APP TABLERO\\components\\ActivityManager.tsx","statementMap":{"0":{"start":{"line":1,"column":0},"end":{"line":1,"column":49}},"1":{"start":{"line":19,"column":63},"end":{"line":266,"column":1}},"2":{"start":{"line":27,"column":40},"end":{"line":27,"column":84}},"3":{"start":{"line":28,"column":32},"end":{"line":28,"column":44}},"4":{"start":{"line":29,"column":36},"end":{"line":29,"column":48}},"5":{"start":{"line":30,"column":40},"end":{"line":30,"column":55}},"6":{"start":{"line":32,"column":21},"end":{"line":34,"column":28}},"7":{"start":{"line":33,"column":8},"end":{"line":33,"column":92}},"8":{"start":{"line":33,"column":38},"end":{"line":33,"column":90}},"9":{"start":{"line":36,"column":18},"end":{"line":40,"column":20}},"10":{"start":{"line":37,"column":23},"end":{"line":37,"column":80}},"11":{"start":{"line":37,"column":51},"end":{"line":37,"column":76}},"12":{"start":{"line":38,"column":23},"end":{"line":38,"column":83}},"13":{"start":{"line":38,"column":51},"end":{"line":38,"column":79}},"14":{"start":{"line":39,"column":8},"end":{"line":39,"column":97}},"15":{"start":{"line":42,"column":25},"end":{"line":44,"column":5}},"16":{"start":{"line":43,"column":8},"end":{"line":43,"column":85}},"17":{"start":{"line":43,"column":30},"end":{"line":43,"column":83}},"18":{"start":{"line":43,"column":44},"end":{"line":43,"column":82}},"19":{"start":{"line":46,"column":26},"end":{"line":57,"column":5}},"20":{"start":{"line":47,"column":22},"end":{"line":47,"column":77}},"21":{"start":{"line":47,"column":52},"end":{"line":47,"column":60}},"22":{"start":{"line":48,"column":25},"end":{"line":53,"column":11}},"23":{"start":{"line":48,"column":41},"end":{"line":53,"column":10}},"24":{"start":{"line":54,"column":8},"end":{"line":54,"column":54}},"25":{"start":{"line":54,"column":30},"end":{"line":54,"column":52}},"26":{"start":{"line":55,"column":8},"end":{"line":55,"column":24}},"27":{"start":{"line":56,"column":8},"end":{"line":56,"column":29}},"28":{"start":{"line":59,"column":23},"end":{"line":62,"column":5}},"29":{"start":{"line":60,"column":8},"end":{"line":60,"column":58}},"30":{"start":{"line":60,"column":51},"end":{"line":60,"column":58}},"31":{"start":{"line":61,"column":8},"end":{"line":61,"column":61}},"32":{"start":{"line":61,"column":30},"end":{"line":61,"column":59}},"33":{"start":{"line":61,"column":47},"end":{"line":61,"column":58}},"34":{"start":{"line":64,"column":4},"end":{"line":265,"column":6}},"35":{"start":{"line":101,"column":45},"end":{"line":101,"column":77}},"36":{"start":{"line":101,"column":58},"end":{"line":101,"column":77}},"37":{"start":{"line":101,"column":78},"end":{"line":101,"column":88}},"38":{"start":{"line":119,"column":43},"end":{"line":119,"column":68}},"39":{"start":{"line":126,"column":47},"end":{"line":126,"column":73}},"40":{"start":{"line":158,"column":47},"end":{"line":158,"column":74}},"41":{"start":{"line":162,"column":55},"end":{"line":162,"column":75}},"42":{"start":{"line":176,"column":32},"end":{"line":176,"column":48}},"43":{"start":{"line":198,"column":83},"end":{"line":198,"column":150}},"44":{"start":{"line":202,"column":69},"end":{"line":202,"column":148}},"45":{"start":{"line":207,"column":83},"end":{"line":207,"column":137}},"46":{"start":{"line":214,"column":83},"end":{"line":214,"column":156}},"47":{"start":{"line":218,"column":69},"end":{"line":218,"column":151}},"48":{"start":{"line":223,"column":83},"end":{"line":223,"column":143}},"49":{"start":{"line":228,"column":67},"end":{"line":228,"column":83}},"50":{"start":{"line":241,"column":49},"end":{"line":241,"column":68}},"51":{"start":{"line":241,"column":69},"end":{"line":241,"column":79}},"52":{"start":{"line":255,"column":41},"end":{"line":255,"column":73}},"53":{"start":{"line":255,"column":54},"end":{"line":255,"column":73}},"54":{"start":{"line":255,"column":74},"end":{"line":255,"column":84}},"55":{"start":{"line":19,"column":13},"end":{"line":19,"column":63}}},"fnMap":{"0":{"name":"(anonymous_9)","decl":{"start":{"line":19,"column":63},"end":{"line":19,"column":64}},"loc":{"start":{"line":26,"column":5},"end":{"line":266,"column":1}}},"1":{"name":"(anonymous_10)","decl":{"start":{"line":32,"column":29},"end":{"line":32,"column":32}},"loc":{"start":{"line":32,"column":34},"end":{"line":34,"column":5}}},"2":{"name":"(anonymous_11)","decl":{"start":{"line":33,"column":33},"end":{"line":33,"column":34}},"loc":{"start":{"line":33,"column":38},"end":{"line":33,"column":90}}},"3":{"name":"(anonymous_12)","decl":{"start":{"line":36,"column":26},"end":{"line":36,"column":29}},"loc":{"start":{"line":36,"column":31},"end":{"line":40,"column":5}}},"4":{"name":"(anonymous_13)","decl":{"start":{"line":37,"column":41},"end":{"line":37,"column":42}},"loc":{"start":{"line":37,"column":51},"end":{"line":37,"column":76}}},"5":{"name":"(anonymous_14)","decl":{"start":{"line":38,"column":41},"end":{"line":38,"column":42}},"loc":{"start":{"line":38,"column":51},"end":{"line":38,"column":79}}},"6":{"name":"(anonymous_15)","decl":{"start":{"line":42,"column":25},"end":{"line":42,"column":26}},"loc":{"start":{"line":42,"column":68},"end":{"line":44,"column":5}}},"7":{"name":"(anonymous_16)","decl":{"start":{"line":43,"column":22},"end":{"line":43,"column":26}},"loc":{"start":{"line":43,"column":30},"end":{"line":43,"column":83}}},"8":{"name":"(anonymous_17)","decl":{"start":{"line":43,"column":39},"end":{"line":43,"column":40}},"loc":{"start":{"line":43,"column":44},"end":{"line":43,"column":82}}},"9":{"name":"(anonymous_18)","decl":{"start":{"line":46,"column":26},"end":{"line":46,"column":29}},"loc":{"start":{"line":46,"column":31},"end":{"line":57,"column":5}}},"10":{"name":"(anonymous_19)","decl":{"start":{"line":47,"column":47},"end":{"line":47,"column":48}},"loc":{"start":{"line":47,"column":52},"end":{"line":47,"column":60}}},"11":{"name":"(anonymous_20)","decl":{"start":{"line":48,"column":35},"end":{"line":48,"column":36}},"loc":{"start":{"line":48,"column":41},"end":{"line":53,"column":10}}},"12":{"name":"(anonymous_21)","decl":{"start":{"line":54,"column":22},"end":{"line":54,"column":26}},"loc":{"start":{"line":54,"column":30},"end":{"line":54,"column":52}}},"13":{"name":"(anonymous_22)","decl":{"start":{"line":59,"column":23},"end":{"line":59,"column":24}},"loc":{"start":{"line":59,"column":38},"end":{"line":62,"column":5}}},"14":{"name":"(anonymous_23)","decl":{"start":{"line":61,"column":22},"end":{"line":61,"column":26}},"loc":{"start":{"line":61,"column":30},"end":{"line":61,"column":59}}},"15":{"name":"(anonymous_24)","decl":{"start":{"line":61,"column":42},"end":{"line":61,"column":43}},"loc":{"start":{"line":61,"column":47},"end":{"line":61,"column":58}}},"16":{"name":"(anonymous_25)","decl":{"start":{"line":101,"column":37},"end":{"line":101,"column":40}},"loc":{"start":{"line":101,"column":42},"end":{"line":101,"column":90}}},"17":{"name":"(anonymous_26)","decl":{"start":{"line":119,"column":38},"end":{"line":119,"column":39}},"loc":{"start":{"line":119,"column":43},"end":{"line":119,"column":68}}},"18":{"name":"(anonymous_27)","decl":{"start":{"line":126,"column":41},"end":{"line":126,"column":44}},"loc":{"start":{"line":126,"column":47},"end":{"line":126,"column":73}}},"19":{"name":"(anonymous_28)","decl":{"start":{"line":158,"column":42},"end":{"line":158,"column":43}},"loc":{"start":{"line":158,"column":47},"end":{"line":158,"column":74}}},"20":{"name":"(anonymous_29)","decl":{"start":{"line":162,"column":49},"end":{"line":162,"column":52}},"loc":{"start":{"line":162,"column":55},"end":{"line":162,"column":75}}},"21":{"name":"(anonymous_30)","decl":{"start":{"line":175,"column":42},"end":{"line":175,"column":43}},"loc":{"start":{"line":176,"column":32},"end":{"line":176,"column":48}}},"22":{"name":"(anonymous_31)","decl":{"start":{"line":198,"column":77},"end":{"line":198,"column":80}},"loc":{"start":{"line":198,"column":83},"end":{"line":198,"column":150}}},"23":{"name":"(anonymous_32)","decl":{"start":{"line":202,"column":62},"end":{"line":202,"column":63}},"loc":{"start":{"line":202,"column":69},"end":{"line":202,"column":148}}},"24":{"name":"(anonymous_33)","decl":{"start":{"line":207,"column":77},"end":{"line":207,"column":80}},"loc":{"start":{"line":207,"column":83},"end":{"line":207,"column":137}}},"25":{"name":"(anonymous_34)","decl":{"start":{"line":214,"column":77},"end":{"line":214,"column":80}},"loc":{"start":{"line":214,"column":83},"end":{"line":214,"column":156}}},"26":{"name":"(anonymous_35)","decl":{"start":{"line":218,"column":62},"end":{"line":218,"column":63}},"loc":{"start":{"line":218,"column":69},"end":{"line":218,"column":151}}},"27":{"name":"(anonymous_36)","decl":{"start":{"line":223,"column":77},"end":{"line":223,"column":80}},"loc":{"start":{"line":223,"column":83},"end":{"line":223,"column":143}}},"28":{"name":"(anonymous_37)","decl":{"start":{"line":228,"column":61},"end":{"line":228,"column":64}},"loc":{"start":{"line":228,"column":67},"end":{"line":228,"column":83}}},"29":{"name":"(anonymous_38)","decl":{"start":{"line":241,"column":41},"end":{"line":241,"column":44}},"loc":{"start":{"line":241,"column":46},"end":{"line":241,"column":81}}},"30":{"name":"(anonymous_39)","decl":{"start":{"line":255,"column":33},"end":{"line":255,"column":36}},"loc":{"start":{"line":255,"column":38},"end":{"line":255,"column":86}}}},"branchMap":{"0":{"loc":{"start":{"line":39,"column":42},"end":{"line":39,"column":94}},"type":"cond-expr","locations":[{"start":{"line":39,"column":55},"end":{"line":39,"column":90}},{"start":{"line":39,"column":93},"end":{"line":39,"column":94}}]},"1":{"loc":{"start":{"line":43,"column":44},"end":{"line":43,"column":82}},"type":"cond-expr","locations":[{"start":{"line":43,"column":58},"end":{"line":43,"column":78}},{"start":{"line":43,"column":81},"end":{"line":43,"column":82}}]},"2":{"loc":{"start":{"line":60,"column":8},"end":{"line":60,"column":58}},"type":"if","locations":[{"start":{"line":60,"column":8},"end":{"line":60,"column":58}}]},"3":{"loc":{"start":{"line":101,"column":45},"end":{"line":101,"column":77}},"type":"if","locations":[{"start":{"line":101,"column":45},"end":{"line":101,"column":77}}]},"4":{"loc":{"start":{"line":102,"column":52},"end":{"line":102,"column":135}},"type":"cond-expr","locations":[{"start":{"line":102,"column":62},"end":{"line":102,"column":99}},{"start":{"line":102,"column":102},"end":{"line":102,"column":135}}]},"5":{"loc":{"start":{"line":103,"column":40},"end":{"line":103,"column":122}},"type":"cond-expr","locations":[{"start":{"line":103,"column":50},"end":{"line":103,"column":88}},{"start":{"line":103,"column":91},"end":{"line":103,"column":122}}]},"6":{"loc":{"start":{"line":105,"column":54},"end":{"line":105,"column":74}},"type":"cond-expr","locations":[{"start":{"line":105,"column":64},"end":{"line":105,"column":68}},{"start":{"line":105,"column":71},"end":{"line":105,"column":74}}]},"7":{"loc":{"start":{"line":106,"column":29},"end":{"line":106,"column":67}},"type":"cond-expr","locations":[{"start":{"line":106,"column":39},"end":{"line":106,"column":56}},{"start":{"line":106,"column":59},"end":{"line":106,"column":67}}]},"8":{"loc":{"start":{"line":123,"column":21},"end":{"line":138,"column":null}},"type":"binary-expr","locations":[{"start":{"line":123,"column":21},"end":{"line":123,"column":28}},{"start":{"line":124,"column":24},"end":{"line":137,"column":null}}]},"9":{"loc":{"start":{"line":133,"column":29},"end":{"line":136,"column":null}},"type":"binary-expr","locations":[{"start":{"line":133,"column":29},"end":{"line":133,"column":40}},{"start":{"line":134,"column":32},"end":{"line":134,"column":null}}]},"10":{"loc":{"start":{"line":145,"column":21},"end":{"line":165,"column":null}},"type":"binary-expr","locations":[{"start":{"line":145,"column":21},"end":{"line":145,"column":31}},{"start":{"line":146,"column":24},"end":{"line":164,"column":null}}]},"11":{"loc":{"start":{"line":168,"column":21},"end":{"line":235,"column":null}},"type":"cond-expr","locations":[{"start":{"line":169,"column":24},"end":{"line":171,"column":null}},{"start":{"line":174,"column":24},"end":{"line":234,"column":null}}]},"12":{"loc":{"start":{"line":183,"column":63},"end":{"line":183,"column":163}},"type":"cond-expr","locations":[{"start":{"line":183,"column":91},"end":{"line":183,"column":159}},{"start":{"line":183,"column":162},"end":{"line":183,"column":163}}]},"13":{"loc":{"start":{"line":186,"column":85},"end":{"line":186,"column":185}},"type":"cond-expr","locations":[{"start":{"line":186,"column":113},"end":{"line":186,"column":181}},{"start":{"line":186,"column":184},"end":{"line":186,"column":185}}]},"14":{"loc":{"start":{"line":190,"column":118},"end":{"line":190,"column":218}},"type":"cond-expr","locations":[{"start":{"line":190,"column":146},"end":{"line":190,"column":214}},{"start":{"line":190,"column":217},"end":{"line":190,"column":218}}]},"15":{"loc":{"start":{"line":198,"column":49},"end":{"line":198,"column":279}},"type":"binary-expr","locations":[{"start":{"line":198,"column":49},"end":{"line":198,"column":56}},{"start":{"line":198,"column":60},"end":{"line":198,"column":279}}]},"16":{"loc":{"start":{"line":202,"column":115},"end":{"line":202,"column":144}},"type":"binary-expr","locations":[{"start":{"line":202,"column":115},"end":{"line":202,"column":139}},{"start":{"line":202,"column":143},"end":{"line":202,"column":144}}]},"17":{"loc":{"start":{"line":207,"column":49},"end":{"line":207,"column":265}},"type":"binary-expr","locations":[{"start":{"line":207,"column":49},"end":{"line":207,"column":56}},{"start":{"line":207,"column":60},"end":{"line":207,"column":265}}]},"18":{"loc":{"start":{"line":214,"column":49},"end":{"line":214,"column":319}},"type":"binary-expr","locations":[{"start":{"line":214,"column":49},"end":{"line":214,"column":56}},{"start":{"line":214,"column":60},"end":{"line":214,"column":319}}]},"19":{"loc":{"start":{"line":218,"column":118},"end":{"line":218,"column":147}},"type":"binary-expr","locations":[{"start":{"line":218,"column":118},"end":{"line":218,"column":142}},{"start":{"line":218,"column":146},"end":{"line":218,"column":147}}]},"20":{"loc":{"start":{"line":219,"column":366},"end":{"line":219,"column":435}},"type":"cond-expr","locations":[{"start":{"line":219,"column":402},"end":{"line":219,"column":420}},{"start":{"line":219,"column":423},"end":{"line":219,"column":435}}]},"21":{"loc":{"start":{"line":223,"column":49},"end":{"line":223,"column":305}},"type":"binary-expr","locations":[{"start":{"line":223,"column":49},"end":{"line":223,"column":56}},{"start":{"line":223,"column":60},"end":{"line":223,"column":305}}]},"22":{"loc":{"start":{"line":227,"column":41},"end":{"line":230,"column":null}},"type":"binary-expr","locations":[{"start":{"line":227,"column":41},"end":{"line":227,"column":48}},{"start":{"line":228,"column":44},"end":{"line":228,"column":null}}]},"23":{"loc":{"start":{"line":238,"column":21},"end":{"line":248,"column":null}},"type":"binary-expr","locations":[{"start":{"line":238,"column":21},"end":{"line":238,"column":28}},{"start":{"line":238,"column":32},"end":{"line":238,"column":53}},{"start":{"line":239,"column":24},"end":{"line":247,"column":null}}]},"24":{"loc":{"start":{"line":255,"column":41},"end":{"line":255,"column":73}},"type":"if","locations":[{"start":{"line":255,"column":41},"end":{"line":255,"column":73}}]},"25":{"loc":{"start":{"line":256,"column":50},"end":{"line":256,"column":115}},"type":"cond-expr","locations":[{"start":{"line":256,"column":60},"end":{"line":256,"column":98}},{"start":{"line":256,"column":101},"end":{"line":256,"column":115}}]},"26":{"loc":{"start":{"line":258,"column":31},"end":{"line":258,"column":51}},"type":"cond-expr","locations":[{"start":{"line":258,"column":41},"end":{"line":258,"column":45}},{"start":{"line":258,"column":48},"end":{"line":258,"column":51}}]},"27":{"loc":{"start":{"line":259,"column":25},"end":{"line":259,"column":60}},"type":"cond-expr","locations":[{"start":{"line":259,"column":35},"end":{"line":259,"column":49}},{"start":{"line":259,"column":52},"end":{"line":259,"column":60}}]}},"s":{"0":1,"1":1,"2":8,"3":8,"4":8,"5":8,"6":8,"7":6,"8":10,"9":8,"10":6,"11":10,"12":6,"13":10,"14":6,"15":8,"16":1,"17":1,"18":2,"19":8,"20":1,"21":2,"22":1,"23":2,"24":1,"25":1,"26":1,"27":1,"28":8,"29":0,"30":0,"31":0,"32":0,"33":0,"34":8,"35":1,"36":1,"37":1,"38":0,"39":1,"40":1,"41":0,"42":10,"43":0,"44":0,"45":0,"46":0,"47":1,"48":0,"49":0,"50":0,"51":0,"52":0,"53":0,"54":0,"55":1},"f":{"0":8,"1":6,"2":10,"3":6,"4":10,"5":10,"6":1,"7":1,"8":2,"9":1,"10":2,"11":2,"12":1,"13":0,"14":0,"15":0,"16":1,"17":0,"18":1,"19":1,"20":0,"21":10,"22":0,"23":0,"24":0,"25":0,"26":1,"27":0,"28":0,"29":0,"30":0},"b":{"0":[5,1],"1":[1,1],"2":[0],"3":[1],"4":[8,0],"5":[8,0],"6":[8,0],"7":[8,0],"8":[8,8],"9":[8,0],"10":[8,2],"11":[3,5],"12":[10,0],"13":[10,0],"14":[10,0],"15":[10,10],"16":[0,0],"17":[10,10],"18":[10,10],"19":[1,0],"20":[4,6],"21":[10,10],"22":[10,10],"23":[8,8,5],"24":[0],"25":[8,0],"26":[8,0],"27":[8,0]}}
,"C:\\Users\\LeonPrior\\OneDrive - Prior Consultoría\\Documentos\\CONSULTORÍAS 2025\\IPS\\IA\\APP TABLERO\\utils\\aggregationUtils.ts": {"path":"C:\\Users\\LeonPrior\\OneDrive - Prior Consultoría\\Documentos\\CONSULTORÍAS 2025\\IPS\\IA\\APP TABLERO\\utils\\aggregationUtils.ts","statementMap":{"0":{"start":{"line":4,"column":26},"end":{"line":19,"column":1}},"1":{"start":{"line":5,"column":4},"end":{"line":5,"column":66}},"2":{"start":{"line":5,"column":57},"end":{"line":5,"column":66}},"3":{"start":{"line":8,"column":25},"end":{"line":8,"column":46}},"4":{"start":{"line":9,"column":4},"end":{"line":9,"column":96}},"5":{"start":{"line":9,"column":63},"end":{"line":9,"column":96}},"6":{"start":{"line":12,"column":4},"end":{"line":14,"column":5}},"7":{"start":{"line":12,"column":17},"end":{"line":12,"column":33}},"8":{"start":{"line":13,"column":8},"end":{"line":13,"column":67}},"9":{"start":{"line":13,"column":45},"end":{"line":13,"column":67}},"10":{"start":{"line":17,"column":22},"end":{"line":17,"column":58}},"11":{"start":{"line":17,"column":36},"end":{"line":17,"column":57}},"12":{"start":{"line":18,"column":4},"end":{"line":18,"column":34}},"13":{"start":{"line":31,"column":32},"end":{"line":51,"column":1}},"14":{"start":{"line":32,"column":4},"end":{"line":32,"column":43}},"15":{"start":{"line":32,"column":31},"end":{"line":32,"column":43}},"16":{"start":{"line":33,"column":22},"end":{"line":38,"column":7}},"17":{"start":{"line":33,"column":52},"end":{"line":38,"column":6}},"18":{"start":{"line":39,"column":19},"end":{"line":39,"column":44}},"19":{"start":{"line":40,"column":4},"end":{"line":50,"column":7}},"20":{"start":{"line":41,"column":20},"end":{"line":47,"column":null}},"21":{"start":{"line":42,"column":30},"end":{"line":47,"column":14}},"22":{"start":{"line":49,"column":8},"end":{"line":49,"column":30}},"23":{"start":{"line":59,"column":43},"end":{"line":250,"column":1}},"24":{"start":{"line":63,"column":4},"end":{"line":72,"column":5}},"25":{"start":{"line":64,"column":8},"end":{"line":71,"column":10}},"26":{"start":{"line":74,"column":23},"end":{"line":74,"column":36}},"27":{"start":{"line":75,"column":45},"end":{"line":75,"column":47}},"28":{"start":{"line":78,"column":21},"end":{"line":78,"column":62}},"29":{"start":{"line":79,"column":29},"end":{"line":79,"column":63}},"30":{"start":{"line":80,"column":29},"end":{"line":80,"column":30}},"31":{"start":{"line":82,"column":4},"end":{"line":94,"column":7}},"32":{"start":{"line":83,"column":16},"end":{"line":83,"column":17}},"33":{"start":{"line":84,"column":8},"end":{"line":91,"column":9}},"34":{"start":{"line":85,"column":12},"end":{"line":85,"column":84}},"35":{"start":{"line":86,"column":15},"end":{"line":91,"column":9}},"36":{"start":{"line":87,"column":31},"end":{"line":88,"column":null}},"37":{"start":{"line":88,"column":16},"end":{"line":88,"column":100}},"38":{"start":{"line":90,"column":12},"end":{"line":90,"column":70}},"39":{"start":{"line":92,"column":8},"end":{"line":92,"column":46}},"40":{"start":{"line":93,"column":8},"end":{"line":93,"column":32}},"41":{"start":{"line":96,"column":4},"end":{"line":96,"column":57}},"42":{"start":{"line":96,"column":34},"end":{"line":96,"column":57}},"43":{"start":{"line":100,"column":29},"end":{"line":100,"column":154}},"44":{"start":{"line":102,"column":4},"end":{"line":116,"column":7}},"45":{"start":{"line":103,"column":8},"end":{"line":103,"column":35}},"46":{"start":{"line":103,"column":28},"end":{"line":103,"column":35}},"47":{"start":{"line":104,"column":8},"end":{"line":115,"column":11}},"48":{"start":{"line":105,"column":12},"end":{"line":105,"column":49}},"49":{"start":{"line":105,"column":42},"end":{"line":105,"column":49}},"50":{"start":{"line":106,"column":29},"end":{"line":106,"column":64}},"51":{"start":{"line":107,"column":12},"end":{"line":113,"column":13}},"52":{"start":{"line":108,"column":16},"end":{"line":112,"column":19}},"53":{"start":{"line":114,"column":12},"end":{"line":114,"column":82}},"54":{"start":{"line":119,"column":20},"end":{"line":119,"column":24}},"55":{"start":{"line":120,"column":4},"end":{"line":240,"column":7}},"56":{"start":{"line":121,"column":21},"end":{"line":121,"column":40}},"57":{"start":{"line":122,"column":39},"end":{"line":128,"column":10}},"58":{"start":{"line":131,"column":8},"end":{"line":131,"column":59}},"59":{"start":{"line":132,"column":8},"end":{"line":132,"column":56}},"60":{"start":{"line":133,"column":8},"end":{"line":133,"column":83}},"61":{"start":{"line":133,"column":33},"end":{"line":133,"column":83}},"62":{"start":{"line":134,"column":8},"end":{"line":134,"column":77}},"63":{"start":{"line":134,"column":30},"end":{"line":134,"column":77}},"64":{"start":{"line":136,"column":8},"end":{"line":238,"column":9}},"65":{"start":{"line":138,"column":12},"end":{"line":163,"column":15}},"66":{"start":{"line":139,"column":16},"end":{"line":143,"column":19}},"67":{"start":{"line":140,"column":20},"end":{"line":142,"column":21}},"68":{"start":{"line":141,"column":24},"end":{"line":141,"column":103}},"69":{"start":{"line":144,"column":16},"end":{"line":148,"column":19}},"70":{"start":{"line":145,"column":20},"end":{"line":147,"column":21}},"71":{"start":{"line":146,"column":24},"end":{"line":146,"column":97}},"72":{"start":{"line":149,"column":16},"end":{"line":155,"column":17}},"73":{"start":{"line":150,"column":20},"end":{"line":154,"column":23}},"74":{"start":{"line":151,"column":24},"end":{"line":153,"column":25}},"75":{"start":{"line":152,"column":28},"end":{"line":152,"column":107}},"76":{"start":{"line":156,"column":16},"end":{"line":162,"column":17}},"77":{"start":{"line":157,"column":20},"end":{"line":161,"column":23}},"78":{"start":{"line":158,"column":24},"end":{"line":160,"column":25}},"79":{"start":{"line":159,"column":28},"end":{"line":159,"column":101}},"80":{"start":{"line":166,"column":41},"end":{"line":190,"column":13}},"81":{"start":{"line":167,"column":31},"end":{"line":167,"column":55}},"82":{"start":{"line":168,"column":34},"end":{"line":168,"column":65}},"83":{"start":{"line":170,"column":16},"end":{"line":188,"column":17}},"84":{"start":{"line":170,"column":29},"end":{"line":170,"column":30}},"85":{"start":{"line":171,"column":33},"end":{"line":171,"column":34}},"86":{"start":{"line":172,"column":31},"end":{"line":172,"column":32}},"87":{"start":{"line":173,"column":34},"end":{"line":173,"column":39}},"88":{"start":{"line":175,"column":20},"end":{"line":183,"column":23}},"89":{"start":{"line":176,"column":36},"end":{"line":176,"column":95}},"90":{"start":{"line":177,"column":24},"end":{"line":182,"column":25}},"91":{"start":{"line":178,"column":38},"end":{"line":178,"column":81}},"92":{"start":{"line":179,"column":28},"end":{"line":179,"column":56}},"93":{"start":{"line":180,"column":28},"end":{"line":180,"column":38}},"94":{"start":{"line":181,"column":28},"end":{"line":181,"column":43}},"95":{"start":{"line":185,"column":20},"end":{"line":187,"column":21}},"96":{"start":{"line":186,"column":24},"end":{"line":186,"column":94}},"97":{"start":{"line":189,"column":16},"end":{"line":189,"column":30}},"98":{"start":{"line":192,"column":12},"end":{"line":192,"column":65}},"99":{"start":{"line":193,"column":12},"end":{"line":193,"column":63}},"100":{"start":{"line":195,"column":12},"end":{"line":215,"column":13}},"101":{"start":{"line":196,"column":32},"end":{"line":196,"column":56}},"102":{"start":{"line":197,"column":16},"end":{"line":213,"column":17}},"103":{"start":{"line":197,"column":29},"end":{"line":197,"column":30}},"104":{"start":{"line":198,"column":33},"end":{"line":198,"column":34}},"105":{"start":{"line":199,"column":31},"end":{"line":199,"column":32}},"106":{"start":{"line":200,"column":34},"end":{"line":200,"column":39}},"107":{"start":{"line":201,"column":20},"end":{"line":209,"column":23}},"108":{"start":{"line":202,"column":36},"end":{"line":202,"column":87}},"109":{"start":{"line":203,"column":24},"end":{"line":208,"column":25}},"110":{"start":{"line":204,"column":38},"end":{"line":204,"column":81}},"111":{"start":{"line":205,"column":28},"end":{"line":205,"column":56}},"112":{"start":{"line":206,"column":28},"end":{"line":206,"column":38}},"113":{"start":{"line":207,"column":28},"end":{"line":207,"column":43}},"114":{"start":{"line":210,"column":20},"end":{"line":212,"column":21}},"115":{"start":{"line":211,"column":24},"end":{"line":211,"column":87}},"116":{"start":{"line":214,"column":16},"end":{"line":214,"column":49}},"117":{"start":{"line":217,"column":12},"end":{"line":237,"column":13}},"118":{"start":{"line":218,"column":32},"end":{"line":218,"column":56}},"119":{"start":{"line":219,"column":16},"end":{"line":235,"column":17}},"120":{"start":{"line":219,"column":29},"end":{"line":219,"column":30}},"121":{"start":{"line":220,"column":33},"end":{"line":220,"column":34}},"122":{"start":{"line":221,"column":31},"end":{"line":221,"column":32}},"123":{"start":{"line":222,"column":34},"end":{"line":222,"column":39}},"124":{"start":{"line":223,"column":20},"end":{"line":231,"column":23}},"125":{"start":{"line":224,"column":36},"end":{"line":224,"column":81}},"126":{"start":{"line":225,"column":24},"end":{"line":230,"column":25}},"127":{"start":{"line":226,"column":38},"end":{"line":226,"column":81}},"128":{"start":{"line":227,"column":28},"end":{"line":227,"column":56}},"129":{"start":{"line":228,"column":28},"end":{"line":228,"column":38}},"130":{"start":{"line":229,"column":28},"end":{"line":229,"column":43}},"131":{"start":{"line":232,"column":20},"end":{"line":234,"column":21}},"132":{"start":{"line":233,"column":24},"end":{"line":233,"column":87}},"133":{"start":{"line":236,"column":16},"end":{"line":236,"column":46}},"134":{"start":{"line":239,"column":8},"end":{"line":239,"column":38}},"135":{"start":{"line":242,"column":4},"end":{"line":249,"column":6}},"136":{"start":{"line":59,"column":13},"end":{"line":59,"column":43}}},"fnMap":{"0":{"name":"(anonymous_0)","decl":{"start":{"line":4,"column":26},"end":{"line":4,"column":27}},"loc":{"start":{"line":4,"column":73},"end":{"line":19,"column":1}}},"1":{"name":"(anonymous_1)","decl":{"start":{"line":17,"column":31},"end":{"line":17,"column":32}},"loc":{"start":{"line":17,"column":36},"end":{"line":17,"column":57}}},"2":{"name":"(anonymous_2)","decl":{"start":{"line":31,"column":32},"end":{"line":31,"column":33}},"loc":{"start":{"line":31,"column":69},"end":{"line":51,"column":1}}},"3":{"name":"(anonymous_3)","decl":{"start":{"line":33,"column":46},"end":{"line":33,"column":47}},"loc":{"start":{"line":33,"column":52},"end":{"line":38,"column":6}}},"4":{"name":"(anonymous_4)","decl":{"start":{"line":40,"column":28},"end":{"line":40,"column":29}},"loc":{"start":{"line":40,"column":32},"end":{"line":50,"column":5}}},"5":{"name":"(anonymous_5)","decl":{"start":{"line":42,"column":24},"end":{"line":42,"column":25}},"loc":{"start":{"line":42,"column":30},"end":{"line":47,"column":14}}},"6":{"name":"(anonymous_6)","decl":{"start":{"line":59,"column":43},"end":{"line":59,"column":null}},"loc":{"start":{"line":62,"column":15},"end":{"line":250,"column":1}}},"7":{"name":"(anonymous_7)","decl":{"start":{"line":82,"column":23},"end":{"line":82,"column":24}},"loc":{"start":{"line":82,"column":27},"end":{"line":94,"column":5}}},"8":{"name":"(anonymous_8)","decl":{"start":{"line":87,"column":44},"end":{"line":87,"column":46}},"loc":{"start":{"line":88,"column":16},"end":{"line":88,"column":100}}},"9":{"name":"(anonymous_9)","decl":{"start":{"line":102,"column":23},"end":{"line":102,"column":24}},"loc":{"start":{"line":102,"column":27},"end":{"line":116,"column":5}}},"10":{"name":"(anonymous_10)","decl":{"start":{"line":104,"column":24},"end":{"line":104,"column":28}},"loc":{"start":{"line":104,"column":31},"end":{"line":115,"column":9}}},"11":{"name":"(anonymous_11)","decl":{"start":{"line":120,"column":29},"end":{"line":120,"column":30}},"loc":{"start":{"line":120,"column":49},"end":{"line":240,"column":5}}},"12":{"name":"(anonymous_12)","decl":{"start":{"line":138,"column":38},"end":{"line":138,"column":39}},"loc":{"start":{"line":138,"column":51},"end":{"line":163,"column":13}}},"13":{"name":"(anonymous_13)","decl":{"start":{"line":139,"column":45},"end":{"line":139,"column":46}},"loc":{"start":{"line":139,"column":56},"end":{"line":143,"column":17}}},"14":{"name":"(anonymous_14)","decl":{"start":{"line":144,"column":42},"end":{"line":144,"column":43}},"loc":{"start":{"line":144,"column":53},"end":{"line":148,"column":17}}},"15":{"name":"(anonymous_15)","decl":{"start":{"line":150,"column":48},"end":{"line":150,"column":49}},"loc":{"start":{"line":150,"column":59},"end":{"line":154,"column":21}}},"16":{"name":"(anonymous_16)","decl":{"start":{"line":157,"column":45},"end":{"line":157,"column":46}},"loc":{"start":{"line":157,"column":56},"end":{"line":161,"column":21}}},"17":{"name":"(anonymous_17)","decl":{"start":{"line":166,"column":41},"end":{"line":166,"column":42}},"loc":{"start":{"line":166,"column":65},"end":{"line":190,"column":13}}},"18":{"name":"(anonymous_18)","decl":{"start":{"line":175,"column":46},"end":{"line":175,"column":47}},"loc":{"start":{"line":175,"column":66},"end":{"line":183,"column":21}}},"19":{"name":"(anonymous_19)","decl":{"start":{"line":201,"column":46},"end":{"line":201,"column":47}},"loc":{"start":{"line":201,"column":66},"end":{"line":209,"column":21}}},"20":{"name":"(anonymous_20)","decl":{"start":{"line":223,"column":46},"end":{"line":223,"column":47}},"loc":{"start":{"line":223,"column":66},"end":{"line":231,"column":21}}}},"branchMap":{"0":{"loc":{"start":{"line":5,"column":4},"end":{"line":5,"column":66}},"type":"if","locations":[{"start":{"line":5,"column":4},"end":{"line":5,"column":66}}]},"1":{"loc":{"start":{"line":5,"column":8},"end":{"line":5,"column":55}},"type":"binary-expr","locations":[{"start":{"line":5,"column":8},"end":{"line":5,"column":12}},{"start":{"line":5,"column":16},"end":{"line":5,"column":35}},{"start":{"line":5,"column":39},"end":{"line":5,"column":55}}]},"2":{"loc":{"start":{"line":9,"column":4},"end":{"line":9,"column":96}},"type":"if","locations":[{"start":{"line":9,"column":4},"end":{"line":9,"column":96}}]},"3":{"loc":{"start":{"line":9,"column":8},"end":{"line":9,"column":61}},"type":"binary-expr","locations":[{"start":{"line":9,"column":8},"end":{"line":9,"column":34}},{"start":{"line":9,"column":38},"end":{"line":9,"column":61}}]},"4":{"loc":{"start":{"line":13,"column":8},"end":{"line":13,"column":67}},"type":"if","locations":[{"start":{"line":13,"column":8},"end":{"line":13,"column":67}}]},"5":{"loc":{"start":{"line":13,"column":12},"end":{"line":13,"column":43}},"type":"binary-expr","locations":[{"start":{"line":13,"column":12},"end":{"line":13,"column":27}},{"start":{"line":13,"column":31},"end":{"line":13,"column":43}}]},"6":{"loc":{"start":{"line":17,"column":36},"end":{"line":17,"column":57}},"type":"binary-expr","locations":[{"start":{"line":17,"column":36},"end":{"line":17,"column":46}},{"start":{"line":17,"column":50},"end":{"line":17,"column":57}}]},"7":{"loc":{"start":{"line":18,"column":11},"end":{"line":18,"column":33}},"type":"binary-expr","locations":[{"start":{"line":18,"column":11},"end":{"line":18,"column":28}},{"start":{"line":18,"column":32},"end":{"line":18,"column":33}}]},"8":{"loc":{"start":{"line":32,"column":4},"end":{"line":32,"column":43}},"type":"if","locations":[{"start":{"line":32,"column":4},"end":{"line":32,"column":43}}]},"9":{"loc":{"start":{"line":63,"column":4},"end":{"line":72,"column":5}},"type":"if","locations":[{"start":{"line":63,"column":4},"end":{"line":72,"column":5}}]},"10":{"loc":{"start":{"line":63,"column":8},"end":{"line":63,"column":76}},"type":"binary-expr","locations":[{"start":{"line":63,"column":8},"end":{"line":63,"column":19}},{"start":{"line":63,"column":23},"end":{"line":63,"column":49}},{"start":{"line":63,"column":53},"end":{"line":63,"column":76}}]},"11":{"loc":{"start":{"line":78,"column":21},"end":{"line":78,"column":62}},"type":"binary-expr","locations":[{"start":{"line":78,"column":21},"end":{"line":78,"column":50}},{"start":{"line":78,"column":54},"end":{"line":78,"column":62}}]},"12":{"loc":{"start":{"line":84,"column":8},"end":{"line":91,"column":9}},"type":"if","locations":[{"start":{"line":84,"column":8},"end":{"line":91,"column":9}},{"start":{"line":86,"column":15},"end":{"line":91,"column":9}}]},"13":{"loc":{"start":{"line":85,"column":16},"end":{"line":85,"column":83}},"type":"binary-expr","locations":[{"start":{"line":85,"column":16},"end":{"line":85,"column":33}},{"start":{"line":85,"column":38},"end":{"line":85,"column":77}},{"start":{"line":85,"column":81},"end":{"line":85,"column":82}}]},"14":{"loc":{"start":{"line":86,"column":15},"end":{"line":91,"column":9}},"type":"if","locations":[{"start":{"line":86,"column":15},"end":{"line":91,"column":9}}]},"15":{"loc":{"start":{"line":86,"column":19},"end":{"line":86,"column":72}},"type":"binary-expr","locations":[{"start":{"line":86,"column":19},"end":{"line":86,"column":43}},{"start":{"line":86,"column":47},"end":{"line":86,"column":72}}]},"16":{"loc":{"start":{"line":90,"column":16},"end":{"line":90,"column":69}},"type":"binary-expr","locations":[{"start":{"line":90,"column":16},"end":{"line":90,"column":62}},{"start":{"line":90,"column":66},"end":{"line":90,"column":69}}]},"17":{"loc":{"start":{"line":96,"column":4},"end":{"line":96,"column":57}},"type":"if","locations":[{"start":{"line":96,"column":4},"end":{"line":96,"column":57}}]},"18":{"loc":{"start":{"line":103,"column":8},"end":{"line":103,"column":35}},"type":"if","locations":[{"start":{"line":103,"column":8},"end":{"line":103,"column":35}}]},"19":{"loc":{"start":{"line":103,"column":12},"end":{"line":103,"column":26}},"type":"binary-expr","locations":[{"start":{"line":103,"column":12},"end":{"line":103,"column":14}},{"start":{"line":103,"column":18},"end":{"line":103,"column":26}}]},"20":{"loc":{"start":{"line":105,"column":12},"end":{"line":105,"column":49}},"type":"if","locations":[{"start":{"line":105,"column":12},"end":{"line":105,"column":49}}]},"21":{"loc":{"start":{"line":105,"column":16},"end":{"line":105,"column":40}},"type":"binary-expr","locations":[{"start":{"line":105,"column":16},"end":{"line":105,"column":21}},{"start":{"line":105,"column":25},"end":{"line":105,"column":40}}]},"22":{"loc":{"start":{"line":107,"column":12},"end":{"line":113,"column":13}},"type":"if","locations":[{"start":{"line":107,"column":12},"end":{"line":113,"column":13}}]},"23":{"loc":{"start":{"line":125,"column":23},"end":{"line":127,"column":47}},"type":"cond-expr","locations":[{"start":{"line":126,"column":18},"end":{"line":126,"column":90}},{"start":{"line":127,"column":18},"end":{"line":127,"column":47}}]},"24":{"loc":{"start":{"line":125,"column":23},"end":{"line":125,"column":78}},"type":"binary-expr","locations":[{"start":{"line":125,"column":23},"end":{"line":125,"column":53}},{"start":{"line":125,"column":57},"end":{"line":125,"column":78}}]},"25":{"loc":{"start":{"line":133,"column":8},"end":{"line":133,"column":83}},"type":"if","locations":[{"start":{"line":133,"column":8},"end":{"line":133,"column":83}}]},"26":{"loc":{"start":{"line":134,"column":8},"end":{"line":134,"column":77}},"type":"if","locations":[{"start":{"line":134,"column":8},"end":{"line":134,"column":77}}]},"27":{"loc":{"start":{"line":136,"column":8},"end":{"line":238,"column":9}},"type":"if","locations":[{"start":{"line":136,"column":8},"end":{"line":238,"column":9}},{"start":{"line":164,"column":15},"end":{"line":238,"column":9}}]},"28":{"loc":{"start":{"line":140,"column":20},"end":{"line":142,"column":21}},"type":"if","locations":[{"start":{"line":140,"column":20},"end":{"line":142,"column":21}}]},"29":{"loc":{"start":{"line":140,"column":24},"end":{"line":140,"column":65}},"type":"binary-expr","locations":[{"start":{"line":140,"column":24},"end":{"line":140,"column":32}},{"start":{"line":140,"column":36},"end":{"line":140,"column":46}},{"start":{"line":140,"column":50},"end":{"line":140,"column":65}}]},"30":{"loc":{"start":{"line":141,"column":56},"end":{"line":141,"column":89}},"type":"binary-expr","locations":[{"start":{"line":141,"column":56},"end":{"line":141,"column":84}},{"start":{"line":141,"column":88},"end":{"line":141,"column":89}}]},"31":{"loc":{"start":{"line":145,"column":20},"end":{"line":147,"column":21}},"type":"if","locations":[{"start":{"line":145,"column":20},"end":{"line":147,"column":21}}]},"32":{"loc":{"start":{"line":145,"column":24},"end":{"line":145,"column":65}},"type":"binary-expr","locations":[{"start":{"line":145,"column":24},"end":{"line":145,"column":32}},{"start":{"line":145,"column":36},"end":{"line":145,"column":46}},{"start":{"line":145,"column":50},"end":{"line":145,"column":65}}]},"33":{"loc":{"start":{"line":146,"column":53},"end":{"line":146,"column":83}},"type":"binary-expr","locations":[{"start":{"line":146,"column":53},"end":{"line":146,"column":78}},{"start":{"line":146,"column":82},"end":{"line":146,"column":83}}]},"34":{"loc":{"start":{"line":149,"column":16},"end":{"line":155,"column":17}},"type":"if","locations":[{"start":{"line":149,"column":16},"end":{"line":155,"column":17}}]},"35":{"loc":{"start":{"line":149,"column":20},"end":{"line":149,"column":65}},"type":"binary-expr","locations":[{"start":{"line":149,"column":20},"end":{"line":149,"column":39}},{"start":{"line":149,"column":43},"end":{"line":149,"column":65}}]},"36":{"loc":{"start":{"line":151,"column":24},"end":{"line":153,"column":25}},"type":"if","locations":[{"start":{"line":151,"column":24},"end":{"line":153,"column":25}}]},"37":{"loc":{"start":{"line":151,"column":28},"end":{"line":151,"column":69}},"type":"binary-expr","locations":[{"start":{"line":151,"column":28},"end":{"line":151,"column":36}},{"start":{"line":151,"column":40},"end":{"line":151,"column":50}},{"start":{"line":151,"column":54},"end":{"line":151,"column":69}}]},"38":{"loc":{"start":{"line":152,"column":60},"end":{"line":152,"column":93}},"type":"binary-expr","locations":[{"start":{"line":152,"column":60},"end":{"line":152,"column":88}},{"start":{"line":152,"column":92},"end":{"line":152,"column":93}}]},"39":{"loc":{"start":{"line":156,"column":16},"end":{"line":162,"column":17}},"type":"if","locations":[{"start":{"line":156,"column":16},"end":{"line":162,"column":17}}]},"40":{"loc":{"start":{"line":156,"column":20},"end":{"line":156,"column":59}},"type":"binary-expr","locations":[{"start":{"line":156,"column":20},"end":{"line":156,"column":36}},{"start":{"line":156,"column":40},"end":{"line":156,"column":59}}]},"41":{"loc":{"start":{"line":158,"column":24},"end":{"line":160,"column":25}},"type":"if","locations":[{"start":{"line":158,"column":24},"end":{"line":160,"column":25}}]},"42":{"loc":{"start":{"line":158,"column":28},"end":{"line":158,"column":69}},"type":"binary-expr","locations":[{"start":{"line":158,"column":28},"end":{"line":158,"column":36}},{"start":{"line":158,"column":40},"end":{"line":158,"column":50}},{"start":{"line":158,"column":54},"end":{"line":158,"column":69}}]},"43":{"loc":{"start":{"line":159,"column":57},"end":{"line":159,"column":87}},"type":"binary-expr","locations":[{"start":{"line":159,"column":57},"end":{"line":159,"column":82}},{"start":{"line":159,"column":86},"end":{"line":159,"column":87}}]},"44":{"loc":{"start":{"line":168,"column":34},"end":{"line":168,"column":65}},"type":"binary-expr","locations":[{"start":{"line":168,"column":34},"end":{"line":168,"column":60}},{"start":{"line":168,"column":64},"end":{"line":168,"column":65}}]},"45":{"loc":{"start":{"line":176,"column":36},"end":{"line":176,"column":95}},"type":"cond-expr","locations":[{"start":{"line":176,"column":49},"end":{"line":176,"column":72}},{"start":{"line":176,"column":75},"end":{"line":176,"column":95}}]},"46":{"loc":{"start":{"line":177,"column":24},"end":{"line":182,"column":25}},"type":"if","locations":[{"start":{"line":177,"column":24},"end":{"line":182,"column":25}}]},"47":{"loc":{"start":{"line":177,"column":28},"end":{"line":177,"column":61}},"type":"binary-expr","locations":[{"start":{"line":177,"column":28},"end":{"line":177,"column":40}},{"start":{"line":177,"column":44},"end":{"line":177,"column":61}}]},"48":{"loc":{"start":{"line":178,"column":38},"end":{"line":178,"column":81}},"type":"binary-expr","locations":[{"start":{"line":178,"column":38},"end":{"line":178,"column":76}},{"start":{"line":178,"column":80},"end":{"line":178,"column":81}}]},"49":{"loc":{"start":{"line":185,"column":20},"end":{"line":187,"column":21}},"type":"if","locations":[{"start":{"line":185,"column":20},"end":{"line":187,"column":21}}]},"50":{"loc":{"start":{"line":186,"column":36},"end":{"line":186,"column":93}},"type":"cond-expr","locations":[{"start":{"line":186,"column":47},"end":{"line":186,"column":89}},{"start":{"line":186,"column":92},"end":{"line":186,"column":93}}]},"51":{"loc":{"start":{"line":195,"column":12},"end":{"line":215,"column":13}},"type":"if","locations":[{"start":{"line":195,"column":12},"end":{"line":215,"column":13}}]},"52":{"loc":{"start":{"line":202,"column":36},"end":{"line":202,"column":87}},"type":"cond-expr","locations":[{"start":{"line":202,"column":58},"end":{"line":202,"column":80}},{"start":{"line":202,"column":83},"end":{"line":202,"column":87}}]},"53":{"loc":{"start":{"line":203,"column":24},"end":{"line":208,"column":25}},"type":"if","locations":[{"start":{"line":203,"column":24},"end":{"line":208,"column":25}}]},"54":{"loc":{"start":{"line":203,"column":28},"end":{"line":203,"column":61}},"type":"binary-expr","locations":[{"start":{"line":203,"column":28},"end":{"line":203,"column":40}},{"start":{"line":203,"column":44},"end":{"line":203,"column":61}}]},"55":{"loc":{"start":{"line":204,"column":38},"end":{"line":204,"column":81}},"type":"binary-expr","locations":[{"start":{"line":204,"column":38},"end":{"line":204,"column":76}},{"start":{"line":204,"column":80},"end":{"line":204,"column":81}}]},"56":{"loc":{"start":{"line":210,"column":20},"end":{"line":212,"column":21}},"type":"if","locations":[{"start":{"line":210,"column":20},"end":{"line":212,"column":21}}]},"57":{"loc":{"start":{"line":211,"column":37},"end":{"line":211,"column":86}},"type":"cond-expr","locations":[{"start":{"line":211,"column":48},"end":{"line":211,"column":82}},{"start":{"line":211,"column":85},"end":{"line":211,"column":86}}]},"58":{"loc":{"start":{"line":217,"column":12},"end":{"line":237,"column":13}},"type":"if","locations":[{"start":{"line":217,"column":12},"end":{"line":237,"column":13}}]},"59":{"loc":{"start":{"line":224,"column":36},"end":{"line":224,"column":81}},"type":"cond-expr","locations":[{"start":{"line":224,"column":55},"end":{"line":224,"column":74}},{"start":{"line":224,"column":77},"end":{"line":224,"column":81}}]},"60":{"loc":{"start":{"line":225,"column":24},"end":{"line":230,"column":25}},"type":"if","locations":[{"start":{"line":225,"column":24},"end":{"line":230,"column":25}}]},"61":{"loc":{"start":{"line":225,"column":28},"end":{"line":225,"column":61}},"type":"binary-expr","locations":[{"start":{"line":225,"column":28},"end":{"line":225,"column":40}},{"start":{"line":225,"column":44},"end":{"line":225,"column":61}}]},"62":{"loc":{"start":{"line":226,"column":38},"end":{"line":226,"column":81}},"type":"binary-expr","locations":[{"start":{"line":226,"column":38},"end":{"line":226,"column":76}},{"start":{"line":226,"column":80},"end":{"line":226,"column":81}}]},"63":{"loc":{"start":{"line":232,"column":20},"end":{"line":234,"column":21}},"type":"if","locations":[{"start":{"line":232,"column":20},"end":{"line":234,"column":21}}]},"64":{"loc":{"start":{"line":233,"column":37},"end":{"line":233,"column":86}},"type":"cond-expr","locations":[{"start":{"line":233,"column":48},"end":{"line":233,"column":82}},{"start":{"line":233,"column":85},"end":{"line":233,"column":86}}]}},"s":{"0":1,"1":4,"2":0,"3":4,"4":4,"5":2,"6":2,"7":2,"8":3,"9":1,"10":1,"11":12,"12":1,"13":1,"14":0,"15":0,"16":0,"17":0,"18":0,"19":0,"20":0,"21":0,"22":0,"23":1,"24":12,"25":1,"26":11,"27":11,"28":11,"29":11,"30":11,"31":11,"32":20,"33":20,"34":14,"35":6,"36":4,"37":8,"38":4,"39":20,"40":20,"41":11,"42":0,"43":11,"44":11,"45":20,"46":0,"47":20,"48":24,"49":0,"50":24,"51":24,"52":15,"53":24,"54":11,"55":11,"56":15,"57":15,"58":15,"59":15,"60":15,"61":2,"62":15,"63":2,"64":15,"65":7,"66":10,"67":120,"68":120,"69":10,"70":120,"71":120,"72":10,"73":2,"74":4,"75":4,"76":10,"77":2,"78":4,"79":4,"80":8,"81":16,"82":16,"83":16,"84":16,"85":192,"86":192,"87":192,"88":192,"89":336,"90":336,"91":336,"92":336,"93":336,"94":336,"95":192,"96":192,"97":16,"98":8,"99":8,"100":8,"101":1,"102":1,"103":1,"104":53,"105":53,"106":53,"107":53,"108":106,"109":106,"110":4,"111":4,"112":4,"113":4,"114":53,"115":2,"116":1,"117":8,"118":1,"119":1,"120":1,"121":53,"122":53,"123":53,"124":53,"125":106,"126":106,"127":4,"128":4,"129":4,"130":4,"131":53,"132":2,"133":1,"134":15,"135":11,"136":1},"f":{"0":4,"1":12,"2":0,"3":0,"4":0,"5":0,"6":12,"7":20,"8":8,"9":20,"10":24,"11":15,"12":10,"13":120,"14":120,"15":4,"16":4,"17":16,"18":336,"19":106,"20":106},"b":{"0":[0],"1":[4,4,4],"2":[2],"3":[4,4],"4":[1],"5":[3,3],"6":[12,12],"7":[1,0],"8":[0],"9":[1],"10":[12,12,12],"11":[11,6],"12":[14,6],"13":[14,12,12],"14":[4],"15":[6,4],"16":[4,0],"17":[0],"18":[0],"19":[20,20],"20":[0],"21":[24,24],"22":[15],"23":[2,13],"24":[15,6],"25":[2],"26":[2],"27":[7,8],"28":[120],"29":[120,120,120],"30":[120,84],"31":[120],"32":[120,120,120],"33":[120,84],"34":[2],"35":[10,2],"36":[4],"37":[4,4,4],"38":[4,2],"39":[2],"40":[10,2],"41":[4],"42":[4,4,4],"43":[4,2],"44":[16,12],"45":[168,168],"46":[336],"47":[336,336],"48":[336,0],"49":[192],"50":[192,0],"51":[1],"52":[106,0],"53":[4],"54":[106,106],"55":[4,0],"56":[2],"57":[2,0],"58":[1],"59":[106,0],"60":[4],"61":[106,106],"62":[4,0],"63":[2],"64":[2,0]}}
,"C:\\Users\\LeonPrior\\OneDrive - Prior Consultoría\\Documentos\\CONSULTORÍAS 2025\\IPS\\IA\\APP TABLERO\\utils\\compliance.ts": {"path":"C:\\Users\\LeonPrior\\OneDrive - Prior Consultoría\\Documentos\\CONSULTORÍAS 2025\\IPS\\IA\\APP TABLERO\\utils\\compliance.ts","statementMap":{"0":{"start":{"line":3,"column":0},"end":{"line":3,"column":72}},"1":{"start":{"line":9,"column":13},"end":{"line":9,"column":57}},"2":{"start":{"line":14,"column":38},"end":{"line":32,"column":1}},"3":{"start":{"line":20,"column":2},"end":{"line":20,"column":34}},"4":{"start":{"line":20,"column":17},"end":{"line":20,"column":34}},"5":{"start":{"line":23,"column":2},"end":{"line":23,"column":43}},"6":{"start":{"line":23,"column":23},"end":{"line":23,"column":43}},"7":{"start":{"line":25,"column":18},"end":{"line":25,"column":43}},"8":{"start":{"line":26,"column":17},"end":{"line":26,"column":41}},"9":{"start":{"line":28,"column":2},"end":{"line":28,"column":54}},"10":{"start":{"line":28,"column":36},"end":{"line":28,"column":54}},"11":{"start":{"line":29,"column":2},"end":{"line":29,"column":46}},"12":{"start":{"line":29,"column":29},"end":{"line":29,"column":46}},"13":{"start":{"line":30,"column":2},"end":{"line":30,"column":44}},"14":{"start":{"line":30,"column":28},"end":{"line":30,"column":44}},"15":{"start":{"line":31,"column":2},"end":{"line":31,"column":20}},"16":{"start":{"line":14,"column":13},"end":{"line":14,"column":38}},"17":{"start":{"line":41,"column":52},"end":{"line":72,"column":1}},"18":{"start":{"line":46,"column":12},"end":{"line":46,"column":31}},"19":{"start":{"line":47,"column":12},"end":{"line":47,"column":31}},"20":{"start":{"line":50,"column":2},"end":{"line":50,"column":35}},"21":{"start":{"line":50,"column":26},"end":{"line":50,"column":35}},"22":{"start":{"line":52,"column":2},"end":{"line":59,"column":3}},"23":{"start":{"line":56,"column":4},"end":{"line":56,"column":48}},"24":{"start":{"line":56,"column":23},"end":{"line":56,"column":48}},"25":{"start":{"line":58,"column":4},"end":{"line":58,"column":27}},"26":{"start":{"line":61,"column":2},"end":{"line":64,"column":3}},"27":{"start":{"line":63,"column":4},"end":{"line":63,"column":25}},"28":{"start":{"line":70,"column":2},"end":{"line":70,"column":26}},"29":{"start":{"line":70,"column":15},"end":{"line":70,"column":26}},"30":{"start":{"line":71,"column":2},"end":{"line":71,"column":23}},"31":{"start":{"line":41,"column":13},"end":{"line":41,"column":52}},"32":{"start":{"line":78,"column":37},"end":{"line":89,"column":1}},"33":{"start":{"line":82,"column":14},"end":{"line":82,"column":79}},"34":{"start":{"line":83,"column":2},"end":{"line":87,"column":3}},"35":{"start":{"line":83,"column":15},"end":{"line":83,"column":22}},"36":{"start":{"line":84,"column":14},"end":{"line":84,"column":47}},"37":{"start":{"line":85,"column":14},"end":{"line":85,"column":44}},"38":{"start":{"line":86,"column":4},"end":{"line":86,"column":37}},"39":{"start":{"line":86,"column":28},"end":{"line":86,"column":37}},"40":{"start":{"line":88,"column":2},"end":{"line":88,"column":12}},"41":{"start":{"line":78,"column":13},"end":{"line":78,"column":37}},"42":{"start":{"line":95,"column":39},"end":{"line":125,"column":1}},"43":{"start":{"line":99,"column":17},"end":{"line":102,"column":4}},"44":{"start":{"line":104,"column":14},"end":{"line":104,"column":79}},"45":{"start":{"line":105,"column":2},"end":{"line":105,"column":29}},"46":{"start":{"line":105,"column":17},"end":{"line":105,"column":29}},"47":{"start":{"line":107,"column":28},"end":{"line":107,"column":30}},"48":{"start":{"line":109,"column":2},"end":{"line":120,"column":3}},"49":{"start":{"line":109,"column":15},"end":{"line":109,"column":16}},"50":{"start":{"line":110,"column":14},"end":{"line":110,"column":47}},"51":{"start":{"line":111,"column":14},"end":{"line":111,"column":44}},"52":{"start":{"line":114,"column":17},"end":{"line":114,"column":24}},"53":{"start":{"line":115,"column":17},"end":{"line":115,"column":24}},"54":{"start":{"line":117,"column":4},"end":{"line":119,"column":5}},"55":{"start":{"line":118,"column":6},"end":{"line":118,"column":48}},"56":{"start":{"line":122,"column":2},"end":{"line":122,"column":40}},"57":{"start":{"line":122,"column":28},"end":{"line":122,"column":40}},"58":{"start":{"line":124,"column":2},"end":{"line":124,"column":103}},"59":{"start":{"line":95,"column":13},"end":{"line":95,"column":39}},"60":{"start":{"line":131,"column":33},"end":{"line":157,"column":1}},"61":{"start":{"line":135,"column":17},"end":{"line":138,"column":4}},"62":{"start":{"line":140,"column":26},"end":{"line":140,"column":47}},"63":{"start":{"line":141,"column":28},"end":{"line":141,"column":30}},"64":{"start":{"line":144,"column":2},"end":{"line":152,"column":3}},"65":{"start":{"line":144,"column":15},"end":{"line":144,"column":16}},"66":{"start":{"line":145,"column":14},"end":{"line":145,"column":47}},"67":{"start":{"line":146,"column":14},"end":{"line":146,"column":44}},"68":{"start":{"line":149,"column":4},"end":{"line":151,"column":5}},"69":{"start":{"line":150,"column":6},"end":{"line":150,"column":30}},"70":{"start":{"line":154,"column":2},"end":{"line":154,"column":40}},"71":{"start":{"line":154,"column":28},"end":{"line":154,"column":40}},"72":{"start":{"line":156,"column":2},"end":{"line":156,"column":81}},"73":{"start":{"line":131,"column":13},"end":{"line":131,"column":33}},"74":{"start":{"line":170,"column":35},"end":{"line":317,"column":1}},"75":{"start":{"line":176,"column":25},"end":{"line":176,"column":59}},"76":{"start":{"line":177,"column":22},"end":{"line":177,"column":53}},"77":{"start":{"line":181,"column":2},"end":{"line":197,"column":3}},"78":{"start":{"line":182,"column":21},"end":{"line":182,"column":53}},"79":{"start":{"line":183,"column":41},"end":{"line":183,"column":50}},"80":{"start":{"line":186,"column":24},"end":{"line":186,"column":48}},"81":{"start":{"line":187,"column":4},"end":{"line":190,"column":5}},"82":{"start":{"line":188,"column":26},"end":{"line":188,"column":61}},"83":{"start":{"line":189,"column":6},"end":{"line":189,"column":79}},"84":{"start":{"line":193,"column":20},"end":{"line":193,"column":68}},"85":{"start":{"line":195,"column":4},"end":{"line":195,"column":111}},"86":{"start":{"line":196,"column":4},"end":{"line":196,"column":105}},"87":{"start":{"line":200,"column":25},"end":{"line":200,"column":53}},"88":{"start":{"line":203,"column":24},"end":{"line":203,"column":155}},"89":{"start":{"line":207,"column":5},"end":{"line":207,"column":48}},"90":{"start":{"line":209,"column":22},"end":{"line":209,"column":46}},"91":{"start":{"line":210,"column":26},"end":{"line":210,"column":47}},"92":{"start":{"line":213,"column":17},"end":{"line":213,"column":19}},"93":{"start":{"line":214,"column":2},"end":{"line":224,"column":3}},"94":{"start":{"line":215,"column":4},"end":{"line":221,"column":5}},"95":{"start":{"line":217,"column":6},"end":{"line":217,"column":33}},"96":{"start":{"line":220,"column":6},"end":{"line":220,"column":37}},"97":{"start":{"line":222,"column":9},"end":{"line":224,"column":3}},"98":{"start":{"line":223,"column":4},"end":{"line":223,"column":18}},"99":{"start":{"line":226,"column":26},"end":{"line":226,"column":78}},"100":{"start":{"line":230,"column":12},"end":{"line":230,"column":13}},"101":{"start":{"line":231,"column":2},"end":{"line":248,"column":3}},"102":{"start":{"line":232,"column":4},"end":{"line":232,"column":19}},"103":{"start":{"line":234,"column":4},"end":{"line":247,"column":5}},"104":{"start":{"line":235,"column":6},"end":{"line":235,"column":15}},"105":{"start":{"line":236,"column":11},"end":{"line":247,"column":5}},"106":{"start":{"line":237,"column":6},"end":{"line":237,"column":15}},"107":{"start":{"line":240,"column":6},"end":{"line":240,"column":82}},"108":{"start":{"line":244,"column":6},"end":{"line":246,"column":7}},"109":{"start":{"line":245,"column":8},"end":{"line":245,"column":35}},"110":{"start":{"line":250,"column":24},"end":{"line":250,"column":25}},"111":{"start":{"line":251,"column":22},"end":{"line":251,"column":23}},"112":{"start":{"line":253,"column":2},"end":{"line":286,"column":3}},"113":{"start":{"line":255,"column":4},"end":{"line":255,"column":24}},"114":{"start":{"line":256,"column":4},"end":{"line":256,"column":22}},"115":{"start":{"line":257,"column":9},"end":{"line":286,"column":3}},"116":{"start":{"line":259,"column":4},"end":{"line":262,"column":5}},"117":{"start":{"line":259,"column":17},"end":{"line":259,"column":18}},"118":{"start":{"line":260,"column":6},"end":{"line":260,"column":57}},"119":{"start":{"line":261,"column":6},"end":{"line":261,"column":52}},"120":{"start":{"line":264,"column":22},"end":{"line":264,"column":23}},"121":{"start":{"line":265,"column":20},"end":{"line":265,"column":21}},"122":{"start":{"line":266,"column":16},"end":{"line":266,"column":17}},"123":{"start":{"line":268,"column":4},"end":{"line":277,"column":5}},"124":{"start":{"line":268,"column":17},"end":{"line":268,"column":18}},"125":{"start":{"line":269,"column":16},"end":{"line":269,"column":47}},"126":{"start":{"line":270,"column":16},"end":{"line":270,"column":44}},"127":{"start":{"line":272,"column":6},"end":{"line":276,"column":7}},"128":{"start":{"line":273,"column":8},"end":{"line":273,"column":25}},"129":{"start":{"line":274,"column":8},"end":{"line":274,"column":23}},"130":{"start":{"line":275,"column":8},"end":{"line":275,"column":16}},"131":{"start":{"line":279,"column":4},"end":{"line":285,"column":5}},"132":{"start":{"line":280,"column":6},"end":{"line":280,"column":44}},"133":{"start":{"line":281,"column":6},"end":{"line":281,"column":40}},"134":{"start":{"line":283,"column":6},"end":{"line":283,"column":26}},"135":{"start":{"line":284,"column":6},"end":{"line":284,"column":24}},"136":{"start":{"line":288,"column":28},"end":{"line":291,"column":null}},"137":{"start":{"line":295,"column":20},"end":{"line":295,"column":64}},"138":{"start":{"line":301,"column":19},"end":{"line":301,"column":46}},"139":{"start":{"line":302,"column":25},"end":{"line":302,"column":115}},"140":{"start":{"line":306,"column":27},"end":{"line":308,"column":15}},"141":{"start":{"line":310,"column":2},"end":{"line":316,"column":4}},"142":{"start":{"line":170,"column":13},"end":{"line":170,"column":35}},"143":{"start":{"line":324,"column":35},"end":{"line":365,"column":1}},"144":{"start":{"line":325,"column":16},"end":{"line":325,"column":37}},"145":{"start":{"line":326,"column":2},"end":{"line":326,"column":37}},"146":{"start":{"line":326,"column":26},"end":{"line":326,"column":37}},"147":{"start":{"line":328,"column":14},"end":{"line":328,"column":24}},"148":{"start":{"line":329,"column":19},"end":{"line":329,"column":33}},"149":{"start":{"line":330,"column":18},"end":{"line":330,"column":35}},"150":{"start":{"line":331,"column":16},"end":{"line":331,"column":41}},"151":{"start":{"line":333,"column":2},"end":{"line":333,"column":34}},"152":{"start":{"line":333,"column":23},"end":{"line":333,"column":34}},"153":{"start":{"line":335,"column":21},"end":{"line":335,"column":36}},"154":{"start":{"line":336,"column":2},"end":{"line":336,"column":48}},"155":{"start":{"line":336,"column":37},"end":{"line":336,"column":48}},"156":{"start":{"line":338,"column":25},"end":{"line":338,"column":55}},"157":{"start":{"line":340,"column":22},"end":{"line":340,"column":23}},"158":{"start":{"line":341,"column":2},"end":{"line":352,"column":5}},"159":{"start":{"line":342,"column":16},"end":{"line":342,"column":54}},"160":{"start":{"line":343,"column":17},"end":{"line":343,"column":52}},"161":{"start":{"line":346,"column":19},"end":{"line":346,"column":80}},"162":{"start":{"line":347,"column":26},"end":{"line":347,"column":70}},"163":{"start":{"line":349,"column":4},"end":{"line":351,"column":5}},"164":{"start":{"line":350,"column":6},"end":{"line":350,"column":22}},"165":{"start":{"line":356,"column":22},"end":{"line":358,"column":18}},"166":{"start":{"line":360,"column":2},"end":{"line":360,"column":36}},"167":{"start":{"line":360,"column":25},"end":{"line":360,"column":36}},"168":{"start":{"line":363,"column":14},"end":{"line":363,"column":49}},"169":{"start":{"line":364,"column":2},"end":{"line":364,"column":40}},"170":{"start":{"line":324,"column":13},"end":{"line":324,"column":35}},"171":{"start":{"line":371,"column":47},"end":{"line":398,"column":1}},"172":{"start":{"line":377,"column":2},"end":{"line":377,"column":45}},"173":{"start":{"line":377,"column":36},"end":{"line":377,"column":45}},"174":{"start":{"line":379,"column":27},"end":{"line":379,"column":28}},"175":{"start":{"line":380,"column":25},"end":{"line":380,"column":26}},"176":{"start":{"line":382,"column":2},"end":{"line":392,"column":5}},"177":{"start":{"line":383,"column":44},"end":{"line":383,"column":99}},"178":{"start":{"line":387,"column":4},"end":{"line":387,"column":26}},"179":{"start":{"line":387,"column":19},"end":{"line":387,"column":26}},"180":{"start":{"line":389,"column":29},"end":{"line":389,"column":61}},"181":{"start":{"line":390,"column":4},"end":{"line":390,"column":66}},"182":{"start":{"line":391,"column":4},"end":{"line":391,"column":43}},"183":{"start":{"line":394,"column":2},"end":{"line":394,"column":39}},"184":{"start":{"line":394,"column":30},"end":{"line":394,"column":39}},"185":{"start":{"line":397,"column":2},"end":{"line":397,"column":68}},"186":{"start":{"line":371,"column":13},"end":{"line":371,"column":47}},"187":{"start":{"line":404,"column":47},"end":{"line":439,"column":1}},"188":{"start":{"line":410,"column":36},"end":{"line":410,"column":56}},"189":{"start":{"line":412,"column":2},"end":{"line":436,"column":3}},"190":{"start":{"line":412,"column":15},"end":{"line":412,"column":16}},"191":{"start":{"line":413,"column":29},"end":{"line":413,"column":30}},"192":{"start":{"line":414,"column":29},"end":{"line":414,"column":30}},"193":{"start":{"line":415,"column":21},"end":{"line":415,"column":26}},"194":{"start":{"line":417,"column":4},"end":{"line":431,"column":7}},"195":{"start":{"line":418,"column":16},"end":{"line":418,"column":54}},"196":{"start":{"line":419,"column":16},"end":{"line":419,"column":51}},"197":{"start":{"line":422,"column":6},"end":{"line":422,"column":37}},"198":{"start":{"line":422,"column":30},"end":{"line":422,"column":37}},"199":{"start":{"line":424,"column":28},"end":{"line":424,"column":56}},"200":{"start":{"line":425,"column":25},"end":{"line":425,"column":82}},"201":{"start":{"line":426,"column":24},"end":{"line":426,"column":49}},"202":{"start":{"line":428,"column":6},"end":{"line":428,"column":61}},"203":{"start":{"line":429,"column":6},"end":{"line":429,"column":47}},"204":{"start":{"line":430,"column":6},"end":{"line":430,"column":24}},"205":{"start":{"line":433,"column":4},"end":{"line":435,"column":5}},"206":{"start":{"line":434,"column":6},"end":{"line":434,"column":79}},"207":{"start":{"line":438,"column":2},"end":{"line":438,"column":16}},"208":{"start":{"line":404,"column":13},"end":{"line":404,"column":47}}},"fnMap":{"0":{"name":"(anonymous_0)","decl":{"start":{"line":14,"column":38},"end":{"line":14,"column":null}},"loc":{"start":{"line":19,"column":22},"end":{"line":32,"column":1}}},"1":{"name":"(anonymous_1)","decl":{"start":{"line":41,"column":52},"end":{"line":41,"column":null}},"loc":{"start":{"line":45,"column":12},"end":{"line":72,"column":1}}},"2":{"name":"(anonymous_2)","decl":{"start":{"line":78,"column":37},"end":{"line":78,"column":null}},"loc":{"start":{"line":81,"column":12},"end":{"line":89,"column":1}}},"3":{"name":"(anonymous_3)","decl":{"start":{"line":95,"column":39},"end":{"line":95,"column":null}},"loc":{"start":{"line":98,"column":19},"end":{"line":125,"column":1}}},"4":{"name":"(anonymous_4)","decl":{"start":{"line":131,"column":33},"end":{"line":131,"column":null}},"loc":{"start":{"line":134,"column":19},"end":{"line":157,"column":1}}},"5":{"name":"(anonymous_5)","decl":{"start":{"line":170,"column":35},"end":{"line":170,"column":null}},"loc":{"start":{"line":175,"column":4},"end":{"line":317,"column":1}}},"6":{"name":"(anonymous_6)","decl":{"start":{"line":324,"column":35},"end":{"line":324,"column":36}},"loc":{"start":{"line":324,"column":54},"end":{"line":365,"column":1}}},"7":{"name":"(anonymous_7)","decl":{"start":{"line":341,"column":16},"end":{"line":341,"column":17}},"loc":{"start":{"line":341,"column":30},"end":{"line":352,"column":3}}},"8":{"name":"(anonymous_8)","decl":{"start":{"line":371,"column":47},"end":{"line":371,"column":null}},"loc":{"start":{"line":376,"column":4},"end":{"line":398,"column":1}}},"9":{"name":"(anonymous_9)","decl":{"start":{"line":382,"column":16},"end":{"line":382,"column":20}},"loc":{"start":{"line":382,"column":23},"end":{"line":392,"column":3}}},"10":{"name":"(anonymous_10)","decl":{"start":{"line":404,"column":47},"end":{"line":404,"column":null}},"loc":{"start":{"line":409,"column":4},"end":{"line":439,"column":1}}},"11":{"name":"(anonymous_11)","decl":{"start":{"line":417,"column":18},"end":{"line":417,"column":22}},"loc":{"start":{"line":417,"column":25},"end":{"line":431,"column":5}}}},"branchMap":{"0":{"loc":{"start":{"line":17,"column":2},"end":{"line":17,"column":26}},"type":"default-arg","locations":[{"start":{"line":17,"column":22},"end":{"line":17,"column":26}}]},"1":{"loc":{"start":{"line":18,"column":2},"end":{"line":18,"column":32}},"type":"default-arg","locations":[{"start":{"line":18,"column":28},"end":{"line":18,"column":32}}]},"2":{"loc":{"start":{"line":20,"column":2},"end":{"line":20,"column":34}},"type":"if","locations":[{"start":{"line":20,"column":2},"end":{"line":20,"column":34}}]},"3":{"loc":{"start":{"line":23,"column":2},"end":{"line":23,"column":43}},"type":"if","locations":[{"start":{"line":23,"column":2},"end":{"line":23,"column":43}}]},"4":{"loc":{"start":{"line":25,"column":18},"end":{"line":25,"column":43}},"type":"binary-expr","locations":[{"start":{"line":25,"column":18},"end":{"line":25,"column":37}},{"start":{"line":25,"column":41},"end":{"line":25,"column":43}}]},"5":{"loc":{"start":{"line":26,"column":17},"end":{"line":26,"column":41}},"type":"binary-expr","locations":[{"start":{"line":26,"column":17},"end":{"line":26,"column":35}},{"start":{"line":26,"column":39},"end":{"line":26,"column":41}}]},"6":{"loc":{"start":{"line":28,"column":2},"end":{"line":28,"column":54}},"type":"if","locations":[{"start":{"line":28,"column":2},"end":{"line":28,"column":54}}]},"7":{"loc":{"start":{"line":29,"column":2},"end":{"line":29,"column":46}},"type":"if","locations":[{"start":{"line":29,"column":2},"end":{"line":29,"column":46}}]},"8":{"loc":{"start":{"line":30,"column":2},"end":{"line":30,"column":44}},"type":"if","locations":[{"start":{"line":30,"column":2},"end":{"line":30,"column":44}}]},"9":{"loc":{"start":{"line":46,"column":19},"end":{"line":46,"column":30}},"type":"binary-expr","locations":[{"start":{"line":46,"column":19},"end":{"line":46,"column":25}},{"start":{"line":46,"column":29},"end":{"line":46,"column":30}}]},"10":{"loc":{"start":{"line":47,"column":19},"end":{"line":47,"column":30}},"type":"binary-expr","locations":[{"start":{"line":47,"column":19},"end":{"line":47,"column":25}},{"start":{"line":47,"column":29},"end":{"line":47,"column":30}}]},"11":{"loc":{"start":{"line":50,"column":2},"end":{"line":50,"column":35}},"type":"if","locations":[{"start":{"line":50,"column":2},"end":{"line":50,"column":35}}]},"12":{"loc":{"start":{"line":50,"column":6},"end":{"line":50,"column":24}},"type":"binary-expr","locations":[{"start":{"line":50,"column":6},"end":{"line":50,"column":13}},{"start":{"line":50,"column":17},"end":{"line":50,"column":24}}]},"13":{"loc":{"start":{"line":52,"column":2},"end":{"line":59,"column":3}},"type":"if","locations":[{"start":{"line":52,"column":2},"end":{"line":59,"column":3}}]},"14":{"loc":{"start":{"line":56,"column":4},"end":{"line":56,"column":48}},"type":"if","locations":[{"start":{"line":56,"column":4},"end":{"line":56,"column":48}}]},"15":{"loc":{"start":{"line":56,"column":30},"end":{"line":56,"column":47}},"type":"cond-expr","locations":[{"start":{"line":56,"column":40},"end":{"line":56,"column":43}},{"start":{"line":56,"column":46},"end":{"line":56,"column":47}}]},"16":{"loc":{"start":{"line":58,"column":11},"end":{"line":58,"column":26}},"type":"cond-expr","locations":[{"start":{"line":58,"column":19},"end":{"line":58,"column":22}},{"start":{"line":58,"column":25},"end":{"line":58,"column":26}}]},"17":{"loc":{"start":{"line":61,"column":2},"end":{"line":64,"column":3}},"type":"if","locations":[{"start":{"line":61,"column":2},"end":{"line":64,"column":3}}]},"18":{"loc":{"start":{"line":70,"column":2},"end":{"line":70,"column":26}},"type":"if","locations":[{"start":{"line":70,"column":2},"end":{"line":70,"column":26}}]},"19":{"loc":{"start":{"line":82,"column":23},"end":{"line":82,"column":51}},"type":"binary-expr","locations":[{"start":{"line":82,"column":23},"end":{"line":82,"column":46}},{"start":{"line":82,"column":50},"end":{"line":82,"column":51}}]},"20":{"loc":{"start":{"line":82,"column":53},"end":{"line":82,"column":78}},"type":"binary-expr","locations":[{"start":{"line":82,"column":53},"end":{"line":82,"column":73}},{"start":{"line":82,"column":77},"end":{"line":82,"column":78}}]},"21":{"loc":{"start":{"line":84,"column":21},"end":{"line":84,"column":46}},"type":"binary-expr","locations":[{"start":{"line":84,"column":21},"end":{"line":84,"column":41}},{"start":{"line":84,"column":45},"end":{"line":84,"column":46}}]},"22":{"loc":{"start":{"line":85,"column":21},"end":{"line":85,"column":43}},"type":"binary-expr","locations":[{"start":{"line":85,"column":21},"end":{"line":85,"column":38}},{"start":{"line":85,"column":42},"end":{"line":85,"column":43}}]},"23":{"loc":{"start":{"line":86,"column":4},"end":{"line":86,"column":37}},"type":"if","locations":[{"start":{"line":86,"column":4},"end":{"line":86,"column":37}}]},"24":{"loc":{"start":{"line":86,"column":8},"end":{"line":86,"column":26}},"type":"binary-expr","locations":[{"start":{"line":86,"column":8},"end":{"line":86,"column":15}},{"start":{"line":86,"column":19},"end":{"line":86,"column":26}}]},"25":{"loc":{"start":{"line":104,"column":23},"end":{"line":104,"column":51}},"type":"binary-expr","locations":[{"start":{"line":104,"column":23},"end":{"line":104,"column":46}},{"start":{"line":104,"column":50},"end":{"line":104,"column":51}}]},"26":{"loc":{"start":{"line":104,"column":53},"end":{"line":104,"column":78}},"type":"binary-expr","locations":[{"start":{"line":104,"column":53},"end":{"line":104,"column":73}},{"start":{"line":104,"column":77},"end":{"line":104,"column":78}}]},"27":{"loc":{"start":{"line":105,"column":2},"end":{"line":105,"column":29}},"type":"if","locations":[{"start":{"line":105,"column":2},"end":{"line":105,"column":29}}]},"28":{"loc":{"start":{"line":109,"column":18},"end":{"line":109,"column":35}},"type":"binary-expr","locations":[{"start":{"line":109,"column":18},"end":{"line":109,"column":25}},{"start":{"line":109,"column":29},"end":{"line":109,"column":35}}]},"29":{"loc":{"start":{"line":110,"column":21},"end":{"line":110,"column":46}},"type":"binary-expr","locations":[{"start":{"line":110,"column":21},"end":{"line":110,"column":41}},{"start":{"line":110,"column":45},"end":{"line":110,"column":46}}]},"30":{"loc":{"start":{"line":111,"column":21},"end":{"line":111,"column":43}},"type":"binary-expr","locations":[{"start":{"line":111,"column":21},"end":{"line":111,"column":38}},{"start":{"line":111,"column":42},"end":{"line":111,"column":43}}]},"31":{"loc":{"start":{"line":117,"column":4},"end":{"line":119,"column":5}},"type":"if","locations":[{"start":{"line":117,"column":4},"end":{"line":119,"column":5}}]},"32":{"loc":{"start":{"line":117,"column":8},"end":{"line":117,"column":42}},"type":"binary-expr","locations":[{"start":{"line":117,"column":9},"end":{"line":117,"column":13}},{"start":{"line":117,"column":17},"end":{"line":117,"column":22}},{"start":{"line":117,"column":28},"end":{"line":117,"column":33}},{"start":{"line":117,"column":37},"end":{"line":117,"column":41}}]},"33":{"loc":{"start":{"line":118,"column":19},"end":{"line":118,"column":46}},"type":"binary-expr","locations":[{"start":{"line":118,"column":19},"end":{"line":118,"column":28}},{"start":{"line":118,"column":32},"end":{"line":118,"column":46}}]},"34":{"loc":{"start":{"line":122,"column":2},"end":{"line":122,"column":40}},"type":"if","locations":[{"start":{"line":122,"column":2},"end":{"line":122,"column":40}}]},"35":{"loc":{"start":{"line":145,"column":21},"end":{"line":145,"column":46}},"type":"binary-expr","locations":[{"start":{"line":145,"column":21},"end":{"line":145,"column":41}},{"start":{"line":145,"column":45},"end":{"line":145,"column":46}}]},"36":{"loc":{"start":{"line":146,"column":21},"end":{"line":146,"column":43}},"type":"binary-expr","locations":[{"start":{"line":146,"column":21},"end":{"line":146,"column":38}},{"start":{"line":146,"column":42},"end":{"line":146,"column":43}}]},"37":{"loc":{"start":{"line":149,"column":4},"end":{"line":151,"column":5}},"type":"if","locations":[{"start":{"line":149,"column":4},"end":{"line":151,"column":5}}]},"38":{"loc":{"start":{"line":149,"column":8},"end":{"line":149,"column":26}},"type":"binary-expr","locations":[{"start":{"line":149,"column":8},"end":{"line":149,"column":15}},{"start":{"line":149,"column":19},"end":{"line":149,"column":26}}]},"39":{"loc":{"start":{"line":154,"column":2},"end":{"line":154,"column":40}},"type":"if","locations":[{"start":{"line":154,"column":2},"end":{"line":154,"column":40}}]},"40":{"loc":{"start":{"line":173,"column":2},"end":{"line":173,"column":41}},"type":"default-arg","locations":[{"start":{"line":173,"column":17},"end":{"line":173,"column":41}}]},"41":{"loc":{"start":{"line":174,"column":2},"end":{"line":174,"column":46}},"type":"default-arg","locations":[{"start":{"line":174,"column":36},"end":{"line":174,"column":46}}]},"42":{"loc":{"start":{"line":176,"column":25},"end":{"line":176,"column":59}},"type":"binary-expr","locations":[{"start":{"line":176,"column":25},"end":{"line":176,"column":53}},{"start":{"line":176,"column":57},"end":{"line":176,"column":59}}]},"43":{"loc":{"start":{"line":177,"column":22},"end":{"line":177,"column":53}},"type":"binary-expr","locations":[{"start":{"line":177,"column":22},"end":{"line":177,"column":47}},{"start":{"line":177,"column":51},"end":{"line":177,"column":53}}]},"44":{"loc":{"start":{"line":181,"column":2},"end":{"line":197,"column":3}},"type":"if","locations":[{"start":{"line":181,"column":2},"end":{"line":197,"column":3}}]},"45":{"loc":{"start":{"line":182,"column":21},"end":{"line":182,"column":53}},"type":"cond-expr","locations":[{"start":{"line":182,"column":48},"end":{"line":182,"column":49}},{"start":{"line":182,"column":52},"end":{"line":182,"column":53}}]},"46":{"loc":{"start":{"line":187,"column":4},"end":{"line":190,"column":5}},"type":"if","locations":[{"start":{"line":187,"column":4},"end":{"line":190,"column":5}}]},"47":{"loc":{"start":{"line":189,"column":19},"end":{"line":189,"column":78}},"type":"cond-expr","locations":[{"start":{"line":189,"column":42},"end":{"line":189,"column":57}},{"start":{"line":189,"column":62},"end":{"line":189,"column":77}}]},"48":{"loc":{"start":{"line":193,"column":20},"end":{"line":193,"column":68}},"type":"cond-expr","locations":[{"start":{"line":193,"column":51},"end":{"line":193,"column":56}},{"start":{"line":193,"column":59},"end":{"line":193,"column":68}}]},"49":{"loc":{"start":{"line":195,"column":47},"end":{"line":195,"column":72}},"type":"binary-expr","locations":[{"start":{"line":195,"column":47},"end":{"line":195,"column":66}},{"start":{"line":195,"column":70},"end":{"line":195,"column":72}}]},"50":{"loc":{"start":{"line":196,"column":44},"end":{"line":196,"column":66}},"type":"binary-expr","locations":[{"start":{"line":196,"column":44},"end":{"line":196,"column":60}},{"start":{"line":196,"column":64},"end":{"line":196,"column":66}}]},"51":{"loc":{"start":{"line":203,"column":24},"end":{"line":203,"column":155}},"type":"binary-expr","locations":[{"start":{"line":203,"column":24},"end":{"line":203,"column":52}},{"start":{"line":203,"column":57},"end":{"line":203,"column":89}},{"start":{"line":203,"column":94},"end":{"line":203,"column":123}},{"start":{"line":203,"column":128},"end":{"line":203,"column":155}}]},"52":{"loc":{"start":{"line":207,"column":5},"end":{"line":207,"column":48}},"type":"binary-expr","locations":[{"start":{"line":207,"column":5},"end":{"line":207,"column":28}},{"start":{"line":207,"column":32},"end":{"line":207,"column":48}}]},"53":{"loc":{"start":{"line":214,"column":2},"end":{"line":224,"column":3}},"type":"if","locations":[{"start":{"line":214,"column":2},"end":{"line":224,"column":3}},{"start":{"line":222,"column":9},"end":{"line":224,"column":3}}]},"54":{"loc":{"start":{"line":215,"column":4},"end":{"line":221,"column":5}},"type":"if","locations":[{"start":{"line":215,"column":4},"end":{"line":221,"column":5}},{"start":{"line":218,"column":11},"end":{"line":221,"column":5}}]},"55":{"loc":{"start":{"line":222,"column":9},"end":{"line":224,"column":3}},"type":"if","locations":[{"start":{"line":222,"column":9},"end":{"line":224,"column":3}}]},"56":{"loc":{"start":{"line":231,"column":2},"end":{"line":248,"column":3}},"type":"if","locations":[{"start":{"line":231,"column":2},"end":{"line":248,"column":3}},{"start":{"line":233,"column":9},"end":{"line":248,"column":3}}]},"57":{"loc":{"start":{"line":234,"column":4},"end":{"line":247,"column":5}},"type":"if","locations":[{"start":{"line":234,"column":4},"end":{"line":247,"column":5}},{"start":{"line":236,"column":11},"end":{"line":247,"column":5}}]},"58":{"loc":{"start":{"line":236,"column":11},"end":{"line":247,"column":5}},"type":"if","locations":[{"start":{"line":236,"column":11},"end":{"line":247,"column":5}},{"start":{"line":238,"column":11},"end":{"line":247,"column":5}}]},"59":{"loc":{"start":{"line":240,"column":21},"end":{"line":240,"column":63}},"type":"cond-expr","locations":[{"start":{"line":240,"column":44},"end":{"line":240,"column":59}},{"start":{"line":240,"column":62},"end":{"line":240,"column":63}}]},"60":{"loc":{"start":{"line":244,"column":6},"end":{"line":246,"column":7}},"type":"if","locations":[{"start":{"line":244,"column":6},"end":{"line":246,"column":7}}]},"61":{"loc":{"start":{"line":244,"column":10},"end":{"line":244,"column":116}},"type":"binary-expr","locations":[{"start":{"line":244,"column":10},"end":{"line":244,"column":33}},{"start":{"line":244,"column":37},"end":{"line":244,"column":76}},{"start":{"line":244,"column":80},"end":{"line":244,"column":116}}]},"62":{"loc":{"start":{"line":244,"column":44},"end":{"line":244,"column":69}},"type":"binary-expr","locations":[{"start":{"line":244,"column":44},"end":{"line":244,"column":64}},{"start":{"line":244,"column":68},"end":{"line":244,"column":69}}]},"63":{"loc":{"start":{"line":244,"column":87},"end":{"line":244,"column":109}},"type":"binary-expr","locations":[{"start":{"line":244,"column":87},"end":{"line":244,"column":104}},{"start":{"line":244,"column":108},"end":{"line":244,"column":109}}]},"64":{"loc":{"start":{"line":253,"column":2},"end":{"line":286,"column":3}},"type":"if","locations":[{"start":{"line":253,"column":2},"end":{"line":286,"column":3}},{"start":{"line":257,"column":9},"end":{"line":286,"column":3}}]},"65":{"loc":{"start":{"line":257,"column":9},"end":{"line":286,"column":3}},"type":"if","locations":[{"start":{"line":257,"column":9},"end":{"line":286,"column":3}},{"start":{"line":263,"column":9},"end":{"line":286,"column":3}}]},"66":{"loc":{"start":{"line":260,"column":32},"end":{"line":260,"column":55}},"type":"binary-expr","locations":[{"start":{"line":260,"column":32},"end":{"line":260,"column":50}},{"start":{"line":260,"column":54},"end":{"line":260,"column":55}}]},"67":{"loc":{"start":{"line":261,"column":30},"end":{"line":261,"column":50}},"type":"binary-expr","locations":[{"start":{"line":261,"column":30},"end":{"line":261,"column":45}},{"start":{"line":261,"column":49},"end":{"line":261,"column":50}}]},"68":{"loc":{"start":{"line":269,"column":23},"end":{"line":269,"column":46}},"type":"binary-expr","locations":[{"start":{"line":269,"column":23},"end":{"line":269,"column":41}},{"start":{"line":269,"column":45},"end":{"line":269,"column":46}}]},"69":{"loc":{"start":{"line":270,"column":23},"end":{"line":270,"column":43}},"type":"binary-expr","locations":[{"start":{"line":270,"column":23},"end":{"line":270,"column":38}},{"start":{"line":270,"column":42},"end":{"line":270,"column":43}}]},"70":{"loc":{"start":{"line":272,"column":6},"end":{"line":276,"column":7}},"type":"if","locations":[{"start":{"line":272,"column":6},"end":{"line":276,"column":7}}]},"71":{"loc":{"start":{"line":272,"column":10},"end":{"line":272,"column":28}},"type":"binary-expr","locations":[{"s
[...]
line":349,"column":33}}]},"89":{"loc":{"start":{"line":356,"column":22},"end":{"line":358,"column":18}},"type":"cond-expr","locations":[{"start":{"line":357,"column":6},"end":{"line":357,"column":36}},{"start":{"line":358,"column":6},"end":{"line":358,"column":18}}]},"90":{"loc":{"start":{"line":356,"column":22},"end":{"line":356,"column":90}},"type":"binary-expr","locations":[{"start":{"line":356,"column":22},"end":{"line":356,"column":52}},{"start":{"line":356,"column":56},"end":{"line":356,"column":90}}]},"91":{"loc":{"start":{"line":360,"column":2},"end":{"line":360,"column":36}},"type":"if","locations":[{"start":{"line":360,"column":2},"end":{"line":360,"column":36}}]},"92":{"loc":{"start":{"line":374,"column":2},"end":{"line":374,"column":41}},"type":"default-arg","locations":[{"start":{"line":374,"column":17},"end":{"line":374,"column":41}}]},"93":{"loc":{"start":{"line":375,"column":2},"end":{"line":375,"column":46}},"type":"default-arg","locations":[{"start":{"line":375,"column":36},"end":{"line":375,"column":46}}]},"94":{"loc":{"start":{"line":377,"column":2},"end":{"line":377,"column":45}},"type":"if","locations":[{"start":{"line":377,"column":2},"end":{"line":377,"column":45}}]},"95":{"loc":{"start":{"line":377,"column":6},"end":{"line":377,"column":34}},"type":"binary-expr","locations":[{"start":{"line":377,"column":6},"end":{"line":377,"column":12}},{"start":{"line":377,"column":16},"end":{"line":377,"column":34}}]},"96":{"loc":{"start":{"line":387,"column":4},"end":{"line":387,"column":26}},"type":"if","locations":[{"start":{"line":387,"column":4},"end":{"line":387,"column":26}}]},"97":{"loc":{"start":{"line":390,"column":47},"end":{"line":390,"column":63}},"type":"binary-expr","locations":[{"start":{"line":390,"column":47},"end":{"line":390,"column":58}},{"start":{"line":390,"column":62},"end":{"line":390,"column":63}}]},"98":{"loc":{"start":{"line":391,"column":25},"end":{"line":391,"column":41}},"type":"binary-expr","locations":[{"start":{"line":391,"column":25},"end":{"line":391,"column":36}},{"start":{"line":391,"column":40},"end":{"line":391,"column":41}}]},"99":{"loc":{"start":{"line":394,"column":2},"end":{"line":394,"column":39}},"type":"if","locations":[{"start":{"line":394,"column":2},"end":{"line":394,"column":39}}]},"100":{"loc":{"start":{"line":407,"column":2},"end":{"line":407,"column":41}},"type":"default-arg","locations":[{"start":{"line":407,"column":17},"end":{"line":407,"column":41}}]},"101":{"loc":{"start":{"line":408,"column":2},"end":{"line":408,"column":28}},"type":"default-arg","locations":[{"start":{"line":408,"column":26},"end":{"line":408,"column":28}}]},"102":{"loc":{"start":{"line":418,"column":23},"end":{"line":418,"column":53}},"type":"binary-expr","locations":[{"start":{"line":418,"column":23},"end":{"line":418,"column":48}},{"start":{"line":418,"column":52},"end":{"line":418,"column":53}}]},"103":{"loc":{"start":{"line":419,"column":23},"end":{"line":419,"column":50}},"type":"binary-expr","locations":[{"start":{"line":419,"column":23},"end":{"line":419,"column":45}},{"start":{"line":419,"column":49},"end":{"line":419,"column":50}}]},"104":{"loc":{"start":{"line":422,"column":6},"end":{"line":422,"column":37}},"type":"if","locations":[{"start":{"line":422,"column":6},"end":{"line":422,"column":37}}]},"105":{"loc":{"start":{"line":422,"column":10},"end":{"line":422,"column":28}},"type":"binary-expr","locations":[{"start":{"line":422,"column":10},"end":{"line":422,"column":17}},{"start":{"line":422,"column":21},"end":{"line":422,"column":28}}]},"106":{"loc":{"start":{"line":428,"column":42},"end":{"line":428,"column":58}},"type":"binary-expr","locations":[{"start":{"line":428,"column":42},"end":{"line":428,"column":53}},{"start":{"line":428,"column":57},"end":{"line":428,"column":58}}]},"107":{"loc":{"start":{"line":429,"column":29},"end":{"line":429,"column":45}},"type":"binary-expr","locations":[{"start":{"line":429,"column":29},"end":{"line":429,"column":40}},{"start":{"line":429,"column":44},"end":{"line":429,"column":45}}]},"108":{"loc":{"start":{"line":433,"column":4},"end":{"line":435,"column":5}},"type":"if","locations":[{"start":{"line":433,"column":4},"end":{"line":435,"column":5}}]},"109":{"loc":{"start":{"line":433,"column":8},"end":{"line":433,"column":44}},"type":"binary-expr","locations":[{"start":{"line":433,"column":8},"end":{"line":433,"column":18}},{"start":{"line":433,"column":22},"end":{"line":433,"column":44}}]}},"s":{"0":1,"1":1,"2":1,"3":9,"4":0,"5":9,"6":0,"7":9,"8":9,"9":9,"10":0,"11":9,"12":4,"13":5,"14":2,"15":3,"16":1,"17":1,"18":15,"19":15,"20":15,"21":4,"22":11,"23":2,"24":1,"25":1,"26":9,"27":6,"28":3,"29":1,"30":2,"31":1,"32":1,"33":8,"34":8,"35":8,"36":24,"37":24,"38":24,"39":7,"40":1,"41":1,"42":1,"43":5,"44":5,"45":5,"46":2,"47":3,"48":3,"49":3,"50":6,"51":6,"52":6,"53":6,"54":6,"55":2,"56":3,"57":2,"58":1,"59":1,"60":1,"61":1,"62":1,"63":1,"64":1,"65":1,"66":2,"67":2,"68":2,"69":2,"70":1,"71":0,"72":1,"73":1,"74":1,"75":8,"76":8,"77":8,"78":1,"79":1,"80":1,"81":1,"82":1,"83":1,"84":1,"85":1,"86":1,"87":8,"88":8,"89":8,"90":8,"91":8,"92":8,"93":8,"94":2,"95":1,"96":1,"97":6,"98":1,"99":8,"100":8,"101":8,"102":1,"103":7,"104":5,"105":2,"106":1,"107":1,"108":1,"109":0,"110":8,"111":8,"112":8,"113":1,"114":1,"115":7,"116":1,"117":1,"118":6,"119":6,"120":6,"121":6,"122":6,"123":6,"124":6,"125":62,"126":62,"127":62,"128":7,"129":7,"130":7,"131":6,"132":5,"133":5,"134":1,"135":1,"136":8,"137":8,"138":8,"139":8,"140":8,"141":8,"142":1,"143":1,"144":0,"145":0,"146":0,"147":0,"148":0,"149":0,"150":0,"151":0,"152":0,"153":0,"154":0,"155":0,"156":0,"157":0,"158":0,"159":0,"160":0,"161":0,"162":0,"163":0,"164":0,"165":0,"166":0,"167":0,"168":0,"169":0,"170":1,"171":1,"172":3,"173":0,"174":3,"175":3,"176":3,"177":4,"178":4,"179":1,"180":3,"181":3,"182":3,"183":3,"184":1,"185":2,"186":1,"187":1,"188":0,"189":0,"190":0,"191":0,"192":0,"193":0,"194":0,"195":0,"196":0,"197":0,"198":0,"199":0,"200":0,"201":0,"202":0,"203":0,"204":0,"205":0,"206":0,"207":0,"208":1},"f":{"0":9,"1":15,"2":8,"3":5,"4":1,"5":8,"6":0,"7":0,"8":3,"9":4,"10":0,"11":0},"b":{"0":[3],"1":[3],"2":[0],"3":[0],"4":[9,0],"5":[9,0],"6":[0],"7":[4],"8":[2],"9":[15,0],"10":[15,0],"11":[4],"12":[15,6],"13":[2],"14":[1],"15":[0,1],"16":[1,0],"17":[6],"18":[1],"19":[8,0],"20":[8,0],"21":[24,6],"22":[24,6],"23":[7],"24":[24,17],"25":[5,1],"26":[5,1],"27":[2],"28":[9,6],"29":[6,0],"30":[6,0],"31":[2],"32":[6,3,5,3],"33":[2,0],"34":[2],"35":[2,0],"36":[2,0],"37":[2],"38":[2,2],"39":[0],"40":[0],"41":[3],"42":[8,0],"43":[8,0],"44":[1],"45":[0,1],"46":[1],"47":[1,0],"48":[1,0],"49":[1,0],"50":[1,0],"51":[8,8,8,8],"52":[8,8],"53":[2,6],"54":[1,1],"55":[1],"56":[1,7],"57":[5,2],"58":[1,1],"59":[1,0],"60":[0],"61":[1,1,0],"62":[1,0],"63":[0,0],"64":[1,7],"65":[1,6],"66":[6,0],"67":[6,0],"68":[62,53],"69":[62,53],"70":[7],"71":[62,55],"72":[5,1],"73":[8,2],"74":[5,3],"75":[3,1,1],"76":[6,2],"77":[0,0],"78":[0],"79":[0,0],"80":[0],"81":[0],"82":[0,0],"83":[0,0],"84":[0,0,0,0],"85":[0,0],"86":[0,0],"87":[0],"88":[0,0],"89":[0,0],"90":[0,0],"91":[0],"92":[0],"93":[3],"94":[0],"95":[3,3],"96":[1],"97":[3,0],"98":[3,0],"99":[1],"100":[0],"101":[0],"102":[0,0],"103":[0,0],"104":[0],"105":[0,0],"106":[0,0],"107":[0,0],"108":[0],"109":[0,0]}}
,"C:\\Users\\LeonPrior\\OneDrive - Prior Consultoría\\Documentos\\CONSULTORÍAS 2025\\IPS\\IA\\APP TABLERO\\utils\\dateUtils.ts": {"path":"C:\\Users\\LeonPrior\\OneDrive - Prior Consultoría\\Documentos\\CONSULTORÍAS 2025\\IPS\\IA\\APP TABLERO\\utils\\dateUtils.ts","statementMap":{"0":{"start":{"line":12,"column":39},"end":{"line":24,"column":1}},"1":{"start":{"line":13,"column":25},"end":{"line":13,"column":40}},"2":{"start":{"line":14,"column":23},"end":{"line":14,"column":37}},"3":{"start":{"line":16,"column":4},"end":{"line":20,"column":5}},"4":{"start":{"line":19,"column":8},"end":{"line":19,"column":32}},"5":{"start":{"line":23,"column":4},"end":{"line":23,"column":28}},"6":{"start":{"line":12,"column":13},"end":{"line":12,"column":39}},"7":{"start":{"line":29,"column":38},"end":{"line":40,"column":1}},"8":{"start":{"line":34,"column":14},"end":{"line":34,"column":28}},"9":{"start":{"line":35,"column":16},"end":{"line":35,"column":26}},"10":{"start":{"line":39,"column":4},"end":{"line":39,"column":14}},"11":{"start":{"line":29,"column":13},"end":{"line":29,"column":38}}},"fnMap":{"0":{"name":"(anonymous_0)","decl":{"start":{"line":12,"column":39},"end":{"line":12,"column":40}},"loc":{"start":{"line":12,"column":99},"end":{"line":24,"column":1}}},"1":{"name":"(anonymous_1)","decl":{"start":{"line":29,"column":38},"end":{"line":29,"column":39}},"loc":{"start":{"line":29,"column":95},"end":{"line":40,"column":1}}}},"branchMap":{"0":{"loc":{"start":{"line":12,"column":40},"end":{"line":12,"column":63}},"type":"default-arg","locations":[{"start":{"line":12,"column":53},"end":{"line":12,"column":63}}]},"1":{"loc":{"start":{"line":12,"column":65},"end":{"line":12,"column":87}},"type":"default-arg","locations":[{"start":{"line":12,"column":86},"end":{"line":12,"column":87}}]},"2":{"loc":{"start":{"line":16,"column":4},"end":{"line":20,"column":5}},"type":"if","locations":[{"start":{"line":16,"column":4},"end":{"line":20,"column":5}}]},"3":{"loc":{"start":{"line":29,"column":39},"end":{"line":29,"column":62}},"type":"default-arg","locations":[{"start":{"line":29,"column":52},"end":{"line":29,"column":62}}]},"4":{"loc":{"start":{"line":29,"column":64},"end":{"line":29,"column":83}},"type":"default-arg","locations":[{"start":{"line":29,"column":82},"end":{"line":29,"column":83}}]}},"s":{"0":1,"1":4,"2":4,"3":4,"4":2,"5":2,"6":1,"7":1,"8":0,"9":0,"10":0,"11":1},"f":{"0":4,"1":0},"b":{"0":[0],"1":[2],"2":[2],"3":[0],"4":[0]}}
,"C:\\Users\\LeonPrior\\OneDrive - Prior Consultoría\\Documentos\\CONSULTORÍAS 2025\\IPS\\IA\\APP TABLERO\\utils\\weeklyUtils.ts": {"path":"C:\\Users\\LeonPrior\\OneDrive - Prior Consultoría\\Documentos\\CONSULTORÍAS 2025\\IPS\\IA\\APP TABLERO\\utils\\weeklyUtils.ts","statementMap":{"0":{"start":{"line":8,"column":29},"end":{"line":19,"column":1}},"1":{"start":{"line":9,"column":14},"end":{"line":9,"column":85}},"2":{"start":{"line":10,"column":19},"end":{"line":10,"column":60}},"3":{"start":{"line":11,"column":4},"end":{"line":15,"column":5}},"4":{"start":{"line":12,"column":8},"end":{"line":12,"column":50}},"5":{"start":{"line":14,"column":8},"end":{"line":14,"column":50}},"6":{"start":{"line":16,"column":22},"end":{"line":16,"column":66}},"7":{"start":{"line":17,"column":19},"end":{"line":17,"column":88}},"8":{"start":{"line":18,"column":4},"end":{"line":18,"column":18}},"9":{"start":{"line":8,"column":13},"end":{"line":8,"column":29}},"10":{"start":{"line":32,"column":34},"end":{"line":75,"column":1}},"11":{"start":{"line":33,"column":33},"end":{"line":33,"column":35}},"12":{"start":{"line":34,"column":20},"end":{"line":34,"column":40}},"13":{"start":{"line":37,"column":16},"end":{"line":37,"column":32}},"14":{"start":{"line":38,"column":17},"end":{"line":38,"column":62}},"15":{"start":{"line":39,"column":4},"end":{"line":39,"column":46}},"16":{"start":{"line":41,"column":4},"end":{"line":73,"column":5}},"17":{"start":{"line":41,"column":17},"end":{"line":41,"column":18}},"18":{"start":{"line":42,"column":26},"end":{"line":42,"column":43}},"19":{"start":{"line":43,"column":24},"end":{"line":43,"column":41}},"20":{"start":{"line":44,"column":8},"end":{"line":44,"column":47}},"21":{"start":{"line":46,"column":55},"end":{"line":46,"column":57}},"22":{"start":{"line":48,"column":21},"end":{"line":48,"column":40}},"23":{"start":{"line":49,"column":8},"end":{"line":60,"column":9}},"24":{"start":{"line":49,"column":21},"end":{"line":49,"column":22}},"25":{"start":{"line":50,"column":32},"end":{"line":50,"column":50}},"26":{"start":{"line":51,"column":33},"end":{"line":51,"column":48}},"27":{"start":{"line":55,"column":12},"end":{"line":56,"column":61}},"28":{"start":{"line":55,"column":36},"end":{"line":55,"column":55}},"29":{"start":{"line":56,"column":17},"end":{"line":56,"column":61}},"30":{"start":{"line":56,"column":41},"end":{"line":56,"column":61}},"31":{"start":{"line":58,"column":12},"end":{"line":58,"column":91}},"32":{"start":{"line":59,"column":12},"end":{"line":59,"column":45}},"33":{"start":{"line":62,"column":8},"end":{"line":69,"column":9}},"34":{"start":{"line":63,"column":12},"end":{"line":68,"column":15}},"35":{"start":{"line":71,"column":8},"end":{"line":71,"column":47}},"36":{"start":{"line":72,"column":8},"end":{"line":72,"column":74}},"37":{"start":{"line":72,"column":68},"end":{"line":72,"column":74}},"38":{"start":{"line":74,"column":4},"end":{"line":74,"column":17}},"39":{"start":{"line":32,"column":13},"end":{"line":32,"column":34}},"40":{"start":{"line":80,"column":40},"end":{"line":114,"column":1}},"41":{"start":{"line":87,"column":20},"end":{"line":87,"column":54}},"42":{"start":{"line":88,"column":25},"end":{"line":88,"column":42}},"43":{"start":{"line":89,"column":27},"end":{"line":89,"column":44}},"44":{"start":{"line":91,"column":4},"end":{"line":101,"column":7}},"45":{"start":{"line":92,"column":8},"end":{"line":92,"column":59}},"46":{"start":{"line":92,"column":52},"end":{"line":92,"column":59}},"47":{"start":{"line":93,"column":20},"end":{"line":93,"column":37}},"48":{"start":{"line":94,"column":8},"end":{"line":94,"column":54}},"49":{"start":{"line":94,"column":47},"end":{"line":94,"column":54}},"50":{"start":{"line":96,"column":8},"end":{"line":100,"column":11}},"51":{"start":{"line":97,"column":22},"end":{"line":97,"column":36}},"52":{"start":{"line":98,"column":12},"end":{"line":98,"column":46}},"53":{"start":{"line":99,"column":12},"end":{"line":99,"column":40}},"54":{"start":{"line":103,"column":4},"end":{"line":113,"column":7}},"55":{"start":{"line":104,"column":8},"end":{"line":104,"column":49}},"56":{"start":{"line":104,"column":37},"end":{"line":104,"column":49}},"57":{"start":{"line":109,"column":8},"end":{"line":109,"column":39}},"58":{"start":{"line":109,"column":28},"end":{"line":109,"column":39}},"59":{"start":{"line":112,"column":8},"end":{"line":112,"column":39}},"60":{"start":{"line":80,"column":13},"end":{"line":80,"column":40}}},"fnMap":{"0":{"name":"(anonymous_0)","decl":{"start":{"line":8,"column":29},"end":{"line":8,"column":30}},"loc":{"start":{"line":8,"column":73},"end":{"line":19,"column":1}}},"1":{"name":"(anonymous_1)","decl":{"start":{"line":32,"column":34},"end":{"line":32,"column":35}},"loc":{"start":{"line":32,"column":87},"end":{"line":75,"column":1}}},"2":{"name":"(anonymous_2)","decl":{"start":{"line":80,"column":40},"end":{"line":80,"column":null}},"loc":{"start":{"line":86,"column":23},"end":{"line":114,"column":1}}},"3":{"name":"(anonymous_3)","decl":{"start":{"line":91,"column":20},"end":{"line":91,"column":21}},"loc":{"start":{"line":91,"column":34},"end":{"line":101,"column":5}}},"4":{"name":"(anonymous_4)","decl":{"start":{"line":96,"column":56},"end":{"line":96,"column":57}},"loc":{"start":{"line":96,"column":75},"end":{"line":100,"column":9}}},"5":{"name":"(anonymous_5)","decl":{"start":{"line":103,"column":28},"end":{"line":103,"column":29}},"loc":{"start":{"line":103,"column":39},"end":{"line":113,"column":5}}}},"branchMap":{"0":{"loc":{"start":{"line":8,"column":42},"end":{"line":8,"column":61}},"type":"default-arg","locations":[{"start":{"line":8,"column":60},"end":{"line":8,"column":61}}]},"1":{"loc":{"start":{"line":10,"column":19},"end":{"line":10,"column":60}},"type":"binary-expr","locations":[{"start":{"line":10,"column":19},"end":{"line":10,"column":32}},{"start":{"line":10,"column":37},"end":{"line":10,"column":59}}]},"2":{"loc":{"start":{"line":10,"column":37},"end":{"line":10,"column":59}},"type":"cond-expr","locations":[{"start":{"line":10,"column":54},"end":{"line":10,"column":55}},{"start":{"line":10,"column":58},"end":{"line":10,"column":59}}]},"3":{"loc":{"start":{"line":11,"column":4},"end":{"line":15,"column":5}},"type":"if","locations":[{"start":{"line":11,"column":4},"end":{"line":15,"column":5}},{"start":{"line":13,"column":11},"end":{"line":15,"column":5}}]},"4":{"loc":{"start":{"line":32,"column":49},"end":{"line":32,"column":68}},"type":"default-arg","locations":[{"start":{"line":32,"column":67},"end":{"line":32,"column":68}}]},"5":{"loc":{"start":{"line":38,"column":18},"end":{"line":38,"column":50}},"type":"cond-expr","locations":[{"start":{"line":38,"column":36},"end":{"line":38,"column":43}},{"start":{"line":38,"column":47},"end":{"line":38,"column":50}}]},"6":{"loc":{"start":{"line":55,"column":12},"end":{"line":56,"column":61}},"type":"if","locations":[{"start":{"line":55,"column":12},"end":{"line":56,"column":61}},{"start":{"line":56,"column":17},"end":{"line":56,"column":61}}]},"7":{"loc":{"start":{"line":56,"column":17},"end":{"line":56,"column":61}},"type":"if","locations":[{"start":{"line":56,"column":17},"end":{"line":56,"column":61}}]},"8":{"loc":{"start":{"line":58,"column":45},"end":{"line":58,"column":79}},"type":"binary-expr","locations":[{"start":{"line":58,"column":45},"end":{"line":58,"column":74}},{"start":{"line":58,"column":78},"end":{"line":58,"column":79}}]},"9":{"loc":{"start":{"line":62,"column":8},"end":{"line":69,"column":9}},"type":"if","locations":[{"start":{"line":62,"column":8},"end":{"line":69,"column":9}}]},"10":{"loc":{"start":{"line":72,"column":8},"end":{"line":72,"column":74}},"type":"if","locations":[{"start":{"line":72,"column":8},"end":{"line":72,"column":74}}]},"11":{"loc":{"start":{"line":72,"column":12},"end":{"line":72,"column":66}},"type":"binary-expr","locations":[{"start":{"line":72,"column":12},"end":{"line":72,"column":40}},{"start":{"line":72,"column":44},"end":{"line":72,"column":66}}]},"12":{"loc":{"start":{"line":83,"column":4},"end":{"line":83,"column":23}},"type":"default-arg","locations":[{"start":{"line":83,"column":22},"end":{"line":83,"column":23}}]},"13":{"loc":{"start":{"line":85,"column":4},"end":{"line":85,"column":39}},"type":"default-arg","locations":[{"start":{"line":85,"column":30},"end":{"line":85,"column":39}}]},"14":{"loc":{"start":{"line":92,"column":8},"end":{"line":92,"column":59}},"type":"if","locations":[{"start":{"line":92,"column":8},"end":{"line":92,"column":59}}]},"15":{"loc":{"start":{"line":92,"column":12},"end":{"line":92,"column":50}},"type":"binary-expr","locations":[{"start":{"line":92,"column":12},"end":{"line":92,"column":33}},{"start":{"line":92,"column":37},"end":{"line":92,"column":50}}]},"16":{"loc":{"start":{"line":94,"column":8},"end":{"line":94,"column":54}},"type":"if","locations":[{"start":{"line":94,"column":8},"end":{"line":94,"column":54}}]},"17":{"loc":{"start":{"line":94,"column":12},"end":{"line":94,"column":45}},"type":"binary-expr","locations":[{"start":{"line":94,"column":12},"end":{"line":94,"column":24}},{"start":{"line":94,"column":28},"end":{"line":94,"column":45}}]},"18":{"loc":{"start":{"line":104,"column":8},"end":{"line":104,"column":49}},"type":"if","locations":[{"start":{"line":104,"column":8},"end":{"line":104,"column":49}}]},"19":{"loc":{"start":{"line":109,"column":8},"end":{"line":109,"column":39}},"type":"if","locations":[{"start":{"line":109,"column":8},"end":{"line":109,"column":39}}]}},"s":{"0":2,"1":4,"2":4,"3":4,"4":3,"5":1,"6":4,"7":4,"8":4,"9":2,"10":2,"11":7,"12":7,"13":7,"14":7,"15":7,"16":7,"17":7,"18":371,"19":371,"20":371,"21":371,"22":371,"23":371,"24":371,"25":2597,"26":2597,"27":2597,"28":14,"29":2583,"30":28,"31":2597,"32":2597,"33":371,"34":371,"35":371,"36":371,"37":0,"38":7,"39":2,"40":2,"41":5,"42":5,"43":5,"44":5,"45":265,"46":56,"47":209,"48":209,"49":53,"50":156,"51":184,"52":184,"53":184,"54":5,"55":60,"56":24,"57":36,"58":24,"59":12,"60":2},"f":{"0":4,"1":7,"2":5,"3":265,"4":184,"5":60},"b":{"0":[1],"1":[4,0],"2":[0,0],"3":[3,1],"4":[2],"5":[0,7],"6":[14,2583],"7":[28],"8":[2597,434],"9":[371],"10":[0],"11":[371,7],"12":[1],"13":[1],"14":[56],"15":[265,106],"16":[53],"17":[209,156],"18":[24],"19":[24]}}
}
