{"C:\\Users\\LeonPrior\\OneDrive - Prior Consultoría\\Documentos\\CONSULTORÍAS 2025\\IPS\\IA\\APP TABLERO\\types.ts": {"path":"C:\\Users\\LeonPrior\\OneDrive - Prior Consultoría\\Documentos\\CONSULTORÍAS 2025\\IPS\\IA\\APP TABLERO\\types.ts","statementMap":{"0":{"start":{"line":30,"column":0},"end":{"line":30,"column":null}},"1":{"start":{"line":31,"column":2},"end":{"line":31,"column":null}},"2":{"start":{"line":32,"column":2},"end":{"line":32,"column":null}},"3":{"start":{"line":122,"column":0},"end":{"line":122,"column":null}},"4":{"start":{"line":123,"column":2},"end":{"line":123,"column":null}},"5":{"start":{"line":124,"column":2},"end":{"line":124,"column":null}},"6":{"start":{"line":125,"column":2},"end":{"line":125,"column":null}},"7":{"start":{"line":128,"column":0},"end":{"line":128,"column":null}},"8":{"start":{"line":129,"column":2},"end":{"line":129,"column":null}},"9":{"start":{"line":130,"column":2},"end":{"line":130,"column":null}}},"fnMap":{"0":{"name":"(anonymous_0)","decl":{"start":{"line":30,"column":0},"end":{"line":30,"column":12}},"loc":{"start":{"line":30,"column":27},"end":{"line":33,"column":1}}},"1":{"name":"(anonymous_1)","decl":{"start":{"line":122,"column":0},"end":{"line":122,"column":12}},"loc":{"start":{"line":122,"column":26},"end":{"line":126,"column":1}}},"2":{"name":"(anonymous_2)","decl":{"start":{"line":128,"column":0},"end":{"line":128,"column":12}},"loc":{"start":{"line":128,"column":25},"end":{"line":131,"column":1}}}},"branchMap":{"0":{"loc":{"start":{"line":30,"column":12},"end":{"line":30,"column":null}},"type":"binary-expr","locations":[{"start":{"line":30,"column":12},"end":{"line":30,"column":27}},{"start":{"line":30,"column":27},"end":{"line":30,"column":null}}]},"1":{"loc":{"start":{"line":122,"column":12},"end":{"line":122,"column":null}},"type":"binary-expr","locations":[{"start":{"line":122,"column":12},"end":{"line":122,"column":26}},{"start":{"line":122,"column":26},"end":{"line":122,"column":null}}]},"2":{"loc":{"start":{"line":128,"column":12},"end":{"line":128,"column":null}},"type":"binary-expr","locations":[{"start":{"line":128,"column":12},"end":{"line":128,"column":25}},{"start":{"line":128,"column":25},"end":{"line":128,"column":null}}]}},"s":{"0":1,"1":1,"2":1,"3":1,"4":1,"5":1,"6":1,"7":1,"8":1,"9":1},"f":{"0":1,"1":1,"2":1},"b":{"0":[1,1],"1":[1,1],"2":[1,1]}}
,"C:\\Users\\LeonPrior\\OneDrive - Prior Consultoría\\Documentos\\CONSULTORÍAS 2025\\IPS\\IA\\APP TABLERO\\components\\AIAnalysisModal.tsx": {"path":"C:\\Users\\LeonPrior\\OneDrive - Prior Consultoría\\Documentos\\CONSULTORÍAS 2025\\IPS\\IA\\APP TABLERO\\components\\AIAnalysisModal.tsx","statementMap":{"0":{"start":{"line":1,"column":0},"end":{"line":1,"column":26}},"1":{"start":{"line":12,"column":63},"end":{"line":160,"column":1}},"2":{"start":{"line":13,"column":4},"end":{"line":13,"column":29}},"3":{"start":{"line":13,"column":17},"end":{"line":13,"column":29}},"4":{"start":{"line":15,"column":4},"end":{"line":159,"column":6}},"5":{"start":{"line":19,"column":30},"end":{"line":19,"column":49}},"6":{"start":{"line":84,"column":48},"end":{"line":84,"column":60}},"7":{"start":{"line":112,"column":48},"end":{"line":112,"column":60}},"8":{"start":{"line":132,"column":48},"end":{"line":132,"column":61}},"9":{"start":{"line":12,"column":13},"end":{"line":12,"column":63}}},"fnMap":{"0":{"name":"(anonymous_1)","decl":{"start":{"line":12,"column":63},"end":{"line":12,"column":64}},"loc":{"start":{"line":12,"column":115},"end":{"line":160,"column":1}}},"1":{"name":"(anonymous_2)","decl":{"start":{"line":19,"column":25},"end":{"line":19,"column":26}},"loc":{"start":{"line":19,"column":30},"end":{"line":19,"column":49}}},"2":{"name":"(anonymous_3)","decl":{"start":{"line":83,"column":65},"end":{"line":83,"column":66}},"loc":{"start":{"line":84,"column":48},"end":{"line":84,"column":60}}},"3":{"name":"(anonymous_4)","decl":{"start":{"line":111,"column":68},"end":{"line":111,"column":69}},"loc":{"start":{"line":112,"column":48},"end":{"line":112,"column":60}}},"4":{"name":"(anonymous_5)","decl":{"start":{"line":131,"column":74},"end":{"line":131,"column":75}},"loc":{"start":{"line":132,"column":48},"end":{"line":132,"column":61}}}},"branchMap":{"0":{"loc":{"start":{"line":13,"column":4},"end":{"line":13,"column":29}},"type":"if","locations":[{"start":{"line":13,"column":4},"end":{"line":13,"column":29}}]},"1":{"loc":{"start":{"line":44,"column":21},"end":{"line":144,"column":null}},"type":"cond-expr","locations":[{"start":{"line":45,"column":24},"end":{"line":53,"column":null}},{"start":{"line":55,"column":24},"end":{"line":144,"column":null}}]},"2":{"loc":{"start":{"line":55,"column":24},"end":{"line":144,"column":null}},"type":"cond-expr","locations":[{"start":{"line":56,"column":24},"end":{"line":140,"column":null}},{"start":{"line":144,"column":24},"end":{"line":144,"column":105}}]},"3":{"loc":{"start":{"line":64,"column":33},"end":{"line":70,"column":null}},"type":"binary-expr","locations":[{"start":{"line":64,"column":33},"end":{"line":64,"column":50}},{"start":{"line":65,"column":36},"end":{"line":69,"column":null}}]},"4":{"loc":{"start":{"line":74,"column":33},"end":{"line":90,"column":null}},"type":"binary-expr","locations":[{"start":{"line":74,"column":33},"end":{"line":74,"column":59}},{"start":{"line":75,"column":36},"end":{"line":89,"column":null}}]},"5":{"loc":{"start":{"line":94,"column":33},"end":{"line":98,"column":null}},"type":"binary-expr","locations":[{"start":{"line":94,"column":33},"end":{"line":94,"column":61}},{"start":{"line":95,"column":36},"end":{"line":97,"column":null}}]},"6":{"loc":{"start":{"line":102,"column":33},"end":{"line":118,"column":null}},"type":"binary-expr","locations":[{"start":{"line":102,"column":33},"end":{"line":102,"column":62}},{"start":{"line":103,"column":36},"end":{"line":117,"column":null}}]},"7":{"loc":{"start":{"line":122,"column":33},"end":{"line":138,"column":null}},"type":"binary-expr","locations":[{"start":{"line":122,"column":33},"end":{"line":122,"column":68}},{"start":{"line":123,"column":36},"end":{"line":137,"column":null}}]}},"s":{"0":1,"1":1,"2":4,"3":4,"4":0,"5":0,"6":0,"7":0,"8":0,"9":1},"f":{"0":4,"1":0,"2":0,"3":0,"4":0},"b":{"0":[4],"1":[0,0],"2":[0,0],"3":[0,0],"4":[0,0],"5":[0,0],"6":[0,0],"7":[0,0]}}
,"C:\\Users\\LeonPrior\\OneDrive - Prior Consultoría\\Documentos\\CONSULTORÍAS 2025\\IPS\\IA\\APP TABLERO\\components\\ActionPlan.tsx": {"path":"C:\\Users\\LeonPrior\\OneDrive - Prior Consultoría\\Documentos\\CONSULTORÍAS 2025\\IPS\\IA\\APP TABLERO\\components\\ActionPlan.tsx","statementMap":{"0":{"start":{"line":1,"column":0},"end":{"line":1,"column":40}},"1":{"start":{"line":19,"column":53},"end":{"line":259,"column":1}},"2":{"start":{"line":20,"column":28},"end":{"line":20,"column":89}},"3":{"start":{"line":21,"column":38},"end":{"line":21,"column":53}},"4":{"start":{"line":23,"column":20},"end":{"line":23,"column":64}},"5":{"start":{"line":26,"column":25},"end":{"line":63,"column":6}},"6":{"start":{"line":65,"column":19},"end":{"line":65,"column":66}},"7":{"start":{"line":67,"column":25},"end":{"line":69,"column":5}},"8":{"start":{"line":68,"column":8},"end":{"line":68,"column":81}},"9":{"start":{"line":71,"column":28},"end":{"line":73,"column":5}},"10":{"start":{"line":72,"column":8},"end":{"line":72,"column":52}},"11":{"start":{"line":72,"column":38},"end":{"line":72,"column":49}},"12":{"start":{"line":75,"column":28},"end":{"line":79,"column":5}},"13":{"start":{"line":76,"column":24},"end":{"line":76,"column":33}},"14":{"start":{"line":77,"column":8},"end":{"line":77,"column":63}},"15":{"start":{"line":78,"column":8},"end":{"line":78,"column":25}},"16":{"start":{"line":81,"column":23},"end":{"line":85,"column":5}},"17":{"start":{"line":82,"column":27},"end":{"line":82,"column":117}},"18":{"start":{"line":82,"column":44},"end":{"line":82,"column":116}},"19":{"start":{"line":83,"column":8},"end":{"line":83,"column":27}},"20":{"start":{"line":84,"column":8},"end":{"line":84,"column":28}},"21":{"start":{"line":87,"column":27},"end":{"line":93,"column":5}},"22":{"start":{"line":88,"column":8},"end":{"line":92,"column":9}},"23":{"start":{"line":89,"column":29},"end":{"line":89,"column":95}},"24":{"start":{"line":90,"column":24},"end":{"line":90,"column":93}},"25":{"start":{"line":91,"column":34},"end":{"line":91,"column":94}},"26":{"start":{"line":95,"column":27},"end":{"line":101,"column":5}},"27":{"start":{"line":96,"column":8},"end":{"line":100,"column":9}},"28":{"start":{"line":97,"column":29},"end":{"line":97,"column":47}},"29":{"start":{"line":98,"column":24},"end":{"line":98,"column":38}},"30":{"start":{"line":99,"column":34},"end":{"line":99,"column":48}},"31":{"start":{"line":103,"column":4},"end":{"line":258,"column":6}},"32":{"start":{"line":119,"column":28},"end":{"line":119,"column":66}},"33":{"start":{"line":119,"column":51},"end":{"line":119,"column":66}},"34":{"start":{"line":120,"column":28},"end":{"line":120,"column":47}},"35":{"start":{"line":141,"column":28},"end":{"line":141,"column":45}},"36":{"start":{"line":144,"column":53},"end":{"line":144,"column":101}},"37":{"start":{"line":154,"column":57},"end":{"line":154,"column":103}},"38":{"start":{"line":160,"column":53},"end":{"line":160,"column":101}},"39":{"start":{"line":167,"column":57},"end":{"line":167,"column":105}},"40":{"start":{"line":176,"column":51},"end":{"line":176,"column":73}},"41":{"start":{"line":196,"column":49},"end":{"line":196,"column":70}},"42":{"start":{"line":196,"column":71},"end":{"line":196,"column":91}},"43":{"start":{"line":224,"column":36},"end":{"line":224,"column":50}},"44":{"start":{"line":19,"column":13},"end":{"line":19,"column":53}}},"fnMap":{"0":{"name":"(anonymous_9)","decl":{"start":{"line":19,"column":53},"end":{"line":19,"column":54}},"loc":{"start":{"line":19,"column":136},"end":{"line":259,"column":1}}},"1":{"name":"(anonymous_10)","decl":{"start":{"line":67,"column":25},"end":{"line":67,"column":28}},"loc":{"start":{"line":67,"column":30},"end":{"line":69,"column":5}}},"2":{"name":"(anonymous_11)","decl":{"start":{"line":71,"column":28},"end":{"line":71,"column":29}},"loc":{"start":{"line":71,"column":46},"end":{"line":73,"column":5}}},"3":{"name":"(anonymous_12)","decl":{"start":{"line":72,"column":28},"end":{"line":72,"column":29}},"loc":{"start":{"line":72,"column":38},"end":{"line":72,"column":49}}},"4":{"name":"(anonymous_13)","decl":{"start":{"line":75,"column":28},"end":{"line":75,"column":29}},"loc":{"start":{"line":75,"column":82},"end":{"line":79,"column":5}}},"5":{"name":"(anonymous_14)","decl":{"start":{"line":81,"column":23},"end":{"line":81,"column":26}},"loc":{"start":{"line":81,"column":28},"end":{"line":85,"column":5}}},"6":{"name":"(anonymous_15)","decl":{"start":{"line":82,"column":39},"end":{"line":82,"column":40}},"loc":{"start":{"line":82,"column":44},"end":{"line":82,"column":116}}},"7":{"name":"(anonymous_16)","decl":{"start":{"line":87,"column":27},"end":{"line":87,"column":28}},"loc":{"start":{"line":87,"column":47},"end":{"line":93,"column":5}}},"8":{"name":"(anonymous_17)","decl":{"start":{"line":95,"column":27},"end":{"line":95,"column":28}},"loc":{"start":{"line":95,"column":47},"end":{"line":101,"column":5}}},"9":{"name":"(anonymous_18)","decl":{"start":{"line":118,"column":33},"end":{"line":118,"column":36}},"loc":{"start":{"line":118,"column":38},"end":{"line":121,"column":25}}},"10":{"name":"(anonymous_19)","decl":{"start":{"line":140,"column":34},"end":{"line":140,"column":35}},"loc":{"start":{"line":141,"column":28},"end":{"line":141,"column":45}}},"11":{"name":"(anonymous_20)","decl":{"start":{"line":144,"column":46},"end":{"line":144,"column":47}},"loc":{"start":{"line":144,"column":53},"end":{"line":144,"column":101}}},"12":{"name":"(anonymous_21)","decl":{"start":{"line":154,"column":50},"end":{"line":154,"column":51}},"loc":{"start":{"line":154,"column":57},"end":{"line":154,"column":103}}},"13":{"name":"(anonymous_22)","decl":{"start":{"line":160,"column":46},"end":{"line":160,"column":47}},"loc":{"start":{"line":160,"column":53},"end":{"line":160,"column":101}}},"14":{"name":"(anonymous_23)","decl":{"start":{"line":167,"column":50},"end":{"line":167,"column":51}},"loc":{"start":{"line":167,"column":57},"end":{"line":167,"column":105}}},"15":{"name":"(anonymous_24)","decl":{"start":{"line":176,"column":45},"end":{"line":176,"column":48}},"loc":{"start":{"line":176,"column":51},"end":{"line":176,"column":73}}},"16":{"name":"(anonymous_25)","decl":{"start":{"line":196,"column":41},"end":{"line":196,"column":44}},"loc":{"start":{"line":196,"column":46},"end":{"line":196,"column":93}}},"17":{"name":"(anonymous_26)","decl":{"start":{"line":223,"column":42},"end":{"line":223,"column":43}},"loc":{"start":{"line":224,"column":36},"end":{"line":224,"column":50}}}},"branchMap":{"0":{"loc":{"start":{"line":19,"column":56},"end":{"line":19,"column":72}},"type":"default-arg","locations":[{"start":{"line":19,"column":70},"end":{"line":19,"column":72}}]},"1":{"loc":{"start":{"line":19,"column":99},"end":{"line":19,"column":130}},"type":"default-arg","locations":[{"start":{"line":19,"column":106},"end":{"line":19,"column":130}}]},"2":{"loc":{"start":{"line":20,"column":47},"end":{"line":20,"column":88}},"type":"cond-expr","locations":[{"start":{"line":20,"column":72},"end":{"line":20,"column":83}},{"start":{"line":20,"column":86},"end":{"line":20,"column":88}}]},"3":{"loc":{"start":{"line":23,"column":20},"end":{"line":23,"column":64}},"type":"binary-expr","locations":[{"start":{"line":23,"column":20},"end":{"line":23,"column":39}},{"start":{"line":23,"column":43},"end":{"line":23,"column":64}}]},"4":{"loc":{"start":{"line":65,"column":19},"end":{"line":65,"column":66}},"type":"binary-expr","locations":[{"start":{"line":65,"column":19},"end":{"line":65,"column":39}},{"start":{"line":65,"column":43},"end":{"line":65,"column":66}}]},"5":{"loc":{"start":{"line":82,"column":44},"end":{"line":82,"column":116}},"type":"binary-expr","locations":[{"start":{"line":82,"column":44},"end":{"line":82,"column":66}},{"start":{"line":82,"column":70},"end":{"line":82,"column":90}},{"start":{"line":82,"column":94},"end":{"line":82,"column":116}}]},"6":{"loc":{"start":{"line":88,"column":8},"end":{"line":92,"column":9}},"type":"switch","locations":[{"start":{"line":89,"column":12},"end":{"line":89,"column":95}},{"start":{"line":90,"column":12},"end":{"line":90,"column":93}},{"start":{"line":91,"column":12},"end":{"line":91,"column":24}},{"start":{"line":91,"column":25},"end":{"line":91,"column":94}}]},"7":{"loc":{"start":{"line":96,"column":8},"end":{"line":100,"column":9}},"type":"switch","locations":[{"start":{"line":97,"column":12},"end":{"line":97,"column":47}},{"start":{"line":98,"column":12},"end":{"line":98,"column":38}},{"start":{"line":99,"column":12},"end":{"line":99,"column":24}},{"start":{"line":99,"column":25},"end":{"line":99,"column":48}}]},"8":{"loc":{"start":{"line":113,"column":25},"end":{"line":113,"column":128}},"type":"binary-expr","locations":[{"start":{"line":113,"column":25},"end":{"line":113,"column":43}},{"start":{"line":113,"column":47},"end":{"line":113,"column":128}}]},"9":{"loc":{"start":{"line":116,"column":17},"end":{"line":125,"column":null}},"type":"binary-expr","locations":[{"start":{"line":116,"column":17},"end":{"line":116,"column":24}},{"start":{"line":116,"column":28},"end":{"line":116,"column":38}},{"start":{"line":117,"column":20},"end":{"line":124,"column":null}}]},"10":{"loc":{"start":{"line":119,"column":28},"end":{"line":119,"column":66}},"type":"if","locations":[{"start":{"line":119,"column":28},"end":{"line":119,"column":66}}]},"11":{"loc":{"start":{"line":124,"column":25},"end":{"line":124,"column":97}},"type":"cond-expr","locations":[{"start":{"line":124,"column":43},"end":{"line":124,"column":70}},{"start":{"line":124,"column":73},"end":{"line":124,"column":97}}]},"12":{"loc":{"start":{"line":129,"column":13},"end":{"line":254,"column":null}},"type":"cond-expr","locations":[{"start":{"line":130,"column":16},"end":{"line":208,"column":null}},{"start":{"line":211,"column":16},"end":{"line":253,"column":null}}]},"13":{"loc":{"start":{"line":166,"column":47},"end":{"line":166,"column":67}},"type":"binary-expr","locations":[{"start":{"line":166,"column":47},"end":{"line":166,"column":57}},{"start":{"line":166,"column":61},"end":{"line":166,"column":67}}]},"14":{"loc":{"start":{"line":212,"column":21},"end":{"line":252,"column":null}},"type":"cond-expr","locations":[{"start":{"line":213,"column":24},"end":{"line":243,"column":null}},{"start":{"line":246,"column":24},"end":{"line":252,"column":32}}]},"15":{"loc":{"start":{"line":230,"column":49},"end":{"line":230,"column":72}},"type":"binary-expr","locations":[{"start":{"line":230,"column":49},"end":{"line":230,"column":57}},{"start":{"line":230,"column":61},"end":{"line":230,"column":72}}]},"16":{"loc":{"start":{"line":234,"column":106},"end":{"line":234,"column":124}},"type":"binary-expr","locations":[{"start":{"line":234,"column":106},"end":{"line":234,"column":116}},{"start":{"line":234,"column":120},"end":{"line":234,"column":124}}]},"17":{"loc":{"start":{"line":246,"column":24},"end":{"line":252,"column":32}},"type":"cond-expr","locations":[{"start":{"line":247,"column":28},"end":{"line":250,"column":null}},{"start":{"line":252,"column":28},"end":{"line":252,"column":32}}]}},"s":{"0":1,"1":1,"2":0,"3":0,"4":0,"5":0,"6":0,"7":0,"8":0,"9":0,"10":0,"11":0,"12":0,"13":0,"14":0,"15":0,"16":0,"17":0,"18":0,"19":0,"20":0,"21":0,"22":0,"23":0,"24":0,"25":0,"26":0,"27":0,"28":0,"29":0,"30":0,"31":0,"32":0,"33":0,"34":0,"35":0,"36":0,"37":0,"38":0,"39":0,"40":0,"41":0,"42":0,"43":0,"44":1},"f":{"0":0,"1":0,"2":0,"3":0,"4":0,"5":0,"6":0,"7":0,"8":0,"9":0,"10":0,"11":0,"12":0,"13":0,"14":0,"15":0,"16":0,"17":0},"b":{"0":[0],"1":[0],"2":[0,0],"3":[0,0],"4":[0,0],"5":[0,0,0],"6":[0,0,0,0],"7":[0,0,0,0],"8":[0,0],"9":[0,0,0],"10":[0],"11":[0,0],"12":[0,0],"13":[0,0],"14":[0,0],"15":[0,0],"16":[0,0],"17":[0,0]}}
,"C:\\Users\\LeonPrior\\OneDrive - Prior Consultoría\\Documentos\\CONSULTORÍAS 2025\\IPS\\IA\\APP TABLERO\\components\\ActivityManager.tsx": {"path":"C:\\Users\\LeonPrior\\OneDrive - Prior Consultoría\\Documentos\\CONSULTORÍAS 2025\\IPS\\IA\\APP TABLERO\\components\\ActivityManager.tsx","statementMap":{"0":{"start":{"line":1,"column":0},"end":{"line":1,"column":60}},"1":{"start":{"line":2,"column":0},"end":{"line":2,"column":41}},"2":{"start":{"line":3,"column":0},"end":{"line":3,"column":118}},"3":{"start":{"line":4,"column":0},"end":{"line":4,"column":75}},"4":{"start":{"line":48,"column":24},"end":{"line":366,"column":2}},"5":{"start":{"line":58,"column":6},"end":{"line":58,"column":11}},"6":{"start":{"line":60,"column":38},"end":{"line":63,"column":4}},"7":{"start":{"line":62,"column":4},"end":{"line":62,"column":63}},"8":{"start":{"line":65,"column":48},"end":{"line":65,"column":60}},"9":{"start":{"line":66,"column":38},"end":{"line":66,"column":50}},"10":{"start":{"line":67,"column":36},"end":{"line":67,"column":65}},"11":{"start":{"line":70,"column":2},"end":{"line":72,"column":9}},"12":{"start":{"line":71,"column":4},"end":{"line":71,"column":104}},"13":{"start":{"line":74,"column":28},"end":{"line":88,"column":3}},"14":{"start":{"line":75,"column":16},"end":{"line":75,"column":38}},"15":{"start":{"line":76,"column":4},"end":{"line":76,"column":21}},"16":{"start":{"line":76,"column":14},"end":{"line":76,"column":21}},"17":{"start":{"line":78,"column":29},"end":{"line":83,"column":6}},"18":{"start":{"line":85,"column":4},"end":{"line":85,"column":45}},"19":{"start":{"line":85,"column":26},"end":{"line":85,"column":43}},"20":{"start":{"line":86,"column":4},"end":{"line":86,"column":27}},"21":{"start":{"line":87,"column":4},"end":{"line":87,"column":75}},"22":{"start":{"line":90,"column":23},"end":{"line":93,"column":3}},"23":{"start":{"line":91,"column":4},"end":{"line":91,"column":57}},"24":{"start":{"line":91,"column":26},"end":{"line":91,"column":55}},"25":{"start":{"line":91,"column":43},"end":{"line":91,"column":54}},"26":{"start":{"line":92,"column":4},"end":{"line":92,"column":76}},"27":{"start":{"line":95,"column":23},"end":{"line":99,"column":3}},"28":{"start":{"line":96,"column":4},"end":{"line":98,"column":7}},"29":{"start":{"line":96,"column":26},"end":{"line":97,"column":null}},"30":{"start":{"line":97,"column":6},"end":{"line":97,"column":44}},"31":{"start":{"line":101,"column":19},"end":{"line":105,"column":30}},"32":{"start":{"line":102,"column":4},"end":{"line":104,"column":6}},"33":{"start":{"line":103,"column":6},"end":{"line":103,"column":62}},"34":{"start":{"line":107,"column":16},"end":{"line":125,"column":28}},"35":{"start":{"line":108,"column":18},"end":{"line":108,"column":71}},"36":{"start":{"line":108,"column":48},"end":{"line":108,"column":67}},"37":{"start":{"line":109,"column":17},"end":{"line":109,"column":73}},"38":{"start":{"line":109,"column":47},"end":{"line":109,"column":69}},"39":{"start":{"line":111,"column":25},"end":{"line":111,"column":26}},"40":{"start":{"line":112,"column":4},"end":{"line":122,"column":5}},"41":{"start":{"line":113,"column":6},"end":{"line":113,"column":25}},"42":{"start":{"line":114,"column":11},"end":{"line":122,"column":5}},"43":{"start":{"line":115,"column":6},"end":{"line":115,"column":95}},"44":{"start":{"line":116,"column":11},"end":{"line":122,"column":5}},"45":{"start":{"line":117,"column":6},"end":{"line":117,"column":57}},"46":{"start":{"line":119,"column":6},"end":{"line":121,"column":31}},"47":{"start":{"line":124,"column":4},"end":{"line":124,"column":74}},"48":{"start":{"line":128,"column":4},"end":{"line":361,"column":null}},"49":{"start":{"line":181,"column":29},"end":{"line":181,"column":58}},"50":{"start":{"line":191,"column":29},"end":{"line":191,"column":63}},"51":{"start":{"line":192,"column":30},"end":{"line":192,"column":70}},"52":{"start":{"line":216,"column":14},"end":{"line":216,"column":30}},"53":{"start":{"line":223,"column":38},"end":{"line":223,"column":83}},"54":{"start":{"line":224,"column":37},"end":{"line":224,"column":55}},"55":{"start":{"line":225,"column":39},"end":{"line":225,"column":78}},"56":{"start":{"line":254,"column":41},"end":{"line":254,"column":108}},"57":{"start":{"line":262,"column":42},"end":{"line":262,"column":79}},"58":{"start":{"line":263,"column":30},"end":{"line":263,"column":84}},"59":{"start":{"line":268,"column":41},"end":{"line":268,"column":95}},"60":{"start":{"line":282,"column":41},"end":{"line":282,"column":114}},"61":{"start":{"line":290,"column":41},"end":{"line":290,"column":78}},"62":{"start":{"line":291,"column":29},"end":{"line":291,"column":86}},"63":{"start":{"line":296,"column":41},"end":{"line":296,"column":101}},"64":{"start":{"line":306,"column":37},"end":{"line":306,"column":83}},"65":{"start":{"line":312,"column":37},"end":{"line":312,"column":55}},"66":{"start":{"line":336,"column":33},"end":{"line":336,"column":56}},"67":{"start":{"line":345,"column":31},"end":{"line":345,"column":49}},"68":{"start":{"line":365,"column":2},"end":{"line":365,"column":46}},"69":{"start":{"line":370,"column":9},"end":{"line":370,"column":24}},"70":{"start":{"line":368,"column":0},"end":{"line":368,"column":48}},"71":{"start":{"line":371,"column":0},"end":{"line":371,"column":31}}},"fnMap":{"0":{"name":"(anonymous_9)","decl":{"start":{"line":48,"column":35},"end":{"line":48,"column":36}},"loc":{"start":{"line":48,"column":67},"end":{"line":366,"column":1}}},"1":{"name":"(anonymous_10)","decl":{"start":{"line":60,"column":59},"end":{"line":60,"column":62}},"loc":{"start":{"line":60,"column":64},"end":{"line":63,"column":3}}},"2":{"name":"(anonymous_11)","decl":{"start":{"line":70,"column":12},"end":{"line":70,"column":15}},"loc":{"start":{"line":70,"column":17},"end":{"line":72,"column":3}}},"3":{"name":"(anonymous_12)","decl":{"start":{"line":74,"column":28},"end":{"line":74,"column":31}},"loc":{"start":{"line":74,"column":33},"end":{"line":88,"column":3}}},"4":{"name":"(anonymous_13)","decl":{"start":{"line":85,"column":18},"end":{"line":85,"column":22}},"loc":{"start":{"line":85,"column":26},"end":{"line":85,"column":43}}},"5":{"name":"(anonymous_14)","decl":{"start":{"line":90,"column":23},"end":{"line":90,"column":24}},"loc":{"start":{"line":90,"column":38},"end":{"line":93,"column":3}}},"6":{"name":"(anonymous_15)","decl":{"start":{"line":91,"column":18},"end":{"line":91,"column":22}},"loc":{"start":{"line":91,"column":26},"end":{"line":91,"column":55}}},"7":{"name":"(anonymous_16)","decl":{"start":{"line":91,"column":38},"end":{"line":91,"column":39}},"loc":{"start":{"line":91,"column":43},"end":{"line":91,"column":54}}},"8":{"name":"(anonymous_17)","decl":{"start":{"line":95,"column":23},"end":{"line":95,"column":24}},"loc":{"start":{"line":95,"column":66},"end":{"line":99,"column":3}}},"9":{"name":"(anonymous_18)","decl":{"start":{"line":96,"column":18},"end":{"line":96,"column":22}},"loc":{"start":{"line":96,"column":26},"end":{"line":97,"column":null}}},"10":{"name":"(anonymous_19)","decl":{"start":{"line":96,"column":35},"end":{"line":96,"column":36}},"loc":{"start":{"line":97,"column":6},"end":{"line":97,"column":44}}},"11":{"name":"(anonymous_20)","decl":{"start":{"line":101,"column":27},"end":{"line":101,"column":30}},"loc":{"start":{"line":101,"column":32},"end":{"line":105,"column":3}}},"12":{"name":"(anonymous_21)","decl":{"start":{"line":102,"column":29},"end":{"line":102,"column":30}},"loc":{"start":{"line":103,"column":6},"end":{"line":103,"column":62}}},"13":{"name":"(anonymous_22)","decl":{"start":{"line":107,"column":24},"end":{"line":107,"column":27}},"loc":{"start":{"line":107,"column":29},"end":{"line":125,"column":3}}},"14":{"name":"(anonymous_23)","decl":{"start":{"line":108,"column":36},"end":{"line":108,"column":37}},"loc":{"start":{"line":108,"column":48},"end":{"line":108,"column":67}}},"15":{"name":"(anonymous_24)","decl":{"start":{"line":109,"column":35},"end":{"line":109,"column":36}},"loc":{"start":{"line":109,"column":47},"end":{"line":109,"column":69}}},"16":{"name":"(anonymous_25)","decl":{"start":{"line":181,"column":24},"end":{"line":181,"column":25}},"loc":{"start":{"line":181,"column":29},"end":{"line":181,"column":58}}},"17":{"name":"(anonymous_26)","decl":{"start":{"line":191,"column":24},"end":{"line":191,"column":25}},"loc":{"start":{"line":191,"column":29},"end":{"line":191,"column":63}}},"18":{"name":"(anonymous_27)","decl":{"start":{"line":192,"column":25},"end":{"line":192,"column":26}},"loc":{"start":{"line":192,"column":30},"end":{"line":192,"column":70}}},"19":{"name":"(anonymous_28)","decl":{"start":{"line":215,"column":25},"end":{"line":215,"column":26}},"loc":{"start":{"line":216,"column":14},"end":{"line":216,"column":30}}},"20":{"name":"(anonymous_29)","decl":{"start":{"line":223,"column":33},"end":{"line":223,"column":34}},"loc":{"start":{"line":223,"column":38},"end":{"line":223,"column":83}}},"21":{"name":"(anonymous_30)","decl":{"start":{"line":224,"column":31},"end":{"line":224,"column":34}},"loc":{"start":{"line":224,"column":37},"end":{"line":224,"column":55}}},"22":{"name":"(anonymous_31)","decl":{"start":{"line":225,"column":34},"end":{"line":225,"column":35}},"loc":{"start":{"line":225,"column":39},"end":{"line":225,"column":78}}},"23":{"name":"(anonymous_32)","decl":{"start":{"line":254,"column":35},"end":{"line":254,"column":38}},"loc":{"start":{"line":254,"column":41},"end":{"line":254,"column":108}}},"24":{"name":"(anonymous_33)","decl":{"start":{"line":261,"column":38},"end":{"line":261,"column":39}},"loc":{"start":{"line":261,"column":44},"end":{"line":264,"column":29}}},"25":{"name":"(anonymous_34)","decl":{"start":{"line":268,"column":35},"end":{"line":268,"column":38}},"loc":{"start":{"line":268,"column":41},"end":{"line":268,"column":95}}},"26":{"name":"(anonymous_35)","decl":{"start":{"line":282,"column":35},"end":{"line":282,"column":38}},"loc":{"start":{"line":282,"column":41},"end":{"line":282,"column":114}}},"27":{"name":"(anonymous_36)","decl":{"start":{"line":289,"column":37},"end":{"line":289,"column":38}},"loc":{"start":{"line":289,"column":43},"end":{"line":292,"column":28}}},"28":{"name":"(anonymous_37)","decl":{"start":{"line":296,"column":35},"end":{"line":296,"column":38}},"loc":{"start":{"line":296,"column":41},"end":{"line":296,"column":101}}},"29":{"name":"(anonymous_38)","decl":{"start":{"line":306,"column":31},"end":{"line":306,"column":34}},"loc":{"start":{"line":306,"column":37},"end":{"line":306,"column":83}}},"30":{"name":"(anonymous_39)","decl":{"start":{"line":312,"column":31},"end":{"line":312,"column":34}},"loc":{"start":{"line":312,"column":37},"end":{"line":312,"column":55}}},"31":{"name":"(anonymous_40)","decl":{"start":{"line":336,"column":27},"end":{"line":336,"column":30}},"loc":{"start":{"line":336,"column":33},"end":{"line":336,"column":56}}},"32":{"name":"(anonymous_41)","decl":{"start":{"line":345,"column":25},"end":{"line":345,"column":28}},"loc":{"start":{"line":345,"column":31},"end":{"line":345,"column":49}}}},"branchMap":{"0":{"loc":{"start":{"line":55,"column":4},"end":{"line":55,"column":18}},"type":"default-arg","locations":[{"start":{"line":55,"column":14},"end":{"line":55,"column":18}}]},"1":{"loc":{"start":{"line":57,"column":4},"end":{"line":57,"column":25}},"type":"default-arg","locations":[{"start":{"line":57,"column":15},"end":{"line":57,"column":25}}]},"2":{"loc":{"start":{"line":62,"column":37},"end":{"line":62,"column":60}},"type":"binary-expr","locations":[{"start":{"line":62,"column":37},"end":{"line":62,"column":54}},{"start":{"line":62,"column":58},"end":{"line":62,"column":60}}]},"3":{"loc":{"start":{"line":76,"column":4},"end":{"line":76,"column":21}},"type":"if","locations":[{"start":{"line":76,"column":4},"end":{"line":76,"column":21}}]},"4":{"loc":{"start":{"line":97,"column":6},"end":{"line":97,"column":44}},"type":"cond-expr","locations":[{"start":{"line":97,"column":20},"end":{"line":97,"column":40}},{"start":{"line":97,"column":43},"end":{"line":97,"column":44}}]},"5":{"loc":{"start":{"line":112,"column":4},"end":{"line":122,"column":5}},"type":"if","locations":[{"start":{"line":112,"column":4},"end":{"line":122,"column":5}},{"start":{"line":114,"column":11},"end":{"line":122,"column":5}}]},"6":{"loc":{"start":{"line":112,"column":8},"end":{"line":112,"column":33}},"type":"binary-expr","locations":[{"start":{"line":112,"column":8},"end":{"line":112,"column":19}},{"start":{"line":112,"column":23},"end":{"line":112,"column":33}}]},"7":{"loc":{"start":{"line":114,"column":11},"end":{"line":122,"column":5}},"type":"if","locations":[{"start":{"line":114,"column":11},"end":{"line":122,"column":5}},{"start":{"line":116,"column":11},"end":{"line":122,"column":5}}]},"8":{"loc":{"start":{"line":115,"column":23},"end":{"line":115,"column":94}},"type":"cond-expr","locations":[{"start":{"line":115,"column":50},"end":{"line":115,"column":70}},{"start":{"line":115,"column":75},"end":{"line":115,"column":93}}]},"9":{"loc":{"start":{"line":115,"column":50},"end":{"line":115,"column":70}},"type":"cond-expr","locations":[{"start":{"line":115,"column":63},"end":{"line":115,"column":66}},{"start":{"line":115,"column":69},"end":{"line":115,"column":70}}]},"10":{"loc":{"start":{"line":115,"column":75},"end":{"line":115,"column":93}},"type":"cond-expr","locations":[{"start":{"line":115,"column":86},"end":{"line":115,"column":89}},{"start":{"line":115,"column":92},"end":{"line":115,"column":93}}]},"11":{"loc":{"start":{"line":116,"column":11},"end":{"line":122,"column":5}},"type":"if","locations":[{"start":{"line":116,"column":11},"end":{"line":122,"column":5}},{"start":{"line":118,"column":11},"end":{"line":122,"column":5}}]},"12":{"loc":{"start":{"line":117,"column":23},"end":{"line":117,"column":56}},"type":"cond-expr","locations":[{"start":{"line":117,"column":49},"end":{"line":117,"column":52}},{"start":{"line":117,"column":55},"end":{"line":117,"column":56}}]},"13":{"loc":{"start":{"line":119,"column":23},"end":{"line":121,"column":30}},"type":"cond-expr","locations":[{"start":{"line":120,"column":10},"end":{"line":120,"column":30}},{"start":{"line":121,"column":10},"end":{"line":121,"column":30}}]},"14":{"loc":{"start":{"line":136,"column":77},"end":{"line":136,"column":216}},"type":"cond-expr","locations":[{"start":{"line":136,"column":103},"end":{"line":136,"column":155}},{"start":{"line":136,"column":158},"end":{"line":136,"column":216}}]},"15":{"loc":{"start":{"line":137,"column":27},"end":{"line":137,"column":78}},"type":"cond-expr","locations":[{"start":{"line":137,"column":53},"end":{"line":137,"column":64}},{"start":{"line":137,"column":67},"end":{"line":137,"column":78}}]},"16":{"loc":{"start":{"line":142,"column":42},"end":{"line":142,"column":111}},"type":"binary-expr","locations":[{"start":{"line":142,"column":42},"end":{"line":142,"column":50}},{"start":{"line":142,"column":54},"end":{"line":142,"column":111}}]},"17":{"loc":{"start":{"line":154,"column":93},"end":{"line":154,"column":181}},"type":"cond-expr","locations":[{"start":{"line":154,"column":112},"end":{"line":154,"column":128}},{"start":{"line":154,"column":131},"end":{"line":154,"column":181}}]},"18":{"loc":{"start":{"line":154,"column":131},"end":{"line":154,"column":181}},"type":"cond-expr","locations":[{"start":{"line":154,"column":149},"end":{"line":154,"column":163}},{"start":{"line":154,"column":166},"end":{"line":154,"column":181}}]},"19":{"loc":{"start":{"line":192,"column":30},"end":{"line":192,"column":70}},"type":"binary-expr","locations":[{"start":{"line":192,"column":30},"end":{"line":192,"column":47}},{"start":{"line":192,"column":51},"end":{"line":192,"column":70}}]},"20":{"loc":{"start":{"line":209,"column":11},"end":{"line":320,"column":null}},"type":"cond-expr","locations":[{"start":{"line":210,"column":12},"end":{"line":212,"column":null}},{"start":{"line":215,"column":12},"end":{"line":320,"column":14}}]},"21":{"loc":{"start":{"line":218,"column":20},"end":{"line":230,"column":null}},"type":"cond-expr","locations":[{"start":{"line":219,"column":21},"end":{"line":225,"column":null}},{"start":{"line":228,"column":21},"end":{"line":229,"column":null}}]},"22":{"loc":{"start":{"line":225,"column":39},"end":{"line":225,"column":78}},"type":"binary-expr","locations":[{"start":{"line":225,"column":39},"end":{"line":225,"column":56}},{"start":{"line":225,"column":60},"end":{"line":225,"column":78}}]},"23":{"loc":{"start":{"line":228,"column":89},"end":{"line":228,"column":173}},"type":"cond-expr","locations":[{"start":{"line":228,"column":125},"end":{"line":228,"column":154}},{"start":{"line":228,"column":157},"end":{"line":228,"column":173}}]},"24":{"loc":{"start":{"line":235,"column":74},"end":{"line":235,"column":144}},"type":"cond-expr","locations":[{"start":{"line":235,"column":110},"end":{"line":235,"column":126}},{"start":{"line":235,"column":129},"end":{"line":235,"column":144}}]},"25":{"loc":{"start":{"line":260,"column":35},"end":{"line":260,"column":53}},"type":"binary-expr","locations":[{"start":{"line":260,"column":35},"end":{"line":260,"column":48}},{"start":{"line":260,"column":52},"end":{"line":260,"column":53}}]},"26":{"loc":{"start":{"line":263,"column":64},"end":{"line":263,"column":80}},"type":"binary-expr","locations":[{"start":{"line":263,"column":64},"end":{"line":263,"column":75}},{"start":{"line":263,"column":79},"end":{"line":263,"column":80}}]},"27":{"loc":{"start":{"line":288,"column":35},"end":{"line":288,"column":56}},"type":"binary-expr","locations":[{"start":{"line":288,"column":35},"end":{"line":288,"column":51}},{"start":{"line":288,"column":55},"end":{"line":288,"column":56}}]},"28":{"loc":{"start":{"line":291,"column":66},"end":{"line":291,"column":82}},"type":"binary-expr","locations":[{"start":{"line":291,"column":66},"end":{"line":291,"column":77}},{"start":{"line":291,"column":81},"end":{"line":291,"column":82}}]},"29":{"loc":{"start":{"line":306,"column":50},"end":{"line":306,"column":82}},"type":"cond-expr","locations":[{"start":{"line":306,"column":71},"end":{"line":306,"column":75}},{"start":{"line":306,"column":78},"end":{"line":306,"column":82}}]},"30":{"loc":{"start":{"line":334,"column":14},"end":{"line":342,"column":null}},"type":"binary-expr","locations":[{"start":{"line":334,"column":14},"end":{"line":334,"column":25}},{"start":{"line":335,"column":15},"end":{"line":339,"column":null}}]},"31":{"loc":{"start":{"line":337,"column":28},"end":{"line":337,"column":63}},"type":"binary-expr","locations":[{"start":{"line":337,"column":28},"end":{"line":337,"column":36}},{"start":{"line":337,"column":40},"end":{"line":337,"column":63}}]},"32":{"loc":{"start":{"line":350,"column":17},"end":{"line":350,"column":65}},"type":"cond-expr","locations":[{"start":{"line":350,"column":27},"end":{"line":350,"column":44}},{"start":{"line":350,"column":47},"end":{"line":350,"column":65}}]}},"s":{"0":3,"1":3,"2":3,"3":3,"4":3,"5":5,"6":5,"7":5,"8":5,"9":5,"10":5,"11":5,"12":5,"13":5,"14":1,"15":1,"16":1,"17":0,"18":0,"19":0,"20":0,"21":0,"22":5,"23":0,"24":0,"25":0,"26":0,"27":5,"28":0,"29":0,"30":0,"31":5,"32":5,"33":0,"34":5,"35":5,"36":0,"37":5,"38":0,"39":5,"40":5,"41":5,"42":0,"43":0,"44":0,"45":0,"46":0,"47":5,"48":5,"49":0,"50":0,"51":0,"52":0,"53":0,"54":0,"55":0,"56":0,"57":0,"58":0,"59":0,"60":0,"61":0,"62":0,"63":0,"64":0,"65":0,"66":0,"67":1,"68":5,"69":3,"70":3,"71":3},"f":{"0":5,"1":5,"2":5,"3":1,"4":0,"5":0,"6":0,"7":0,"8":0,"9":0,"10":0,"11":5,"12":0,"13":5,"14":0,"15":0,"16":0,"17":0,"18":0,"19":0,"20":0,"21":0,"22":0,"23":0,"24":0,"25":0,"26":0,"27":0,"28":0,"29":0,"30":0,"31":0,"32":1},"b":{"0":[5],"1":[5],"2":[5,5],"3":[1],"4":[0,0],"5":[5,0],"6":[5,5],"7":[0,0],"8":[0,0],"9":[0,0],"10":[0,0],"11":[0,0],"12":[0,0],"13":[0,0],"14":[0,5],"15":[0,5],"16":[5,0],"17":[0,5],"18":[0,5],"19":[0,0],"20":[5,0],"21":[0,0],"22":[0,0],"23":[0,0],"24":[0,0],"25":[0,0],"26":[0,0],"27":[0,0],"28":[0,0],"29":[0,0],"30":[5,0],"31":[0,0],"32":[5,0]}}
,"C:\\Users\\LeonPrior\\OneDrive - Prior Consultoría\\Documentos\\CONSULTORÍAS 2025\\IPS\\IA\\APP TABLERO\\components\\CurrentPeriodFocus.tsx": {"path":"C:\\Users\\LeonPrior\\OneDrive - Prior Consultoría\\Documentos\\CONSULTORÍAS 2025\\IPS\\IA\\APP TABLERO\\components\\CurrentPeriodFocus.tsx","statementMap":{"0":{"start":{"line":1,"column":0},"end":{"line":1,"column":60}},"1":{"start":{"line":3,"column":0},"end":{"line":3,"column":81}},"2":{"start":{"line":4,"column":0},"end":{"line":4,"column":73}},"3":{"start":{"line":6,"column":0},"end":{"line":6,"column":40}},"4":{"start":{"line":7,"column":0},"end":{"line":7,"column":42}},"5":{"start":{"line":8,"column":0},"end":{"line":8,"column":42}},"6":{"start":{"line":9,"column":0},"end":{"line":9,"column":52}},"7":{"start":{"line":10,"column":0},"end":{"line":10,"column":83}},"8":{"start":{"line":23,"column":69},"end":{"line":510,"column":1}},"9":{"start":{"line":34,"column":38},"end":{"line":34,"column":58}},"10":{"start":{"line":35,"column":42},"end":{"line":35,"column":62}},"11":{"start":{"line":36,"column":38},"end":{"line":36,"column":58}},"12":{"start":{"line":37,"column":36},"end":{"line":37,"column":51}},"13":{"start":{"line":38,"column":48},"end":{"line":38,"column":63}},"14":{"start":{"line":39,"column":62},"end":{"line":39,"column":77}},"15":{"start":{"line":40,"column":44},"end":{"line":40,"column":82}},"16":{"start":{"line":41,"column":46},"end":{"line":41,"column":61}},"17":{"start":{"line":42,"column":50},"end":{"line":42,"column":65}},"18":{"start":{"line":44,"column":177},"end":{"line":46,"column":6}},"19":{"start":{"line":49,"column":50},"end":{"line":49,"column":70}},"20":{"start":{"line":51,"column":21},"end":{"line":51,"column":43}},"21":{"start":{"line":52,"column":24},"end":{"line":52,"column":48}},"22":{"start":{"line":53,"column":28},"end":{"line":53,"column":49}},"23":{"start":{"line":54,"column":23},"end":{"line":54,"column":49}},"24":{"start":{"line":56,"column":54},"end":{"line":75,"column":114}},"25":{"start":{"line":57,"column":8},"end":{"line":57,"column":79}},"26":{"start":{"line":57,"column":19},"end":{"line":57,"column":79}},"27":{"start":{"line":58,"column":32},"end":{"line":58,"column":59}},"28":{"start":{"line":59,"column":24},"end":{"line":59,"column":80}},"29":{"start":{"line":61,"column":8},"end":{"line":74,"column":9}},"30":{"start":{"line":62,"column":25},"end":{"line":62,"column":67}},"31":{"start":{"line":63,"column":24},"end":{"line":63,"column":77}},"32":{"start":{"line":64,"column":26},"end":{"line":64,"column":38}},"33":{"start":{"line":65,"column":29},"end":{"line":67,"column":18}},"34":{"start":{"line":68,"column":12},"end":{"line":68,"column":97}},"35":{"start":{"line":70,"column":33},"end":{"line":70,"column":85}},"36":{"start":{"line":71,"column":24},"end":{"line":71,"column":111}},"37":{"start":{"line":72,"column":31},"end":{"line":72,"column":157}},"38":{"start":{"line":73,"column":12},"end":{"line":73,"column":87}},"39":{"start":{"line":78,"column":4},"end":{"line":82,"column":20}},"40":{"start":{"line":79,"column":8},"end":{"line":81,"column":9}},"41":{"start":{"line":80,"column":12},"end":{"line":80,"column":42}},"42":{"start":{"line":85,"column":23},"end":{"line":85,"column":75}},"43":{"start":{"line":87,"column":31},"end":{"line":91,"column":30}},"44":{"start":{"line":88,"column":8},"end":{"line":88,"column":56}},"45":{"start":{"line":88,"column":22},"end":{"line":88,"column":56}},"46":{"start":{"line":89,"column":27},"end":{"line":89,"column":152}},"47":{"start":{"line":90,"column":8},"end":{"line":90,"column":38}},"48":{"start":{"line":93,"column":24},"end":{"line":111,"column":60}},"49":{"start":{"line":94,"column":8},"end":{"line":94,"column":31}},"50":{"start":{"line":94,"column":19},"end":{"line":94,"column":31}},"51":{"start":{"line":95,"column":18},"end":{"line":95,"column":29}},"52":{"start":{"line":96,"column":21},"end":{"line":96,"column":65}},"53":{"start":{"line":97,"column":21},"end":{"line":97,"column":69}},"54":{"start":{"line":99,"column":8},"end":{"line":109,"column":9}},"55":{"start":{"line":100,"column":12},"end":{"line":100,"column":76}},"56":{"start":{"line":101,"column":12},"end":{"line":101,"column":45}},"57":{"start":{"line":102,"column":12},"end":{"line":102,"column":82}},"58":{"start":{"line":103,"column":12},"end":{"line":103,"column":48}},"59":{"start":{"line":105,"column":12},"end":{"line":105,"column":75}},"60":{"start":{"line":106,"column":12},"end":{"line":106,"column":46}},"61":{"start":{"line":107,"column":12},"end":{"line":107,"column":81}},"62":{"start":{"line":108,"column":12},"end":{"line":108,"column":49}},"63":{"start":{"line":110,"column":8},"end":{"line":110,"column":17}},"64":{"start":{"line":113,"column":23},"end":{"line":116,"column":64}},"65":{"start":{"line":114,"column":8},"end":{"line":114,"column":125}},"66":{"start":{"line":114,"column":26},"end":{"line":114,"column":125}},"67":{"start":{"line":115,"column":8},"end":{"line":115,"column":103}},"68":{"start":{"line":118,"column":4},"end":{"line":138,"column":37}},"69":{"start":{"line":119,"column":8},"end":{"line":119,"column":26}},"70":{"start":{"line":119,"column":19},"end":{"line":119,"column":26}},"71":{"start":{"line":120,"column":21},"end":{"line":120,"column":96}},"72":{"start":{"line":121,"column":23},"end":{"line":121,"column":104}},"73":{"start":{"line":122,"column":21},"end":{"line":122,"column":104}},"74":{"start":{"line":125,"column":24},"end":{"line":125,"column":82}},"75":{"start":{"line":126,"column":26},"end":{"line":126,"column":90}},"76":{"start":{"line":128,"column":8},"end":{"line":132,"column":9}},"77":{"start":{"line":129,"column":12},"end":{"line":129,"column":34}},"78":{"start":{"line":130,"column":12},"end":{"line":130,"column":38}},"79":{"start":{"line":131,"column":12},"end":{"line":131,"column":31}},"80":{"start":{"line":135,"column":8},"end":{"line":137,"column":9}},"81":{"start":{"line":136,"column":10},"end":{"line":136,"column":47}},"82":{"start":{"line":140,"column":22},"end":{"line":161,"column":138}},"83":{"start":{"line":141,"column":8},"end":{"line":141,"column":54}},"84":{"start":{"line":141,"column":19},"end":{"line":141,"column":54}},"85":{"start":{"line":142,"column":23},"end":{"line":142,"column":25}},"86":{"start":{"line":143,"column":8},"end":{"line":150,"column":9}},"87":{"start":{"line":144,"column":12},"end":{"line":144,"column":42}},"88":{"start":{"line":145,"column":15},"end":{"line":150,"column":9}},"89":{"start":{"line":146,"column":27},"end":{"line":148,"column":39}},"90":{"start":{"line":149,"column":12},"end":{"line":149,"column":56}},"91":{"start":{"line":152,"column":8},"end":{"line":160,"column":9}},"92":{"start":{"line":153,"column":25},"end":{"line":153,"column":70}},"93":{"start":{"line":154,"column":26},"end":{"line":154,"column":68}},"94":{"start":{"line":155,"column":12},"end":{"line":155,"column":158}},"95":{"start":{"line":155,"column":45},"end":{"line":155,"column":87}},"96":{"start":{"line":155,"column":112},"end":{"line":155,"column":154}},"97":{"start":{"line":157,"column":25},"end":{"line":157,"column":71}},"98":{"start":{"line":158,"column":26},"end":{"line":158,"column":69}},"99":{"start":{"line":159,"column":12},"end":{"line":159,"column":158}},"100":{"start":{"line":159,"column":45},"end":{"line":159,"column":87}},"101":{"start":{"line":159,"column":112},"end":{"line":159,"column":154}},"102":{"start":{"line":163,"column":28},"end":{"line":196,"column":5}},"103":{"start":{"line":164,"column":8},"end":{"line":164,"column":38}},"104":{"start":{"line":164,"column":31},"end":{"line":164,"column":38}},"105":{"start":{"line":165,"column":8},"end":{"line":165,"column":26}},"106":{"start":{"line":166,"column":27},"end":{"line":166,"column":58}},"107":{"start":{"line":167,"column":29},"end":{"line":167,"column":62}},"108":{"start":{"line":168,"column":28},"end":{"line":172,"column":10}},"109":{"start":{"line":173,"column":8},"end":{"line":193,"column":9}},"110":{"start":{"line":174,"column":29},"end":{"line":174,"column":71}},"111":{"start":{"line":175,"column":32},"end":{"line":175,"column":77}},"112":{"start":{"line":176,"column":29},"end":{"line":176,"column":69}},"113":{"start":{"line":177,"column":12},"end":{"line":177,"column":46}},"114":{"start":{"line":178,"column":12},"end":{"line":178,"column":51}},"115":{"start":{"line":179,"column":12},"end":{"line":179,"column":45}},"116":{"start":{"line":180,"column":12},"end":{"line":180,"column":47}},"117":{"start":{"line":181,"column":12},"end":{"line":181,"column":53}},"118":{"start":{"line":182,"column":12},"end":{"line":182,"column":47}},"119":{"start":{"line":184,"column":29},"end":{"line":184,"column":46}},"120":{"start":{"line":185,"column":32},"end":{"line":185,"column":52}},"121":{"start":{"line":186,"column":29},"end":{"line":186,"column":70}},"122":{"start":{"line":187,"column":12},"end":{"line":187,"column":46}},"123":{"start":{"line":188,"column":12},"end":{"line":188,"column":51}},"124":{"start":{"line":189,"column":12},"end":{"line":189,"column":45}},"125":{"start":{"line":190,"column":12},"end":{"line":190,"column":48}},"126":{"start":{"line":191,"column":12},"end":{"line":191,"column":54}},"127":{"start":{"line":192,"column":12},"end":{"line":192,"column":48}},"128":{"start":{"line":194,"column":8},"end":{"line":194,"column":34}},"129":{"start":{"line":195,"column":8},"end":{"line":195,"column":50}},"130":{"start":{"line":195,"column":25},"end":{"line":195,"column":43}},"131":{"start":{"line":198,"column":25},"end":{"line":200,"column":5}},"132":{"start":{"line":199,"column":8},"end":{"line":199,"column":61}},"133":{"start":{"line":202,"column":4},"end":{"line":202,"column":27}},"134":{"start":{"line":202,"column":15},"end":{"line":202,"column":27}},"135":{"start":{"line":204,"column":16},"end":{"line":204,"column":97}},"136":{"start":{"line":205,"column":26},"end":{"line":205,"column":76}},"137":{"start":{"line":207,"column":29},"end":{"line":210,"column":5}},"138":{"start":{"line":208,"column":20},"end":{"line":208,"column":21}},"139":{"start":{"line":209,"column":8},"end":{"line":209,"column":88}},"140":{"start":{"line":209,"column":35},"end":{"line":209,"column":86}},"141":{"start":{"line":212,"column":29},"end":{"line":215,"column":5}},"142":{"start":{"line":213,"column":20},"end":{"line":213,"column":38}},"143":{"start":{"line":214,"column":8},"end":{"line":214,"column":88}},"144":{"start":{"line":214,"column":35},"end":{"line":214,"column":86}},"145":{"start":{"line":217,"column":4},"end":{"line":509,"column":6}},"146":{"start":{"line":248,"column":47},"end":{"line":248,"column":76}},"147":{"start":{"line":271,"column":39},"end":{"line":271,"column":69}},"148":{"start":{"line":282,"column":39},"end":{"line":282,"column":62}},"149":{"start":{"line":326,"column":40},"end":{"line":326,"column":64}},"150":{"start":{"line":328,"column":28},"end":{"line":328,"column":63}},"151":{"start":{"line":329,"column":28},"end":{"line":329,"column":68}},"152":{"start":{"line":329,"column":43},"end":{"line":329,"column":68}},"153":{"start":{"line":347,"column":55},"end":{"line":347,"column":77}},"154":{"start":{"line":348,"column":54},"end":{"line":348,"column":77}},"155":{"start":{"line":350,"column":56},"end":{"line":350,"column":70}},"156":{"start":{"line":351,"column":44},"end":{"line":351,"column":62}},"157":{"start":{"line":369,"column":55},"end":{"line":369,"column":79}},"158":{"start":{"line":370,"column":54},"end":{"line":370,"column":79}},"159":{"start":{"line":372,"column":56},"end":{"line":372,"column":70}},"160":{"start":{"line":373,"column":44},"end":{"line":373,"column":64}},"161":{"start":{"line":386,"column":51},"end":{"line":386,"column":81}},"162":{"start":{"line":401,"column":53},"end":{"line":401,"column":81}},"163":{"start":{"line":462,"column":46},"end":{"line":462,"column":86}},"164":{"start":{"line":477,"column":35},"end":{"line":477,"column":66}},"165":{"start":{"line":479,"column":24},"end":{"line":479,"column":113}},"166":{"start":{"line":480,"column":44},"end":{"line":480,"column":55}},"167":{"start":{"line":481,"column":24},"end":{"line":481,"column":87}},"168":{"start":{"line":482,"column":24},"end":{"line":482,"column":77}},"169":{"start":{"line":485,"column":24},"end":{"line":485,"column":58}},"170":{"start":{"line":488,"column":39},"end":{"line":488,"column":120}},"171":{"start":{"line":488,"column":81},"end":{"line":488,"column":106}},"172":{"start":{"line":489,"column":39},"end":{"line":489,"column":123}},"173":{"start":{"line":489,"column":81},"end":{"line":489,"column":109}},"174":{"start":{"line":491,"column":24},"end":{"line":501,"column":25}},"175":{"start":{"line":492,"column":28},"end":{"line":492,"column":132}},"176":{"start":{"line":493,"column":28},"end":{"line":493,"column":141}},"177":{"start":{"line":494,"column":28},"end":{"line":494,"column":73}},"178":{"start":{"line":495,"column":28},"end":{"line":495,"column":76}},"179":{"start":{"line":497,"column":28},"end":{"line":497,"column":132}},"180":{"start":{"line":498,"column":28},"end":{"line":498,"column":141}},"181":{"start":{"line":499,"column":28},"end":{"line":499,"column":74}},"182":{"start":{"line":500,"column":28},"end":{"line":500,"column":77}},"183":{"start":{"line":503,"column":24},"end":{"line":503,"column":50}},"184":{"start":{"line":504,"column":24},"end":{"line":504,"column":56}},"185":{"start":{"line":23,"column":13},"end":{"line":23,"column":69}}},"fnMap":{"0":{"name":"(anonymous_9)","decl":{"start":{"line":23,"column":69},"end":{"line":23,"column":70}},"loc":{"start":{"line":32,"column":5},"end":{"line":510,"column":1}}},"1":{"name":"(anonymous_10)","decl":{"start":{"line":56,"column":62},"end":{"line":56,"column":65}},"loc":{"start":{"line":56,"column":67},"end":{"line":75,"column":5}}},"2":{"name":"(anonymous_11)","decl":{"start":{"line":78,"column":14},"end":{"line":78,"column":17}},"loc":{"start":{"line":78,"column":19},"end":{"line":82,"column":5}}},"3":{"name":"(anonymous_12)","decl":{"start":{"line":87,"column":39},"end":{"line":87,"column":42}},"loc":{"start":{"line":87,"column":44},"end":{"line":91,"column":5}}},"4":{"name":"(anonymous_13)","decl":{"start":{"line":93,"column":32},"end":{"line":93,"column":35}},"loc":{"start":{"line":93,"column":37},"end":{"line":111,"column":5}}},"5":{"name":"(anonymous_14)","decl":{"start":{"line":113,"column":31},"end":{"line":113,"column":34}},"loc":{"start":{"line":113,"column":36},"end":{"line":116,"column":5}}},"6":{"name":"(anonymous_15)","decl":{"start":{"line":118,"column":14},"end":{"line":118,"column":17}},"loc":{"start":{"line":118,"column":19},"end":{"line":138,"column":5}}},"7":{"name":"(anonymous_16)","decl":{"start":{"line":140,"column":30},"end":{"line":140,"column":33}},"loc":{"start":{"line":140,"column":35},"end":{"line":161,"column":5}}},"8":{"name":"(anonymous_17)","decl":{"start":{"line":155,"column":40},"end":{"line":155,"column":41}},"loc":{"start":{"line":155,"column":45},"end":{"line":155,"column":87}}},"9":{"name":"(anonymous_18)","decl":{"start":{"line":155,"column":107},"end":{"line":155,"column":108}},"loc":{"start":{"line":155,"column":112},"end":{"line":155,"column":154}}},"10":{"name":"(anonymous_19)","decl":{"start":{"line":159,"column":40},"end":{"line":159,"column":41}},"loc":{"start":{"line":159,"column":45},"end":{"line":159,"column":87}}},"11":{"name":"(anonymous_20)","decl":{"start":{"line":159,"column":107},"end":{"line":159,"column":108}},"loc":{"start":{"line":159,"column":112},"end":{"line":159,"column":154}}},"12":{"name":"(anonymous_21)","decl":{"start":{"line":163,"column":28},"end":{"line":163,"column":33}},"loc":{"start":{"line":163,"column":39},"end":{"line":196,"column":5}}},"13":{"name":"(anonymous_22)","decl":{"start":{"line":195,"column":19},"end":{"line":195,"column":22}},"loc":{"start":{"line":195,"column":25},"end":{"line":195,"column":43}}},"14":{"name":"(anonymous_23)","decl":{"start":{"line":198,"column":25},"end":{"line":198,"column":26}},"loc":{"start":{"line":198,"column":41},"end":{"line":200,"column":5}}},"15":{"name":"(anonymous_24)","decl":{"start":{"line":207,"column":29},"end":{"line":207,"column":32}},"loc":{"start":{"line":207,"column":34},"end":{"line":210,"column":5}}},"16":{"name":"(anonymous_25)","decl":{"start":{"line":209,"column":27},"end":{"line":209,"column":31}},"loc":{"start":{"line":209,"column":35},"end":{"line":209,"column":86}}},"17":{"name":"(anonymous_26)","decl":{"start":{"line":212,"column":29},"end":{"line":212,"column":32}},"loc":{"start":{"line":212,"column":34},"end":{"line":215,"column":5}}},"18":{"name":"(anonymous_27)","decl":{"start":{"line":214,"column":27},"end":{"line":214,"column":31}},"loc":{"start":{"line":214,"column":35},"end":{"line":214,"column":86}}},"19":{"name":"(anonymous_28)","decl":{"start":{"line":248,"column":41},"end":{"line":248,"column":44}},"loc":{"start":{"line":248,"column":47},"end":{"line":248,"column":76}}},"20":{"name":"(anonymous_29)","decl":{"start":{"line":271,"column":33},"end":{"line":271,"column":36}},"loc":{"start":{"line":271,"column":39},"end":{"line":271,"column":69}}},"21":{"name":"(anonymous_30)","decl":{"start":{"line":282,"column":33},"end":{"line":282,"column":36}},"loc":{"start":{"line":282,"column":39},"end":{"line":282,"column":62}}},"22":{"name":"(anonymous_31)","decl":{"start":{"line":326,"column":34},"end":{"line":326,"column":37}},"loc":{"start":{"line":326,"column":40},"end":{"line":326,"column":64}}},"23":{"name":"(anonymous_32)","decl":{"start":{"line":327,"column":32},"end":{"line":327,"column":33}},"loc":{"start":{"line":327,"column":51},"end":{"line":330,"column":25}}},"24":{"name":"(anonymous_33)","decl":{"start":{"line":347,"column":49},"end":{"line":347,"column":52}},"loc":{"start":{"line":347,"column":55},"end":{"line":347,"column":77}}},"25":{"name":"(anonymous_34)","decl":{"start":{"line":348,"column":48},"end":{"line":348,"column":51}},"loc":{"start":{"line":348,"column":54},"end":{"line":348,"column":77}}},"26":{"name":"(anonymous_35)","decl":{"start":{"line":349,"column":50},"end":{"line":349,"column":51}},"loc":{"start":{"line":349,"column":56},"end":{"line":352,"column":41}}},"27":{"name":"(anonymous_36)","decl":{"start":{"line":369,"column":49},"end":{"line":369,"column":52}},"loc":{"start":{"line":369,"column":55},"end":{"line":369,"column":79}}},"28":{"name":"(anonymous_37)","decl":{"start":{"line":370,"column":48},"end":{"line":370,"column":51}},"loc":{"start":{"line":370,"column":54},"end":{"line":370,"column":79}}},"29":{"name":"(anonymous_38)","decl":{"start":{"line":371,"column":50},"end":{"line":371,"column":51}},"loc":{"start":{"line":371,"column":56},"end":{"line":374,"column":41}}},"30":{"name":"(anonymous_39)","decl":{"start":{"line":386,"column":45},"end":{"line":386,"column":48}},"loc":{"start":{"line":386,"column":51},"end":{"line":386,"column":81}}},"31":{"name":"(anonymous_40)","decl":{"start":{"line":401,"column":46},"end":{"line":401,"column":47}},"loc":{"start":{"line":401,"column":53},"end":{"line":401,"column":81}}},"32":{"name":"(anonymous_41)","decl":{"start":{"line":462,"column":36},"end":{"line":462,"column":37}},"loc":{"start":{"line":462,"column":46},"end":{"line":462,"column":86}}},"33":{"name":"(anonymous_42)","decl":{"start":{"line":477,"column":29},"end":{"line":477,"column":32}},"loc":{"start":{"line":477,"column":35},"end":{"line":477,"column":66}}},"34":{"name":"(anonymous_43)","decl":{"start":{"line":478,"column":28},"end":{"line":478,"column":29}},"loc":{"start":{"line":478,"column":44},"end":{"line":505,"column":21}}},"35":{"name":"(anonymous_44)","decl":{"start":{"line":488,"column":58},"end":{"line":488,"column":59}},"loc":{"start":{"line":488,"column":81},"end":{"line":488,"column":106}}},"36":{"name":"(anonymous_45)","decl":{"start":{"line":489,"column":58},"end":{"line":489,"column":59}},"loc":{"start":{"line":489,"column":81},"end":{"line":489,"column":109}}}},"branchMap":{"0":{"loc":{"start":{"line":30,"column":4},"end":{"line":30,"column":26}},"type":"default-arg","locations":[{"start":{"line":30,"column":24},"end":{"line":30,"column":26}}]},"1":{"loc":{"start":{"line":31,"column":4},"end":{"line":31,"column":24}},"type":"default-arg","locations":[{"start":{"line":31,"column":23},"end":{"line":31,"column":24}}]},"2":{"loc":{"start":{"line":40,"column":53},"end":{"line":40,"column":81}},"type":"binary-expr","locations":[{"start":{"line":40,"column":53},"end":{"line":40,"column":72}},{"start":{"line":40,"column":76},"end":{"line":40,"column":81}}]},"3":{"loc":{"start":{"line":44,"column":29},"end":{"line":44,"column":49}},"type":"default-arg","locations":[{"start":{"line":44,"column":47},"end":{"line":44,"column":49}}]},"4":{"loc":{"start":{"line":44,"column":51},"end":{"line":44,"column":68}},"type":"default-arg","locations":[{"start":{"line":44,"column":66},"end":{"line":44,"column":68}}]},"5":{"loc":{"start":{"line":44,"column":70},"end":{"line":44,"column":87}},"type":"default-arg","locations":[{"start":{"line":44,"column":85},"end":{"line":44,"column":87}}]},"6":{"loc":{"start":{"line":44,"column":100},"end":{"line":44,"column":119}},"type":"default-arg","locations":[{"start":{"line":44,"column":117},"end":{"line":44,"column":119}}]},"7":{"loc":{"start":{"line":44,"column":121},"end":{"line":44,"column":137}},"type":"default-arg","locations":[{"start":{"line":44,"column":135},"end":{"line":44,"column":137}}]},"8":{"loc":{"start":{"line":44,"column":139},"end":{"line":44,"column":155}},"type":"default-arg","locations":[{"start":{"line":44,"column":153},"end":{"line":44,"column":155}}]},"9":{"loc":{"start":{"line":44,"column":177},"end":{"line":46,"column":6}},"type":"binary-expr","locations":[{"start":{"line":44,"column":177},"end":{"line":44,"column":181}},{"start":{"line":44,"column":185},"end":{"line":46,"column":6}}]},"10":{"loc":{"start":{"line":54,"column":23},"end":{"line":54,"column":49}},"type":"binary-expr","locations":[{"start":{"line":54,"column":23},"end":{"line":54,"column":27}},{"start":{"line":54,"column":31},"end":{"line":54,"column":49}}]},"11":{"loc":{"start":{"line":57,"column":8},"end":{"line":57,"column":79}},"type":"if","locations":[{"start":{"line":57,"column":8},"end":{"line":57,"column":79}}]},"12":{"loc":{"start":{"line":58,"column":32},"end":{"line":58,"column":59}},"type":"cond-expr","locations":[{"start":{"line":58,"column":54},"end":{"line":58,"column":55}},{"start":{"line":58,"column":58},"end":{"line":58,"column":59}}]},"13":{"loc":{"start":{"line":59,"column":43},"end":{"line":59,"column":62}},"type":"binary-expr","locations":[{"start":{"line":59,"column":43},"end":{"line":59,"column":47}},{"start":{"line":59,"column":51},"end":{"line":59,"column":62}}]},"14":{"loc":{"start":{"line":61,"column":8},"end":{"line":74,"column":9}},"type":"if","locations":[{"start":{"line":61,"column":8},"end":{"line":74,"column":9}},{"start":{"line":69,"column":15},"end":{"line":74,"column":9}}]},"15":{"loc":{"start":{"line":63,"column":24},"end":{"line":63,"column":77}},"type":"cond-expr","locations":[{"start":{"line":63,"column":37},"end":{"line":63,"column":39}},{"start":{"line":63,"column":42},"end":{"line":63,"column":77}}]},"16":{"loc":{"start":{"line":65,"column":29},"end":{"line":67,"column":18}},"type":"cond-expr","locations":[{"start":{"line":66,"column":16},"end":{"line":66,"column":161}},{"start":{"line":67,"column":16},"end":{"line":67,"column":18}}]},"17":{"loc":{"start":{"line":71,"column":24},"end":{"line":71,"column":111}},"type":"cond-expr","locations":[{"start":{"line":71,"column":37},"end":{"line":71,"column":39}},{"start":{"line":71,"column":43},"end":{"line":71,"column":110}}]},"18":{"loc":{"start":{"line":71,"column":43},"end":{"line":71,"column":110}},"type":"cond-expr","locations":[{"start":{"line":71,"column":63},"end":{"line":71,"column":75}},{"start":{"line":71,"column":78},"end":{"line":71,"column":110}}]},"19":{"loc":{"start":{"line":79,"column":8},"end":{"line":81,"column":9}},"type":"if","locations":[{"start":{"line":79,"column":8},"end":{"line":81,"column":9}}]},"20":{"loc":{"start":{"line":85,"column":23},"end":{"line":85,"column":75}},"type":"cond-expr","locations":[{"start":{"line":85,"column":48},"end":{"line":85,"column":57}},{"start":{"line":85,"column":60},"end":{"line":85,"column":75}}]},"21":{"loc":{"start":{"line":88,"column":8},"end":{"line":88,"column":56}},"type":"if","locations":[{"start":{"line":88,"column":8},"end":{"line":88,"column":56}}]},"22":{"loc":{"start":{"line":94,"column":8},"end":{"line":94,"column":31}},"type":"if","locations":[{"start":{"line":94,"column":8},"end":{"line":94,"column":31}}]},"23":{"loc":{"start":{"line":96,"column":21},"end":{"line":96,"column":65}},"type":"cond-expr","locations":[{"start":{"line":96,"column":40},"end":{"line":96,"column":41}},{"start":{"line":96,"column":44},"end":{"line":96,"column":65}}]},"24":{"loc":{"start":{"line":97,"column":21},"end":{"line":97,"column":69}},"type":"cond-expr","locations":[{"start":{"line":97,"column":42},"end":{"line":97,"column":43}},{"start":{"line":97,"column":46},"end":{"line":97,"column":69}}]},"25":{"loc":{"start":{"line":99,"column":8},"end":{"line":109,"column":9}},"type":"if","locations":[{"start":{"line":99,"column":8},"end":{"line":109,"column":9}},{"start":{"line":104,"column":15},"end":{"line":109,"column":9}}]},"26":{"loc":{"start":{"line":100,"column":33},"end":{"line":100,"column":73}},"type":"binary-expr","locations":[{"start":{"line":100,"column":33},"end":{"line":100,"column":49}},{"start":{"line":100,"column":53},"end":{"line":100,"column":73}}]},"27":{"loc":{"start":{"line":102,"column":36},"end":{"line":102,"column":79}},"type":"binary-expr","locations":[{"start":{"line":102,"column":36},"end":{"line":102,"column":55}},{"start":{"line":102,"column":59},"end":{"line":102,"column":79}}]},"28":{"loc":{"start":{"line":105,"column":34},"end":{"line":105,"column":72}},"type":"binary-expr","locations":[{"start":{"line":105,"column":34},"end":{"line":105,"column":51}},{"start":{"line":105,"column":55},"end":{"line":105,"column":72}}]},"29":{"loc":{"start":{"line":107,"column":37},"end":{"line":107,"column":78}},"type":"binary-expr","locations":[{"start":{"line":107,"column":37},"end":{"line":107,"column":57}},{"start":{"line":107,"column":61},"end":{"line":107,"column":78}}]},"30":{"loc":{"start":{"line":114,"column":8},"end":{"line":114,"column":125}},"type":"if","locations":[{"start":{"line":114,"column":8},"end":{"line":114,"column":125}}]},"31":{"loc":{"start":{"line":119,"column":8},"end":{"line":119,"column":26}},"type":"if","locations":[{"start":{"line":119,"column":8},"end":{"line":119,"column":26}}]},"32":{"loc":{"start":{"line":120,"column":21},"end":{"line":120,"column":96}},"type":"cond-expr","locations":[{"start":{"line":120,"column":32},"end":{"line":120,"column":62}},{"start":{"line":120,"column":65},"end":{"line":120,"column":96}}]},"33":{"loc":{"start":{"line":121,"column":23},"end":{"line":121,"column":104}},"type":"cond-expr","locations":[{"start":{"line":121,"column":34},"end":{"line":121,"column":67}},{"start":{"line":121,"column":70},"end":{"line":121,"column":104}}]},"34":{"loc":{"start":{"line":122,"column":21},"end":{"line":122,"column":104}},"type":"binary-expr","locations":[{"start":{"line":122,"column":22},"end":{"line":122,"column":97}},{"start":{"line":122,"column":102},"end":{"line":122,"column":104}}]},"35":{"loc":{"start":{"line":122,"column":22},"end":{"line":122,"column":97}},"type":"cond-expr","locations":[{"start":{"line":122,"column":33},"end":{"line":122,"column":63}},{"start":{"line":122,"column":66},"end":{"line":122,"column":97}}]},"36":{"loc":{"start":{"line":125,"column":24},"end":{"line":125,"column":82}},"type":"cond-expr","locations":[{"start":{"line":125,"column":62},"end":{"line":125,"column":77}},{"start":{"line":125,"column":80},"end":{"line":125,"column":82}}]},"37":{"loc":{"start":{"line":125,"column":24},"end":{"line":125,"column":59}},"type":"binary-expr","locations":[{"start":{"line":125,"column":24},"end":{"line":125,"column":37}},{"start":{"line":125,"column":41},"end":{"line":125,"column":59}}]},"38":{"loc":{"start":{"line":126,"column":26},"end":{"line":126,"column":90}},"type":"cond-expr","locations":[{"start":{"line":126,"column":68},"end":{"line":126,"column":85}},{"start":{"line":126,"column":88},"end":{"line":126,"column":90}}]},"39":{"loc":{"start":{"line":126,"column":26},"end":{"line":126,"column":65}},"type":"binary-expr","locations":[{"start":{"line":126,"column":26},"end":{"line":126,"column":41}},{"start":{"line":126,"column":45},"end":{"line":126,"column":65}}]},"40":{"loc":{"start":{"line":128,"column":8},"end":{"line":132,"column":9}},"type":"if","locations":[{"start":{"line":128,"column":8},"end":{"line":132,"column":9}}]},"41":{"loc":{"start":{"line":128,"column":12},"end":{"line":128,"column":84}},"type":"binary-expr","locations":[{"start":{"line":128,"column":12},"end":{"line":128,"column":33}},{"start":{"line":128,"column":37},"end":{"line":128,"column":62}},{"start":{"line":128,"column":66},"end":{"line":128,"column":84}}]},"42":{"loc":{"start":{"line":135,"column":8},"end":{"line":137,"column":9}},"type":"if","locations":[{"start":{"line":135,"column":8},"end":{"line":137,"column":9}}]},"43":{"loc":{"start":{"line":141,"column":8},"end":{"line":141,"column":54}},"type":"if","locations":[{"start":{"line":141,"column":8},"end":{"line":141,"column":54}}]},"44":{"loc":{"start":{"line":143,"column":8},"end":{"line":150,"column":9}},"type":"if","locations":[{"start":{"line":143,"column":8},"end":{"line":150,"column":9}},{"start":{"line":145,"column":15},"end":{"line":150,"column":9}}]},"45":{"loc":{"start":{"line":144,"column":23},"end":{"line":144,"column":41}},"type":"cond-expr","locations":[{"start":{"line":144,"column":34},"end":{"line":144,"column":36}},{"start":{"line":144,"column":39},"end":{"line":144,"column":41}}]},"46":{"loc":{"start":{"line":145,"column":15},"end":{"line":150,"column":9}},"type":"if","locations":[{"start":{"line":145,"column":15},"end":{"line":150,"column":9}}]},"47":{"loc":{"start":{"line":146,"column":27},"end":{"line":148,"column":39}},"type":"cond-expr","locations":[{"start":{"line":147,"column":18},"end":{"line":147,"column":76}},{"start":{"line":148,"column":18},"end":{"line":148,"column":39}}]},"48":{"loc":{"start":{"line":147,"column":44},"end":{"line":147,"column":71}},"type":"cond-expr","locations":[{"start":{"line":147,"column":66},"end":{"line":147,"column":67}},{"start":{"line":147,"column":70},"end":{"line":147,"column":71}}]},"49":{"loc":{"start":{"line":152,"column":8},"end":{"line":160,"column":9}},"type":"if","locations":[{"start":{"line":152,"column":8},"end":{"line":160,"column":9}},{"start":{"line":156,"column":15},"end":{"line":160,"column":9}}]},"50":{"loc":{"start":{"line":153,"column":26},"end":{"line":153,"column":46}},"type":"binary-expr","locations":[{"start":{"line":153,"column":26},"end":{"line":153,"column":40}},{"start":{"line":153,"column":44},"end":{"line":153,"column":46}}]},"51":{"loc":{"start":{"line":154,"column":27},"end":{"line":154,"column":44}},"type":"binary-expr","locations":[{"start":{"line":154,"column":27},"end":{"line":154,"column":38}},{"start":{"line":154,"column":42},"end":{"line":154,"column":44}}]},"52":{"loc":{"start":{"line":155,"column":45},"end":{"line":155,"column":87}},"type":"cond-expr","locations":[{"start":{"line":155,"column":79},"end":{"line":155,"column":80}},{"start":{"line":155,"column":83},"end":{"line":155,"column":87}}]},"53":{"loc":{"start":{"line":155,"column":46},"end":{"line":155,"column":75}},"type":"binary-expr","locations":[{"start":{"line":155,"column":46},"end":{"line":155,"column":56}},{"start":{"line":155,"column":60},"end":{"line":155,"column":75}}]},"54":{"loc":{"start":{"line":155,"column":112},"end":{"line":155,"column":154}},"type":"cond-expr","locations":[{"start":{"line":155,"column":146},"end":{"line":155,"column":147}},{"start":{"line":155,"column":150},"end":{"line":155,"column":154}}]},"55":{"loc":{"start":{"line":155,"column":113},"end":{"line":155,"column":142}},"type":"binary-expr","locations":[{"start":{"line":155,"column":113},"end":{"line":155,"column":123}},{"start":{"line":155,"column":127},"end":{"line":155,"column":142}}]},"56":{"loc":{"start":{"line":157,"column":26},"end":{"line":157,"column":47}},"type":"binary-expr","locations":[{"start":{"line":157,"column":26},"end":{"line":157,"column":41}},{"start":{"line":157,"column":45},"end":{"line":157,"column":47}}]},"57":{"loc":{"start":{"line":158,"column":27},"end":{"line":158,"column":45}},"type":"binary-expr","locations":[{"start":{"line":158,"column":27},"end":{"line":158,"column":39}},{"start":{"line":158,"column":43},"end":{"line":158,"column":45}}]},"58":{"loc":{"start":{"line":159,"column":45},"end":{"line":159,"column":87}},"type":"cond-expr","locations":[{"start":{"line":159,"column":79},"end":{"line":159,"column":80}},{"start":{"line":159,"column":83},"end":{"line":159,"column":87}}]},"59":{"loc":{"start":{"line":159,"column":46},"end":{"line":159,"column":75}},"type":"binary-expr","locations":[{"start":{"line":159,"column":46},"end":{"line":159,"column":56}},{"start":{"line":159,"column":60},"end":{"line":159,"column":75}}]},"60":{"loc":{"start":{"line":159,"column":112},"end":{"line":159,"column":154}},"type":"cond-expr","locations":[{"start":{"line":159,"column":146},"end":{"line":159,"column":147}},{"start":{"line":159,"column":150},"end":{"line":159,"column":154}}]},"61":{"loc":{"start":{"line":159,"column":113},"end":{"line":159,"column":142}},"type":"binary-expr","locations":[{"start":{"line":159,"column":113},"end":{"line":159,"column":123}},{"start":{"line":159,"column":127},"end":{"line":159,"column":142}}]},"62":{"loc":{"start":{"line":164,"column":8},"end":{"line":164,"column":38}},"type":"if","locations":[{"start":{"line":164,"column":8},"end":{"line":164,"column":38}}]},"63":{"loc":{"start":{"line":164,"column":12},"end":{"line":164,"column":29}},"type":"binary-expr","locations":[{"start":{"line":164,"column":12},"end":{"line":164,"column":20}},{"start":{"line":164,"column":24},"end":{"line":164,"column":29}}]},"64":{"loc":{"start":{"line":171,"column":28},"end":{"line":171,"column":53}},"type":"binary-expr","locations":[{"start":{"line":171,"column":28},"end":{"line":171,"column":47}},{"start":{"line":171,"column":51},"end":{"line":171,"column":53}}]},"65":{"loc":{"start":{"line":173,"column":8},"end":{"line":193,"column":9}},"type":"if","locations":[{"start":{"line":173,"column":8},"end":{"line":193,"column":9}},{"start":{"line":183,"column":15},"end":{"line":193,"column":9}}]},"66":{"loc":{"start":{"line":174,"column":34},"end":{"line":174,"column":69}},"type":"binary-expr","locations":[{"start":{"line":174,"column":34},"end":{"line":174,"column":45}},{"start":{"line":174,"column":49},"end":{"line":174,"column":69}}]},"67":{"loc":{"start":{"line":175,"column":37},"end":{"line":175,"column":75}},"type":"binary-expr","locations":[{"start":{"line":175,"column":37},"end":{"line":175,"column":51}},{"start":{"line":175,"column":55},"end":{"line":175,"column":75}}]},"68":{"loc":{"start":{"line":176,"column":34},"end":{"line":176,"column":67}},"type":"binary-expr","locations":[{"start":{"line":176,"column":34},"end":{"line":176,"column":45}},{"start":{"line":176,"column":49},"end":{"line":176,"column":67}}]},"69":{"loc":{"start":{"line":186,"column":34},"end":{"line":186,"column":68}},"type":"binary-expr","locations":[{"start":{"line":186,"column":34},"end":{"line":186,"column":46}},{"start":{"line":186,"column":50},"end":{"line":186,"column":68}}]},"70":{"loc":{"start":{"line":202,"column":4},"end":{"line":202,"column":27}},"type":"if","locations":[{"start":{"line":202,"column":4},"end":{"line":202,"column":27}}]},"71":{"loc":{"start":{"line":204,"column":17},"end":{"line":204,"column":55}},"type":"binary-expr","locations":[{"start":{"line":204,"column":17},"end":{"line":204,"column":50}},{"start":{"line":204,"column":54},"end":{"line":204,"column":55}}]},"72":{"loc":{"start":{"line":204,"column":60},"end":{"line":204,"column":96}},"type":"binary-expr","locations":[{"start":{"line":204,"column":60},"end":{"line":204,"column":91}},{"start":{"line":204,"column":95},"end":{"line":204,"column":96}}]},"73":{"loc":{"start":{"line":205,"column":26},"end":{"line":205,"column":76}},"type":"cond-expr","locations":[{"start":{"line":205,"column":57},"end":{"line":205,"column":65}},{"start":{"line":205,"column":68},"end":{"line":205,"column":76}}]},"74":{"loc":{"start":{"line":209,"column":50},"end":{"line":209,"column":80}},"type":"cond-expr","locations":[{"start":{"line":209,"column":64},"end":{"line":209,"column":73}},{"start":{"line":209,"column":76},"end":{"line":209,"column":80}}]},"75":{"loc":{"start":{"line":213,"column":20},"end":{"line":213,"column":38}},"type":"cond-expr","locations":[{"start":{"line":213,"column":31},"end":{"line":213,"column":33}},{"start":{"line":213,"column":36},"end":{"line":213,"column":38}}]},"76":{"loc":{"start":{"line":214,"column":50},"end":{"line":214,"column":80}},"type":"cond-expr","locations":[{"start":{"line":214,"column":64},"end":{"line":214,"column":73}},{"start":{"line":214,"column":76},"end":{"line":214,"column":80}}]},"77":{"loc":{"start":{"line":246,"column":25},"end":{"line":252,"column":null}},"type":"binary-expr","locations":[{"start":{"line":246,"column":25},"end":{"line":246,"column":49}},{"start":{"line":247,"column":28},"end":{"line":249,"column":null}}]},"78":{"loc":{"start":{"line":257,"column":25},"end":{"line":257,"column":217}},"type":"binary-expr","locations":[{"start":{"line":257,"column":25},"end":{"line":257,"column":47}},{"start":{"line":257,"column":52},"end":{"line":257,"column":216}}]},"79":{"loc":{"start":{"line":258,"column":25},"end":{"line":259,"column":null}},"type":"binary-expr","locations":[{"start":{"line":258,"column":25},"end":{"line":258,"column":33}},{"start":{"line":259,"column":28},"end":{"line":259,"column":194}}]},"80":{"loc":{"start":{"line":272,"column":112},"end":{"line":272,"column":253}},"type":"cond-expr","locations":[{"start":{"line":272,"column":127},"end":{"line":272,"column":182}},{"start":{"line":272,"column":185},"end":{"line":272,"column":253}}]},"81":{"loc":{"start":{"line":275,"column":51},"end":{"line":275,"column":75}},"type":"cond-expr","locations":[{"start":{"line":275,"column":66},"end":{"line":275,"column":69}},{"start":{"line":275,"column":72},"end":{"line":275,"column":75}}]},"82":{"loc":{"start":{"line":290,"column":21},"end":{"line":307,"column":null}},"type":"binary-expr","locations":[{"start":{"line":290,"column":21},"end":{"line":290,"column":28}},{"start":{"line":291,"column":24},"end":{"line":306,"column":null}}]},"83":{"loc":{"start":{"line":296,"column":34},"end":{"line":298,"column":116}},"type":"cond-expr","locations":[{"start":{"line":297,"column":38},"end":{"line":297,"column":103}},{"start":{"line":298,"column":38},"end":{"line":298,"column":116}}]},"84":{"loc":{"start":{"line":301,"column":29},"end":{"line":306,"column":49}},"type":"cond-expr","locations":[{"start":{"line":302,"column":32},"end":{"line":303,"column":null}},{"start":{"line":306,"column":32},"end":{"line":306,"column":49}}]},"85":{"loc":{"start":{"line":320,"column":13},"end":{"line":467,"column":null}},"type":"cond-expr","locations":[{"start":{"line":321,"column":16},"end":{"line":331,"column":null}},{"start":{"line":334,"column":16},"end":{"line":466,"column":null}}]},"86":{"loc":{"start":{"line":329,"column":28},"end":{"line":329,"column":68}},"type":"if","locations":[{"start":{"line":329,"column":28},"end":{"line":329,"column":68}}]},"87":{"loc":{"start":{"line":338,"column":120},"end":{"line":338,"column":211}},"type":"cond-expr","locations":[{"start":{"line":338,"column":147},"end":{"line":338,"column":180}},{"start":{"line":338,"column":183},"end":{"line":338,"column":211}}]},"88":{"loc":{"start":{"line":338,"column":120},"end":{"line":338,"column":144}},"type":"binary-expr","locations":[{"start":{"line":338,"column":120},"end":{"line":338,"column":127}},{"start":{"line":338,"column":131},"end":{"line":338,"column":144}}]},"89":{"loc":{"start":{"line":341,"column":109},"end":{"line":341,"column":185}},"type":"cond-expr","locations":[{"start":{"line":341,"column":128},"end":{"line":341,"column":179}},{"start":{"line":341,"column":182},"end":{"line":341,"column":185}}]},"90":{"loc":{"start":{"line":346,"column":47},"end":{"line":346,"column":126}},"type":"cond-expr","locations":[{"start":{"line":346,"column":63},"end":{"line":346,"column":72}},{"start":{"line":346,"column":75},"end":{"line":346,"column":126}}]},"91":{"loc":{"start":{"line":354,"column":50},"end":{"line":354,"column":74}},"type":"binary-expr","locations":[{"start":{"line":354,"column":50},"end":{"line":354,"column":58}},{"start":{"line":354,"column":62},"end":{"line":354,"column":74}}]},"92":{"loc":{"start":{"line":358,"column":38},"end":{"line":358,"column":184}},"type":"binary-expr","locations":[{"start":{"line":358,"column":38},"end":{"line":358,"column":50}},{"start":{"line":358,"column":54},"end":{"line":358,"column":184}}]},"93":{"loc":{"start":{"line":360,"column":120},"end":{"line":360,"column":214}},"type":"cond-expr","locations":[{"start":{"line":360,"column":147},"end":{"line":360,"column":183}},{"start":{"line":360,"column":186},"end":{"line":360,"column":214}}]},"94":{"loc":{"start":{"line":360,"column":120},"end":{"line":360,"column":144}},"type":"binary-expr","locations":[{"start":{"line":360,"column":120},"end":{"line":360,"column":127}},{"start":{"line":360,"column":131},"end":{"line":360,"column":144}}]},"95":{"loc":{"start":{"line":363,"column":112},"end":{"line":363,"column":192}},"type":"cond-expr","locations":[{"start":{"line":363,"column":133},"end":{"line":363,"column":186}},{"start":{"line":363,"column":189},"end":{"line":363,"column":192}}]},"96":{"loc":{"st
[...]
ine":158,"column":66}},"type":"binary-expr","locations":[{"start":{"line":158,"column":23},"end":{"line":158,"column":61}},{"start":{"line":158,"column":65},"end":{"line":158,"column":66}}]},"11":{"loc":{"start":{"line":160,"column":23},"end":{"line":160,"column":63}},"type":"binary-expr","locations":[{"start":{"line":160,"column":23},"end":{"line":160,"column":58}},{"start":{"line":160,"column":62},"end":{"line":160,"column":63}}]},"12":{"loc":{"start":{"line":165,"column":8},"end":{"line":172,"column":9}},"type":"if","locations":[{"start":{"line":165,"column":8},"end":{"line":172,"column":9}},{"start":{"line":168,"column":15},"end":{"line":172,"column":9}}]},"13":{"loc":{"start":{"line":168,"column":15},"end":{"line":172,"column":9}},"type":"if","locations":[{"start":{"line":168,"column":15},"end":{"line":172,"column":9}}]},"14":{"loc":{"start":{"line":186,"column":4},"end":{"line":188,"column":5}},"type":"if","locations":[{"start":{"line":186,"column":4},"end":{"line":188,"column":5}}]},"15":{"loc":{"start":{"line":206,"column":4},"end":{"line":206,"column":56}},"type":"default-arg","locations":[{"start":{"line":206,"column":37},"end":{"line":206,"column":56}}]},"16":{"loc":{"start":{"line":208,"column":4},"end":{"line":208,"column":41}},"type":"default-arg","locations":[{"start":{"line":208,"column":20},"end":{"line":208,"column":41}}]},"17":{"loc":{"start":{"line":269,"column":4},"end":{"line":480,"column":5}},"type":"if","locations":[{"start":{"line":269,"column":4},"end":{"line":480,"column":5}}]},"18":{"loc":{"start":{"line":287,"column":32},"end":{"line":289,"column":28}},"type":"cond-expr","locations":[{"start":{"line":287,"column":68},"end":{"line":287,"column":81}},{"start":{"line":288,"column":12},"end":{"line":289,"column":28}}]},"19":{"loc":{"start":{"line":288,"column":12},"end":{"line":289,"column":28}},"type":"cond-expr","locations":[{"start":{"line":288,"column":69},"end":{"line":288,"column":82}},{"start":{"line":289,"column":16},"end":{"line":289,"column":28}}]},"20":{"loc":{"start":{"line":352,"column":8},"end":{"line":379,"column":9}},"type":"if","locations":[{"start":{"line":352,"column":8},"end":{"line":379,"column":9}}]},"21":{"loc":{"start":{"line":382,"column":8},"end":{"line":429,"column":9}},"type":"if","locations":[{"start":{"line":382,"column":8},"end":{"line":429,"column":9}}]},"22":{"loc":{"start":{"line":382,"column":12},"end":{"line":382,"column":70}},"type":"binary-expr","locations":[{"start":{"line":382,"column":12},"end":{"line":382,"column":33}},{"start":{"line":382,"column":37},"end":{"line":382,"column":70}}]},"23":{"loc":{"start":{"line":432,"column":8},"end":{"line":479,"column":9}},"type":"if","locations":[{"start":{"line":432,"column":8},"end":{"line":479,"column":9}}]},"24":{"loc":{"start":{"line":483,"column":4},"end":{"line":553,"column":5}},"type":"if","locations":[{"start":{"line":483,"column":4},"end":{"line":553,"column":5}}]},"25":{"loc":{"start":{"line":483,"column":8},"end":{"line":483,"column":60}},"type":"binary-expr","locations":[{"start":{"line":483,"column":8},"end":{"line":483,"column":29}},{"start":{"line":483,"column":33},"end":{"line":483,"column":60}}]},"26":{"loc":{"start":{"line":502,"column":30},"end":{"line":502,"column":51}},"type":"binary-expr","locations":[{"start":{"line":502,"column":30},"end":{"line":502,"column":45}},{"start":{"line":502,"column":49},"end":{"line":502,"column":51}}]},"27":{"loc":{"start":{"line":503,"column":16},"end":{"line":503,"column":83}},"type":"if","locations":[{"start":{"line":503,"column":16},"end":{"line":503,"column":83}}]},"28":{"loc":{"start":{"line":526,"column":32},"end":{"line":528,"column":32}},"type":"cond-expr","locations":[{"start":{"line":526,"column":52},"end":{"line":526,"column":65}},{"start":{"line":527,"column":16},"end":{"line":528,"column":32}}]},"29":{"loc":{"start":{"line":527,"column":16},"end":{"line":528,"column":32}},"type":"cond-expr","locations":[{"start":{"line":527,"column":57},"end":{"line":527,"column":70}},{"start":{"line":528,"column":20},"end":{"line":528,"column":32}}]},"30":{"loc":{"start":{"line":530,"column":31},"end":{"line":532,"column":23}},"type":"cond-expr","locations":[{"start":{"line":530,"column":51},"end":{"line":530,"column":54}},{"start":{"line":531,"column":16},"end":{"line":532,"column":23}}]},"31":{"loc":{"start":{"line":531,"column":16},"end":{"line":532,"column":23}},"type":"cond-expr","locations":[{"start":{"line":531,"column":57},"end":{"line":531,"column":60}},{"start":{"line":532,"column":20},"end":{"line":532,"column":23}}]},"32":{"loc":{"start":{"line":556,"column":4},"end":{"line":622,"column":5}},"type":"if","locations":[{"start":{"line":556,"column":4},"end":{"line":622,"column":5}}]},"33":{"loc":{"start":{"line":556,"column":8},"end":{"line":556,"column":59}},"type":"binary-expr","locations":[{"start":{"line":556,"column":8},"end":{"line":556,"column":28}},{"start":{"line":556,"column":32},"end":{"line":556,"column":59}}]},"34":{"loc":{"start":{"line":579,"column":34},"end":{"line":579,"column":55}},"type":"binary-expr","locations":[{"start":{"line":579,"column":34},"end":{"line":579,"column":49}},{"start":{"line":579,"column":53},"end":{"line":579,"column":55}}]},"35":{"loc":{"start":{"line":580,"column":72},"end":{"line":580,"column":100}},"type":"binary-expr","locations":[{"start":{"line":580,"column":72},"end":{"line":580,"column":95}},{"start":{"line":580,"column":99},"end":{"line":580,"column":100}}]},"36":{"loc":{"start":{"line":581,"column":68},"end":{"line":581,"column":93}},"type":"binary-expr","locations":[{"start":{"line":581,"column":68},"end":{"line":581,"column":88}},{"start":{"line":581,"column":92},"end":{"line":581,"column":93}}]},"37":{"loc":{"start":{"line":625,"column":4},"end":{"line":731,"column":5}},"type":"if","locations":[{"start":{"line":625,"column":4},"end":{"line":731,"column":5}}]},"38":{"loc":{"start":{"line":643,"column":26},"end":{"line":643,"column":47}},"type":"binary-expr","locations":[{"start":{"line":643,"column":26},"end":{"line":643,"column":41}},{"start":{"line":643,"column":45},"end":{"line":643,"column":47}}]},"39":{"loc":{"start":{"line":644,"column":40},"end":{"line":649,"column":19}},"type":"cond-expr","locations":[{"start":{"line":645,"column":18},"end":{"line":648,"column":37}},{"start":{"line":649,"column":18},"end":{"line":649,"column":19}}]},"40":{"loc":{"start":{"line":652,"column":31},"end":{"line":654,"column":32}},"type":"cond-expr","locations":[{"start":{"line":652,"column":60},"end":{"line":652,"column":73}},{"start":{"line":653,"column":16},"end":{"line":654,"column":32}}]},"41":{"loc":{"start":{"line":653,"column":16},"end":{"line":654,"column":32}},"type":"cond-expr","locations":[{"start":{"line":653,"column":66},"end":{"line":653,"column":79}},{"start":{"line":654,"column":20},"end":{"line":654,"column":32}}]},"42":{"loc":{"start":{"line":692,"column":36},"end":{"line":694,"column":36}},"type":"cond-expr","locations":[{"start":{"line":692,"column":69},"end":{"line":692,"column":82}},{"start":{"line":693,"column":20},"end":{"line":694,"column":36}}]},"43":{"loc":{"start":{"line":693,"column":20},"end":{"line":694,"column":36}},"type":"cond-expr","locations":[{"start":{"line":693,"column":52},"end":{"line":693,"column":65}},{"start":{"line":694,"column":24},"end":{"line":694,"column":36}}]},"44":{"loc":{"start":{"line":717,"column":12},"end":{"line":729,"column":13}},"type":"if","locations":[{"start":{"line":717,"column":12},"end":{"line":729,"column":13}}]}},"s":{"0":1,"1":1,"2":1,"3":1,"4":1,"5":0,"6":0,"7":0,"8":0,"9":0,"10":0,"11":0,"12":0,"13":0,"14":0,"15":0,"16":0,"17":0,"18":0,"19":0,"20":0,"21":0,"22":0,"23":0,"24":0,"25":0,"26":0,"27":0,"28":0,"29":0,"30":0,"31":0,"32":0,"33":0,"34":0,"35":0,"36":0,"37":0,"38":0,"39":0,"40":0,"41":0,"42":0,"43":0,"44":0,"45":0,"46":0,"47":0,"48":0,"49":0,"50":0,"51":0,"52":0,"53":0,"54":0,"55":0,"56":0,"57":0,"58":0,"59":0,"60":0,"61":0,"62":0,"63":0,"64":0,"65":0,"66":0,"67":0,"68":0,"69":0,"70":0,"71":0,"72":0,"73":0,"74":0,"75":0,"76":0,"77":0,"78":0,"79":0,"80":0,"81":0,"82":0,"83":0,"84":0,"85":0,"86":0,"87":0,"88":0,"89":0,"90":0,"91":0,"92":0,"93":0,"94":0,"95":0,"96":0,"97":0,"98":0,"99":0,"100":0,"101":0,"102":0,"103":0,"104":0,"105":0,"106":0,"107":0,"108":0,"109":0,"110":0,"111":0,"112":0,"113":0,"114":0,"115":0,"116":0,"117":0,"118":0,"119":0,"120":0,"121":0,"122":0,"123":0,"124":0,"125":0,"126":0,"127":0,"128":0,"129":0,"130":0,"131":0,"132":0,"133":0,"134":0,"135":0,"136":0,"137":0,"138":0,"139":0,"140":0,"141":0,"142":0,"143":0,"144":0,"145":0,"146":0,"147":0,"148":0,"149":0,"150":0,"151":0,"152":0,"153":0,"154":0,"155":0,"156":0,"157":0,"158":0,"159":0,"160":0,"161":0,"162":0,"163":0,"164":0,"165":0,"166":0,"167":0,"168":0,"169":0,"170":0,"171":0,"172":0,"173":0,"174":0,"175":0,"176":0,"177":0,"178":0,"179":0,"180":0,"181":0,"182":0,"183":0,"184":0,"185":0,"186":0,"187":0,"188":0,"189":0,"190":0,"191":0,"192":0,"193":0,"194":0,"195":0,"196":0,"197":0},"f":{"0":0,"1":0,"2":0,"3":0,"4":0,"5":0,"6":0,"7":0,"8":0,"9":0,"10":0,"11":0,"12":0,"13":0,"14":0,"15":0,"16":0,"17":0,"18":0,"19":0,"20":0,"21":0,"22":0,"23":0,"24":0,"25":0,"26":0,"27":0,"28":0,"29":0,"30":0,"31":0,"32":0,"33":0,"34":0,"35":0,"36":0,"37":0,"38":0,"39":0,"40":0,"41":0},"b":{"0":[0,0],"1":[0],"2":[0,0],"3":[0,0],"4":[0,0],"5":[0,0],"6":[0],"7":[0],"8":[0,0],"9":[0,0],"10":[0,0],"11":[0,0],"12":[0,0],"13":[0],"14":[0],"15":[0],"16":[0],"17":[0],"18":[0,0],"19":[0,0],"20":[0],"21":[0],"22":[0,0],"23":[0],"24":[0],"25":[0,0],"26":[0,0],"27":[0],"28":[0,0],"29":[0,0],"30":[0,0],"31":[0,0],"32":[0],"33":[0,0],"34":[0,0],"35":[0,0],"36":[0,0],"37":[0],"38":[0,0],"39":[0,0],"40":[0,0],"41":[0,0],"42":[0,0],"43":[0,0],"44":[0]}}
,"C:\\Users\\LeonPrior\\OneDrive - Prior Consultoría\\Documentos\\CONSULTORÍAS 2025\\IPS\\IA\\APP TABLERO\\utils\\weeklyUtils.ts": {"path":"C:\\Users\\LeonPrior\\OneDrive - Prior Consultoría\\Documentos\\CONSULTORÍAS 2025\\IPS\\IA\\APP TABLERO\\utils\\weeklyUtils.ts","statementMap":{"0":{"start":{"line":8,"column":29},"end":{"line":19,"column":1}},"1":{"start":{"line":9,"column":14},"end":{"line":9,"column":85}},"2":{"start":{"line":10,"column":19},"end":{"line":10,"column":60}},"3":{"start":{"line":11,"column":4},"end":{"line":15,"column":5}},"4":{"start":{"line":12,"column":8},"end":{"line":12,"column":50}},"5":{"start":{"line":14,"column":8},"end":{"line":14,"column":50}},"6":{"start":{"line":16,"column":22},"end":{"line":16,"column":66}},"7":{"start":{"line":17,"column":19},"end":{"line":17,"column":88}},"8":{"start":{"line":18,"column":4},"end":{"line":18,"column":18}},"9":{"start":{"line":8,"column":13},"end":{"line":8,"column":29}},"10":{"start":{"line":32,"column":34},"end":{"line":75,"column":1}},"11":{"start":{"line":33,"column":33},"end":{"line":33,"column":35}},"12":{"start":{"line":34,"column":20},"end":{"line":34,"column":40}},"13":{"start":{"line":37,"column":16},"end":{"line":37,"column":32}},"14":{"start":{"line":38,"column":17},"end":{"line":38,"column":62}},"15":{"start":{"line":39,"column":4},"end":{"line":39,"column":46}},"16":{"start":{"line":41,"column":4},"end":{"line":73,"column":5}},"17":{"start":{"line":41,"column":17},"end":{"line":41,"column":18}},"18":{"start":{"line":42,"column":26},"end":{"line":42,"column":43}},"19":{"start":{"line":43,"column":24},"end":{"line":43,"column":41}},"20":{"start":{"line":44,"column":8},"end":{"line":44,"column":47}},"21":{"start":{"line":46,"column":55},"end":{"line":46,"column":57}},"22":{"start":{"line":48,"column":21},"end":{"line":48,"column":40}},"23":{"start":{"line":49,"column":8},"end":{"line":60,"column":9}},"24":{"start":{"line":49,"column":21},"end":{"line":49,"column":22}},"25":{"start":{"line":50,"column":32},"end":{"line":50,"column":50}},"26":{"start":{"line":51,"column":33},"end":{"line":51,"column":48}},"27":{"start":{"line":55,"column":12},"end":{"line":56,"column":61}},"28":{"start":{"line":55,"column":36},"end":{"line":55,"column":55}},"29":{"start":{"line":56,"column":17},"end":{"line":56,"column":61}},"30":{"start":{"line":56,"column":41},"end":{"line":56,"column":61}},"31":{"start":{"line":58,"column":12},"end":{"line":58,"column":91}},"32":{"start":{"line":59,"column":12},"end":{"line":59,"column":45}},"33":{"start":{"line":62,"column":8},"end":{"line":69,"column":9}},"34":{"start":{"line":63,"column":12},"end":{"line":68,"column":15}},"35":{"start":{"line":71,"column":8},"end":{"line":71,"column":47}},"36":{"start":{"line":72,"column":8},"end":{"line":72,"column":74}},"37":{"start":{"line":72,"column":68},"end":{"line":72,"column":74}},"38":{"start":{"line":74,"column":4},"end":{"line":74,"column":17}},"39":{"start":{"line":32,"column":13},"end":{"line":32,"column":34}},"40":{"start":{"line":80,"column":40},"end":{"line":114,"column":1}},"41":{"start":{"line":87,"column":20},"end":{"line":87,"column":54}},"42":{"start":{"line":88,"column":25},"end":{"line":88,"column":42}},"43":{"start":{"line":89,"column":27},"end":{"line":89,"column":44}},"44":{"start":{"line":91,"column":4},"end":{"line":101,"column":7}},"45":{"start":{"line":92,"column":8},"end":{"line":92,"column":59}},"46":{"start":{"line":92,"column":52},"end":{"line":92,"column":59}},"47":{"start":{"line":93,"column":20},"end":{"line":93,"column":37}},"48":{"start":{"line":94,"column":8},"end":{"line":94,"column":54}},"49":{"start":{"line":94,"column":47},"end":{"line":94,"column":54}},"50":{"start":{"line":96,"column":8},"end":{"line":100,"column":11}},"51":{"start":{"line":97,"column":22},"end":{"line":97,"column":36}},"52":{"start":{"line":98,"column":12},"end":{"line":98,"column":46}},"53":{"start":{"line":99,"column":12},"end":{"line":99,"column":40}},"54":{"start":{"line":103,"column":4},"end":{"line":113,"column":7}},"55":{"start":{"line":104,"column":8},"end":{"line":104,"column":49}},"56":{"start":{"line":104,"column":37},"end":{"line":104,"column":49}},"57":{"start":{"line":109,"column":8},"end":{"line":109,"column":39}},"58":{"start":{"line":109,"column":28},"end":{"line":109,"column":39}},"59":{"start":{"line":112,"column":8},"end":{"line":112,"column":39}},"60":{"start":{"line":80,"column":13},"end":{"line":80,"column":40}}},"fnMap":{"0":{"name":"(anonymous_0)","decl":{"start":{"line":8,"column":29},"end":{"line":8,"column":30}},"loc":{"start":{"line":8,"column":73},"end":{"line":19,"column":1}}},"1":{"name":"(anonymous_1)","decl":{"start":{"line":32,"column":34},"end":{"line":32,"column":35}},"loc":{"start":{"line":32,"column":87},"end":{"line":75,"column":1}}},"2":{"name":"(anonymous_2)","decl":{"start":{"line":80,"column":40},"end":{"line":80,"column":null}},"loc":{"start":{"line":86,"column":23},"end":{"line":114,"column":1}}},"3":{"name":"(anonymous_3)","decl":{"start":{"line":91,"column":20},"end":{"line":91,"column":21}},"loc":{"start":{"line":91,"column":34},"end":{"line":101,"column":5}}},"4":{"name":"(anonymous_4)","decl":{"start":{"line":96,"column":56},"end":{"line":96,"column":57}},"loc":{"start":{"line":96,"column":75},"end":{"line":100,"column":9}}},"5":{"name":"(anonymous_5)","decl":{"start":{"line":103,"column":28},"end":{"line":103,"column":29}},"loc":{"start":{"line":103,"column":39},"end":{"line":113,"column":5}}}},"branchMap":{"0":{"loc":{"start":{"line":8,"column":42},"end":{"line":8,"column":61}},"type":"default-arg","locations":[{"start":{"line":8,"column":60},"end":{"line":8,"column":61}}]},"1":{"loc":{"start":{"line":10,"column":19},"end":{"line":10,"column":60}},"type":"binary-expr","locations":[{"start":{"line":10,"column":19},"end":{"line":10,"column":32}},{"start":{"line":10,"column":37},"end":{"line":10,"column":59}}]},"2":{"loc":{"start":{"line":10,"column":37},"end":{"line":10,"column":59}},"type":"cond-expr","locations":[{"start":{"line":10,"column":54},"end":{"line":10,"column":55}},{"start":{"line":10,"column":58},"end":{"line":10,"column":59}}]},"3":{"loc":{"start":{"line":11,"column":4},"end":{"line":15,"column":5}},"type":"if","locations":[{"start":{"line":11,"column":4},"end":{"line":15,"column":5}},{"start":{"line":13,"column":11},"end":{"line":15,"column":5}}]},"4":{"loc":{"start":{"line":32,"column":49},"end":{"line":32,"column":68}},"type":"default-arg","locations":[{"start":{"line":32,"column":67},"end":{"line":32,"column":68}}]},"5":{"loc":{"start":{"line":38,"column":18},"end":{"line":38,"column":50}},"type":"cond-expr","locations":[{"start":{"line":38,"column":36},"end":{"line":38,"column":43}},{"start":{"line":38,"column":47},"end":{"line":38,"column":50}}]},"6":{"loc":{"start":{"line":55,"column":12},"end":{"line":56,"column":61}},"type":"if","locations":[{"start":{"line":55,"column":12},"end":{"line":56,"column":61}},{"start":{"line":56,"column":17},"end":{"line":56,"column":61}}]},"7":{"loc":{"start":{"line":56,"column":17},"end":{"line":56,"column":61}},"type":"if","locations":[{"start":{"line":56,"column":17},"end":{"line":56,"column":61}}]},"8":{"loc":{"start":{"line":58,"column":45},"end":{"line":58,"column":79}},"type":"binary-expr","locations":[{"start":{"line":58,"column":45},"end":{"line":58,"column":74}},{"start":{"line":58,"column":78},"end":{"line":58,"column":79}}]},"9":{"loc":{"start":{"line":62,"column":8},"end":{"line":69,"column":9}},"type":"if","locations":[{"start":{"line":62,"column":8},"end":{"line":69,"column":9}}]},"10":{"loc":{"start":{"line":72,"column":8},"end":{"line":72,"column":74}},"type":"if","locations":[{"start":{"line":72,"column":8},"end":{"line":72,"column":74}}]},"11":{"loc":{"start":{"line":72,"column":12},"end":{"line":72,"column":66}},"type":"binary-expr","locations":[{"start":{"line":72,"column":12},"end":{"line":72,"column":40}},{"start":{"line":72,"column":44},"end":{"line":72,"column":66}}]},"12":{"loc":{"start":{"line":83,"column":4},"end":{"line":83,"column":23}},"type":"default-arg","locations":[{"start":{"line":83,"column":22},"end":{"line":83,"column":23}}]},"13":{"loc":{"start":{"line":85,"column":4},"end":{"line":85,"column":39}},"type":"default-arg","locations":[{"start":{"line":85,"column":30},"end":{"line":85,"column":39}}]},"14":{"loc":{"start":{"line":92,"column":8},"end":{"line":92,"column":59}},"type":"if","locations":[{"start":{"line":92,"column":8},"end":{"line":92,"column":59}}]},"15":{"loc":{"start":{"line":92,"column":12},"end":{"line":92,"column":50}},"type":"binary-expr","locations":[{"start":{"line":92,"column":12},"end":{"line":92,"column":33}},{"start":{"line":92,"column":37},"end":{"line":92,"column":50}}]},"16":{"loc":{"start":{"line":94,"column":8},"end":{"line":94,"column":54}},"type":"if","locations":[{"start":{"line":94,"column":8},"end":{"line":94,"column":54}}]},"17":{"loc":{"start":{"line":94,"column":12},"end":{"line":94,"column":45}},"type":"binary-expr","locations":[{"start":{"line":94,"column":12},"end":{"line":94,"column":24}},{"start":{"line":94,"column":28},"end":{"line":94,"column":45}}]},"18":{"loc":{"start":{"line":104,"column":8},"end":{"line":104,"column":49}},"type":"if","locations":[{"start":{"line":104,"column":8},"end":{"line":104,"column":49}}]},"19":{"loc":{"start":{"line":109,"column":8},"end":{"line":109,"column":39}},"type":"if","locations":[{"start":{"line":109,"column":8},"end":{"line":109,"column":39}}]}},"s":{"0":6,"1":6,"2":6,"3":6,"4":5,"5":1,"6":6,"7":6,"8":6,"9":6,"10":6,"11":8,"12":8,"13":8,"14":8,"15":8,"16":8,"17":8,"18":424,"19":424,"20":424,"21":424,"22":424,"23":424,"24":424,"25":2968,"26":2968,"27":2968,"28":18,"29":2950,"30":30,"31":2968,"32":2968,"33":424,"34":424,"35":424,"36":424,"37":0,"38":8,"39":6,"40":6,"41":3,"42":3,"43":3,"44":3,"45":159,"46":0,"47":159,"48":159,"49":53,"50":106,"51":124,"52":124,"53":124,"54":3,"55":36,"56":12,"57":24,"58":12,"59":12,"60":6},"f":{"0":6,"1":8,"2":3,"3":159,"4":124,"5":36},"b":{"0":[1],"1":[6,3],"2":[3,0],"3":[5,1],"4":[2],"5":[0,8],"6":[18,2950],"7":[30],"8":[2968,498],"9":[424],"10":[0],"11":[424,8],"12":[1],"13":[1],"14":[0],"15":[159,0],"16":[53],"17":[159,106],"18":[12],"19":[12]}}
}
