TN:
SF:types.ts
FN:30,(anonymous_0)
FN:122,(anonymous_1)
FN:128,(anonymous_2)
FNF:3
FNH:3
FNDA:1,(anonymous_0)
FNDA:1,(anonymous_1)
FNDA:1,(anonymous_2)
DA:30,1
DA:31,1
DA:32,1
DA:122,1
DA:123,1
DA:124,1
DA:125,1
DA:128,1
DA:129,1
DA:130,1
LF:10
LH:10
BRDA:30,0,0,1
BRDA:30,0,1,1
BRDA:122,1,0,1
BRDA:122,1,1,1
BRDA:128,2,0,1
BRDA:128,2,1,1
BRF:6
BRH:6
end_of_record
TN:
SF:components\AIAnalysisModal.tsx
FN:12,(anonymous_1)
FN:19,(anonymous_2)
FN:83,(anonymous_3)
FN:111,(anonymous_4)
FN:131,(anonymous_5)
FNF:5
FNH:1
FNDA:6,(anonymous_1)
FNDA:0,(anonymous_2)
FNDA:0,(anonymous_3)
FNDA:0,(anonymous_4)
FNDA:0,(anonymous_5)
DA:1,1
DA:12,1
DA:13,6
DA:15,0
DA:19,0
DA:84,0
DA:112,0
DA:132,0
LF:8
LH:3
BRDA:13,0,0,6
BRDA:44,1,0,0
BRDA:44,1,1,0
BRDA:55,2,0,0
BRDA:55,2,1,0
BRDA:64,3,0,0
BRDA:64,3,1,0
BRDA:74,4,0,0
BRDA:74,4,1,0
BRDA:94,5,0,0
BRDA:94,5,1,0
BRDA:102,6,0,0
BRDA:102,6,1,0
BRDA:122,7,0,0
BRDA:122,7,1,0
BRF:15
BRH:1
end_of_record
TN:
SF:components\ActionPlan.tsx
FN:19,(anonymous_9)
FN:67,(anonymous_10)
FN:71,(anonymous_11)
FN:72,(anonymous_12)
FN:75,(anonymous_13)
FN:81,(anonymous_14)
FN:82,(anonymous_15)
FN:87,(anonymous_16)
FN:95,(anonymous_17)
FN:118,(anonymous_18)
FN:140,(anonymous_19)
FN:144,(anonymous_20)
FN:154,(anonymous_21)
FN:160,(anonymous_22)
FN:167,(anonymous_23)
FN:176,(anonymous_24)
FN:196,(anonymous_25)
FN:223,(anonymous_26)
FNF:18
FNH:0
FNDA:0,(anonymous_9)
FNDA:0,(anonymous_10)
FNDA:0,(anonymous_11)
FNDA:0,(anonymous_12)
FNDA:0,(anonymous_13)
FNDA:0,(anonymous_14)
FNDA:0,(anonymous_15)
FNDA:0,(anonymous_16)
FNDA:0,(anonymous_17)
FNDA:0,(anonymous_18)
FNDA:0,(anonymous_19)
FNDA:0,(anonymous_20)
FNDA:0,(anonymous_21)
FNDA:0,(anonymous_22)
FNDA:0,(anonymous_23)
FNDA:0,(anonymous_24)
FNDA:0,(anonymous_25)
FNDA:0,(anonymous_26)
DA:1,1
DA:19,1
DA:20,0
DA:21,0
DA:23,0
DA:26,0
DA:65,0
DA:67,0
DA:68,0
DA:71,0
DA:72,0
DA:75,0
DA:76,0
DA:77,0
DA:78,0
DA:81,0
DA:82,0
DA:83,0
DA:84,0
DA:87,0
DA:88,0
DA:89,0
DA:90,0
DA:91,0
DA:95,0
DA:96,0
DA:97,0
DA:98,0
DA:99,0
DA:103,0
DA:119,0
DA:120,0
DA:141,0
DA:144,0
DA:154,0
DA:160,0
DA:167,0
DA:176,0
DA:196,0
DA:224,0
LF:40
LH:2
BRDA:19,0,0,0
BRDA:19,1,0,0
BRDA:20,2,0,0
BRDA:20,2,1,0
BRDA:23,3,0,0
BRDA:23,3,1,0
BRDA:65,4,0,0
BRDA:65,4,1,0
BRDA:82,5,0,0
BRDA:82,5,1,0
BRDA:82,5,2,0
BRDA:88,6,0,0
BRDA:88,6,1,0
BRDA:88,6,2,0
BRDA:88,6,3,0
BRDA:96,7,0,0
BRDA:96,7,1,0
BRDA:96,7,2,0
BRDA:96,7,3,0
BRDA:113,8,0,0
BRDA:113,8,1,0
BRDA:116,9,0,0
BRDA:116,9,1,0
BRDA:116,9,2,0
BRDA:119,10,0,0
BRDA:124,11,0,0
BRDA:124,11,1,0
BRDA:129,12,0,0
BRDA:129,12,1,0
BRDA:166,13,0,0
BRDA:166,13,1,0
BRDA:212,14,0,0
BRDA:212,14,1,0
BRDA:230,15,0,0
BRDA:230,15,1,0
BRDA:234,16,0,0
BRDA:234,16,1,0
BRDA:246,17,0,0
BRDA:246,17,1,0
BRF:39
BRH:0
end_of_record
TN:
SF:components\ActivityManager.tsx
FN:39,(anonymous_9)
FN:50,(anonymous_10)
FN:60,(anonymous_11)
FN:64,(anonymous_12)
FN:75,(anonymous_13)
FN:80,(anonymous_14)
FN:81,(anonymous_15)
FN:81,(anonymous_16)
FN:85,(anonymous_17)
FN:86,(anonymous_18)
FN:86,(anonymous_19)
FN:91,(anonymous_20)
FN:92,(anonymous_21)
FN:97,(anonymous_22)
FN:98,(anonymous_23)
FN:99,(anonymous_24)
FN:171,(anonymous_25)
FN:181,(anonymous_26)
FN:182,(anonymous_27)
FN:205,(anonymous_28)
FN:213,(anonymous_29)
FN:214,(anonymous_30)
FN:215,(anonymous_31)
FN:244,(anonymous_32)
FN:251,(anonymous_33)
FN:258,(anonymous_34)
FN:272,(anonymous_35)
FN:279,(anonymous_36)
FN:286,(anonymous_37)
FN:296,(anonymous_38)
FN:302,(anonymous_39)
FN:326,(anonymous_40)
FN:335,(anonymous_41)
FNF:33
FNH:9
FNDA:4,(anonymous_9)
FNDA:4,(anonymous_10)
FNDA:4,(anonymous_11)
FNDA:0,(anonymous_12)
FNDA:0,(anonymous_13)
FNDA:0,(anonymous_14)
FNDA:0,(anonymous_15)
FNDA:0,(anonymous_16)
FNDA:0,(anonymous_17)
FNDA:0,(anonymous_18)
FNDA:0,(anonymous_19)
FNDA:4,(anonymous_20)
FNDA:6,(anonymous_21)
FNDA:4,(anonymous_22)
FNDA:6,(anonymous_23)
FNDA:6,(anonymous_24)
FNDA:0,(anonymous_25)
FNDA:0,(anonymous_26)
FNDA:0,(anonymous_27)
FNDA:6,(anonymous_28)
FNDA:0,(anonymous_29)
FNDA:0,(anonymous_30)
FNDA:0,(anonymous_31)
FNDA:0,(anonymous_32)
FNDA:0,(anonymous_33)
FNDA:0,(anonymous_34)
FNDA:0,(anonymous_35)
FNDA:0,(anonymous_36)
FNDA:0,(anonymous_37)
FNDA:0,(anonymous_38)
FNDA:0,(anonymous_39)
FNDA:0,(anonymous_40)
FNDA:0,(anonymous_41)
DA:1,2
DA:2,2
DA:3,2
DA:4,2
DA:39,2
DA:50,4
DA:52,4
DA:55,4
DA:56,4
DA:57,4
DA:60,4
DA:61,4
DA:64,4
DA:65,0
DA:66,0
DA:68,0
DA:75,0
DA:76,0
DA:77,0
DA:80,4
DA:81,0
DA:82,0
DA:85,4
DA:86,0
DA:87,0
DA:91,4
DA:92,4
DA:93,6
DA:97,4
DA:98,6
DA:99,6
DA:101,4
DA:102,4
DA:103,1
DA:104,3
DA:105,0
DA:106,3
DA:107,0
DA:109,3
DA:114,4
DA:118,4
DA:171,0
DA:181,0
DA:182,0
DA:206,6
DA:213,0
DA:214,0
DA:215,0
DA:244,0
DA:252,0
DA:253,0
DA:258,0
DA:272,0
DA:280,0
DA:281,0
DA:286,0
DA:296,0
DA:302,0
DA:326,0
DA:335,0
DA:355,4
DA:358,2
DA:359,2
LF:63
LH:33
BRDA:45,0,0,0
BRDA:47,1,0,4
BRDA:52,2,0,4
BRDA:52,2,1,0
BRDA:66,3,0,0
BRDA:87,4,0,0
BRDA:87,4,1,0
BRDA:102,5,0,1
BRDA:102,5,1,3
BRDA:102,6,0,4
BRDA:102,6,1,1
BRDA:104,7,0,0
BRDA:104,7,1,3
BRDA:105,8,0,0
BRDA:105,8,1,0
BRDA:105,9,0,0
BRDA:105,9,1,0
BRDA:105,10,0,0
BRDA:105,10,1,0
BRDA:106,11,0,0
BRDA:106,11,1,3
BRDA:107,12,0,0
BRDA:107,12,1,0
BRDA:109,13,0,0
BRDA:109,13,1,3
BRDA:126,14,0,0
BRDA:126,14,1,4
BRDA:127,15,0,0
BRDA:127,15,1,4
BRDA:132,16,0,4
BRDA:132,16,1,4
BRDA:144,17,0,0
BRDA:144,17,1,4
BRDA:144,18,0,0
BRDA:144,18,1,4
BRDA:182,19,0,0
BRDA:182,19,1,0
BRDA:199,20,0,1
BRDA:199,20,1,3
BRDA:208,21,0,0
BRDA:208,21,1,6
BRDA:215,22,0,0
BRDA:215,22,1,0
BRDA:218,23,0,3
BRDA:218,23,1,3
BRDA:225,24,0,3
BRDA:225,24,1,3
BRDA:250,25,0,6
BRDA:250,25,1,0
BRDA:253,26,0,0
BRDA:253,26,1,0
BRDA:278,27,0,6
BRDA:278,27,1,0
BRDA:281,28,0,0
BRDA:281,28,1,0
BRDA:296,29,0,0
BRDA:296,29,1,0
BRDA:324,30,0,4
BRDA:324,30,1,0
BRDA:327,31,0,0
BRDA:327,31,1,0
BRDA:340,32,0,4
BRDA:340,32,1,0
BRF:63
BRH:26
end_of_record
TN:
SF:components\CurrentPeriodFocus.tsx
FN:21,(anonymous_9)
FN:53,(anonymous_10)
FN:75,(anonymous_11)
FN:84,(anonymous_12)
FN:90,(anonymous_13)
FN:110,(anonymous_14)
FN:115,(anonymous_15)
FN:137,(anonymous_16)
FN:152,(anonymous_17)
FN:152,(anonymous_18)
FN:156,(anonymous_19)
FN:156,(anonymous_20)
FN:160,(anonymous_21)
FN:192,(anonymous_22)
FN:195,(anonymous_23)
FN:207,(anonymous_24)
FN:209,(anonymous_25)
FN:212,(anonymous_26)
FN:214,(anonymous_27)
FN:248,(anonymous_28)
FN:271,(anonymous_29)
FN:282,(anonymous_30)
FN:326,(anonymous_31)
FN:327,(anonymous_32)
FN:347,(anonymous_33)
FN:348,(anonymous_34)
FN:349,(anonymous_35)
FN:371,(anonymous_36)
FN:372,(anonymous_37)
FN:373,(anonymous_38)
FN:390,(anonymous_39)
FN:405,(anonymous_40)
FN:466,(anonymous_41)
FN:481,(anonymous_42)
FN:482,(anonymous_43)
FN:492,(anonymous_44)
FN:493,(anonymous_45)
FNF:37
FNH:0
FNDA:0,(anonymous_9)
FNDA:0,(anonymous_10)
FNDA:0,(anonymous_11)
FNDA:0,(anonymous_12)
FNDA:0,(anonymous_13)
FNDA:0,(anonymous_14)
FNDA:0,(anonymous_15)
FNDA:0,(anonymous_16)
FNDA:0,(anonymous_17)
FNDA:0,(anonymous_18)
FNDA:0,(anonymous_19)
FNDA:0,(anonymous_20)
FNDA:0,(anonymous_21)
FNDA:0,(anonymous_22)
FNDA:0,(anonymous_23)
FNDA:0,(anonymous_24)
FNDA:0,(anonymous_25)
FNDA:0,(anonymous_26)
FNDA:0,(anonymous_27)
FNDA:0,(anonymous_28)
FNDA:0,(anonymous_29)
FNDA:0,(anonymous_30)
FNDA:0,(anonymous_31)
FNDA:0,(anonymous_32)
FNDA:0,(anonymous_33)
FNDA:0,(anonymous_34)
FNDA:0,(anonymous_35)
FNDA:0,(anonymous_36)
FNDA:0,(anonymous_37)
FNDA:0,(anonymous_38)
FNDA:0,(anonymous_39)
FNDA:0,(anonymous_40)
FNDA:0,(anonymous_41)
FNDA:0,(anonymous_42)
FNDA:0,(anonymous_43)
FNDA:0,(anonymous_44)
FNDA:0,(anonymous_45)
DA:1,1
DA:3,1
DA:4,1
DA:6,1
DA:7,1
DA:8,1
DA:9,1
DA:21,1
DA:31,0
DA:32,0
DA:33,0
DA:34,0
DA:35,0
DA:36,0
DA:37,0
DA:38,0
DA:39,0
DA:41,0
DA:46,0
DA:48,0
DA:49,0
DA:50,0
DA:51,0
DA:53,0
DA:54,0
DA:55,0
DA:56,0
DA:58,0
DA:59,0
DA:60,0
DA:61,0
DA:62,0
DA:65,0
DA:67,0
DA:68,0
DA:69,0
DA:70,0
DA:75,0
DA:76,0
DA:77,0
DA:82,0
DA:84,0
DA:85,0
DA:86,0
DA:87,0
DA:90,0
DA:91,0
DA:92,0
DA:93,0
DA:94,0
DA:96,0
DA:97,0
DA:98,0
DA:99,0
DA:100,0
DA:102,0
DA:103,0
DA:104,0
DA:105,0
DA:107,0
DA:110,0
DA:111,0
DA:112,0
DA:115,0
DA:116,0
DA:117,0
DA:118,0
DA:119,0
DA:122,0
DA:123,0
DA:125,0
DA:126,0
DA:127,0
DA:128,0
DA:132,0
DA:133,0
DA:137,0
DA:138,0
DA:139,0
DA:140,0
DA:141,0
DA:142,0
DA:143,0
DA:146,0
DA:149,0
DA:150,0
DA:151,0
DA:152,0
DA:154,0
DA:155,0
DA:156,0
DA:160,0
DA:161,0
DA:162,0
DA:163,0
DA:164,0
DA:165,0
DA:170,0
DA:171,0
DA:172,0
DA:173,0
DA:174,0
DA:175,0
DA:176,0
DA:177,0
DA:178,0
DA:179,0
DA:181,0
DA:182,0
DA:183,0
DA:184,0
DA:185,0
DA:186,0
DA:187,0
DA:188,0
DA:189,0
DA:191,0
DA:192,0
DA:195,0
DA:196,0
DA:202,0
DA:204,0
DA:205,0
DA:207,0
DA:208,0
DA:209,0
DA:212,0
DA:213,0
DA:214,0
DA:217,0
DA:248,0
DA:271,0
DA:282,0
DA:326,0
DA:328,0
DA:329,0
DA:347,0
DA:348,0
DA:350,0
DA:351,0
DA:352,0
DA:371,0
DA:372,0
DA:374,0
DA:375,0
DA:376,0
DA:390,0
DA:405,0
DA:466,0
DA:481,0
DA:483,0
DA:484,0
DA:485,0
DA:486,0
DA:489,0
DA:492,0
DA:493,0
DA:495,0
DA:496,0
DA:497,0
DA:498,0
DA:499,0
DA:501,0
DA:502,0
DA:503,0
DA:504,0
DA:507,0
DA:508,0
LF:168
LH:8
BRDA:28,0,0,0
BRDA:37,1,0,0
BRDA:37,1,1,0
BRDA:41,2,0,0
BRDA:41,3,0,0
BRDA:41,4,0,0
BRDA:41,5,0,0
BRDA:41,6,0,0
BRDA:41,7,0,0
BRDA:41,8,0,0
BRDA:41,8,1,0
BRDA:51,9,0,0
BRDA:51,9,1,0
BRDA:54,10,0,0
BRDA:55,11,0,0
BRDA:55,11,1,0
BRDA:56,12,0,0
BRDA:56,12,1,0
BRDA:58,13,0,0
BRDA:58,13,1,0
BRDA:60,14,0,0
BRDA:60,14,1,0
BRDA:62,15,0,0
BRDA:62,15,1,0
BRDA:68,16,0,0
BRDA:68,16,1,0
BRDA:68,17,0,0
BRDA:68,17,1,0
BRDA:76,18,0,0
BRDA:82,19,0,0
BRDA:82,19,1,0
BRDA:85,20,0,0
BRDA:91,21,0,0
BRDA:93,22,0,0
BRDA:93,22,1,0
BRDA:94,23,0,0
BRDA:94,23,1,0
BRDA:96,24,0,0
BRDA:96,24,1,0
BRDA:97,25,0,0
BRDA:97,25,1,0
BRDA:99,26,0,0
BRDA:99,26,1,0
BRDA:102,27,0,0
BRDA:102,27,1,0
BRDA:104,28,0,0
BRDA:104,28,1,0
BRDA:111,29,0,0
BRDA:116,30,0,0
BRDA:117,31,0,0
BRDA:117,31,1,0
BRDA:118,32,0,0
BRDA:118,32,1,0
BRDA:119,33,0,0
BRDA:119,33,1,0
BRDA:119,34,0,0
BRDA:119,34,1,0
BRDA:122,35,0,0
BRDA:122,35,1,0
BRDA:122,36,0,0
BRDA:122,36,1,0
BRDA:123,37,0,0
BRDA:123,37,1,0
BRDA:123,38,0,0
BRDA:123,38,1,0
BRDA:125,39,0,0
BRDA:125,40,0,0
BRDA:125,40,1,0
BRDA:125,40,2,0
BRDA:132,41,0,0
BRDA:138,42,0,0
BRDA:140,43,0,0
BRDA:140,43,1,0
BRDA:141,44,0,0
BRDA:141,44,1,0
BRDA:142,45,0,0
BRDA:143,46,0,0
BRDA:143,46,1,0
BRDA:144,47,0,0
BRDA:144,47,1,0
BRDA:149,48,0,0
BRDA:149,48,1,0
BRDA:150,49,0,0
BRDA:150,49,1,0
BRDA:151,50,0,0
BRDA:151,50,1,0
BRDA:152,51,0,0
BRDA:152,51,1,0
BRDA:152,52,0,0
BRDA:152,52,1,0
BRDA:152,53,0,0
BRDA:152,53,1,0
BRDA:152,54,0,0
BRDA:152,54,1,0
BRDA:154,55,0,0
BRDA:154,55,1,0
BRDA:155,56,0,0
BRDA:155,56,1,0
BRDA:156,57,0,0
BRDA:156,57,1,0
BRDA:156,58,0,0
BRDA:156,58,1,0
BRDA:156,59,0,0
BRDA:156,59,1,0
BRDA:156,60,0,0
BRDA:156,60,1,0
BRDA:161,61,0,0
BRDA:161,62,0,0
BRDA:161,62,1,0
BRDA:163,63,0,0
BRDA:163,63,1,0
BRDA:164,64,0,0
BRDA:164,64,1,0
BRDA:168,65,0,0
BRDA:168,65,1,0
BRDA:170,66,0,0
BRDA:170,66,1,0
BRDA:171,67,0,0
BRDA:171,67,1,0
BRDA:172,68,0,0
BRDA:172,68,1,0
BRDA:173,69,0,0
BRDA:173,69,1,0
BRDA:183,70,0,0
BRDA:183,70,1,0
BRDA:202,71,0,0
BRDA:204,72,0,0
BRDA:204,72,1,0
BRDA:204,73,0,0
BRDA:204,73,1,0
BRDA:205,74,0,0
BRDA:205,74,1,0
BRDA:209,75,0,0
BRDA:209,75,1,0
BRDA:213,76,0,0
BRDA:213,76,1,0
BRDA:214,77,0,0
BRDA:214,77,1,0
BRDA:246,78,0,0
BRDA:246,78,1,0
BRDA:257,79,0,0
BRDA:257,79,1,0
BRDA:258,80,0,0
BRDA:258,80,1,0
BRDA:272,81,0,0
BRDA:272,81,1,0
BRDA:275,82,0,0
BRDA:275,82,1,0
BRDA:290,83,0,0
BRDA:290,83,1,0
BRDA:296,84,0,0
BRDA:296,84,1,0
BRDA:301,85,0,0
BRDA:301,85,1,0
BRDA:320,86,0,0
BRDA:320,86,1,0
BRDA:329,87,0,0
BRDA:338,88,0,0
BRDA:338,88,1,0
BRDA:338,89,0,0
BRDA:338,89,1,0
BRDA:341,90,0,0
BRDA:341,90,1,0
BRDA:346,91,0,0
BRDA:346,91,1,0
BRDA:346,92,0,0
BRDA:346,92,1,0
BRDA:351,93,0,0
BRDA:351,94,0,0
BRDA:351,94,1,0
BRDA:351,94,2,0
BRDA:356,95,0,0
BRDA:356,95,1,0
BRDA:360,96,0,0
BRDA:360,96,1,0
BRDA:362,97,0,0
BRDA:362,97,1,0
BRDA:362,98,0,0
BRDA:362,98,1,0
BRDA:365,99,0,0
BRDA:365,99,1,0
BRDA:370,100,0,0
BRDA:370,100,1,0
BRDA:370,101,0,0
BRDA:370,101,1,0
BRDA:375,102,0,0
BRDA:375,103,0,0
BRDA:375,103,1,0
BRDA:375,103,2,0
BRDA:380,104,0,0
BRDA:380,104,1,0
BRDA:384,105,0,0
BRDA:384,105,1,0
BRDA:388,106,0,0
BRDA:388,106,1,0
BRDA:401,107,0,0
BRDA:401,107,1,0
BRDA:408,108,0,0
BRDA:408,108,1,0
BRDA:412,109,0,0
BRDA:412,109,1,0
BRDA:416,110,0,0
BRDA:416,110,1,0
BRDA:418,111,0,0
BRDA:418,111,1,0
BRDA:418,112,0,0
BRDA:418,112,1,0
BRDA:428,113,0,0
BRDA:428,113,1,0
BRDA:428,114,0,0
BRDA:428,114,1,0
BRDA:428,115,0,0
BRDA:428,115,1,0
BRDA:428,116,0,0
BRDA:428,116,1,0
BRDA:431,117,0,0
BRDA:431,117,1,0
BRDA:431,118,0,0
BRDA:431,118,1,0
BRDA:431,119,0,0
BRDA:431,119,1,0
BRDA:431,120,0,0
BRDA:431,120,1,0
BRDA:437,121,0,0
BRDA:437,121,1,0
BRDA:438,122,0,0
BRDA:438,122,1,0
BRDA:474,123,0,0
BRDA:474,123,1,0
BRDA:479,124,0,0
BRDA:479,124,1,0
BRDA:479,125,0,0
BRDA:479,125,1,0
BRDA:495,126,0,0
BRDA:495,126,1,0
BRDA:496,127,0,0
BRDA:496,127,1,0
BRDA:497,128,0,0
BRDA:497,128,1,0
BRDA:501,129,0,0
BRDA:501,129,1,0
BRDA:502,130,0,0
BRDA:502,130,1,0
BRF:243
BRH:0
end_of_record
TN:
SF:components\DashboardMetadataModal.tsx
FN:19,(anonymous_9)
FN:42,(anonymous_10)
FN:53,(anonymous_11)
FN:76,(anonymous_12)
FN:85,(anonymous_13)
FN:94,(anonymous_14)
FN:109,(anonymous_15)
FN:125,(anonymous_16)
FN:130,(anonymous_17)
FN:148,(anonymous_18)
FN:165,(anonymous_19)
FN:183,(anonymous_20)
FNF:12
FNH:0
FNDA:0,(anonymous_9)
FNDA:0,(anonymous_10)
FNDA:0,(anonymous_11)
FNDA:0,(anonymous_12)
FNDA:0,(anonymous_13)
FNDA:0,(anonymous_14)
FNDA:0,(anonymous_15)
FNDA:0,(anonymous_16)
FNDA:0,(anonymous_17)
FNDA:0,(anonymous_18)
FNDA:0,(anonymous_19)
FNDA:0,(anonymous_20)
DA:1,1
DA:19,1
DA:34,0
DA:35,0
DA:36,0
DA:37,0
DA:38,0
DA:39,0
DA:40,0
DA:42,0
DA:43,0
DA:44,0
DA:45,0
DA:46,0
DA:47,0
DA:48,0
DA:49,0
DA:53,0
DA:54,0
DA:55,0
DA:56,0
DA:58,0
DA:59,0
DA:60,0
DA:61,0
DA:62,0
DA:64,0
DA:65,0
DA:67,0
DA:71,0
DA:73,0
DA:76,0
DA:85,0
DA:94,0
DA:109,0
DA:125,0
DA:131,0
DA:148,0
DA:165,0
DA:183,0
LF:40
LH:2
BRDA:36,0,0,0
BRDA:36,0,1,0
BRDA:37,1,0,0
BRDA:37,1,1,0
BRDA:38,2,0,0
BRDA:38,2,1,0
BRDA:39,3,0,0
BRDA:39,3,1,0
BRDA:43,4,0,0
BRDA:46,5,0,0
BRDA:46,5,1,0
BRDA:47,6,0,0
BRDA:47,6,1,0
BRDA:48,7,0,0
BRDA:48,7,1,0
BRDA:49,8,0,0
BRDA:49,8,1,0
BRDA:54,9,0,0
BRDA:60,10,0,0
BRDA:60,10,1,0
BRDA:71,11,0,0
BRDA:185,12,0,0
BRDA:185,12,1,0
BRDA:207,13,0,0
BRDA:207,13,1,0
BRF:25
BRH:0
end_of_record
TN:
SF:components\DashboardView.tsx
FN:67,(anonymous_9)
FN:91,(anonymous_10)
FN:94,(anonymous_11)
FN:98,(anonymous_12)
FN:110,(anonymous_13)
FN:112,(anonymous_14)
FN:116,(anonymous_15)
FN:123,(anonymous_16)
FN:134,(anonymous_17)
FN:136,(anonymous_18)
FN:139,(anonymous_19)
FN:141,(anonymous_20)
FN:153,(anonymous_21)
FN:155,(anonymous_22)
FN:164,(anonymous_23)
FN:195,(anonymous_24)
FN:228,(anonymous_25)
FN:327,(anonymous_26)
FN:337,(anonymous_27)
FN:337,(anonymous_28)
FN:347,(anonymous_29)
FN:354,(anonymous_30)
FN:391,(anonymous_31)
FN:396,(anonymous_32)
FN:413,(anonymous_33)
FN:446,(anonymous_34)
FN:447,(anonymous_35)
FN:456,(anonymous_36)
FN:465,(anonymous_37)
FN:473,(anonymous_38)
FN:484,(anonymous_39)
FNF:31
FNH:13
FNDA:6,(anonymous_9)
FNDA:3,(anonymous_10)
FNDA:6,(anonymous_11)
FNDA:0,(anonymous_12)
FNDA:3,(anonymous_13)
FNDA:3,(anonymous_14)
FNDA:3,(anonymous_15)
FNDA:3,(anonymous_16)
FNDA:3,(anonymous_17)
FNDA:0,(anonymous_18)
FNDA:0,(anonymous_19)
FNDA:3,(anonymous_20)
FNDA:3,(anonymous_21)
FNDA:0,(anonymous_22)
FNDA:3,(anonymous_23)
FNDA:0,(anonymous_24)
FNDA:0,(anonymous_25)
FNDA:0,(anonymous_26)
FNDA:0,(anonymous_27)
FNDA:0,(anonymous_28)
FNDA:1,(anonymous_29)
FNDA:1,(anonymous_30)
FNDA:0,(anonymous_31)
FNDA:0,(anonymous_32)
FNDA:0,(anonymous_33)
FNDA:0,(anonymous_34)
FNDA:0,(anonymous_35)
FNDA:0,(anonymous_36)
FNDA:0,(anonymous_37)
FNDA:0,(anonymous_38)
FNDA:0,(anonymous_39)
DA:1,1
DA:2,1
DA:9,1
DA:10,1
DA:11,1
DA:12,1
DA:13,1
DA:14,1
DA:15,1
DA:17,1
DA:67,1
DA:82,6
DA:83,6
DA:86,6
DA:87,6
DA:88,6
DA:89,6
DA:91,6
DA:94,6
DA:95,6
DA:96,6
DA:98,0
DA:100,0
DA:103,6
DA:104,6
DA:106,6
DA:110,6
DA:112,6
DA:113,3
DA:116,6
DA:117,3
DA:120,6
DA:123,6
DA:124,3
DA:125,3
DA:126,3
DA:134,6
DA:135,3
DA:136,0
DA:139,6
DA:141,6
DA:142,3
DA:144,3
DA:145,0
DA:146,0
DA:147,0
DA:149,3
DA:153,6
DA:154,3
DA:155,0
DA:156,0
DA:157,0
DA:158,0
DA:164,6
DA:165,3
DA:166,3
DA:167,3
DA:182,6
DA:183,0
DA:195,6
DA:196,0
DA:197,0
DA:198,0
DA:199,0
DA:200,0
DA:204,0
DA:206,0
DA:207,0
DA:208,0
DA:210,0
DA:214,6
DA:229,0
DA:230,0
DA:327,0
DA:337,0
DA:347,1
DA:354,1
DA:392,0
DA:396,0
DA:413,0
DA:446,0
DA:448,0
DA:449,0
DA:456,0
DA:465,0
DA:474,0
DA:484,0
LF:87
LH:52
BRDA:74,0,0,6
BRDA:76,1,0,6
BRDA:78,2,0,6
BRDA:91,3,0,3
BRDA:91,3,1,0
BRDA:96,4,0,6
BRDA:96,5,0,6
BRDA:96,5,1,6
BRDA:98,6,0,0
BRDA:98,6,1,0
BRDA:106,7,0,6
BRDA:106,7,1,0
BRDA:106,7,2,6
BRDA:106,7,3,6
BRDA:110,8,0,3
BRDA:110,8,1,3
BRDA:113,9,0,3
BRDA:113,9,1,0
BRDA:113,9,2,0
BRDA:124,10,0,0
BRDA:125,11,0,0
BRDA:135,12,0,3
BRDA:136,13,0,0
BRDA:136,13,1,0
BRDA:142,14,0,3
BRDA:142,14,1,0
BRDA:144,15,0,0
BRDA:144,16,0,3
BRDA:144,16,1,3
BRDA:144,16,2,3
BRDA:145,17,0,0
BRDA:145,17,1,0
BRDA:154,18,0,0
BRDA:157,19,0,0
BRDA:168,20,0,3
BRDA:168,20,1,3
BRDA:169,21,0,3
BRDA:169,21,1,0
BRDA:170,22,0,3
BRDA:170,22,1,0
BRDA:171,23,0,3
BRDA:171,23,1,0
BRDA:172,24,0,3
BRDA:172,24,1,0
BRDA:173,25,0,3
BRDA:173,25,1,0
BRDA:182,26,0,0
BRDA:222,27,0,5
BRDA:222,27,1,1
BRDA:222,28,0,5
BRDA:222,28,1,5
BRDA:226,29,0,6
BRDA:226,29,1,5
BRDA:245,30,0,0
BRDA:245,30,1,6
BRDA:247,31,0,0
BRDA:247,31,1,6
BRDA:250,32,0,6
BRDA:250,32,1,0
BRDA:273,33,0,0
BRDA:273,33,1,6
BRDA:273,34,0,0
BRDA:273,34,1,6
BRDA:274,35,0,0
BRDA:274,35,1,6
BRDA:274,36,0,0
BRDA:274,36,1,6
BRDA:280,37,0,0
BRDA:280,37,1,6
BRDA:280,38,0,0
BRDA:280,38,1,6
BRDA:281,39,0,0
BRDA:281,39,1,6
BRDA:281,40,0,0
BRDA:281,40,1,6
BRDA:286,41,0,6
BRDA:286,41,1,6
BRDA:295,42,0,6
BRDA:295,42,1,0
BRDA:295,43,0,0
BRDA:295,43,1,0
BRDA:306,44,0,6
BRDA:306,44,1,0
BRDA:306,45,0,0
BRDA:306,45,1,0
BRDA:325,46,0,6
BRDA:325,46,1,1
BRDA:325,46,2,6
BRDA:337,47,0,0
BRDA:337,47,1,0
BRDA:337,48,0,0
BRDA:337,48,1,0
BRDA:340,49,0,6
BRDA:340,49,1,0
BRDA:340,50,0,0
BRDA:340,50,1,0
BRDA:342,51,0,6
BRDA:342,51,1,0
BRDA:342,52,0,0
BRDA:342,52,1,0
BRDA:348,53,0,5
BRDA:348,53,1,1
BRDA:355,54,0,1
BRDA:355,54,1,5
BRDA:362,55,0,6
BRDA:362,55,1,0
BRDA:362,55,2,0
BRDA:362,55,3,0
BRDA:377,56,0,6
BRDA:377,56,1,0
BRDA:385,57,0,6
BRDA:385,57,1,0
BRDA:395,58,0,0
BRDA:395,58,1,0
BRDA:395,58,2,0
BRDA:402,59,0,6
BRDA:402,59,1,0
BRDA:402,59,2,6
BRDA:411,60,0,6
BRDA:411,60,1,5
BRDA:422,61,0,5
BRDA:422,61,1,1
BRDA:462,62,0,6
BRDA:462,62,1,1
BRDA:462,62,2,5
BRDA:462,62,3,0
BRDA:467,63,0,0
BRDA:467,63,1,0
BRDA:469,64,0,0
BRDA:469,64,1,0
BRDA:470,65,0,0
BRDA:470,65,1,0
BRDA:477,66,0,0
BRDA:477,66,1,0
BRDA:478,67,0,0
BRDA:478,67,1,0
BRDA:485,68,0,0
BRDA:485,68,1,6
BRF:138
BRH:68
end_of_record
TN:
SF:components\DataEditor.tsx
FN:14,(anonymous_9)
FN:38,(anonymous_10)
FN:42,(anonymous_11)
FN:48,(anonymous_12)
FN:50,(anonymous_13)
FN:57,(anonymous_14)
FN:59,(anonymous_15)
FN:66,(anonymous_16)
FN:67,(anonymous_17)
FN:74,(anonymous_18)
FN:75,(anonymous_19)
FN:84,(anonymous_20)
FN:88,(anonymous_21)
FN:104,(anonymous_22)
FN:107,(anonymous_23)
FN:117,(anonymous_24)
FN:143,(anonymous_25)
FN:148,(anonymous_26)
FN:151,(anonymous_27)
FN:157,(anonymous_28)
FN:165,(anonymous_29)
FN:177,(anonymous_30)
FN:196,(anonymous_31)
FN:199,(anonymous_32)
FN:200,(anonymous_33)
FN:203,(anonymous_34)
FN:204,(anonymous_35)
FN:206,(anonymous_36)
FN:207,(anonymous_37)
FN:213,(anonymous_38)
FN:228,(anonymous_39)
FN:230,(anonymous_40)
FN:239,(anonymous_41)
FN:251,(anonymous_42)
FN:288,(anonymous_43)
FN:323,(anonymous_44)
FN:333,(anonymous_45)
FN:342,(anonymous_46)
FN:356,(anonymous_47)
FN:368,(anonymous_48)
FN:404,(anonymous_49)
FN:405,(anonymous_50)
FN:406,(anonymous_51)
FN:425,(anonymous_52)
FN:426,(anonymous_53)
FN:427,(anonymous_54)
FN:443,(anonymous_55)
FN:454,(anonymous_56)
FN:473,(anonymous_57)
FN:474,(anonymous_58)
FN:481,(anonymous_59)
FN:482,(anonymous_60)
FN:515,(anonymous_61)
FN:522,(anonymous_62)
FNF:54
FNH:0
FNDA:0,(anonymous_9)
FNDA:0,(anonymous_10)
FNDA:0,(anonymous_11)
FNDA:0,(anonymous_12)
FNDA:0,(anonymous_13)
FNDA:0,(anonymous_14)
FNDA:0,(anonymous_15)
FNDA:0,(anonymous_16)
FNDA:0,(anonymous_17)
FNDA:0,(anonymous_18)
FNDA:0,(anonymous_19)
FNDA:0,(anonymous_20)
FNDA:0,(anonymous_21)
FNDA:0,(anonymous_22)
FNDA:0,(anonymous_23)
FNDA:0,(anonymous_24)
FNDA:0,(anonymous_25)
FNDA:0,(anonymous_26)
FNDA:0,(anonymous_27)
FNDA:0,(anonymous_28)
FNDA:0,(anonymous_29)
FNDA:0,(anonymous_30)
FNDA:0,(anonymous_31)
FNDA:0,(anonymous_32)
FNDA:0,(anonymous_33)
FNDA:0,(anonymous_34)
FNDA:0,(anonymous_35)
FNDA:0,(anonymous_36)
FNDA:0,(anonymous_37)
FNDA:0,(anonymous_38)
FNDA:0,(anonymous_39)
FNDA:0,(anonymous_40)
FNDA:0,(anonymous_41)
FNDA:0,(anonymous_42)
FNDA:0,(anonymous_43)
FNDA:0,(anonymous_44)
FNDA:0,(anonymous_45)
FNDA:0,(anonymous_46)
FNDA:0,(anonymous_47)
FNDA:0,(anonymous_48)
FNDA:0,(anonymous_49)
FNDA:0,(anonymous_50)
FNDA:0,(anonymous_51)
FNDA:0,(anonymous_52)
FNDA:0,(anonymous_53)
FNDA:0,(anonymous_54)
FNDA:0,(anonymous_55)
FNDA:0,(anonymous_56)
FNDA:0,(anonymous_57)
FNDA:0,(anonymous_58)
FNDA:0,(anonymous_59)
FNDA:0,(anonymous_60)
FNDA:0,(anonymous_61)
FNDA:0,(anonymous_62)
DA:1,1
DA:3,1
DA:4,1
DA:14,1
DA:15,0
DA:18,0
DA:21,0
DA:24,0
DA:27,0
DA:30,0
DA:33,0
DA:35,0
DA:37,0
DA:38,0
DA:42,0
DA:43,0
DA:44,0
DA:45,0
DA:48,0
DA:49,0
DA:50,0
DA:51,0
DA:52,0
DA:53,0
DA:57,0
DA:58,0
DA:59,0
DA:60,0
DA:61,0
DA:62,0
DA:66,0
DA:67,0
DA:68,0
DA:69,0
DA:70,0
DA:74,0
DA:75,0
DA:76,0
DA:77,0
DA:78,0
DA:82,0
DA:84,0
DA:85,0
DA:86,0
DA:88,0
DA:89,0
DA:100,0
DA:104,0
DA:105,0
DA:106,0
DA:107,0
DA:108,0
DA:109,0
DA:110,0
DA:114,0
DA:115,0
DA:117,0
DA:118,0
DA:120,0
DA:121,0
DA:122,0
DA:125,0
DA:126,0
DA:127,0
DA:131,0
DA:132,0
DA:135,0
DA:136,0
DA:137,0
DA:138,0
DA:139,0
DA:140,0
DA:141,0
DA:143,0
DA:144,0
DA:145,0
DA:148,0
DA:149,0
DA:150,0
DA:151,0
DA:152,0
DA:153,0
DA:154,0
DA:157,0
DA:158,0
DA:159,0
DA:160,0
DA:165,0
DA:166,0
DA:167,0
DA:168,0
DA:169,0
DA:170,0
DA:171,0
DA:173,0
DA:177,0
DA:178,0
DA:179,0
DA:182,0
DA:184,0
DA:185,0
DA:190,0
DA:193,0
DA:194,0
DA:196,0
DA:197,0
DA:198,0
DA:199,0
DA:200,0
DA:202,0
DA:203,0
DA:204,0
DA:206,0
DA:207,0
DA:213,0
DA:214,0
DA:215,0
DA:216,0
DA:217,0
DA:218,0
DA:220,0
DA:228,0
DA:229,0
DA:230,0
DA:231,0
DA:232,0
DA:233,0
DA:234,0
DA:236,0
DA:239,0
DA:242,0
DA:252,0
DA:253,0
DA:255,0
DA:289,0
DA:290,0
DA:291,0
DA:293,0
DA:323,0
DA:333,0
DA:342,0
DA:356,0
DA:369,0
DA:370,0
DA:374,0
DA:375,0
DA:376,0
DA:378,0
DA:404,0
DA:405,0
DA:407,0
DA:408,0
DA:409,0
DA:425,0
DA:426,0
DA:428,0
DA:429,0
DA:430,0
DA:443,0
DA:454,0
DA:473,0
DA:476,0
DA:477,0
DA:478,0
DA:480,0
DA:481,0
DA:482,0
DA:484,0
DA:485,0
DA:486,0
DA:487,0
DA:489,0
DA:490,0
DA:491,0
DA:492,0
DA:493,0
DA:495,0
DA:496,0
DA:497,0
DA:498,0
DA:501,0
DA:504,0
DA:516,0
DA:517,0
DA:519,0
DA:520,0
DA:521,0
DA:522,0
DA:524,0
DA:526,0
DA:531,0
LF:191
LH:4
BRDA:14,0,0,0
BRDA:16,1,0,0
BRDA:16,1,1,0
BRDA:19,2,0,0
BRDA:19,2,1,0
BRDA:22,3,0,0
BRDA:22,3,1,0
BRDA:25,4,0,0
BRDA:25,4,1,0
BRDA:28,5,0,0
BRDA:28,5,1,0
BRDA:31,6,0,0
BRDA:31,6,1,0
BRDA:43,7,0,0
BRDA:44,8,0,0
BRDA:44,8,1,0
BRDA:52,9,0,0
BRDA:52,9,1,0
BRDA:61,10,0,0
BRDA:61,10,1,0
BRDA:105,11,0,0
BRDA:105,11,1,0
BRDA:106,12,0,0
BRDA:106,12,1,0
BRDA:117,13,0,0
BRDA:118,14,0,0
BRDA:118,14,1,0
BRDA:120,15,0,0
BRDA:125,16,0,0
BRDA:125,17,0,0
BRDA:125,17,1,0
BRDA:131,18,0,0
BRDA:144,19,0,0
BRDA:144,19,1,0
BRDA:150,20,0,0
BRDA:150,20,1,0
BRDA:153,21,0,0
BRDA:153,21,1,0
BRDA:153,22,0,0
BRDA:153,22,1,0
BRDA:159,23,0,0
BRDA:159,23,1,0
BRDA:159,24,0,0
BRDA:159,24,1,0
BRDA:168,25,0,0
BRDA:168,25,1,0
BRDA:170,26,0,0
BRDA:170,26,1,0
BRDA:191,27,0,0
BRDA:191,27,1,0
BRDA:193,28,0,0
BRDA:193,28,1,0
BRDA:197,29,0,0
BRDA:197,29,1,0
BRDA:198,30,0,0
BRDA:198,30,1,0
BRDA:198,31,0,0
BRDA:198,31,1,0
BRDA:199,32,0,0
BRDA:199,32,1,0
BRDA:200,33,0,0
BRDA:200,33,1,0
BRDA:202,34,0,0
BRDA:202,34,1,0
BRDA:217,35,0,0
BRDA:217,35,1,0
BRDA:229,36,0,0
BRDA:229,36,1,0
BRDA:232,37,0,0
BRDA:232,37,1,0
BRDA:260,38,0,0
BRDA:260,38,1,0
BRDA:262,39,0,0
BRDA:262,39,1,0
BRDA:275,40,0,0
BRDA:275,40,1,0
BRDA:279,41,0,0
BRDA:279,41,1,0
BRDA:281,42,0,0
BRDA:281,42,1,0
BRDA:286,43,0,0
BRDA:286,43,1,0
BRDA:289,44,0,0
BRDA:289,44,1,0
BRDA:291,45,0,0
BRDA:291,45,1,0
BRDA:291,46,0,0
BRDA:291,46,1,0
BRDA:298,47,0,0
BRDA:298,47,1,0
BRDA:303,48,0,0
BRDA:303,48,1,0
BRDA:309,49,0,0
BRDA:309,49,1,0
BRDA:322,50,0,0
BRDA:322,50,1,0
BRDA:325,51,0,0
BRDA:325,51,1,0
BRDA:332,52,0,0
BRDA:332,52,1,0
BRDA:335,53,0,0
BRDA:335,53,1,0
BRDA:340,54,0,0
BRDA:340,54,1,0
BRDA:343,55,0,0
BRDA:343,55,1,0
BRDA:345,56,0,0
BRDA:345,56,1,0
BRDA:355,57,0,0
BRDA:355,57,1,0
BRDA:358,58,0,0
BRDA:358,58,1,0
BRDA:368,59,0,0
BRDA:368,59,1,0
BRDA:370,60,0,0
BRDA:370,60,1,0
BRDA:374,61,0,0
BRDA:374,61,1,0
BRDA:376,62,0,0
BRDA:376,62,1,0
BRDA:376,63,0,0
BRDA:376,63,1,0
BRDA:382,64,0,0
BRDA:382,64,1,0
BRDA:387,65,0,0
BRDA:387,65,1,0
BRDA:393,66,0,0
BRDA:393,66,1,0
BRDA:394,67,0,0
BRDA:394,67,1,0
BRDA:403,68,0,0
BRDA:403,68,1,0
BRDA:403,69,0,0
BRDA:403,69,1,0
BRDA:403,70,0,0
BRDA:403,70,1,0
BRDA:403,71,0,0
BRDA:403,71,1,0
BRDA:408,72,0,0
BRDA:408,73,0,0
BRDA:408,73,1,0
BRDA:408,73,2,0
BRDA:413,74,0,0
BRDA:413,74,1,0
BRDA:414,75,0,0
BRDA:414,75,1,0
BRDA:424,76,0,0
BRDA:424,76,1,0
BRDA:424,77,0,0
BRDA:424,77,1,0
BRDA:424,78,0,0
BRDA:424,78,1,0
BRDA:424,79,0,0
BRDA:424,79,1,0
BRDA:429,80,0,0
BRDA:429,81,0,0
BRDA:429,81,1,0
BRDA:429,81,2,0
BRDA:434,82,0,0
BRDA:434,82,1,0
BRDA:435,83,0,0
BRDA:435,83,1,0
BRDA:441,84,0,0
BRDA:441,84,1,0
BRDA:444,85,0,0
BRDA:444,85,1,0
BRDA:447,86,0,0
BRDA:447,86,1,0
BRDA:453,87,0,0
BRDA:453,87,1,0
BRDA:467,88,0,0
BRDA:467,88,1,0
BRDA:470,89,0,0
BRDA:470,89,1,0
BRDA:471,90,0,0
BRDA:471,90,1,0
BRDA:471,91,0,0
BRDA:471,91,1,0
BRDA:471,92,0,0
BRDA:471,92,1,0
BRDA:480,93,0,0
BRDA:480,93,1,0
BRDA:480,94,0,0
BRDA:480,94,1,0
BRDA:481,95,0,0
BRDA:481,95,1,0
BRDA:482,96,0,0
BRDA:482,96,1,0
BRDA:489,97,0,0
BRDA:489,97,1,0
BRDA:507,98,0,0
BRDA:507,98,1,0
BRDA:508,99,0,0
BRDA:508,99,1,0
BRDA:509,100,0,0
BRDA:509,100,1,0
BRDA:510,101,0,0
BRDA:510,101,1,0
BRDA:515,102,0,0
BRDA:515,102,1,0
BRDA:516,103,0,0
BRDA:516,104,0,0
BRDA:516,104,1,0
BRDA:517,105,0,0
BRDA:520,106,0,0
BRDA:520,106,1,0
BRDA:537,107,0,0
BRDA:537,107,1,0
BRF:208
BRH:0
end_of_record
TN:
SF:components\IndicatorManager.tsx
FN:63,(anonymous_9)
FN:64,(anonymous_10)
FN:65,(anonymous_11)
FN:77,(anonymous_12)
FN:80,(anonymous_13)
FN:87,(anonymous_14)
FN:104,(anonymous_15)
FN:109,(anonymous_16)
FN:110,(anonymous_17)
FN:111,(anonymous_18)
FN:115,(anonymous_19)
FN:121,(anonymous_20)
FN:124,(anonymous_21)
FN:125,(anonymous_22)
FN:125,(anonymous_23)
FN:128,(anonymous_24)
FN:134,(anonymous_25)
FN:139,(anonymous_26)
FN:148,(anonymous_27)
FN:161,(anonymous_28)
FN:162,(anonymous_29)
FN:165,(anonymous_30)
FN:170,(anonymous_31)
FN:184,(anonymous_32)
FN:195,(anonymous_33)
FN:207,(anonymous_34)
FN:210,(anonymous_35)
FN:242,(anonymous_36)
FN:247,(anonymous_37)
FN:249,(anonymous_38)
FN:258,(anonymous_39)
FN:261,(anonymous_40)
FN:264,(anonymous_41)
FN:270,(anonymous_42)
FN:276,(anonymous_43)
FN:286,(anonymous_44)
FN:297,(anonymous_45)
FN:306,(anonymous_46)
FN:315,(anonymous_47)
FN:325,(anonymous_48)
FN:334,(anonymous_49)
FN:349,(anonymous_50)
FN:367,(anonymous_51)
FN:390,(anonymous_52)
FN:391,(anonymous_53)
FN:394,(anonymous_54)
FN:398,(anonymous_55)
FN:400,(anonymous_56)
FN:401,(anonymous_57)
FN:411,(anonymous_58)
FN:413,(anonymous_59)
FNF:51
FNH:7
FNDA:2,(anonymous_9)
FNDA:2,(anonymous_10)
FNDA:4,(anonymous_11)
FNDA:2,(anonymous_12)
FNDA:2,(anonymous_13)
FNDA:0,(anonymous_14)
FNDA:0,(anonymous_15)
FNDA:0,(anonymous_16)
FNDA:0,(anonymous_17)
FNDA:0,(anonymous_18)
FNDA:0,(anonymous_19)
FNDA:0,(anonymous_20)
FNDA:0,(anonymous_21)
FNDA:0,(anonymous_22)
FNDA:0,(anonymous_23)
FNDA:0,(anonymous_24)
FNDA:0,(anonymous_25)
FNDA:0,(anonymous_26)
FNDA:0,(anonymous_27)
FNDA:0,(anonymous_28)
FNDA:0,(anonymous_29)
FNDA:0,(anonymous_30)
FNDA:0,(anonymous_31)
FNDA:0,(anonymous_32)
FNDA:0,(anonymous_33)
FNDA:0,(anonymous_34)
FNDA:2,(anonymous_35)
FNDA:5,(anonymous_36)
FNDA:0,(anonymous_37)
FNDA:0,(anonymous_38)
FNDA:0,(anonymous_39)
FNDA:0,(anonymous_40)
FNDA:0,(anonymous_41)
FNDA:0,(anonymous_42)
FNDA:0,(anonymous_43)
FNDA:0,(anonymous_44)
FNDA:0,(anonymous_45)
FNDA:0,(anonymous_46)
FNDA:0,(anonymous_47)
FNDA:0,(anonymous_48)
FNDA:0,(anonymous_49)
FNDA:0,(anonymous_50)
FNDA:0,(anonymous_51)
FNDA:0,(anonymous_52)
FNDA:0,(anonymous_53)
FNDA:0,(anonymous_54)
FNDA:0,(anonymous_55)
FNDA:0,(anonymous_56)
FNDA:0,(anonymous_57)
FNDA:0,(anonymous_58)
FNDA:0,(anonymous_59)
DA:1,1
DA:29,1
DA:63,1
DA:64,2
DA:65,2
DA:67,4
DA:68,3
DA:70,1
DA:76,2
DA:77,2
DA:80,2
DA:81,2
DA:82,0
DA:83,0
DA:86,2
DA:87,0
DA:89,0
DA:90,0
DA:92,0
DA:93,0
DA:94,0
DA:95,0
DA:97,0
DA:101,2
DA:102,2
DA:104,2
DA:105,0
DA:106,0
DA:109,2
DA:110,0
DA:111,0
DA:115,2
DA:116,0
DA:121,0
DA:124,2
DA:125,0
DA:128,2
DA:129,0
DA:130,0
DA:134,2
DA:135,0
DA:136,0
DA:139,2
DA:140,0
DA:141,0
DA:143,0
DA:144,0
DA:145,0
DA:148,0
DA:153,0
DA:154,0
DA:161,2
DA:162,0
DA:165,0
DA:166,0
DA:167,0
DA:170,0
DA:171,0
DA:174,0
DA:175,0
DA:176,0
DA:180,0
DA:184,0
DA:185,0
DA:186,0
DA:187,0
DA:190,0
DA:193,2
DA:195,0
DA:207,0
DA:211,2
DA:243,5
DA:247,0
DA:249,0
DA:258,0
DA:261,0
DA:264,0
DA:270,0
DA:276,0
DA:286,0
DA:297,0
DA:306,0
DA:315,0
DA:325,0
DA:334,0
DA:350,0
DA:351,0
DA:367,0
DA:390,1
DA:391,0
DA:394,0
DA:395,0
DA:398,0
DA:399,0
DA:400,0
DA:401,0
DA:402,0
DA:405,0
DA:411,0
DA:413,0
LF:100
LH:27
BRDA:67,0,0,3
BRDA:67,1,0,4
BRDA:67,1,1,3
BRDA:70,2,0,1
BRDA:70,2,1,0
BRDA:70,3,0,1
BRDA:70,3,1,0
BRDA:81,4,0,0
BRDA:81,5,0,2
BRDA:81,5,1,0
BRDA:86,6,0,0
BRDA:89,7,0,0
BRDA:89,8,0,0
BRDA:89,8,1,0
BRDA:94,9,0,0
BRDA:94,10,0,0
BRDA:94,10,1,0
BRDA:105,11,0,0
BRDA:111,12,0,0
BRDA:111,12,1,0
BRDA:141,13,0,0
BRDA:141,14,0,0
BRDA:141,14,1,0
BRDA:167,15,0,0
BRDA:167,15,1,0
BRDA:167,16,0,0
BRDA:167,16,1,0
BRDA:174,17,0,0
BRDA:174,18,0,0
BRDA:174,18,1,0
BRDA:185,19,0,0
BRDA:185,19,1,0
BRDA:186,20,0,0
BRDA:186,20,1,0
BRDA:245,21,0,0
BRDA:245,21,1,5
BRDA:254,22,0,0
BRDA:254,22,1,5
BRDA:254,23,0,0
BRDA:254,23,1,5
BRDA:254,24,0,5
BRDA:254,24,1,0
BRDA:276,25,0,5
BRDA:276,25,1,5
BRDA:285,26,0,5
BRDA:285,26,1,5
BRDA:287,27,0,0
BRDA:287,27,1,5
BRDA:287,28,0,5
BRDA:287,28,1,0
BRDA:294,29,0,5
BRDA:294,29,1,0
BRDA:296,30,0,0
BRDA:296,30,1,0
BRDA:301,31,0,5
BRDA:301,31,1,0
BRDA:305,32,0,0
BRDA:305,32,1,0
BRDA:314,33,0,0
BRDA:314,33,1,5
BRDA:316,34,0,0
BRDA:316,34,1,5
BRDA:318,35,0,0
BRDA:318,35,1,5
BRDA:324,36,0,5
BRDA:324,36,1,5
BRDA:347,37,0,2
BRDA:347,37,1,0
BRDA:350,38,0,0
BRDA:413,39,0,0
BRDA:413,39,1,0
BRF:71
BRH:24
end_of_record
TN:
SF:components\LineChart.tsx
FN:14,(anonymous_9)
FN:18,(anonymous_10)
FN:21,(anonymous_11)
FN:26,(anonymous_12)
FN:28,(anonymous_13)
FN:45,(anonymous_14)
FN:48,(anonymous_15)
FN:49,(anonymous_16)
FN:72,(anonymous_17)
FN:73,(anonymous_18)
FN:75,(anonymous_19)
FN:75,(anonymous_20)
FN:80,(anonymous_21)
FN:91,(anonymous_22)
FN:92,(anonymous_23)
FN:99,(anonymous_24)
FN:101,(anonymous_25)
FN:119,(anonymous_26)
FN:135,(anonymous_27)
FN:148,(anonymous_28)
FN:163,(anonymous_29)
FN:170,(anonymous_30)
FN:177,(anonymous_31)
FNF:23
FNH:0
FNDA:0,(anonymous_9)
FNDA:0,(anonymous_10)
FNDA:0,(anonymous_11)
FNDA:0,(anonymous_12)
FNDA:0,(anonymous_13)
FNDA:0,(anonymous_14)
FNDA:0,(anonymous_15)
FNDA:0,(anonymous_16)
FNDA:0,(anonymous_17)
FNDA:0,(anonymous_18)
FNDA:0,(anonymous_19)
FNDA:0,(anonymous_20)
FNDA:0,(anonymous_21)
FNDA:0,(anonymous_22)
FNDA:0,(anonymous_23)
FNDA:0,(anonymous_24)
FNDA:0,(anonymous_25)
FNDA:0,(anonymous_26)
FNDA:0,(anonymous_27)
FNDA:0,(anonymous_28)
FNDA:0,(anonymous_29)
FNDA:0,(anonymous_30)
FNDA:0,(anonymous_31)
DA:1,1
DA:14,1
DA:15,0
DA:16,0
DA:18,0
DA:19,0
DA:21,0
DA:23,0
DA:26,0
DA:27,0
DA:28,0
DA:29,0
DA:30,0
DA:33,0
DA:34,0
DA:35,0
DA:36,0
DA:37,0
DA:40,0
DA:42,0
DA:45,0
DA:48,0
DA:49,0
DA:51,0
DA:52,0
DA:55,0
DA:63,0
DA:65,0
DA:66,0
DA:67,0
DA:72,0
DA:73,0
DA:75,0
DA:78,0
DA:80,0
DA:83,0
DA:84,0
DA:86,0
DA:87,0
DA:90,0
DA:91,0
DA:92,0
DA:93,0
DA:94,0
DA:95,0
DA:99,0
DA:100,0
DA:101,0
DA:102,0
DA:103,0
DA:104,0
DA:105,0
DA:106,0
DA:107,0
DA:108,0
DA:112,0
DA:114,0
DA:116,0
DA:117,0
DA:119,0
DA:124,0
DA:136,0
DA:137,0
DA:138,0
DA:149,0
DA:164,0
DA:165,0
DA:171,0
DA:178,0
DA:179,0
LF:70
LH:2
BRDA:14,0,0,0
BRDA:14,1,0,0
BRDA:19,2,0,0
BRDA:27,3,0,0
BRDA:29,4,0,0
BRDA:29,4,1,0
BRDA:29,5,0,0
BRDA:29,5,1,0
BRDA:35,6,0,0
BRDA:51,7,0,0
BRDA:78,8,0,0
BRDA:78,8,1,0
BRDA:80,9,0,0
BRDA:80,9,1,0
BRDA:84,10,0,0
BRDA:84,10,1,0
BRDA:86,11,0,0
BRDA:86,11,1,0
BRDA:87,12,0,0
BRDA:87,12,1,0
BRDA:90,13,0,0
BRDA:90,13,1,0
BRDA:90,14,0,0
BRDA:90,14,1,0
BRDA:93,15,0,0
BRDA:100,16,0,0
BRDA:102,17,0,0
BRDA:116,18,0,0
BRDA:116,18,1,0
BRDA:116,19,0,0
BRDA:116,19,1,0
BRDA:162,20,0,0
BRDA:162,20,1,0
BRDA:164,21,0,0
BRDA:164,22,0,0
BRDA:164,22,1,0
BRF:36
BRH:0
end_of_record
TN:
SF:components\PowerPointExportModal.tsx
FN:14,(anonymous_9)
FN:28,(anonymous_10)
FN:35,(anonymous_11)
FN:46,(anonymous_12)
FN:48,(anonymous_13)
FN:54,(anonymous_14)
FN:55,(anonymous_15)
FN:94,(anonymous_16)
FN:106,(anonymous_17)
FN:118,(anonymous_18)
FN:142,(anonymous_19)
FN:150,(anonymous_20)
FN:158,(anonymous_21)
FN:166,(anonymous_22)
FN:174,(anonymous_23)
FN:182,(anonymous_24)
FN:266,(anonymous_25)
FN:294,estimateSlideCount
FNF:18
FNH:1
FNDA:6,(anonymous_9)
FNDA:0,(anonymous_10)
FNDA:0,(anonymous_11)
FNDA:0,(anonymous_12)
FNDA:0,(anonymous_13)
FNDA:0,(anonymous_14)
FNDA:0,(anonymous_15)
FNDA:0,(anonymous_16)
FNDA:0,(anonymous_17)
FNDA:0,(anonymous_18)
FNDA:0,(anonymous_19)
FNDA:0,(anonymous_20)
FNDA:0,(anonymous_21)
FNDA:0,(anonymous_22)
FNDA:0,(anonymous_23)
FNDA:0,(anonymous_24)
FNDA:0,(anonymous_25)
FNDA:0,estimateSlideCount
DA:1,1
DA:3,1
DA:14,1
DA:22,6
DA:23,6
DA:24,6
DA:26,6
DA:28,0
DA:29,0
DA:30,0
DA:32,0
DA:33,0
DA:35,0
DA:36,0
DA:37,0
DA:40,0
DA:41,0
DA:42,0
DA:46,0
DA:47,0
DA:48,0
DA:54,0
DA:55,0
DA:58,0
DA:94,0
DA:106,0
DA:118,0
DA:142,0
DA:150,0
DA:158,0
DA:166,0
DA:174,0
DA:182,0
DA:266,1
DA:267,0
DA:295,0
DA:297,0
DA:298,0
DA:299,0
DA:300,0
DA:302,0
LF:41
LH:8
BRDA:20,0,0,0
BRDA:26,1,0,6
BRDA:47,2,0,0
BRDA:95,3,0,0
BRDA:95,3,1,0
BRDA:107,4,0,0
BRDA:107,4,1,0
BRDA:119,5,0,0
BRDA:119,5,1,0
BRDA:197,6,0,0
BRDA:197,6,1,0
BRDA:198,7,0,0
BRDA:198,7,1,0
BRDA:199,8,0,0
BRDA:199,8,1,0
BRDA:207,9,0,0
BRDA:207,9,1,0
BRDA:234,10,0,0
BRDA:234,10,1,0
BRDA:270,11,0,0
BRDA:270,11,1,0
BRDA:280,12,0,0
BRDA:280,12,1,0
BRDA:282,13,0,0
BRDA:282,13,1,0
BRDA:297,14,0,0
BRDA:298,15,0,0
BRDA:299,16,0,0
BRDA:300,17,0,0
BRF:29
BRH:1
end_of_record
TN:
SF:services\aiService.ts
FN:30,(anonymous_0)
FN:33,(anonymous_1)
FN:39,(anonymous_2)
FN:39,(anonymous_3)
FN:47,(anonymous_4)
FN:65,(anonymous_5)
FN:67,(anonymous_6)
FN:110,(anonymous_7)
FNF:8
FNH:0
FNDA:0,(anonymous_0)
FNDA:0,(anonymous_1)
FNDA:0,(anonymous_2)
FNDA:0,(anonymous_3)
FNDA:0,(anonymous_4)
FNDA:0,(anonymous_5)
FNDA:0,(anonymous_6)
FNDA:0,(anonymous_7)
DA:2,1
DA:20,1
DA:33,0
DA:35,0
DA:36,0
DA:37,0
DA:38,0
DA:39,0
DA:42,0
DA:45,0
DA:47,0
DA:49,0
DA:51,0
DA:53,0
DA:54,0
DA:55,0
DA:58,0
DA:59,0
DA:60,0
DA:61,0
DA:62,0
DA:65,0
DA:66,0
DA:67,0
DA:68,0
DA:69,0
DA:75,0
DA:76,0
DA:78,0
DA:83,0
DA:84,0
DA:85,0
DA:86,0
DA:87,0
DA:93,0
DA:94,0
DA:95,0
DA:96,0
DA:97,0
DA:100,0
DA:102,0
DA:103,0
DA:104,0
DA:106,0
DA:110,0
DA:112,0
LF:46
LH:2
BRDA:30,0,0,0
BRDA:30,1,0,0
BRDA:38,2,0,0
BRDA:38,2,1,0
BRDA:39,3,0,0
BRDA:39,3,1,0
BRDA:42,4,0,0
BRDA:42,4,1,0
BRDA:51,5,0,0
BRDA:58,6,0,0
BRDA:58,6,1,0
BRDA:59,7,0,0
BRDA:59,7,1,0
BRDA:61,8,0,0
BRDA:65,9,0,0
BRDA:65,9,1,0
BRDA:65,10,0,0
BRDA:65,10,1,0
BRDA:65,10,2,0
BRDA:66,11,0,0
BRDA:68,12,0,0
BRDA:75,13,0,0
BRDA:75,13,1,0
BRDA:85,14,0,0
BRDA:85,15,0,0
BRDA:85,15,1,0
BRDA:86,16,0,0
BRDA:86,17,0,0
BRDA:86,17,1,0
BRDA:86,17,2,0
BRDA:102,18,0,0
BRDA:102,18,1,0
BRDA:110,19,0,0
BRDA:110,19,1,0
BRDA:118,20,0,0
BRDA:118,20,1,0
BRF:36
BRH:0
end_of_record
TN:
SF:utils\aggregationUtils.ts
FN:5,(anonymous_0)
FN:18,(anonymous_1)
FN:32,(anonymous_2)
FN:34,(anonymous_3)
FN:41,(anonymous_4)
FN:43,(anonymous_5)
FN:60,(anonymous_6)
FN:83,(anonymous_7)
FN:88,(anonymous_8)
FN:103,(anonymous_9)
FN:105,(anonymous_10)
FN:122,(anonymous_11)
FN:131,(anonymous_12)
FN:149,(anonymous_13)
FN:155,(anonymous_14)
FN:160,(anonymous_15)
FN:171,(anonymous_16)
FN:178,(anonymous_17)
FN:187,(anonymous_18)
FN:196,(anonymous_19)
FN:228,(anonymous_20)
FN:250,(anonymous_21)
FN:271,(anonymous_22)
FN:279,(anonymous_23)
FNF:24
FNH:12
FNDA:0,(anonymous_0)
FNDA:0,(anonymous_1)
FNDA:0,(anonymous_2)
FNDA:0,(anonymous_3)
FNDA:0,(anonymous_4)
FNDA:0,(anonymous_5)
FNDA:3,(anonymous_6)
FNDA:6,(anonymous_7)
FNDA:0,(anonymous_8)
FNDA:6,(anonymous_9)
FNDA:7,(anonymous_10)
FNDA:4,(anonymous_11)
FNDA:7,(anonymous_12)
FNDA:5,(anonymous_13)
FNDA:24,(anonymous_14)
FNDA:0,(anonymous_15)
FNDA:0,(anonymous_16)
FNDA:0,(anonymous_17)
FNDA:4,(anonymous_18)
FNDA:48,(anonymous_19)
FNDA:0,(anonymous_20)
FNDA:0,(anonymous_21)
FNDA:1,(anonymous_22)
FNDA:6,(anonymous_23)
DA:2,1
DA:5,1
DA:6,0
DA:9,0
DA:10,0
DA:13,0
DA:14,0
DA:18,0
DA:19,0
DA:32,1
DA:33,0
DA:34,0
DA:40,0
DA:41,0
DA:42,0
DA:43,0
DA:50,0
DA:60,1
DA:64,3
DA:65,0
DA:75,3
DA:76,3
DA:79,3
DA:80,3
DA:81,3
DA:83,3
DA:84,6
DA:85,6
DA:86,0
DA:87,6
DA:88,0
DA:89,0
DA:91,0
DA:93,6
DA:94,6
DA:97,3
DA:101,3
DA:103,3
DA:104,6
DA:105,6
DA:106,7
DA:108,7
DA:109,7
DA:110,4
DA:116,7
DA:121,3
DA:122,3
DA:123,4
DA:124,4
DA:131,7
DA:135,4
DA:136,4
DA:137,4
DA:138,4
DA:144,4
DA:145,4
DA:147,4
DA:149,2
DA:153,5
DA:155,5
DA:156,24
DA:157,24
DA:160,5
DA:161,0
DA:162,0
DA:170,5
DA:171,0
DA:172,0
DA:173,0
DA:177,5
DA:178,0
DA:179,0
DA:180,0
DA:187,2
DA:188,4
DA:189,4
DA:191,4
DA:192,48
DA:193,48
DA:194,48
DA:196,48
DA:200,48
DA:202,48
DA:203,48
DA:204,48
DA:205,0
DA:206,0
DA:207,0
DA:208,0
DA:212,48
DA:213,0
DA:216,4
DA:219,2
DA:220,2
DA:222,2
DA:223,0
DA:224,0
DA:225,0
DA:226,0
DA:227,0
DA:228,0
DA:229,0
DA:230,0
DA:231,0
DA:232,0
DA:233,0
DA:234,0
DA:237,0
DA:238,0
DA:241,0
DA:244,2
DA:245,0
DA:246,0
DA:247,0
DA:248,0
DA:249,0
DA:250,0
DA:251,0
DA:252,0
DA:253,0
DA:254,0
DA:255,0
DA:256,0
DA:259,0
DA:260,0
DA:263,0
DA:266,4
DA:271,3
DA:272,1
DA:273,1
DA:274,1
DA:278,3
DA:279,3
DA:280,6
DA:282,3
DA:284,3
LF:136
LH:74
BRDA:6,0,0,0
BRDA:6,1,0,0
BRDA:6,1,1,0
BRDA:6,1,2,0
BRDA:10,2,0,0
BRDA:10,3,0,0
BRDA:10,3,1,0
BRDA:14,4,0,0
BRDA:14,5,0,0
BRDA:14,5,1,0
BRDA:18,6,0,0
BRDA:18,6,1,0
BRDA:19,7,0,0
BRDA:19,7,1,0
BRDA:33,8,0,0
BRDA:64,9,0,0
BRDA:64,10,0,3
BRDA:64,10,1,3
BRDA:64,10,2,3
BRDA:79,11,0,3
BRDA:79,11,1,0
BRDA:85,12,0,0
BRDA:85,12,1,6
BRDA:86,13,0,0
BRDA:86,13,1,0
BRDA:86,13,2,0
BRDA:87,14,0,0
BRDA:87,15,0,6
BRDA:87,15,1,0
BRDA:91,16,0,0
BRDA:91,16,1,0
BRDA:97,17,0,0
BRDA:104,18,0,0
BRDA:104,19,0,6
BRDA:104,19,1,6
BRDA:106,20,0,0
BRDA:106,21,0,7
BRDA:106,21,1,7
BRDA:109,22,0,4
BRDA:127,23,0,0
BRDA:127,23,1,4
BRDA:127,24,0,4
BRDA:127,24,1,2
BRDA:137,25,0,0
BRDA:138,26,0,0
BRDA:144,27,0,2
BRDA:144,27,1,2
BRDA:147,28,0,2
BRDA:147,28,1,2
BRDA:153,29,0,5
BRDA:153,29,1,5
BRDA:156,30,0,24
BRDA:156,31,0,24
BRDA:156,31,1,24
BRDA:156,31,2,24
BRDA:157,32,0,24
BRDA:157,32,1,23
BRDA:161,33,0,0
BRDA:161,34,0,0
BRDA:161,34,1,0
BRDA:161,34,2,0
BRDA:162,35,0,0
BRDA:162,35,1,0
BRDA:170,36,0,0
BRDA:170,37,0,5
BRDA:170,37,1,0
BRDA:172,38,0,0
BRDA:172,39,0,0
BRDA:172,39,1,0
BRDA:172,39,2,0
BRDA:173,40,0,0
BRDA:173,40,1,0
BRDA:177,41,0,0
BRDA:177,42,0,5
BRDA:177,42,1,0
BRDA:179,43,0,0
BRDA:179,44,0,0
BRDA:179,44,1,0
BRDA:179,44,2,0
BRDA:180,45,0,0
BRDA:180,45,1,0
BRDA:189,46,0,4
BRDA:189,46,1,4
BRDA:200,47,0,48
BRDA:200,47,1,48
BRDA:202,48,0,24
BRDA:202,48,1,24
BRDA:204,49,0,0
BRDA:204,50,0,48
BRDA:204,50,1,48
BRDA:205,51,0,0
BRDA:205,51,1,0
BRDA:212,52,0,0
BRDA:213,53,0,0
BRDA:213,53,1,0
BRDA:222,54,0,0
BRDA:229,55,0,0
BRDA:229,55,1,0
BRDA:230,56,0,0
BRDA:230,57,0,0
BRDA:230,57,1,0
BRDA:231,58,0,0
BRDA:231,58,1,0
BRDA:237,59,0,0
BRDA:238,60,0,0
BRDA:238,60,1,0
BRDA:244,61,0,0
BRDA:251,62,0,0
BRDA:251,62,1,0
BRDA:252,63,0,0
BRDA:252,64,0,0
BRDA:252,64,1,0
BRDA:253,65,0,0
BRDA:253,65,1,0
BRDA:259,66,0,0
BRDA:260,67,0,0
BRDA:260,67,1,0
BRDA:272,68,0,1
BRDA:272,68,1,0
BRDA:273,69,0,1
BRDA:273,69,1,0
BRDA:282,70,0,3
BRDA:282,70,1,0
BRF:123
BRH:39
end_of_record
TN:
SF:utils\compliance.ts
FN:15,(anonymous_0)
FN:36,(anonymous_1)
FN:44,(anonymous_2)
FN:89,(anonymous_3)
FN:104,(anonymous_4)
FN:105,(anonymous_5)
FN:120,(anonymous_6)
FN:121,(anonymous_7)
FN:122,(anonymous_8)
FN:124,(anonymous_9)
FN:126,(anonymous_10)
FN:135,(anonymous_11)
FN:180,(anonymous_12)
FN:207,(anonymous_13)
FN:241,(anonymous_14)
FN:258,(anonymous_15)
FN:294,(anonymous_16)
FN:338,(anonymous_17)
FN:358,(anonymous_18)
FN:359,(anonymous_19)
FN:375,(anonymous_20)
FN:376,(anonymous_21)
FN:395,(anonymous_22)
FN:556,(anonymous_23)
FN:576,(anonymous_24)
FN:585,(anonymous_25)
FN:586,(anonymous_26)
FN:637,(anonymous_27)
FN:649,(anonymous_28)
FN:663,(anonymous_29)
FN:676,(anonymous_30)
FN:691,(anonymous_31)
FN:712,(anonymous_32)
FNF:33
FNH:21
FNDA:4,(anonymous_0)
FNDA:82,(anonymous_1)
FNDA:0,(anonymous_2)
FNDA:2472,(anonymous_3)
FNDA:2472,(anonymous_4)
FNDA:2568,(anonymous_5)
FNDA:12360,(anonymous_6)
FNDA:12360,(anonymous_7)
FNDA:2472,(anonymous_8)
FNDA:4944,(anonymous_9)
FNDA:19776,(anonymous_10)
FNDA:14832,(anonymous_11)
FNDA:6,(anonymous_12)
FNDA:21,(anonymous_13)
FNDA:0,(anonymous_14)
FNDA:0,(anonymous_15)
FNDA:0,(anonymous_16)
FNDA:2535,(anonymous_17)
FNDA:0,(anonymous_18)
FNDA:0,(anonymous_19)
FNDA:1236,(anonymous_20)
FNDA:1236,(anonymous_21)
FNDA:0,(anonymous_22)
FNDA:9,(anonymous_23)
FNDA:7,(anonymous_24)
FNDA:0,(anonymous_25)
FNDA:0,(anonymous_26)
FNDA:3,(anonymous_27)
FNDA:0,(anonymous_28)
FNDA:0,(anonymous_29)
FNDA:1,(anonymous_30)
FNDA:9,(anonymous_31)
FNDA:0,(anonymous_32)
DA:3,4
DA:9,4
DA:15,4
DA:16,4
DA:17,4
DA:20,4
DA:26,4
DA:36,82
DA:44,4
DA:45,0
DA:48,0
DA:51,0
DA:52,0
DA:55,0
DA:56,0
DA:57,0
DA:61,0
DA:62,0
DA:66,0
DA:67,0
DA:70,0
DA:89,4
DA:97,2472
DA:99,2472
DA:100,2472
DA:103,2472
DA:104,2472
DA:105,2568
DA:106,2472
DA:107,2472
DA:108,2472
DA:109,2472
DA:115,2472
DA:116,2472
DA:118,2472
DA:120,12360
DA:121,12360
DA:122,2472
DA:124,2472
DA:126,19776
DA:132,4944
DA:133,4944
DA:135,14832
DA:137,4944
DA:138,0
DA:139,0
DA:142,0
DA:144,0
DA:151,2472
DA:152,2472
DA:153,0
DA:154,0
DA:158,2472
DA:159,0
DA:160,0
DA:165,2472
DA:168,2472
DA:170,2472
DA:172,0
DA:173,0
DA:180,4
DA:186,6
DA:189,6
DA:191,6
DA:192,6
DA:194,6
DA:195,6
DA:196,6
DA:197,6
DA:207,4
DA:212,21
DA:213,21
DA:214,21
DA:219,21
DA:222,21
DA:224,21
DA:225,0
DA:226,0
DA:229,21
DA:230,21
DA:233,0
DA:234,0
DA:241,4
DA:245,0
DA:246,0
DA:247,0
DA:248,0
DA:249,0
DA:251,0
DA:258,4
DA:262,0
DA:267,0
DA:268,0
DA:270,0
DA:272,0
DA:273,0
DA:274,0
DA:277,0
DA:278,0
DA:280,0
DA:281,0
DA:285,0
DA:287,0
DA:294,4
DA:298,0
DA:303,0
DA:304,0
DA:307,0
DA:308,0
DA:309,0
DA:312,0
DA:313,0
DA:317,0
DA:319,0
DA:338,4
DA:344,2535
DA:345,2535
DA:346,0
DA:348,2535
DA:350,2535
DA:351,2535
DA:354,2535
DA:355,0
DA:356,0
DA:358,0
DA:359,0
DA:360,0
DA:362,0
DA:364,0
DA:365,0
DA:366,0
DA:371,0
DA:373,2535
DA:375,1236
DA:376,1236
DA:381,2535
DA:383,2535
DA:384,0
DA:386,0
DA:388,0
DA:389,0
DA:392,2535
DA:395,4
DA:404,0
DA:407,0
DA:412,0
DA:414,0
DA:415,0
DA:416,0
DA:417,0
DA:418,0
DA:419,0
DA:423,0
DA:425,0
DA:426,0
DA:432,0
DA:435,0
DA:439,0
DA:441,0
DA:442,0
DA:445,0
DA:446,0
DA:447,0
DA:449,0
DA:452,0
DA:454,0
DA:455,0
DA:458,0
DA:462,0
DA:463,0
DA:464,0
DA:466,0
DA:467,0
DA:468,0
DA:469,0
DA:472,0
DA:476,0
DA:477,0
DA:482,0
DA:483,0
DA:485,0
DA:487,0
DA:488,0
DA:489,0
DA:491,0
DA:492,0
DA:493,0
DA:496,0
DA:497,0
DA:498,0
DA:500,0
DA:501,0
DA:502,0
DA:504,0
DA:505,0
DA:506,0
DA:507,0
DA:511,0
DA:512,0
DA:513,0
DA:515,0
DA:516,0
DA:520,0
DA:527,0
DA:533,0
DA:534,0
DA:538,0
DA:542,0
DA:556,4
DA:557,9
DA:558,9
DA:560,6
DA:561,6
DA:562,6
DA:563,6
DA:565,6
DA:567,6
DA:568,6
DA:571,6
DA:573,6
DA:574,6
DA:576,6
DA:578,7
DA:580,7
DA:581,7
DA:584,7
DA:585,0
DA:586,0
DA:588,7
DA:589,7
DA:593,0
DA:594,0
DA:596,0
DA:597,0
DA:599,0
DA:600,0
DA:601,0
DA:602,0
DA:603,0
DA:604,0
DA:605,0
DA:608,0
DA:609,0
DA:611,0
DA:612,0
DA:618,0
DA:620,0
DA:621,0
DA:627,6
DA:629,0
DA:630,0
DA:637,4
DA:644,3
DA:646,0
DA:647,0
DA:649,0
DA:651,0
DA:653,0
DA:655,0
DA:656,0
DA:657,0
DA:662,0
DA:663,0
DA:664,0
DA:665,0
DA:666,0
DA:667,0
DA:671,0
DA:673,0
DA:676,4
DA:683,1
DA:684,1
DA:686,1
DA:687,3
DA:688,3
DA:689,3
DA:691,3
DA:693,9
DA:695,9
DA:696,9
DA:698,9
DA:700,9
DA:701,9
DA:702,9
DA:704,9
DA:705,9
DA:706,9
DA:709,3
DA:711,0
DA:712,0
DA:713,0
DA:714,0
DA:715,0
DA:717,0
DA:718,3
DA:719,3
DA:723,1
LF:297
LH:118
BRDA:16,0,0,0
BRDA:17,1,0,0
BRDA:45,2,0,0
BRDA:51,3,0,0
BRDA:52,4,0,0
BRDA:55,5,0,0
BRDA:56,6,0,0
BRDA:57,7,0,0
BRDA:61,8,0,0
BRDA:61,9,0,0
BRDA:61,9,1,0
BRDA:66,10,0,0
BRDA:93,11,0,0
BRDA:94,12,0,0
BRDA:95,13,0,0
BRDA:97,14,0,0
BRDA:106,15,0,0
BRDA:108,16,0,1236
BRDA:108,16,1,1236
BRDA:109,17,0,2472
BRDA:109,17,1,1854
BRDA:118,18,0,2472
BRDA:133,19,0,0
BRDA:137,20,0,0
BRDA:139,21,0,0
BRDA:139,21,1,0
BRDA:144,22,0,0
BRDA:144,22,1,0
BRDA:152,23,0,0
BRDA:158,24,0,0
BRDA:168,25,0,0
BRDA:168,26,0,2472
BRDA:168,26,1,2472
BRDA:183,27,0,6
BRDA:184,28,0,6
BRDA:186,29,0,0
BRDA:189,30,0,0
BRDA:191,31,0,6
BRDA:191,31,1,0
BRDA:192,32,0,6
BRDA:192,32,1,0
BRDA:194,33,0,0
BRDA:195,34,0,0
BRDA:196,35,0,0
BRDA:212,36,0,21
BRDA:212,36,1,21
BRDA:212,36,2,21
BRDA:213,37,0,21
BRDA:213,37,1,0
BRDA:214,38,0,21
BRDA:214,38,1,0
BRDA:219,39,0,0
BRDA:219,40,0,21
BRDA:219,40,1,0
BRDA:222,41,0,0
BRDA:222,42,0,21
BRDA:222,42,1,0
BRDA:224,43,0,0
BRDA:225,44,0,0
BRDA:225,45,0,0
BRDA:225,45,1,0
BRDA:226,46,0,0
BRDA:226,46,1,0
BRDA:229,47,0,21
BRDA:233,48,0,0
BRDA:245,49,0,0
BRDA:245,49,1,0
BRDA:245,50,0,0
BRDA:245,50,1,0
BRDA:247,51,0,0
BRDA:247,51,1,0
BRDA:248,52,0,0
BRDA:248,52,1,0
BRDA:249,53,0,0
BRDA:249,54,0,0
BRDA:249,54,1,0
BRDA:267,55,0,0
BRDA:267,55,1,0
BRDA:267,56,0,0
BRDA:267,56,1,0
BRDA:268,57,0,0
BRDA:272,58,0,0
BRDA:272,58,1,0
BRDA:273,59,0,0
BRDA:273,59,1,0
BRDA:274,60,0,0
BRDA:274,60,1,0
BRDA:280,61,0,0
BRDA:280,62,0,0
BRDA:280,62,1,0
BRDA:280,62,2,0
BRDA:280,62,3,0
BRDA:281,63,0,0
BRDA:281,63,1,0
BRDA:285,64,0,0
BRDA:308,65,0,0
BRDA:308,65,1,0
BRDA:309,66,0,0
BRDA:309,66,1,0
BRDA:312,67,0,0
BRDA:312,68,0,0
BRDA:312,68,1,0
BRDA:317,69,0,0
BRDA:342,70,0,63
BRDA:345,71,0,0
BRDA:350,72,0,2535
BRDA:350,72,1,154
BRDA:351,73,0,2535
BRDA:351,73,1,156
BRDA:354,74,0,0
BRDA:354,74,1,2535
BRDA:354,75,0,2535
BRDA:354,75,1,0
BRDA:354,75,2,0
BRDA:360,76,0,0
BRDA:365,77,0,0
BRDA:365,77,1,0
BRDA:365,78,0,0
BRDA:365,78,1,0
BRDA:366,79,0,0
BRDA:366,79,1,0
BRDA:366,80,0,0
BRDA:366,80,1,0
BRDA:373,81,0,103
BRDA:373,82,0,2535
BRDA:373,82,1,103
BRDA:373,82,2,103
BRDA:381,83,0,2535
BRDA:381,83,1,2535
BRDA:383,84,0,0
BRDA:383,85,0,2535
BRDA:383,85,1,0
BRDA:384,86,0,0
BRDA:384,86,1,0
BRDA:386,87,0,0
BRDA:386,87,1,0
BRDA:388,88,0,0
BRDA:388,88,1,0
BRDA:389,89,0,0
BRDA:389,89,1,0
BRDA:398,90,0,0
BRDA:399,91,0,0
BRDA:400,92,0,0
BRDA:401,93,0,0
BRDA:404,94,0,0
BRDA:404,94,1,0
BRDA:412,95,0,0
BRDA:412,95,1,0
BRDA:414,96,0,0
BRDA:414,97,0,0
BRDA:414,97,1,0
BRDA:415,98,0,0
BRDA:415,98,1,0
BRDA:417,99,0,0
BRDA:419,100,0,0
BRDA:419,100,1,0
BRDA:423,101,0,0
BRDA:423,101,1,0
BRDA:425,102,0,0
BRDA:425,102,1,0
BRDA:426,103,0,0
BRDA:426,103,1,0
BRDA:435,104,0,0
BRDA:435,104,1,0
BRDA:435,104,2,0
BRDA:435,104,3,0
BRDA:439,105,0,0
BRDA:439,105,1,0
BRDA:446,106,0,0
BRDA:446,106,1,0
BRDA:447,107,0,0
BRDA:447,107,1,0
BRDA:454,108,0,0
BRDA:463,109,0,0
BRDA:463,109,1,0
BRDA:466,110,0,0
BRDA:466,110,1,0
BRDA:468,111,0,0
BRDA:468,111,1,0
BRDA:472,112,0,0
BRDA:472,112,1,0
BRDA:476,113,0,0
BRDA:476,114,0,0
BRDA:476,114,1,0
BRDA:476,114,2,0
BRDA:476,115,0,0
BRDA:476,115,1,0
BRDA:476,116,0,0
BRDA:476,116,1,0
BRDA:485,117,0,0
BRDA:485,117,1,0
BRDA:489,118,0,0
BRDA:489,118,1,0
BRDA:492,119,0,0
BRDA:492,119,1,0
BRDA:493,120,0,0
BRDA:493,120,1,0
BRDA:501,121,0,0
BRDA:501,121,1,0
BRDA:502,122,0,0
BRDA:502,122,1,0
BRDA:504,123,0,0
BRDA:504,124,0,0
BRDA:504,124,1,0
BRDA:511,125,0,0
BRDA:511,125,1,0
BRDA:527,126,0,0
BRDA:527,126,1,0
BRDA:534,127,0,0
BRDA:534,127,1,0
BRDA:534,128,0,0
BRDA:534,128,1,0
BRDA:534,128,2,0
BRDA:538,129,0,0
BRDA:538,129,1,0
BRDA:557,130,0,9
BRDA:557,130,1,0
BRDA:558,131,0,3
BRDA:563,132,0,6
BRDA:563,132,1,6
BRDA:565,133,0,0
BRDA:568,134,0,0
BRDA:568,135,0,6
BRDA:568,135,1,6
BRDA:571,136,0,0
BRDA:571,136,1,6
BRDA:578,137,0,0
BRDA:578,138,0,7
BRDA:578,138,1,7
BRDA:578,138,2,7
BRDA:581,139,0,7
BRDA:581,139,1,7
BRDA:581,139,2,7
BRDA:581,139,3,7
BRDA:584,140,0,0
BRDA:584,140,1,7
BRDA:585,141,0,0
BRDA:585,141,1,0
BRDA:585,142,0,0
BRDA:585,142,1,0
BRDA:585,142,2,0
BRDA:585,142,3,0
BRDA:585,143,0,0
BRDA:585,143,1,0
BRDA:586,144,0,7
BRDA:586,144,1,7
BRDA:586,145,0,0
BRDA:586,145,1,0
BRDA:586,145,2,0
BRDA:586,145,3,0
BRDA:586,146,0,0
BRDA:586,146,1,0
BRDA:588,147,0,7
BRDA:599,148,0,0
BRDA:600,149,0,0
BRDA:600,149,1,0
BRDA:601,150,0,0
BRDA:601,150,1,0
BRDA:602,151,0,0
BRDA:602,151,1,0
BRDA:603,152,0,0
BRDA:603,152,1,0
BRDA:608,153,0,0
BRDA:608,153,1,0
BRDA:608,153,2,0
BRDA:608,153,3,0
BRDA:609,154,0,0
BRDA:609,154,1,0
BRDA:609,154,2,0
BRDA:609,154,3,0
BRDA:611,155,0,0
BRDA:611,155,1,0
BRDA:612,156,0,0
BRDA:612,156,1,0
BRDA:618,157,0,0
BRDA:618,157,1,0
BRDA:618,157,2,0
BRDA:618,158,0,0
BRDA:618,158,1,0
BRDA:620,159,0,0
BRDA:627,160,0,6
BRDA:640,161,0,3
BRDA:641,162,0,0
BRDA:642,163,0,0
BRDA:644,164,0,3
BRDA:644,165,0,3
BRDA:644,165,1,3
BRDA:653,166,0,0
BRDA:656,167,0,0
BRDA:656,167,1,0
BRDA:657,168,0,0
BRDA:657,168,1,0
BRDA:662,169,0,0
BRDA:665,170,0,0
BRDA:671,171,0,0
BRDA:679,172,0,0
BRDA:680,173,0,0
BRDA:681,174,0,0
BRDA:684,175,0,1
BRDA:684,175,1,0
BRDA:695,176,0,9
BRDA:695,176,1,0
BRDA:696,177,0,9
BRDA:696,177,1,0
BRDA:698,178,0,0
BRDA:698,179,0,9
BRDA:698,179,1,0
BRDA:704,180,0,9
BRDA:704,180,1,0
BRDA:705,181,0,9
BRDA:705,181,1,0
BRDA:709,182,0,0
BRDA:709,182,1,3
BRDA:709,183,0,3
BRDA:709,183,1,3
BRDA:713,184,0,0
BRDA:713,184,1,0
BRDA:714,185,0,0
BRDA:714,185,1,0
BRDA:715,186,0,0
BRDA:715,187,0,0
BRDA:715,187,1,0
BRDA:717,188,0,0
BRDA:718,189,0,3
BRDA:718,190,0,3
BRDA:718,190,1,3
BRF:326
BRH:68
end_of_record
TN:
SF:utils\dashboardLogic.ts
FN:22,(anonymous_0)
FN:33,(anonymous_1)
FN:34,(anonymous_2)
FN:44,(anonymous_3)
FN:65,(anonymous_4)
FN:78,(anonymous_5)
FN:93,(anonymous_6)
FN:96,(anonymous_7)
FN:97,(anonymous_8)
FN:100,(anonymous_9)
FN:102,(anonymous_10)
FN:112,(anonymous_11)
FN:113,(anonymous_12)
FN:122,(anonymous_13)
FN:124,(anonymous_14)
FN:131,(anonymous_15)
FNF:16
FNH:9
FNDA:5,(anonymous_0)
FNDA:5,(anonymous_1)
FNDA:4,(anonymous_2)
FNDA:0,(anonymous_3)
FNDA:4,(anonymous_4)
FNDA:7,(anonymous_5)
FNDA:0,(anonymous_6)
FNDA:5,(anonymous_7)
FNDA:0,(anonymous_8)
FNDA:0,(anonymous_9)
FNDA:6,(anonymous_10)
FNDA:0,(anonymous_11)
FNDA:0,(anonymous_12)
FNDA:0,(anonymous_13)
FNDA:2,(anonymous_14)
FNDA:7,(anonymous_15)
DA:2,1
DA:22,1
DA:29,5
DA:32,5
DA:33,5
DA:35,4
DA:38,4
DA:39,4
DA:43,4
DA:44,0
DA:45,0
DA:46,0
DA:51,4
DA:56,5
DA:59,5
DA:60,5
DA:61,5
DA:62,5
DA:65,5
DA:66,4
DA:67,4
DA:68,4
DA:69,4
DA:72,4
DA:73,0
DA:78,5
DA:79,7
DA:80,7
DA:81,7
DA:82,7
DA:83,4
DA:88,5
DA:91,5
DA:92,4
DA:93,4
DA:95,4
DA:96,5
DA:97,0
DA:100,4
DA:102,4
DA:103,6
DA:104,6
DA:105,2
DA:106,2
DA:108,2
DA:112,4
DA:113,0
DA:114,0
DA:119,4
DA:120,4
DA:122,0
DA:124,4
DA:125,0
DA:130,5
DA:131,5
DA:132,7
DA:133,7
DA:136,7
DA:137,7
DA:143,7
DA:144,7
DA:148,5
LF:62
LH:53
BRDA:29,0,0,5
BRDA:29,0,1,0
BRDA:29,0,2,0
BRDA:33,1,0,5
BRDA:33,1,1,5
BRDA:33,2,0,5
BRDA:33,2,1,0
BRDA:38,3,0,4
BRDA:43,4,0,0
BRDA:43,5,0,4
BRDA:43,5,1,4
BRDA:45,6,0,0
BRDA:45,7,0,0
BRDA:45,7,1,0
BRDA:59,8,0,5
BRDA:68,9,0,0
BRDA:69,10,0,0
BRDA:72,11,0,0
BRDA:79,12,0,7
BRDA:79,13,0,7
BRDA:79,13,1,7
BRDA:82,14,0,4
BRDA:91,15,0,4
BRDA:91,16,0,5
BRDA:91,16,1,4
BRDA:92,17,0,4
BRDA:92,17,1,0
BRDA:92,17,2,0
BRDA:93,18,0,4
BRDA:93,18,1,0
BRDA:96,19,0,5
BRDA:96,19,1,5
BRDA:96,19,2,0
BRDA:97,20,0,0
BRDA:97,20,1,0
BRDA:104,21,0,4
BRDA:105,22,0,0
BRDA:106,23,0,0
BRDA:113,24,0,0
BRDA:120,25,0,4
BRDA:120,25,1,2
BRDA:120,25,2,2
BRDA:124,26,0,0
BRDA:124,27,0,4
BRDA:124,27,1,2
BRDA:137,28,0,7
BRDA:137,28,1,0
BRDA:137,28,2,0
BRDA:137,28,3,0
BRDA:137,28,4,0
BRDA:143,29,0,7
BRF:51
BRH:27
end_of_record
TN:
SF:utils\dateUtils.ts
FN:12,(anonymous_0)
FN:29,(anonymous_1)
FNF:2
FNH:1
FNDA:4,(anonymous_0)
FNDA:0,(anonymous_1)
DA:12,1
DA:13,4
DA:14,4
DA:16,4
DA:19,2
DA:23,2
DA:29,1
DA:34,0
DA:35,0
DA:39,0
LF:10
LH:7
BRDA:12,0,0,0
BRDA:12,1,0,2
BRDA:16,2,0,2
BRDA:29,3,0,0
BRDA:29,4,0,0
BRF:5
BRH:2
end_of_record
TN:
SF:utils\formatters.ts
FN:5,(anonymous_0)
FN:44,(anonymous_1)
FNF:2
FNH:1
FNDA:55,(anonymous_0)
FNDA:0,(anonymous_1)
DA:5,2
DA:8,55
DA:22,55
DA:24,55
DA:25,55
DA:26,55
DA:27,82
DA:28,82
DA:31,82
DA:32,1
DA:34,81
DA:35,81
DA:38,55
DA:44,2
DA:45,0
LF:15
LH:14
BRDA:8,0,0,55
BRDA:8,0,1,3
BRDA:26,1,0,136
BRDA:26,1,1,82
BRDA:31,2,0,1
BRDA:31,3,0,82
BRDA:31,3,1,1
BRDA:38,4,0,55
BRDA:38,4,1,3
BRF:9
BRH:9
end_of_record
TN:
SF:utils\powerPointExport.ts
FN:76,generateExecutiveInsights
FN:92,(anonymous_2)
FN:93,(anonymous_3)
FN:97,(anonymous_4)
FN:102,(anonymous_5)
FN:107,(anonymous_6)
FN:116,(anonymous_7)
FN:131,(anonymous_8)
FN:132,(anonymous_9)
FN:133,(anonymous_10)
FN:146,(anonymous_11)
FN:148,(anonymous_12)
FN:150,(anonymous_13)
FN:153,(anonymous_14)
FN:155,(anonymous_15)
FN:157,(anonymous_16)
FN:159,(anonymous_17)
FN:162,(anonymous_18)
FN:177,(anonymous_19)
FN:182,(anonymous_20)
FN:183,(anonymous_21)
FN:203,exportToPowerPoint
FN:337,(anonymous_23)
FN:366,(anonymous_24)
FN:395,(anonymous_25)
FN:445,(anonymous_26)
FN:500,(anonymous_27)
FN:501,(anonymous_28)
FN:505,(anonymous_29)
FN:510,(anonymous_30)
FN:513,(anonymous_31)
FN:525,(anonymous_32)
FN:575,(anonymous_33)
FN:577,(anonymous_34)
FN:578,(anonymous_35)
FN:580,(anonymous_36)
FN:581,(anonymous_37)
FN:584,(anonymous_38)
FN:584,(anonymous_39)
FN:626,(anonymous_40)
FN:645,(anonymous_41)
FN:688,(anonymous_42)
FNF:42
FNH:0
FNDA:0,generateExecutiveInsights
FNDA:0,(anonymous_2)
FNDA:0,(anonymous_3)
FNDA:0,(anonymous_4)
FNDA:0,(anonymous_5)
FNDA:0,(anonymous_6)
FNDA:0,(anonymous_7)
FNDA:0,(anonymous_8)
FNDA:0,(anonymous_9)
FNDA:0,(anonymous_10)
FNDA:0,(anonymous_11)
FNDA:0,(anonymous_12)
FNDA:0,(anonymous_13)
FNDA:0,(anonymous_14)
FNDA:0,(anonymous_15)
FNDA:0,(anonymous_16)
FNDA:0,(anonymous_17)
FNDA:0,(anonymous_18)
FNDA:0,(anonymous_19)
FNDA:0,(anonymous_20)
FNDA:0,(anonymous_21)
FNDA:0,exportToPowerPoint
FNDA:0,(anonymous_23)
FNDA:0,(anonymous_24)
FNDA:0,(anonymous_25)
FNDA:0,(anonymous_26)
FNDA:0,(anonymous_27)
FNDA:0,(anonymous_28)
FNDA:0,(anonymous_29)
FNDA:0,(anonymous_30)
FNDA:0,(anonymous_31)
FNDA:0,(anonymous_32)
FNDA:0,(anonymous_33)
FNDA:0,(anonymous_34)
FNDA:0,(anonymous_35)
FNDA:0,(anonymous_36)
FNDA:0,(anonymous_37)
FNDA:0,(anonymous_38)
FNDA:0,(anonymous_39)
FNDA:0,(anonymous_40)
FNDA:0,(anonymous_41)
FNDA:0,(anonymous_42)
DA:1,1
DA:3,1
DA:23,1
DA:37,1
DA:88,0
DA:91,0
DA:92,0
DA:94,0
DA:95,0
DA:97,0
DA:98,0
DA:99,0
DA:102,0
DA:103,0
DA:106,0
DA:107,0
DA:110,0
DA:111,0
DA:114,0
DA:115,0
DA:116,0
DA:117,0
DA:118,0
DA:119,0
DA:120,0
DA:121,0
DA:122,0
DA:123,0
DA:125,0
DA:126,0
DA:127,0
DA:131,0
DA:132,0
DA:133,0
DA:134,0
DA:136,0
DA:137,0
DA:138,0
DA:139,0
DA:140,0
DA:144,0
DA:145,0
DA:146,0
DA:147,0
DA:148,0
DA:149,0
DA:150,0
DA:151,0
DA:152,0
DA:153,0
DA:155,0
DA:156,0
DA:157,0
DA:158,0
DA:159,0
DA:160,0
DA:161,0
DA:162,0
DA:164,0
DA:165,0
DA:166,0
DA:167,0
DA:168,0
DA:169,0
DA:170,0
DA:171,0
DA:176,0
DA:177,0
DA:181,0
DA:182,0
DA:183,0
DA:186,0
DA:187,0
DA:190,0
DA:203,1
DA:210,0
DA:211,0
DA:214,0
DA:215,0
DA:216,0
DA:217,0
DA:220,0
DA:221,0
DA:224,0
DA:225,0
DA:227,0
DA:239,0
DA:245,0
DA:256,0
DA:269,0
DA:270,0
DA:271,0
DA:272,0
DA:275,0
DA:287,0
DA:291,0
DA:300,0
DA:311,0
DA:324,0
DA:325,0
DA:336,0
DA:337,0
DA:338,0
DA:348,0
DA:352,0
DA:353,0
DA:354,0
DA:365,0
DA:366,0
DA:367,0
DA:377,0
DA:382,0
DA:383,0
DA:394,0
DA:395,0
DA:396,0
DA:404,0
DA:415,0
DA:427,0
DA:432,0
DA:433,0
DA:444,0
DA:445,0
DA:446,0
DA:454,0
DA:465,0
DA:477,0
DA:483,0
DA:484,0
DA:485,0
DA:487,0
DA:499,0
DA:500,0
DA:502,0
DA:503,0
DA:505,0
DA:506,0
DA:507,0
DA:510,0
DA:511,0
DA:513,0
DA:516,0
DA:525,0
DA:526,0
DA:530,0
DA:534,0
DA:542,0
DA:556,0
DA:557,0
DA:558,0
DA:560,0
DA:572,0
DA:573,0
DA:575,0
DA:576,0
DA:577,0
DA:579,0
DA:580,0
DA:581,0
DA:582,0
DA:584,0
DA:586,0
DA:590,0
DA:603,0
DA:625,0
DA:626,0
DA:627,0
DA:628,0
DA:631,0
DA:643,0
DA:644,0
DA:646,0
DA:647,0
DA:652,0
DA:656,0
DA:665,0
DA:678,0
DA:688,0
DA:690,0
DA:692,0
DA:696,0
DA:705,0
DA:717,0
DA:718,0
DA:734,0
DA:735,0
LF:186
LH:5
BRDA:94,0,0,0
BRDA:94,0,1,0
BRDA:95,1,0,0
BRDA:114,2,0,0
BRDA:114,2,1,0
BRDA:117,3,0,0
BRDA:117,3,1,0
BRDA:120,4,0,0
BRDA:120,4,1,0
BRDA:136,5,0,0
BRDA:136,5,1,0
BRDA:139,6,0,0
BRDA:145,7,0,0
BRDA:149,8,0,0
BRDA:149,8,1,0
BRDA:151,9,0,0
BRDA:151,9,1,0
BRDA:158,10,0,0
BRDA:158,10,1,0
BRDA:160,11,0,0
BRDA:160,11,1,0
BRDA:165,12,0,0
BRDA:165,12,1,0
BRDA:168,13,0,0
BRDA:186,14,0,0
BRDA:206,15,0,0
BRDA:208,16,0,0
BRDA:269,17,0,0
BRDA:287,18,0,0
BRDA:287,18,1,0
BRDA:288,19,0,0
BRDA:288,19,1,0
BRDA:352,20,0,0
BRDA:382,21,0,0
BRDA:382,22,0,0
BRDA:382,22,1,0
BRDA:432,23,0,0
BRDA:483,24,0,0
BRDA:483,25,0,0
BRDA:483,25,1,0
BRDA:502,26,0,0
BRDA:502,26,1,0
BRDA:503,27,0,0
BRDA:526,28,0,0
BRDA:526,28,1,0
BRDA:527,29,0,0
BRDA:527,29,1,0
BRDA:530,30,0,0
BRDA:530,30,1,0
BRDA:531,31,0,0
BRDA:531,31,1,0
BRDA:556,32,0,0
BRDA:556,33,0,0
BRDA:556,33,1,0
BRDA:579,34,0,0
BRDA:579,34,1,0
BRDA:580,35,0,0
BRDA:580,35,1,0
BRDA:581,36,0,0
BRDA:581,36,1,0
BRDA:625,37,0,0
BRDA:643,38,0,0
BRDA:643,38,1,0
BRDA:644,39,0,0
BRDA:644,39,1,0
BRDA:652,40,0,0
BRDA:652,40,1,0
BRDA:653,41,0,0
BRDA:653,41,1,0
BRDA:692,42,0,0
BRDA:692,42,1,0
BRDA:693,43,0,0
BRDA:693,43,1,0
BRDA:717,44,0,0
BRF:74
BRH:0
end_of_record
TN:
SF:utils\weeklyUtils.ts
FN:8,(anonymous_0)
FN:32,(anonymous_1)
FN:80,(anonymous_2)
FN:91,(anonymous_3)
FN:96,(anonymous_4)
FN:103,(anonymous_5)
FNF:6
FNH:6
FNDA:3,(anonymous_0)
FNDA:5,(anonymous_1)
FNDA:3,(anonymous_2)
FNDA:159,(anonymous_3)
FNDA:124,(anonymous_4)
FNDA:36,(anonymous_5)
DA:8,5
DA:9,3
DA:10,3
DA:11,3
DA:12,2
DA:14,1
DA:16,3
DA:17,3
DA:18,3
DA:32,5
DA:33,5
DA:34,5
DA:37,5
DA:38,5
DA:39,5
DA:41,5
DA:42,265
DA:43,265
DA:44,265
DA:46,265
DA:48,265
DA:49,265
DA:50,1855
DA:51,1855
DA:55,1855
DA:56,1845
DA:58,1855
DA:59,1855
DA:62,265
DA:63,265
DA:71,265
DA:72,265
DA:74,5
DA:80,5
DA:87,3
DA:88,3
DA:89,3
DA:91,3
DA:92,159
DA:93,159
DA:94,159
DA:96,106
DA:97,124
DA:98,124
DA:99,124
DA:103,3
DA:104,36
DA:109,24
DA:112,12
LF:49
LH:49
BRDA:8,0,0,1
BRDA:10,1,0,3
BRDA:10,1,1,0
BRDA:10,2,0,0
BRDA:10,2,1,0
BRDA:11,3,0,2
BRDA:11,3,1,1
BRDA:32,4,0,2
BRDA:38,5,0,0
BRDA:38,5,1,5
BRDA:55,6,0,10
BRDA:55,6,1,1845
BRDA:56,7,0,20
BRDA:58,8,0,1855
BRDA:58,8,1,310
BRDA:62,9,0,265
BRDA:72,10,0,0
BRDA:72,11,0,265
BRDA:72,11,1,5
BRDA:83,12,0,1
BRDA:85,13,0,1
BRDA:92,14,0,0
BRDA:92,15,0,159
BRDA:92,15,1,0
BRDA:94,16,0,53
BRDA:94,17,0,159
BRDA:94,17,1,106
BRDA:104,18,0,12
BRDA:109,19,0,12
BRF:29
BRH:22
end_of_record
