TN:
SF:types.ts
FN:30,(anonymous_0)
FN:122,(anonymous_1)
FN:128,(anonymous_2)
FNF:3
FNH:3
FNDA:1,(anonymous_0)
FNDA:1,(anonymous_1)
FNDA:1,(anonymous_2)
DA:30,1
DA:31,1
DA:32,1
DA:122,1
DA:123,1
DA:124,1
DA:125,1
DA:128,1
DA:129,1
DA:130,1
LF:10
LH:10
BRDA:30,0,0,1
BRDA:30,0,1,1
BRDA:122,1,0,1
BRDA:122,1,1,1
BRDA:128,2,0,1
BRDA:128,2,1,1
BRF:6
BRH:6
end_of_record
TN:
SF:components\AIAnalysisModal.tsx
FN:12,(anonymous_1)
FN:19,(anonymous_2)
FN:83,(anonymous_3)
FN:111,(anonymous_4)
FN:131,(anonymous_5)
FNF:5
FNH:1
FNDA:4,(anonymous_1)
FNDA:0,(anonymous_2)
FNDA:0,(anonymous_3)
FNDA:0,(anonymous_4)
FNDA:0,(anonymous_5)
DA:1,1
DA:12,1
DA:13,4
DA:15,0
DA:19,0
DA:84,0
DA:112,0
DA:132,0
LF:8
LH:3
BRDA:13,0,0,4
BRDA:44,1,0,0
BRDA:44,1,1,0
BRDA:55,2,0,0
BRDA:55,2,1,0
BRDA:64,3,0,0
BRDA:64,3,1,0
BRDA:74,4,0,0
BRDA:74,4,1,0
BRDA:94,5,0,0
BRDA:94,5,1,0
BRDA:102,6,0,0
BRDA:102,6,1,0
BRDA:122,7,0,0
BRDA:122,7,1,0
BRF:15
BRH:1
end_of_record
TN:
SF:components\ActionPlan.tsx
FN:19,(anonymous_9)
FN:67,(anonymous_10)
FN:71,(anonymous_11)
FN:72,(anonymous_12)
FN:75,(anonymous_13)
FN:81,(anonymous_14)
FN:82,(anonymous_15)
FN:87,(anonymous_16)
FN:95,(anonymous_17)
FN:118,(anonymous_18)
FN:140,(anonymous_19)
FN:144,(anonymous_20)
FN:154,(anonymous_21)
FN:160,(anonymous_22)
FN:167,(anonymous_23)
FN:176,(anonymous_24)
FN:196,(anonymous_25)
FN:223,(anonymous_26)
FNF:18
FNH:0
FNDA:0,(anonymous_9)
FNDA:0,(anonymous_10)
FNDA:0,(anonymous_11)
FNDA:0,(anonymous_12)
FNDA:0,(anonymous_13)
FNDA:0,(anonymous_14)
FNDA:0,(anonymous_15)
FNDA:0,(anonymous_16)
FNDA:0,(anonymous_17)
FNDA:0,(anonymous_18)
FNDA:0,(anonymous_19)
FNDA:0,(anonymous_20)
FNDA:0,(anonymous_21)
FNDA:0,(anonymous_22)
FNDA:0,(anonymous_23)
FNDA:0,(anonymous_24)
FNDA:0,(anonymous_25)
FNDA:0,(anonymous_26)
DA:1,1
DA:19,1
DA:20,0
DA:21,0
DA:23,0
DA:26,0
DA:65,0
DA:67,0
DA:68,0
DA:71,0
DA:72,0
DA:75,0
DA:76,0
DA:77,0
DA:78,0
DA:81,0
DA:82,0
DA:83,0
DA:84,0
DA:87,0
DA:88,0
DA:89,0
DA:90,0
DA:91,0
DA:95,0
DA:96,0
DA:97,0
DA:98,0
DA:99,0
DA:103,0
DA:119,0
DA:120,0
DA:141,0
DA:144,0
DA:154,0
DA:160,0
DA:167,0
DA:176,0
DA:196,0
DA:224,0
LF:40
LH:2
BRDA:19,0,0,0
BRDA:19,1,0,0
BRDA:20,2,0,0
BRDA:20,2,1,0
BRDA:23,3,0,0
BRDA:23,3,1,0
BRDA:65,4,0,0
BRDA:65,4,1,0
BRDA:82,5,0,0
BRDA:82,5,1,0
BRDA:82,5,2,0
BRDA:88,6,0,0
BRDA:88,6,1,0
BRDA:88,6,2,0
BRDA:88,6,3,0
BRDA:96,7,0,0
BRDA:96,7,1,0
BRDA:96,7,2,0
BRDA:96,7,3,0
BRDA:113,8,0,0
BRDA:113,8,1,0
BRDA:116,9,0,0
BRDA:116,9,1,0
BRDA:116,9,2,0
BRDA:119,10,0,0
BRDA:124,11,0,0
BRDA:124,11,1,0
BRDA:129,12,0,0
BRDA:129,12,1,0
BRDA:166,13,0,0
BRDA:166,13,1,0
BRDA:212,14,0,0
BRDA:212,14,1,0
BRDA:230,15,0,0
BRDA:230,15,1,0
BRDA:234,16,0,0
BRDA:234,16,1,0
BRDA:246,17,0,0
BRDA:246,17,1,0
BRF:39
BRH:0
end_of_record
TN:
SF:components\ActivityManager.tsx
FN:48,(anonymous_9)
FN:60,(anonymous_10)
FN:70,(anonymous_11)
FN:74,(anonymous_12)
FN:85,(anonymous_13)
FN:90,(anonymous_14)
FN:91,(anonymous_15)
FN:91,(anonymous_16)
FN:95,(anonymous_17)
FN:96,(anonymous_18)
FN:96,(anonymous_19)
FN:101,(anonymous_20)
FN:102,(anonymous_21)
FN:107,(anonymous_22)
FN:108,(anonymous_23)
FN:109,(anonymous_24)
FN:181,(anonymous_25)
FN:191,(anonymous_26)
FN:192,(anonymous_27)
FN:215,(anonymous_28)
FN:223,(anonymous_29)
FN:224,(anonymous_30)
FN:225,(anonymous_31)
FN:254,(anonymous_32)
FN:261,(anonymous_33)
FN:268,(anonymous_34)
FN:282,(anonymous_35)
FN:289,(anonymous_36)
FN:296,(anonymous_37)
FN:306,(anonymous_38)
FN:312,(anonymous_39)
FN:336,(anonymous_40)
FN:345,(anonymous_41)
FNF:33
FNH:7
FNDA:5,(anonymous_9)
FNDA:5,(anonymous_10)
FNDA:5,(anonymous_11)
FNDA:1,(anonymous_12)
FNDA:0,(anonymous_13)
FNDA:0,(anonymous_14)
FNDA:0,(anonymous_15)
FNDA:0,(anonymous_16)
FNDA:0,(anonymous_17)
FNDA:0,(anonymous_18)
FNDA:0,(anonymous_19)
FNDA:5,(anonymous_20)
FNDA:0,(anonymous_21)
FNDA:5,(anonymous_22)
FNDA:0,(anonymous_23)
FNDA:0,(anonymous_24)
FNDA:0,(anonymous_25)
FNDA:0,(anonymous_26)
FNDA:0,(anonymous_27)
FNDA:0,(anonymous_28)
FNDA:0,(anonymous_29)
FNDA:0,(anonymous_30)
FNDA:0,(anonymous_31)
FNDA:0,(anonymous_32)
FNDA:0,(anonymous_33)
FNDA:0,(anonymous_34)
FNDA:0,(anonymous_35)
FNDA:0,(anonymous_36)
FNDA:0,(anonymous_37)
FNDA:0,(anonymous_38)
FNDA:0,(anonymous_39)
FNDA:0,(anonymous_40)
FNDA:1,(anonymous_41)
DA:1,3
DA:2,3
DA:3,3
DA:4,3
DA:48,3
DA:58,5
DA:60,5
DA:62,5
DA:65,5
DA:66,5
DA:67,5
DA:70,5
DA:71,5
DA:74,5
DA:75,1
DA:76,1
DA:78,0
DA:85,0
DA:86,0
DA:87,0
DA:90,5
DA:91,0
DA:92,0
DA:95,5
DA:96,0
DA:97,0
DA:101,5
DA:102,5
DA:103,0
DA:107,5
DA:108,5
DA:109,5
DA:111,5
DA:112,5
DA:113,5
DA:114,0
DA:115,0
DA:116,0
DA:117,0
DA:119,0
DA:124,5
DA:128,5
DA:181,0
DA:191,0
DA:192,0
DA:216,0
DA:223,0
DA:224,0
DA:225,0
DA:254,0
DA:262,0
DA:263,0
DA:268,0
DA:282,0
DA:290,0
DA:291,0
DA:296,0
DA:306,0
DA:312,0
DA:336,0
DA:345,1
DA:365,5
DA:368,3
DA:370,3
DA:371,3
LF:65
LH:33
BRDA:55,0,0,5
BRDA:57,1,0,5
BRDA:62,2,0,5
BRDA:62,2,1,5
BRDA:76,3,0,1
BRDA:97,4,0,0
BRDA:97,4,1,0
BRDA:112,5,0,5
BRDA:112,5,1,0
BRDA:112,6,0,5
BRDA:112,6,1,5
BRDA:114,7,0,0
BRDA:114,7,1,0
BRDA:115,8,0,0
BRDA:115,8,1,0
BRDA:115,9,0,0
BRDA:115,9,1,0
BRDA:115,10,0,0
BRDA:115,10,1,0
BRDA:116,11,0,0
BRDA:116,11,1,0
BRDA:117,12,0,0
BRDA:117,12,1,0
BRDA:119,13,0,0
BRDA:119,13,1,0
BRDA:136,14,0,0
BRDA:136,14,1,5
BRDA:137,15,0,0
BRDA:137,15,1,5
BRDA:142,16,0,5
BRDA:142,16,1,0
BRDA:154,17,0,0
BRDA:154,17,1,5
BRDA:154,18,0,0
BRDA:154,18,1,5
BRDA:192,19,0,0
BRDA:192,19,1,0
BRDA:209,20,0,5
BRDA:209,20,1,0
BRDA:218,21,0,0
BRDA:218,21,1,0
BRDA:225,22,0,0
BRDA:225,22,1,0
BRDA:228,23,0,0
BRDA:228,23,1,0
BRDA:235,24,0,0
BRDA:235,24,1,0
BRDA:260,25,0,0
BRDA:260,25,1,0
BRDA:263,26,0,0
BRDA:263,26,1,0
BRDA:288,27,0,0
BRDA:288,27,1,0
BRDA:291,28,0,0
BRDA:291,28,1,0
BRDA:306,29,0,0
BRDA:306,29,1,0
BRDA:334,30,0,5
BRDA:334,30,1,0
BRDA:337,31,0,0
BRDA:337,31,1,0
BRDA:350,32,0,5
BRDA:350,32,1,0
BRF:63
BRH:16
end_of_record
TN:
SF:components\CurrentPeriodFocus.tsx
FN:23,(anonymous_9)
FN:56,(anonymous_10)
FN:78,(anonymous_11)
FN:87,(anonymous_12)
FN:93,(anonymous_13)
FN:113,(anonymous_14)
FN:118,(anonymous_15)
FN:140,(anonymous_16)
FN:155,(anonymous_17)
FN:155,(anonymous_18)
FN:159,(anonymous_19)
FN:159,(anonymous_20)
FN:163,(anonymous_21)
FN:195,(anonymous_22)
FN:198,(anonymous_23)
FN:207,(anonymous_24)
FN:209,(anonymous_25)
FN:212,(anonymous_26)
FN:214,(anonymous_27)
FN:248,(anonymous_28)
FN:271,(anonymous_29)
FN:282,(anonymous_30)
FN:326,(anonymous_31)
FN:327,(anonymous_32)
FN:347,(anonymous_33)
FN:348,(anonymous_34)
FN:349,(anonymous_35)
FN:369,(anonymous_36)
FN:370,(anonymous_37)
FN:371,(anonymous_38)
FN:386,(anonymous_39)
FN:401,(anonymous_40)
FN:462,(anonymous_41)
FN:477,(anonymous_42)
FN:478,(anonymous_43)
FN:488,(anonymous_44)
FN:489,(anonymous_45)
FNF:37
FNH:0
FNDA:0,(anonymous_9)
FNDA:0,(anonymous_10)
FNDA:0,(anonymous_11)
FNDA:0,(anonymous_12)
FNDA:0,(anonymous_13)
FNDA:0,(anonymous_14)
FNDA:0,(anonymous_15)
FNDA:0,(anonymous_16)
FNDA:0,(anonymous_17)
FNDA:0,(anonymous_18)
FNDA:0,(anonymous_19)
FNDA:0,(anonymous_20)
FNDA:0,(anonymous_21)
FNDA:0,(anonymous_22)
FNDA:0,(anonymous_23)
FNDA:0,(anonymous_24)
FNDA:0,(anonymous_25)
FNDA:0,(anonymous_26)
FNDA:0,(anonymous_27)
FNDA:0,(anonymous_28)
FNDA:0,(anonymous_29)
FNDA:0,(anonymous_30)
FNDA:0,(anonymous_31)
FNDA:0,(anonymous_32)
FNDA:0,(anonymous_33)
FNDA:0,(anonymous_34)
FNDA:0,(anonymous_35)
FNDA:0,(anonymous_36)
FNDA:0,(anonymous_37)
FNDA:0,(anonymous_38)
FNDA:0,(anonymous_39)
FNDA:0,(anonymous_40)
FNDA:0,(anonymous_41)
FNDA:0,(anonymous_42)
FNDA:0,(anonymous_43)
FNDA:0,(anonymous_44)
FNDA:0,(anonymous_45)
DA:1,1
DA:3,1
DA:4,1
DA:6,1
DA:7,1
DA:8,1
DA:9,1
DA:10,1
DA:23,1
DA:34,0
DA:35,0
DA:36,0
DA:37,0
DA:38,0
DA:39,0
DA:40,0
DA:41,0
DA:42,0
DA:44,0
DA:49,0
DA:51,0
DA:52,0
DA:53,0
DA:54,0
DA:56,0
DA:57,0
DA:58,0
DA:59,0
DA:61,0
DA:62,0
DA:63,0
DA:64,0
DA:65,0
DA:68,0
DA:70,0
DA:71,0
DA:72,0
DA:73,0
DA:78,0
DA:79,0
DA:80,0
DA:85,0
DA:87,0
DA:88,0
DA:89,0
DA:90,0
DA:93,0
DA:94,0
DA:95,0
DA:96,0
DA:97,0
DA:99,0
DA:100,0
DA:101,0
DA:102,0
DA:103,0
DA:105,0
DA:106,0
DA:107,0
DA:108,0
DA:110,0
DA:113,0
DA:114,0
DA:115,0
DA:118,0
DA:119,0
DA:120,0
DA:121,0
DA:122,0
DA:125,0
DA:126,0
DA:128,0
DA:129,0
DA:130,0
DA:131,0
DA:135,0
DA:136,0
DA:140,0
DA:141,0
DA:142,0
DA:143,0
DA:144,0
DA:145,0
DA:146,0
DA:149,0
DA:152,0
DA:153,0
DA:154,0
DA:155,0
DA:157,0
DA:158,0
DA:159,0
DA:163,0
DA:164,0
DA:165,0
DA:166,0
DA:167,0
DA:168,0
DA:173,0
DA:174,0
DA:175,0
DA:176,0
DA:177,0
DA:178,0
DA:179,0
DA:180,0
DA:181,0
DA:182,0
DA:184,0
DA:185,0
DA:186,0
DA:187,0
DA:188,0
DA:189,0
DA:190,0
DA:191,0
DA:192,0
DA:194,0
DA:195,0
DA:198,0
DA:199,0
DA:202,0
DA:204,0
DA:205,0
DA:207,0
DA:208,0
DA:209,0
DA:212,0
DA:213,0
DA:214,0
DA:217,0
DA:248,0
DA:271,0
DA:282,0
DA:326,0
DA:328,0
DA:329,0
DA:347,0
DA:348,0
DA:350,0
DA:351,0
DA:369,0
DA:370,0
DA:372,0
DA:373,0
DA:386,0
DA:401,0
DA:462,0
DA:477,0
DA:479,0
DA:480,0
DA:481,0
DA:482,0
DA:485,0
DA:488,0
DA:489,0
DA:491,0
DA:492,0
DA:493,0
DA:494,0
DA:495,0
DA:497,0
DA:498,0
DA:499,0
DA:500,0
DA:503,0
DA:504,0
LF:167
LH:9
BRDA:30,0,0,0
BRDA:31,1,0,0
BRDA:40,2,0,0
BRDA:40,2,1,0
BRDA:44,3,0,0
BRDA:44,4,0,0
BRDA:44,5,0,0
BRDA:44,6,0,0
BRDA:44,7,0,0
BRDA:44,8,0,0
BRDA:44,9,0,0
BRDA:44,9,1,0
BRDA:54,10,0,0
BRDA:54,10,1,0
BRDA:57,11,0,0
BRDA:58,12,0,0
BRDA:58,12,1,0
BRDA:59,13,0,0
BRDA:59,13,1,0
BRDA:61,14,0,0
BRDA:61,14,1,0
BRDA:63,15,0,0
BRDA:63,15,1,0
BRDA:65,16,0,0
BRDA:65,16,1,0
BRDA:71,17,0,0
BRDA:71,17,1,0
BRDA:71,18,0,0
BRDA:71,18,1,0
BRDA:79,19,0,0
BRDA:85,20,0,0
BRDA:85,20,1,0
BRDA:88,21,0,0
BRDA:94,22,0,0
BRDA:96,23,0,0
BRDA:96,23,1,0
BRDA:97,24,0,0
BRDA:97,24,1,0
BRDA:99,25,0,0
BRDA:99,25,1,0
BRDA:100,26,0,0
BRDA:100,26,1,0
BRDA:102,27,0,0
BRDA:102,27,1,0
BRDA:105,28,0,0
BRDA:105,28,1,0
BRDA:107,29,0,0
BRDA:107,29,1,0
BRDA:114,30,0,0
BRDA:119,31,0,0
BRDA:120,32,0,0
BRDA:120,32,1,0
BRDA:121,33,0,0
BRDA:121,33,1,0
BRDA:122,34,0,0
BRDA:122,34,1,0
BRDA:122,35,0,0
BRDA:122,35,1,0
BRDA:125,36,0,0
BRDA:125,36,1,0
BRDA:125,37,0,0
BRDA:125,37,1,0
BRDA:126,38,0,0
BRDA:126,38,1,0
BRDA:126,39,0,0
BRDA:126,39,1,0
BRDA:128,40,0,0
BRDA:128,41,0,0
BRDA:128,41,1,0
BRDA:128,41,2,0
BRDA:135,42,0,0
BRDA:141,43,0,0
BRDA:143,44,0,0
BRDA:143,44,1,0
BRDA:144,45,0,0
BRDA:144,45,1,0
BRDA:145,46,0,0
BRDA:146,47,0,0
BRDA:146,47,1,0
BRDA:147,48,0,0
BRDA:147,48,1,0
BRDA:152,49,0,0
BRDA:152,49,1,0
BRDA:153,50,0,0
BRDA:153,50,1,0
BRDA:154,51,0,0
BRDA:154,51,1,0
BRDA:155,52,0,0
BRDA:155,52,1,0
BRDA:155,53,0,0
BRDA:155,53,1,0
BRDA:155,54,0,0
BRDA:155,54,1,0
BRDA:155,55,0,0
BRDA:155,55,1,0
BRDA:157,56,0,0
BRDA:157,56,1,0
BRDA:158,57,0,0
BRDA:158,57,1,0
BRDA:159,58,0,0
BRDA:159,58,1,0
BRDA:159,59,0,0
BRDA:159,59,1,0
BRDA:159,60,0,0
BRDA:159,60,1,0
BRDA:159,61,0,0
BRDA:159,61,1,0
BRDA:164,62,0,0
BRDA:164,63,0,0
BRDA:164,63,1,0
BRDA:171,64,0,0
BRDA:171,64,1,0
BRDA:173,65,0,0
BRDA:173,65,1,0
BRDA:174,66,0,0
BRDA:174,66,1,0
BRDA:175,67,0,0
BRDA:175,67,1,0
BRDA:176,68,0,0
BRDA:176,68,1,0
BRDA:186,69,0,0
BRDA:186,69,1,0
BRDA:202,70,0,0
BRDA:204,71,0,0
BRDA:204,71,1,0
BRDA:204,72,0,0
BRDA:204,72,1,0
BRDA:205,73,0,0
BRDA:205,73,1,0
BRDA:209,74,0,0
BRDA:209,74,1,0
BRDA:213,75,0,0
BRDA:213,75,1,0
BRDA:214,76,0,0
BRDA:214,76,1,0
BRDA:246,77,0,0
BRDA:246,77,1,0
BRDA:257,78,0,0
BRDA:257,78,1,0
BRDA:258,79,0,0
BRDA:258,79,1,0
BRDA:272,80,0,0
BRDA:272,80,1,0
BRDA:275,81,0,0
BRDA:275,81,1,0
BRDA:290,82,0,0
BRDA:290,82,1,0
BRDA:296,83,0,0
BRDA:296,83,1,0
BRDA:301,84,0,0
BRDA:301,84,1,0
BRDA:320,85,0,0
BRDA:320,85,1,0
BRDA:329,86,0,0
BRDA:338,87,0,0
BRDA:338,87,1,0
BRDA:338,88,0,0
BRDA:338,88,1,0
BRDA:341,89,0,0
BRDA:341,89,1,0
BRDA:346,90,0,0
BRDA:346,90,1,0
BRDA:354,91,0,0
BRDA:354,91,1,0
BRDA:358,92,0,0
BRDA:358,92,1,0
BRDA:360,93,0,0
BRDA:360,93,1,0
BRDA:360,94,0,0
BRDA:360,94,1,0
BRDA:363,95,0,0
BRDA:363,95,1,0
BRDA:368,96,0,0
BRDA:368,96,1,0
BRDA:376,97,0,0
BRDA:376,97,1,0
BRDA:380,98,0,0
BRDA:380,98,1,0
BRDA:384,99,0,0
BRDA:384,99,1,0
BRDA:397,100,0,0
BRDA:397,100,1,0
BRDA:404,101,0,0
BRDA:404,101,1,0
BRDA:408,102,0,0
BRDA:408,102,1,0
BRDA:412,103,0,0
BRDA:412,103,1,0
BRDA:414,104,0,0
BRDA:414,104,1,0
BRDA:414,105,0,0
BRDA:414,105,1,0
BRDA:424,106,0,0
BRDA:424,106,1,0
BRDA:424,107,0,0
BRDA:424,107,1,0
BRDA:424,108,0,0
BRDA:424,108,1,0
BRDA:424,109,0,0
BRDA:424,109,1,0
BRDA:427,110,0,0
BRDA:427,110,1,0
BRDA:427,111,0,0
BRDA:427,111,1,0
BRDA:427,112,0,0
BRDA:427,112,1,0
BRDA:427,113,0,0
BRDA:427,113,1,0
BRDA:433,114,0,0
BRDA:433,114,1,0
BRDA:434,115,0,0
BRDA:434,115,1,0
BRDA:470,116,0,0
BRDA:470,116,1,0
BRDA:475,117,0,0
BRDA:475,117,1,0
BRDA:475,118,0,0
BRDA:475,118,1,0
BRDA:491,119,0,0
BRDA:491,119,1,0
BRDA:492,120,0,0
BRDA:492,120,1,0
BRDA:493,121,0,0
BRDA:493,121,1,0
BRDA:497,122,0,0
BRDA:497,122,1,0
BRDA:498,123,0,0
BRDA:498,123,1,0
BRF:228
BRH:0
end_of_record
TN:
SF:components\DashboardMetadataModal.tsx
FN:19,(anonymous_9)
FN:42,(anonymous_10)
FN:53,(anonymous_11)
FN:76,(anonymous_12)
FN:85,(anonymous_13)
FN:94,(anonymous_14)
FN:109,(anonymous_15)
FN:125,(anonymous_16)
FN:130,(anonymous_17)
FN:148,(anonymous_18)
FN:165,(anonymous_19)
FN:183,(anonymous_20)
FNF:12
FNH:0
FNDA:0,(anonymous_9)
FNDA:0,(anonymous_10)
FNDA:0,(anonymous_11)
FNDA:0,(anonymous_12)
FNDA:0,(anonymous_13)
FNDA:0,(anonymous_14)
FNDA:0,(anonymous_15)
FNDA:0,(anonymous_16)
FNDA:0,(anonymous_17)
FNDA:0,(anonymous_18)
FNDA:0,(anonymous_19)
FNDA:0,(anonymous_20)
DA:1,1
DA:19,1
DA:34,0
DA:35,0
DA:36,0
DA:37,0
DA:38,0
DA:39,0
DA:40,0
DA:42,0
DA:43,0
DA:44,0
DA:45,0
DA:46,0
DA:47,0
DA:48,0
DA:49,0
DA:53,0
DA:54,0
DA:55,0
DA:56,0
DA:58,0
DA:59,0
DA:60,0
DA:61,0
DA:62,0
DA:64,0
DA:65,0
DA:67,0
DA:71,0
DA:73,0
DA:76,0
DA:85,0
DA:94,0
DA:109,0
DA:125,0
DA:131,0
DA:148,0
DA:165,0
DA:183,0
LF:40
LH:2
BRDA:36,0,0,0
BRDA:36,0,1,0
BRDA:37,1,0,0
BRDA:37,1,1,0
BRDA:38,2,0,0
BRDA:38,2,1,0
BRDA:39,3,0,0
BRDA:39,3,1,0
BRDA:43,4,0,0
BRDA:46,5,0,0
BRDA:46,5,1,0
BRDA:47,6,0,0
BRDA:47,6,1,0
BRDA:48,7,0,0
BRDA:48,7,1,0
BRDA:49,8,0,0
BRDA:49,8,1,0
BRDA:54,9,0,0
BRDA:60,10,0,0
BRDA:60,10,1,0
BRDA:71,11,0,0
BRDA:185,12,0,0
BRDA:185,12,1,0
BRDA:207,13,0,0
BRDA:207,13,1,0
BRF:25
BRH:0
end_of_record
TN:
SF:components\DashboardView.tsx
FN:51,(anonymous_9)
FN:74,(anonymous_10)
FN:77,(anonymous_11)
FN:81,(anonymous_12)
FN:95,(anonymous_13)
FN:99,(anonymous_14)
FN:106,(anonymous_15)
FN:112,(anonymous_16)
FN:114,(anonymous_17)
FN:117,(anonymous_18)
FN:119,(anonymous_19)
FN:131,(anonymous_20)
FN:133,(anonymous_21)
FN:142,(anonymous_22)
FN:170,(anonymous_23)
FN:189,(anonymous_24)
FN:191,(anonymous_25)
FN:209,(anonymous_26)
FN:278,(anonymous_27)
FN:297,(anonymous_28)
FN:303,(anonymous_29)
FN:353,(anonymous_30)
FN:388,(anonymous_31)
FN:389,(anonymous_32)
FN:399,(anonymous_33)
FN:408,(anonymous_34)
FN:416,(anonymous_35)
FN:427,(anonymous_36)
FNF:28
FNH:10
FNDA:4,(anonymous_9)
FNDA:3,(anonymous_10)
FNDA:4,(anonymous_11)
FNDA:0,(anonymous_12)
FNDA:3,(anonymous_13)
FNDA:3,(anonymous_14)
FNDA:3,(anonymous_15)
FNDA:3,(anonymous_16)
FNDA:0,(anonymous_17)
FNDA:0,(anonymous_18)
FNDA:3,(anonymous_19)
FNDA:3,(anonymous_20)
FNDA:0,(anonymous_21)
FNDA:3,(anonymous_22)
FNDA:0,(anonymous_23)
FNDA:0,(anonymous_24)
FNDA:0,(anonymous_25)
FNDA:0,(anonymous_26)
FNDA:0,(anonymous_27)
FNDA:0,(anonymous_28)
FNDA:0,(anonymous_29)
FNDA:0,(anonymous_30)
FNDA:0,(anonymous_31)
FNDA:0,(anonymous_32)
FNDA:0,(anonymous_33)
FNDA:0,(anonymous_34)
FNDA:0,(anonymous_35)
FNDA:0,(anonymous_36)
DA:1,1
DA:2,1
DA:9,1
DA:10,1
DA:11,1
DA:12,1
DA:13,1
DA:14,1
DA:15,1
DA:17,1
DA:51,1
DA:66,4
DA:67,4
DA:68,4
DA:69,4
DA:70,4
DA:71,4
DA:74,4
DA:77,4
DA:78,4
DA:79,4
DA:81,0
DA:83,0
DA:86,4
DA:87,4
DA:89,4
DA:93,4
DA:95,4
DA:96,3
DA:99,4
DA:100,3
DA:103,4
DA:106,4
DA:107,3
DA:108,3
DA:109,3
DA:112,4
DA:113,3
DA:114,0
DA:117,4
DA:119,4
DA:120,3
DA:122,3
DA:123,0
DA:124,0
DA:125,0
DA:127,3
DA:131,4
DA:132,3
DA:133,0
DA:134,0
DA:135,0
DA:136,0
DA:142,4
DA:143,3
DA:144,3
DA:145,3
DA:159,4
DA:160,0
DA:170,4
DA:171,0
DA:172,0
DA:173,0
DA:174,0
DA:175,0
DA:179,0
DA:181,0
DA:182,0
DA:183,0
DA:185,0
DA:189,4
DA:191,0
DA:194,4
DA:209,0
DA:278,0
DA:297,0
DA:303,0
DA:353,0
DA:388,0
DA:390,0
DA:391,0
DA:399,0
DA:408,0
DA:417,0
DA:427,0
DA:437,1
LF:86
LH:52
BRDA:58,0,0,4
BRDA:60,1,0,4
BRDA:62,2,0,4
BRDA:74,3,0,3
BRDA:74,3,1,0
BRDA:79,4,0,4
BRDA:79,5,0,4
BRDA:79,5,1,4
BRDA:81,6,0,0
BRDA:81,6,1,0
BRDA:89,7,0,4
BRDA:89,7,1,0
BRDA:89,7,2,4
BRDA:89,7,3,4
BRDA:96,8,0,3
BRDA:96,8,1,0
BRDA:96,8,2,0
BRDA:107,9,0,0
BRDA:108,10,0,0
BRDA:113,11,0,3
BRDA:114,12,0,0
BRDA:114,12,1,0
BRDA:120,13,0,3
BRDA:120,13,1,0
BRDA:122,14,0,0
BRDA:122,15,0,3
BRDA:122,15,1,3
BRDA:122,15,2,3
BRDA:123,16,0,0
BRDA:123,16,1,0
BRDA:132,17,0,0
BRDA:135,18,0,0
BRDA:146,19,0,3
BRDA:146,19,1,3
BRDA:147,20,0,3
BRDA:147,20,1,0
BRDA:148,21,0,3
BRDA:148,21,1,0
BRDA:149,22,0,3
BRDA:149,22,1,0
BRDA:150,23,0,3
BRDA:150,23,1,0
BRDA:151,24,0,3
BRDA:151,24,1,0
BRDA:159,25,0,0
BRDA:191,26,0,0
BRDA:191,26,1,0
BRDA:191,27,0,0
BRDA:191,27,1,0
BRDA:203,28,0,3
BRDA:203,28,1,1
BRDA:203,29,0,3
BRDA:203,29,1,3
BRDA:207,30,0,4
BRDA:207,30,1,3
BRDA:222,31,0,0
BRDA:222,31,1,4
BRDA:224,32,0,0
BRDA:224,32,1,4
BRDA:227,33,0,4
BRDA:227,33,1,0
BRDA:246,34,0,0
BRDA:246,34,1,4
BRDA:246,35,0,0
BRDA:246,35,1,4
BRDA:250,36,0,0
BRDA:250,36,1,4
BRDA:250,37,0,0
BRDA:250,37,1,4
BRDA:254,38,0,4
BRDA:254,38,1,4
BRDA:259,39,0,4
BRDA:259,39,1,0
BRDA:276,40,0,4
BRDA:276,40,1,1
BRDA:276,40,2,4
BRDA:292,41,0,0
BRDA:292,41,1,4
BRDA:292,42,0,0
BRDA:292,42,1,4
BRDA:298,43,0,4
BRDA:298,43,1,0
BRDA:304,44,0,0
BRDA:304,44,1,4
BRDA:310,45,0,4
BRDA:310,45,1,0
BRDA:310,45,2,0
BRDA:310,45,3,0
BRDA:323,46,0,4
BRDA:323,46,1,0
BRDA:330,47,0,4
BRDA:330,47,1,0
BRDA:337,48,0,0
BRDA:337,48,1,0
BRDA:337,48,2,0
BRDA:346,49,0,4
BRDA:346,49,1,4
BRDA:351,50,0,4
BRDA:351,50,1,3
BRDA:363,51,0,4
BRDA:363,51,1,0
BRDA:405,52,0,4
BRDA:405,52,1,1
BRDA:405,52,2,3
BRDA:405,52,3,0
BRDA:410,53,0,0
BRDA:410,53,1,0
BRDA:412,54,0,0
BRDA:412,54,1,0
BRDA:413,55,0,0
BRDA:413,55,1,0
BRDA:420,56,0,0
BRDA:420,56,1,0
BRDA:421,57,0,0
BRDA:421,57,1,0
BRDA:428,58,0,0
BRDA:428,58,1,4
BRF:117
BRH:58
end_of_record
TN:
SF:components\DataEditor.tsx
FN:25,(anonymous_9)
FN:49,(anonymous_10)
FN:53,(anonymous_11)
FN:59,(anonymous_12)
FN:61,(anonymous_13)
FN:68,(anonymous_14)
FN:70,(anonymous_15)
FN:77,(anonymous_16)
FN:78,(anonymous_17)
FN:85,(anonymous_18)
FN:86,(anonymous_19)
FN:95,(anonymous_20)
FN:99,(anonymous_21)
FN:115,(anonymous_22)
FN:118,(anonymous_23)
FN:128,(anonymous_24)
FN:154,(anonymous_25)
FN:159,(anonymous_26)
FN:162,(anonymous_27)
FN:168,(anonymous_28)
FN:176,(anonymous_29)
FN:188,(anonymous_30)
FN:207,(anonymous_31)
FN:210,(anonymous_32)
FN:211,(anonymous_33)
FN:214,(anonymous_34)
FN:215,(anonymous_35)
FN:217,(anonymous_36)
FN:218,(anonymous_37)
FN:224,(anonymous_38)
FN:239,(anonymous_39)
FN:241,(anonymous_40)
FN:250,(anonymous_41)
FN:262,(anonymous_42)
FN:299,(anonymous_43)
FN:335,(anonymous_44)
FN:336,(anonymous_45)
FN:337,(anonymous_46)
FN:348,(anonymous_47)
FN:349,(anonymous_48)
FN:350,(anonymous_49)
FN:359,(anonymous_50)
FN:373,(anonymous_51)
FN:385,(anonymous_52)
FN:421,(anonymous_53)
FN:422,(anonymous_54)
FN:423,(anonymous_55)
FN:440,(anonymous_56)
FN:441,(anonymous_57)
FN:442,(anonymous_58)
FN:456,(anonymous_59)
FN:467,(anonymous_60)
FN:486,(anonymous_61)
FN:487,(anonymous_62)
FN:494,(anonymous_63)
FN:495,(anonymous_64)
FN:528,(anonymous_65)
FN:535,(anonymous_66)
FNF:58
FNH:9
FNDA:5,(anonymous_9)
FNDA:3,(anonymous_10)
FNDA:3,(anonymous_11)
FNDA:0,(anonymous_12)
FNDA:0,(anonymous_13)
FNDA:0,(anonymous_14)
FNDA:0,(anonymous_15)
FNDA:0,(anonymous_16)
FNDA:0,(anonymous_17)
FNDA:0,(anonymous_18)
FNDA:0,(anonymous_19)
FNDA:1,(anonymous_20)
FNDA:1,(anonymous_21)
FNDA:0,(anonymous_22)
FNDA:0,(anonymous_23)
FNDA:0,(anonymous_24)
FNDA:0,(anonymous_25)
FNDA:0,(anonymous_26)
FNDA:0,(anonymous_27)
FNDA:0,(anonymous_28)
FNDA:0,(anonymous_29)
FNDA:0,(anonymous_30)
FNDA:0,(anonymous_31)
FNDA:0,(anonymous_32)
FNDA:0,(anonymous_33)
FNDA:0,(anonymous_34)
FNDA:0,(anonymous_35)
FNDA:0,(anonymous_36)
FNDA:0,(anonymous_37)
FNDA:3,(anonymous_38)
FNDA:3,(anonymous_39)
FNDA:0,(anonymous_40)
FNDA:3,(anonymous_41)
FNDA:0,(anonymous_42)
FNDA:0,(anonymous_43)
FNDA:0,(anonymous_44)
FNDA:0,(anonymous_45)
FNDA:0,(anonymous_46)
FNDA:0,(anonymous_47)
FNDA:0,(anonymous_48)
FNDA:0,(anonymous_49)
FNDA:0,(anonymous_50)
FNDA:0,(anonymous_51)
FNDA:265,(anonymous_52)
FNDA:0,(anonymous_53)
FNDA:0,(anonymous_54)
FNDA:0,(anonymous_55)
FNDA:0,(anonymous_56)
FNDA:0,(anonymous_57)
FNDA:0,(anonymous_58)
FNDA:0,(anonymous_59)
FNDA:0,(anonymous_60)
FNDA:0,(anonymous_61)
FNDA:0,(anonymous_62)
FNDA:0,(anonymous_63)
FNDA:0,(anonymous_64)
FNDA:0,(anonymous_65)
FNDA:0,(anonymous_66)
DA:1,2
DA:3,2
DA:4,2
DA:5,2
DA:25,2
DA:26,5
DA:29,5
DA:32,5
DA:35,5
DA:38,5
DA:41,5
DA:44,5
DA:46,5
DA:48,5
DA:49,3
DA:53,5
DA:54,3
DA:55,3
DA:56,3
DA:59,5
DA:60,0
DA:61,0
DA:62,0
DA:63,0
DA:64,0
DA:68,5
DA:69,0
DA:70,0
DA:71,0
DA:72,0
DA:73,0
DA:77,5
DA:78,0
DA:79,0
DA:80,0
DA:81,0
DA:85,5
DA:86,0
DA:87,0
DA:88,0
DA:89,0
DA:93,5
DA:95,5
DA:96,1
DA:97,1
DA:99,1
DA:100,1
DA:111,1
DA:115,5
DA:116,0
DA:117,0
DA:118,0
DA:119,0
DA:120,0
DA:121,0
DA:125,5
DA:126,5
DA:128,5
DA:129,0
DA:131,0
DA:132,0
DA:133,0
DA:136,0
DA:137,0
DA:138,0
DA:142,0
DA:143,0
DA:146,0
DA:147,0
DA:148,0
DA:149,0
DA:150,0
DA:151,0
DA:152,0
DA:154,0
DA:155,0
DA:156,0
DA:159,0
DA:160,0
DA:161,0
DA:162,0
DA:163,0
DA:164,0
DA:165,0
DA:168,0
DA:169,0
DA:170,0
DA:171,0
DA:176,0
DA:177,0
DA:178,0
DA:179,0
DA:180,0
DA:181,0
DA:182,0
DA:184,0
DA:188,0
DA:189,0
DA:190,0
DA:193,0
DA:195,0
DA:196,0
DA:201,5
DA:204,5
DA:205,5
DA:207,5
DA:208,0
DA:209,0
DA:210,0
DA:211,0
DA:213,0
DA:214,0
DA:215,0
DA:217,0
DA:218,0
DA:224,5
DA:225,3
DA:226,3
DA:227,3
DA:228,3
DA:229,3
DA:231,3
DA:239,5
DA:240,3
DA:241,3
DA:242,0
DA:243,0
DA:244,0
DA:245,0
DA:247,0
DA:250,3
DA:253,5
DA:263,0
DA:264,0
DA:266,0
DA:300,0
DA:301,0
DA:302,0
DA:304,0
DA:335,0
DA:336,0
DA:337,0
DA:348,0
DA:349,0
DA:350,0
DA:359,0
DA:373,0
DA:386,265
DA:387,265
DA:391,265
DA:392,265
DA:393,265
DA:395,265
DA:421,0
DA:422,0
DA:424,0
DA:425,0
DA:440,0
DA:441,0
DA:443,0
DA:444,0
DA:456,0
DA:467,0
DA:486,0
DA:489,0
DA:490,0
DA:491,0
DA:493,0
DA:494,0
DA:495,0
DA:497,0
DA:498,0
DA:499,0
DA:500,0
DA:502,0
DA:503,0
DA:504,0
DA:505,0
DA:506,0
DA:508,0
DA:509,0
DA:510,0
DA:511,0
DA:514,0
DA:517,0
DA:529,0
DA:530,0
DA:532,0
DA:533,0
DA:534,0
DA:535,0
DA:537,0
DA:539,0
DA:544,0
LF:194
LH:56
BRDA:25,0,0,3
BRDA:27,1,0,5
BRDA:27,1,1,0
BRDA:30,2,0,5
BRDA:30,2,1,0
BRDA:33,3,0,5
BRDA:33,3,1,0
BRDA:36,4,0,5
BRDA:36,4,1,0
BRDA:39,5,0,5
BRDA:39,5,1,0
BRDA:42,6,0,5
BRDA:42,6,1,0
BRDA:54,7,0,0
BRDA:55,8,0,0
BRDA:55,8,1,3
BRDA:60,9,0,0
BRDA:60,9,1,0
BRDA:69,10,0,0
BRDA:69,10,1,0
BRDA:117,11,0,0
BRDA:117,11,1,0
BRDA:128,12,0,0
BRDA:129,13,0,0
BRDA:129,13,1,0
BRDA:131,14,0,0
BRDA:136,15,0,0
BRDA:136,16,0,0
BRDA:136,16,1,0
BRDA:142,17,0,0
BRDA:155,18,0,0
BRDA:155,18,1,0
BRDA:161,19,0,0
BRDA:161,19,1,0
BRDA:164,20,0,0
BRDA:164,20,1,0
BRDA:164,21,0,0
BRDA:164,21,1,0
BRDA:170,22,0,0
BRDA:170,22,1,0
BRDA:170,23,0,0
BRDA:170,23,1,0
BRDA:179,24,0,0
BRDA:179,24,1,0
BRDA:181,25,0,0
BRDA:181,25,1,0
BRDA:202,26,0,5
BRDA:202,26,1,5
BRDA:204,27,0,5
BRDA:204,27,1,5
BRDA:208,28,0,0
BRDA:208,28,1,0
BRDA:209,29,0,0
BRDA:209,29,1,0
BRDA:209,30,0,0
BRDA:209,30,1,0
BRDA:210,31,0,0
BRDA:210,31,1,0
BRDA:211,32,0,0
BRDA:211,32,1,0
BRDA:213,33,0,0
BRDA:213,33,1,0
BRDA:228,34,0,0
BRDA:228,34,1,3
BRDA:240,35,0,3
BRDA:240,35,1,0
BRDA:243,36,0,0
BRDA:243,36,1,0
BRDA:271,37,0,0
BRDA:271,37,1,5
BRDA:273,38,0,0
BRDA:273,38,1,5
BRDA:286,39,0,5
BRDA:286,39,1,5
BRDA:290,40,0,5
BRDA:290,40,1,1
BRDA:292,41,0,1
BRDA:292,41,1,4
BRDA:297,42,0,0
BRDA:297,42,1,5
BRDA:300,43,0,0
BRDA:300,43,1,0
BRDA:302,44,0,0
BRDA:302,44,1,0
BRDA:302,45,0,0
BRDA:302,45,1,0
BRDA:309,46,0,0
BRDA:309,46,1,0
BRDA:314,47,0,0
BRDA:314,47,1,0
BRDA:320,48,0,0
BRDA:320,48,1,0
BRDA:334,49,0,0
BRDA:334,49,1,0
BRDA:334,50,0,0
BRDA:334,50,1,0
BRDA:339,51,0,0
BRDA:339,51,1,0
BRDA:347,52,0,0
BRDA:347,52,1,0
BRDA:347,53,0,0
BRDA:347,53,1,0
BRDA:352,54,0,0
BRDA:352,54,1,0
BRDA:357,55,0,0
BRDA:357,55,1,0
BRDA:360,56,0,0
BRDA:360,56,1,0
BRDA:362,57,0,0
BRDA:362,57,1,0
BRDA:372,58,0,0
BRDA:372,58,1,0
BRDA:375,59,0,0
BRDA:375,59,1,0
BRDA:385,60,0,5
BRDA:385,60,1,0
BRDA:387,61,0,265
BRDA:387,61,1,0
BRDA:391,62,0,265
BRDA:391,62,1,106
BRDA:393,63,0,0
BRDA:393,63,1,265
BRDA:393,64,0,0
BRDA:393,64,1,0
BRDA:399,65,0,2
BRDA:399,65,1,263
BRDA:404,66,0,265
BRDA:404,66,1,2
BRDA:410,67,0,2
BRDA:410,67,1,263
BRDA:411,68,0,2
BRDA:411,68,1,263
BRDA:420,69,0,0
BRDA:420,69,1,265
BRDA:420,70,0,0
BRDA:420,70,1,0
BRDA:428,71,0,265
BRDA:428,71,1,2
BRDA:429,72,0,265
BRDA:429,72,1,265
BRDA:439,73,0,0
BRDA:439,73,1,265
BRDA:439,74,0,0
BRDA:439,74,1,0
BRDA:447,75,0,265
BRDA:447,75,1,2
BRDA:448,76,0,265
BRDA:448,76,1,265
BRDA:454,77,0,265
BRDA:454,77,1,0
BRDA:457,78,0,0
BRDA:457,78,1,0
BRDA:460,79,0,0
BRDA:460,79,1,0
BRDA:466,80,0,265
BRDA:466,80,1,0
BRDA:480,81,0,5
BRDA:480,81,1,0
BRDA:483,82,0,0
BRDA:483,82,1,0
BRDA:484,83,0,0
BRDA:484,83,1,0
BRDA:484,84,0,0
BRDA:484,84,1,0
BRDA:484,85,0,0
BRDA:484,85,1,0
BRDA:493,86,0,0
BRDA:493,86,1,0
BRDA:493,87,0,0
BRDA:493,87,1,0
BRDA:494,88,0,0
BRDA:494,88,1,0
BRDA:495,89,0,0
BRDA:495,89,1,0
BRDA:502,90,0,0
BRDA:502,90,1,0
BRDA:520,91,0,0
BRDA:520,91,1,0
BRDA:521,92,0,0
BRDA:521,92,1,0
BRDA:522,93,0,0
BRDA:522,93,1,0
BRDA:523,94,0,0
BRDA:523,94,1,0
BRDA:528,95,0,0
BRDA:528,95,1,0
BRDA:529,96,0,0
BRDA:529,97,0,0
BRDA:529,97,1,0
BRDA:530,98,0,0
BRDA:533,99,0,0
BRDA:533,99,1,0
BRDA:550,100,0,5
BRDA:550,100,1,0
BRF:194
BRH:50
end_of_record
TN:
SF:components\IndicatorManager.tsx
FN:63,(anonymous_9)
FN:64,(anonymous_10)
FN:65,(anonymous_11)
FN:77,(anonymous_12)
FN:80,(anonymous_13)
FN:87,(anonymous_14)
FN:104,(anonymous_15)
FN:109,(anonymous_16)
FN:110,(anonymous_17)
FN:111,(anonymous_18)
FN:115,(anonymous_19)
FN:121,(anonymous_20)
FN:124,(anonymous_21)
FN:125,(anonymous_22)
FN:125,(anonymous_23)
FN:128,(anonymous_24)
FN:134,(anonymous_25)
FN:139,(anonymous_26)
FN:148,(anonymous_27)
FN:161,(anonymous_28)
FN:162,(anonymous_29)
FN:165,(anonymous_30)
FN:170,(anonymous_31)
FN:184,(anonymous_32)
FN:195,(anonymous_33)
FN:207,(anonymous_34)
FN:210,(anonymous_35)
FN:242,(anonymous_36)
FN:247,(anonymous_37)
FN:249,(anonymous_38)
FN:258,(anonymous_39)
FN:261,(anonymous_40)
FN:264,(anonymous_41)
FN:270,(anonymous_42)
FN:276,(anonymous_43)
FN:286,(anonymous_44)
FN:297,(anonymous_45)
FN:306,(anonymous_46)
FN:315,(anonymous_47)
FN:325,(anonymous_48)
FN:334,(anonymous_49)
FN:349,(anonymous_50)
FN:367,(anonymous_51)
FN:390,(anonymous_52)
FN:391,(anonymous_53)
FN:394,(anonymous_54)
FN:398,(anonymous_55)
FN:400,(anonymous_56)
FN:401,(anonymous_57)
FN:411,(anonymous_58)
FN:413,(anonymous_59)
FNF:51
FNH:7
FNDA:2,(anonymous_9)
FNDA:2,(anonymous_10)
FNDA:4,(anonymous_11)
FNDA:2,(anonymous_12)
FNDA:2,(anonymous_13)
FNDA:0,(anonymous_14)
FNDA:0,(anonymous_15)
FNDA:0,(anonymous_16)
FNDA:0,(anonymous_17)
FNDA:0,(anonymous_18)
FNDA:0,(anonymous_19)
FNDA:0,(anonymous_20)
FNDA:0,(anonymous_21)
FNDA:0,(anonymous_22)
FNDA:0,(anonymous_23)
FNDA:0,(anonymous_24)
FNDA:0,(anonymous_25)
FNDA:0,(anonymous_26)
FNDA:0,(anonymous_27)
FNDA:0,(anonymous_28)
FNDA:0,(anonymous_29)
FNDA:0,(anonymous_30)
FNDA:0,(anonymous_31)
FNDA:0,(anonymous_32)
FNDA:0,(anonymous_33)
FNDA:0,(anonymous_34)
FNDA:2,(anonymous_35)
FNDA:5,(anonymous_36)
FNDA:0,(anonymous_37)
FNDA:0,(anonymous_38)
FNDA:0,(anonymous_39)
FNDA:0,(anonymous_40)
FNDA:0,(anonymous_41)
FNDA:0,(anonymous_42)
FNDA:0,(anonymous_43)
FNDA:0,(anonymous_44)
FNDA:0,(anonymous_45)
FNDA:0,(anonymous_46)
FNDA:0,(anonymous_47)
FNDA:0,(anonymous_48)
FNDA:0,(anonymous_49)
FNDA:0,(anonymous_50)
FNDA:0,(anonymous_51)
FNDA:0,(anonymous_52)
FNDA:0,(anonymous_53)
FNDA:0,(anonymous_54)
FNDA:0,(anonymous_55)
FNDA:0,(anonymous_56)
FNDA:0,(anonymous_57)
FNDA:0,(anonymous_58)
FNDA:0,(anonymous_59)
DA:1,1
DA:29,1
DA:63,1
DA:64,2
DA:65,2
DA:67,4
DA:68,3
DA:70,1
DA:76,2
DA:77,2
DA:80,2
DA:81,2
DA:82,0
DA:83,0
DA:86,2
DA:87,0
DA:89,0
DA:90,0
DA:92,0
DA:93,0
DA:94,0
DA:95,0
DA:97,0
DA:101,2
DA:102,2
DA:104,2
DA:105,0
DA:106,0
DA:109,2
DA:110,0
DA:111,0
DA:115,2
DA:116,0
DA:121,0
DA:124,2
DA:125,0
DA:128,2
DA:129,0
DA:130,0
DA:134,2
DA:135,0
DA:136,0
DA:139,2
DA:140,0
DA:141,0
DA:143,0
DA:144,0
DA:145,0
DA:148,0
DA:153,0
DA:154,0
DA:161,2
DA:162,0
DA:165,0
DA:166,0
DA:167,0
DA:170,0
DA:171,0
DA:174,0
DA:175,0
DA:176,0
DA:180,0
DA:184,0
DA:185,0
DA:186,0
DA:187,0
DA:190,0
DA:193,2
DA:195,0
DA:207,0
DA:211,2
DA:243,5
DA:247,0
DA:249,0
DA:258,0
DA:261,0
DA:264,0
DA:270,0
DA:276,0
DA:286,0
DA:297,0
DA:306,0
DA:315,0
DA:325,0
DA:334,0
DA:350,0
DA:351,0
DA:367,0
DA:390,1
DA:391,0
DA:394,0
DA:395,0
DA:398,0
DA:399,0
DA:400,0
DA:401,0
DA:402,0
DA:405,0
DA:411,0
DA:413,0
LF:100
LH:27
BRDA:67,0,0,3
BRDA:67,1,0,4
BRDA:67,1,1,3
BRDA:70,2,0,1
BRDA:70,2,1,0
BRDA:70,3,0,1
BRDA:70,3,1,0
BRDA:81,4,0,0
BRDA:81,5,0,2
BRDA:81,5,1,0
BRDA:86,6,0,0
BRDA:89,7,0,0
BRDA:89,8,0,0
BRDA:89,8,1,0
BRDA:94,9,0,0
BRDA:94,10,0,0
BRDA:94,10,1,0
BRDA:105,11,0,0
BRDA:111,12,0,0
BRDA:111,12,1,0
BRDA:141,13,0,0
BRDA:141,14,0,0
BRDA:141,14,1,0
BRDA:167,15,0,0
BRDA:167,15,1,0
BRDA:167,16,0,0
BRDA:167,16,1,0
BRDA:174,17,0,0
BRDA:174,18,0,0
BRDA:174,18,1,0
BRDA:185,19,0,0
BRDA:185,19,1,0
BRDA:186,20,0,0
BRDA:186,20,1,0
BRDA:245,21,0,0
BRDA:245,21,1,5
BRDA:254,22,0,0
BRDA:254,22,1,5
BRDA:254,23,0,0
BRDA:254,23,1,5
BRDA:254,24,0,5
BRDA:254,24,1,0
BRDA:276,25,0,5
BRDA:276,25,1,5
BRDA:285,26,0,5
BRDA:285,26,1,5
BRDA:287,27,0,0
BRDA:287,27,1,5
BRDA:287,28,0,5
BRDA:287,28,1,0
BRDA:294,29,0,5
BRDA:294,29,1,0
BRDA:296,30,0,0
BRDA:296,30,1,0
BRDA:301,31,0,5
BRDA:301,31,1,0
BRDA:305,32,0,0
BRDA:305,32,1,0
BRDA:314,33,0,0
BRDA:314,33,1,5
BRDA:316,34,0,0
BRDA:316,34,1,5
BRDA:318,35,0,0
BRDA:318,35,1,5
BRDA:324,36,0,5
BRDA:324,36,1,5
BRDA:347,37,0,2
BRDA:347,37,1,0
BRDA:350,38,0,0
BRDA:413,39,0,0
BRDA:413,39,1,0
BRF:71
BRH:24
end_of_record
TN:
SF:components\LineChart.tsx
FN:24,(anonymous_9)
FN:28,(anonymous_10)
FN:31,(anonymous_11)
FN:36,(anonymous_12)
FN:38,(anonymous_13)
FN:55,(anonymous_14)
FN:58,(anonymous_15)
FN:59,(anonymous_16)
FN:82,(anonymous_17)
FN:83,(anonymous_18)
FN:85,(anonymous_19)
FN:85,(anonymous_20)
FN:90,(anonymous_21)
FN:101,(anonymous_22)
FN:102,(anonymous_23)
FN:109,(anonymous_24)
FN:111,(anonymous_25)
FN:129,(anonymous_26)
FN:145,(anonymous_27)
FN:158,(anonymous_28)
FN:173,(anonymous_29)
FN:180,(anonymous_30)
FN:187,(anonymous_31)
FNF:23
FNH:0
FNDA:0,(anonymous_9)
FNDA:0,(anonymous_10)
FNDA:0,(anonymous_11)
FNDA:0,(anonymous_12)
FNDA:0,(anonymous_13)
FNDA:0,(anonymous_14)
FNDA:0,(anonymous_15)
FNDA:0,(anonymous_16)
FNDA:0,(anonymous_17)
FNDA:0,(anonymous_18)
FNDA:0,(anonymous_19)
FNDA:0,(anonymous_20)
FNDA:0,(anonymous_21)
FNDA:0,(anonymous_22)
FNDA:0,(anonymous_23)
FNDA:0,(anonymous_24)
FNDA:0,(anonymous_25)
FNDA:0,(anonymous_26)
FNDA:0,(anonymous_27)
FNDA:0,(anonymous_28)
FNDA:0,(anonymous_29)
FNDA:0,(anonymous_30)
FNDA:0,(anonymous_31)
DA:1,1
DA:3,1
DA:24,1
DA:25,0
DA:26,0
DA:28,0
DA:29,0
DA:31,0
DA:33,0
DA:36,0
DA:37,0
DA:38,0
DA:39,0
DA:40,0
DA:43,0
DA:44,0
DA:45,0
DA:46,0
DA:47,0
DA:50,0
DA:52,0
DA:55,0
DA:58,0
DA:59,0
DA:61,0
DA:62,0
DA:65,0
DA:73,0
DA:75,0
DA:76,0
DA:77,0
DA:82,0
DA:83,0
DA:85,0
DA:88,0
DA:90,0
DA:93,0
DA:94,0
DA:96,0
DA:97,0
DA:100,0
DA:101,0
DA:102,0
DA:103,0
DA:104,0
DA:105,0
DA:109,0
DA:110,0
DA:111,0
DA:112,0
DA:113,0
DA:114,0
DA:115,0
DA:116,0
DA:117,0
DA:118,0
DA:122,0
DA:124,0
DA:126,0
DA:127,0
DA:129,0
DA:134,0
DA:146,0
DA:147,0
DA:148,0
DA:159,0
DA:174,0
DA:175,0
DA:181,0
DA:188,0
DA:189,0
LF:71
LH:3
BRDA:24,0,0,0
BRDA:24,1,0,0
BRDA:29,2,0,0
BRDA:37,3,0,0
BRDA:39,4,0,0
BRDA:39,4,1,0
BRDA:39,5,0,0
BRDA:39,5,1,0
BRDA:45,6,0,0
BRDA:61,7,0,0
BRDA:88,8,0,0
BRDA:88,8,1,0
BRDA:90,9,0,0
BRDA:90,9,1,0
BRDA:94,10,0,0
BRDA:94,10,1,0
BRDA:96,11,0,0
BRDA:96,11,1,0
BRDA:97,12,0,0
BRDA:97,12,1,0
BRDA:100,13,0,0
BRDA:100,13,1,0
BRDA:100,14,0,0
BRDA:100,14,1,0
BRDA:103,15,0,0
BRDA:110,16,0,0
BRDA:112,17,0,0
BRDA:126,18,0,0
BRDA:126,18,1,0
BRDA:126,19,0,0
BRDA:126,19,1,0
BRDA:172,20,0,0
BRDA:172,20,1,0
BRDA:174,21,0,0
BRDA:174,22,0,0
BRDA:174,22,1,0
BRF:36
BRH:0
end_of_record
TN:
SF:components\PowerPointExportModal.tsx
FN:14,(anonymous_9)
FN:28,(anonymous_10)
FN:35,(anonymous_11)
FN:46,(anonymous_12)
FN:48,(anonymous_13)
FN:54,(anonymous_14)
FN:55,(anonymous_15)
FN:94,(anonymous_16)
FN:106,(anonymous_17)
FN:118,(anonymous_18)
FN:142,(anonymous_19)
FN:150,(anonymous_20)
FN:158,(anonymous_21)
FN:166,(anonymous_22)
FN:174,(anonymous_23)
FN:182,(anonymous_24)
FN:266,(anonymous_25)
FN:294,estimateSlideCount
FNF:18
FNH:1
FNDA:4,(anonymous_9)
FNDA:0,(anonymous_10)
FNDA:0,(anonymous_11)
FNDA:0,(anonymous_12)
FNDA:0,(anonymous_13)
FNDA:0,(anonymous_14)
FNDA:0,(anonymous_15)
FNDA:0,(anonymous_16)
FNDA:0,(anonymous_17)
FNDA:0,(anonymous_18)
FNDA:0,(anonymous_19)
FNDA:0,(anonymous_20)
FNDA:0,(anonymous_21)
FNDA:0,(anonymous_22)
FNDA:0,(anonymous_23)
FNDA:0,(anonymous_24)
FNDA:0,(anonymous_25)
FNDA:0,estimateSlideCount
DA:1,1
DA:3,1
DA:14,1
DA:22,4
DA:23,4
DA:24,4
DA:26,4
DA:28,0
DA:29,0
DA:30,0
DA:32,0
DA:33,0
DA:35,0
DA:36,0
DA:37,0
DA:40,0
DA:41,0
DA:42,0
DA:46,0
DA:47,0
DA:48,0
DA:54,0
DA:55,0
DA:58,0
DA:94,0
DA:106,0
DA:118,0
DA:142,0
DA:150,0
DA:158,0
DA:166,0
DA:174,0
DA:182,0
DA:266,1
DA:267,0
DA:295,0
DA:297,0
DA:298,0
DA:299,0
DA:300,0
DA:302,0
LF:41
LH:8
BRDA:20,0,0,0
BRDA:26,1,0,4
BRDA:47,2,0,0
BRDA:95,3,0,0
BRDA:95,3,1,0
BRDA:107,4,0,0
BRDA:107,4,1,0
BRDA:119,5,0,0
BRDA:119,5,1,0
BRDA:197,6,0,0
BRDA:197,6,1,0
BRDA:198,7,0,0
BRDA:198,7,1,0
BRDA:199,8,0,0
BRDA:199,8,1,0
BRDA:207,9,0,0
BRDA:207,9,1,0
BRDA:234,10,0,0
BRDA:234,10,1,0
BRDA:270,11,0,0
BRDA:270,11,1,0
BRDA:280,12,0,0
BRDA:280,12,1,0
BRDA:282,13,0,0
BRDA:282,13,1,0
BRDA:297,14,0,0
BRDA:298,15,0,0
BRDA:299,16,0,0
BRDA:300,17,0,0
BRF:29
BRH:1
end_of_record
TN:
SF:services\aiService.ts
FN:30,(anonymous_0)
FN:33,(anonymous_1)
FN:39,(anonymous_2)
FN:39,(anonymous_3)
FN:47,(anonymous_4)
FN:65,(anonymous_5)
FN:67,(anonymous_6)
FN:110,(anonymous_7)
FNF:8
FNH:0
FNDA:0,(anonymous_0)
FNDA:0,(anonymous_1)
FNDA:0,(anonymous_2)
FNDA:0,(anonymous_3)
FNDA:0,(anonymous_4)
FNDA:0,(anonymous_5)
FNDA:0,(anonymous_6)
FNDA:0,(anonymous_7)
DA:2,1
DA:20,1
DA:33,0
DA:35,0
DA:36,0
DA:37,0
DA:38,0
DA:39,0
DA:42,0
DA:45,0
DA:47,0
DA:49,0
DA:51,0
DA:53,0
DA:54,0
DA:55,0
DA:58,0
DA:59,0
DA:60,0
DA:61,0
DA:62,0
DA:65,0
DA:66,0
DA:67,0
DA:68,0
DA:69,0
DA:75,0
DA:76,0
DA:78,0
DA:83,0
DA:84,0
DA:85,0
DA:86,0
DA:87,0
DA:93,0
DA:94,0
DA:95,0
DA:96,0
DA:97,0
DA:100,0
DA:102,0
DA:103,0
DA:104,0
DA:106,0
DA:110,0
DA:112,0
LF:46
LH:2
BRDA:30,0,0,0
BRDA:30,1,0,0
BRDA:38,2,0,0
BRDA:38,2,1,0
BRDA:39,3,0,0
BRDA:39,3,1,0
BRDA:42,4,0,0
BRDA:42,4,1,0
BRDA:51,5,0,0
BRDA:58,6,0,0
BRDA:58,6,1,0
BRDA:59,7,0,0
BRDA:59,7,1,0
BRDA:61,8,0,0
BRDA:65,9,0,0
BRDA:65,9,1,0
BRDA:65,10,0,0
BRDA:65,10,1,0
BRDA:65,10,2,0
BRDA:66,11,0,0
BRDA:68,12,0,0
BRDA:75,13,0,0
BRDA:75,13,1,0
BRDA:85,14,0,0
BRDA:85,15,0,0
BRDA:85,15,1,0
BRDA:86,16,0,0
BRDA:86,17,0,0
BRDA:86,17,1,0
BRDA:86,17,2,0
BRDA:102,18,0,0
BRDA:102,18,1,0
BRDA:110,19,0,0
BRDA:110,19,1,0
BRDA:118,20,0,0
BRDA:118,20,1,0
BRF:36
BRH:0
end_of_record
TN:
SF:utils\aggregationUtils.ts
FN:5,(anonymous_0)
FN:18,(anonymous_1)
FN:32,(anonymous_2)
FN:34,(anonymous_3)
FN:41,(anonymous_4)
FN:43,(anonymous_5)
FN:60,(anonymous_6)
FN:83,(anonymous_7)
FN:88,(anonymous_8)
FN:103,(anonymous_9)
FN:105,(anonymous_10)
FN:122,(anonymous_11)
FN:131,(anonymous_12)
FN:149,(anonymous_13)
FN:155,(anonymous_14)
FN:160,(anonymous_15)
FN:171,(anonymous_16)
FN:178,(anonymous_17)
FN:187,(anonymous_18)
FN:196,(anonymous_19)
FN:228,(anonymous_20)
FN:250,(anonymous_21)
FN:271,(anonymous_22)
FN:279,(anonymous_23)
FNF:24
FNH:12
FNDA:0,(anonymous_0)
FNDA:0,(anonymous_1)
FNDA:0,(anonymous_2)
FNDA:0,(anonymous_3)
FNDA:0,(anonymous_4)
FNDA:0,(anonymous_5)
FNDA:3,(anonymous_6)
FNDA:6,(anonymous_7)
FNDA:0,(anonymous_8)
FNDA:6,(anonymous_9)
FNDA:7,(anonymous_10)
FNDA:4,(anonymous_11)
FNDA:7,(anonymous_12)
FNDA:5,(anonymous_13)
FNDA:24,(anonymous_14)
FNDA:0,(anonymous_15)
FNDA:0,(anonymous_16)
FNDA:0,(anonymous_17)
FNDA:4,(anonymous_18)
FNDA:48,(anonymous_19)
FNDA:0,(anonymous_20)
FNDA:0,(anonymous_21)
FNDA:1,(anonymous_22)
FNDA:6,(anonymous_23)
DA:2,1
DA:5,1
DA:6,0
DA:9,0
DA:10,0
DA:13,0
DA:14,0
DA:18,0
DA:19,0
DA:32,1
DA:33,0
DA:34,0
DA:40,0
DA:41,0
DA:42,0
DA:43,0
DA:50,0
DA:60,1
DA:64,3
DA:65,0
DA:75,3
DA:76,3
DA:79,3
DA:80,3
DA:81,3
DA:83,3
DA:84,6
DA:85,6
DA:86,0
DA:87,6
DA:88,0
DA:89,0
DA:91,0
DA:93,6
DA:94,6
DA:97,3
DA:101,3
DA:103,3
DA:104,6
DA:105,6
DA:106,7
DA:108,7
DA:109,7
DA:110,4
DA:116,7
DA:121,3
DA:122,3
DA:123,4
DA:124,4
DA:131,7
DA:135,4
DA:136,4
DA:137,4
DA:138,4
DA:144,4
DA:145,4
DA:147,4
DA:149,2
DA:153,5
DA:155,5
DA:156,24
DA:157,24
DA:160,5
DA:161,0
DA:162,0
DA:170,5
DA:171,0
DA:172,0
DA:173,0
DA:177,5
DA:178,0
DA:179,0
DA:180,0
DA:187,2
DA:188,4
DA:189,4
DA:191,4
DA:192,48
DA:193,48
DA:194,48
DA:196,48
DA:200,48
DA:202,48
DA:203,48
DA:204,48
DA:205,0
DA:206,0
DA:207,0
DA:208,0
DA:212,48
DA:213,0
DA:216,4
DA:219,2
DA:220,2
DA:222,2
DA:223,0
DA:224,0
DA:225,0
DA:226,0
DA:227,0
DA:228,0
DA:229,0
DA:230,0
DA:231,0
DA:232,0
DA:233,0
DA:234,0
DA:237,0
DA:238,0
DA:241,0
DA:244,2
DA:245,0
DA:246,0
DA:247,0
DA:248,0
DA:249,0
DA:250,0
DA:251,0
DA:252,0
DA:253,0
DA:254,0
DA:255,0
DA:256,0
DA:259,0
DA:260,0
DA:263,0
DA:266,4
DA:271,3
DA:272,1
DA:273,1
DA:274,1
DA:278,3
DA:279,3
DA:280,6
DA:282,3
DA:284,3
LF:136
LH:74
BRDA:6,0,0,0
BRDA:6,1,0,0
BRDA:6,1,1,0
BRDA:6,1,2,0
BRDA:10,2,0,0
BRDA:10,3,0,0
BRDA:10,3,1,0
BRDA:14,4,0,0
BRDA:14,5,0,0
BRDA:14,5,1,0
BRDA:18,6,0,0
BRDA:18,6,1,0
BRDA:19,7,0,0
BRDA:19,7,1,0
BRDA:33,8,0,0
BRDA:64,9,0,0
BRDA:64,10,0,3
BRDA:64,10,1,3
BRDA:64,10,2,3
BRDA:79,11,0,3
BRDA:79,11,1,0
BRDA:85,12,0,0
BRDA:85,12,1,6
BRDA:86,13,0,0
BRDA:86,13,1,0
BRDA:86,13,2,0
BRDA:87,14,0,0
BRDA:87,15,0,6
BRDA:87,15,1,0
BRDA:91,16,0,0
BRDA:91,16,1,0
BRDA:97,17,0,0
BRDA:104,18,0,0
BRDA:104,19,0,6
BRDA:104,19,1,6
BRDA:106,20,0,0
BRDA:106,21,0,7
BRDA:106,21,1,7
BRDA:109,22,0,4
BRDA:127,23,0,0
BRDA:127,23,1,4
BRDA:127,24,0,4
BRDA:127,24,1,2
BRDA:137,25,0,0
BRDA:138,26,0,0
BRDA:144,27,0,2
BRDA:144,27,1,2
BRDA:147,28,0,2
BRDA:147,28,1,2
BRDA:153,29,0,5
BRDA:153,29,1,5
BRDA:156,30,0,24
BRDA:156,31,0,24
BRDA:156,31,1,24
BRDA:156,31,2,24
BRDA:157,32,0,24
BRDA:157,32,1,23
BRDA:161,33,0,0
BRDA:161,34,0,0
BRDA:161,34,1,0
BRDA:161,34,2,0
BRDA:162,35,0,0
BRDA:162,35,1,0
BRDA:170,36,0,0
BRDA:170,37,0,5
BRDA:170,37,1,0
BRDA:172,38,0,0
BRDA:172,39,0,0
BRDA:172,39,1,0
BRDA:172,39,2,0
BRDA:173,40,0,0
BRDA:173,40,1,0
BRDA:177,41,0,0
BRDA:177,42,0,5
BRDA:177,42,1,0
BRDA:179,43,0,0
BRDA:179,44,0,0
BRDA:179,44,1,0
BRDA:179,44,2,0
BRDA:180,45,0,0
BRDA:180,45,1,0
BRDA:189,46,0,4
BRDA:189,46,1,4
BRDA:200,47,0,48
BRDA:200,47,1,48
BRDA:202,48,0,24
BRDA:202,48,1,24
BRDA:204,49,0,0
BRDA:204,50,0,48
BRDA:204,50,1,48
BRDA:205,51,0,0
BRDA:205,51,1,0
BRDA:212,52,0,0
BRDA:213,53,0,0
BRDA:213,53,1,0
BRDA:222,54,0,0
BRDA:229,55,0,0
BRDA:229,55,1,0
BRDA:230,56,0,0
BRDA:230,57,0,0
BRDA:230,57,1,0
BRDA:231,58,0,0
BRDA:231,58,1,0
BRDA:237,59,0,0
BRDA:238,60,0,0
BRDA:238,60,1,0
BRDA:244,61,0,0
BRDA:251,62,0,0
BRDA:251,62,1,0
BRDA:252,63,0,0
BRDA:252,64,0,0
BRDA:252,64,1,0
BRDA:253,65,0,0
BRDA:253,65,1,0
BRDA:259,66,0,0
BRDA:260,67,0,0
BRDA:260,67,1,0
BRDA:272,68,0,1
BRDA:272,68,1,0
BRDA:273,69,0,1
BRDA:273,69,1,0
BRDA:282,70,0,3
BRDA:282,70,1,0
BRF:123
BRH:39
end_of_record
TN:
SF:utils\compliance.ts
FN:15,(anonymous_0)
FN:36,(anonymous_1)
FN:44,(anonymous_2)
FN:89,(anonymous_3)
FN:104,(anonymous_4)
FN:105,(anonymous_5)
FN:121,(anonymous_6)
FN:122,(anonymous_7)
FN:123,(anonymous_8)
FN:125,(anonymous_9)
FN:126,(anonymous_10)
FN:135,(anonymous_11)
FN:171,(anonymous_12)
FN:198,(anonymous_13)
FN:232,(anonymous_14)
FN:249,(anonymous_15)
FN:285,(anonymous_16)
FN:329,(anonymous_17)
FN:349,(anonymous_18)
FN:350,(anonymous_19)
FN:368,(anonymous_20)
FN:369,(anonymous_21)
FN:388,(anonymous_22)
FN:549,(anonymous_23)
FN:569,(anonymous_24)
FN:578,(anonymous_25)
FN:579,(anonymous_26)
FN:630,(anonymous_27)
FN:642,(anonymous_28)
FN:656,(anonymous_29)
FN:669,(anonymous_30)
FN:684,(anonymous_31)
FN:705,(anonymous_32)
FNF:33
FNH:21
FNDA:4,(anonymous_0)
FNDA:82,(anonymous_1)
FNDA:0,(anonymous_2)
FNDA:2472,(anonymous_3)
FNDA:2472,(anonymous_4)
FNDA:2568,(anonymous_5)
FNDA:12360,(anonymous_6)
FNDA:12360,(anonymous_7)
FNDA:2472,(anonymous_8)
FNDA:4944,(anonymous_9)
FNDA:19776,(anonymous_10)
FNDA:14832,(anonymous_11)
FNDA:4,(anonymous_12)
FNDA:9,(anonymous_13)
FNDA:0,(anonymous_14)
FNDA:0,(anonymous_15)
FNDA:0,(anonymous_16)
FNDA:2535,(anonymous_17)
FNDA:0,(anonymous_18)
FNDA:0,(anonymous_19)
FNDA:1236,(anonymous_20)
FNDA:1236,(anonymous_21)
FNDA:0,(anonymous_22)
FNDA:9,(anonymous_23)
FNDA:7,(anonymous_24)
FNDA:0,(anonymous_25)
FNDA:0,(anonymous_26)
FNDA:3,(anonymous_27)
FNDA:0,(anonymous_28)
FNDA:0,(anonymous_29)
FNDA:1,(anonymous_30)
FNDA:9,(anonymous_31)
FNDA:0,(anonymous_32)
DA:3,5
DA:9,5
DA:15,5
DA:16,4
DA:17,4
DA:20,4
DA:26,4
DA:36,82
DA:44,5
DA:45,0
DA:48,0
DA:51,0
DA:52,0
DA:55,0
DA:56,0
DA:57,0
DA:61,0
DA:62,0
DA:66,0
DA:67,0
DA:70,0
DA:89,5
DA:97,2472
DA:99,2472
DA:100,2472
DA:103,2472
DA:104,2472
DA:105,2568
DA:106,2472
DA:108,2472
DA:109,2472
DA:111,2472
DA:112,2472
DA:113,2472
DA:117,2472
DA:118,2472
DA:120,2472
DA:121,12360
DA:122,12360
DA:123,2472
DA:125,2472
DA:126,19776
DA:132,4944
DA:133,4944
DA:135,14832
DA:137,4944
DA:138,0
DA:139,0
DA:141,0
DA:142,0
DA:144,0
DA:145,0
DA:151,2472
DA:152,2472
DA:154,2472
DA:158,2472
DA:160,2472
DA:161,2472
DA:163,0
DA:164,0
DA:171,5
DA:177,4
DA:180,4
DA:182,4
DA:183,4
DA:185,4
DA:186,4
DA:187,4
DA:188,4
DA:198,5
DA:203,9
DA:204,9
DA:205,9
DA:210,9
DA:213,9
DA:215,9
DA:216,0
DA:217,0
DA:220,9
DA:221,9
DA:224,0
DA:225,0
DA:232,5
DA:236,0
DA:237,0
DA:238,0
DA:239,0
DA:240,0
DA:242,0
DA:249,5
DA:253,0
DA:258,0
DA:259,0
DA:261,0
DA:263,0
DA:264,0
DA:265,0
DA:268,0
DA:269,0
DA:271,0
DA:272,0
DA:276,0
DA:278,0
DA:285,5
DA:289,0
DA:294,0
DA:295,0
DA:298,0
DA:299,0
DA:300,0
DA:303,0
DA:304,0
DA:308,0
DA:310,0
DA:329,5
DA:335,2535
DA:336,2535
DA:337,0
DA:339,2535
DA:341,2535
DA:342,2535
DA:345,2535
DA:346,0
DA:347,0
DA:349,0
DA:350,0
DA:351,0
DA:353,0
DA:355,0
DA:356,0
DA:357,0
DA:362,0
DA:364,2535
DA:366,103
DA:367,103
DA:368,1236
DA:369,1236
DA:374,2535
DA:376,2535
DA:377,0
DA:379,0
DA:381,0
DA:382,0
DA:385,2535
DA:388,5
DA:397,0
DA:400,0
DA:405,0
DA:407,0
DA:408,0
DA:409,0
DA:410,0
DA:411,0
DA:412,0
DA:416,0
DA:418,0
DA:419,0
DA:425,0
DA:428,0
DA:432,0
DA:434,0
DA:435,0
DA:438,0
DA:439,0
DA:440,0
DA:442,0
DA:445,0
DA:447,0
DA:448,0
DA:451,0
DA:455,0
DA:456,0
DA:457,0
DA:459,0
DA:460,0
DA:461,0
DA:462,0
DA:465,0
DA:469,0
DA:470,0
DA:475,0
DA:476,0
DA:478,0
DA:480,0
DA:481,0
DA:482,0
DA:484,0
DA:485,0
DA:486,0
DA:489,0
DA:490,0
DA:491,0
DA:493,0
DA:494,0
DA:495,0
DA:497,0
DA:498,0
DA:499,0
DA:500,0
DA:504,0
DA:505,0
DA:506,0
DA:508,0
DA:509,0
DA:513,0
DA:520,0
DA:526,0
DA:527,0
DA:531,0
DA:535,0
DA:549,5
DA:550,9
DA:551,9
DA:553,6
DA:554,6
DA:555,6
DA:556,6
DA:558,6
DA:560,6
DA:561,6
DA:564,6
DA:566,6
DA:567,6
DA:569,6
DA:571,7
DA:573,7
DA:574,7
DA:577,7
DA:578,0
DA:579,0
DA:581,7
DA:582,7
DA:586,0
DA:587,0
DA:589,0
DA:590,0
DA:592,0
DA:593,0
DA:594,0
DA:595,0
DA:596,0
DA:597,0
DA:598,0
DA:601,0
DA:602,0
DA:604,0
DA:605,0
DA:611,0
DA:613,0
DA:614,0
DA:620,6
DA:622,0
DA:623,0
DA:630,5
DA:637,3
DA:639,0
DA:640,0
DA:642,0
DA:644,0
DA:646,0
DA:648,0
DA:649,0
DA:650,0
DA:655,0
DA:656,0
DA:657,0
DA:658,0
DA:659,0
DA:660,0
DA:664,0
DA:666,0
DA:669,5
DA:676,1
DA:677,1
DA:679,1
DA:680,3
DA:681,3
DA:682,3
DA:684,3
DA:686,9
DA:688,9
DA:689,9
DA:691,9
DA:693,9
DA:694,9
DA:695,9
DA:697,9
DA:698,9
DA:699,9
DA:702,3
DA:704,0
DA:705,0
DA:706,0
DA:707,0
DA:708,0
DA:710,0
DA:711,3
DA:712,3
DA:716,1
LF:299
LH:122
BRDA:16,0,0,0
BRDA:17,1,0,0
BRDA:45,2,0,0
BRDA:51,3,0,0
BRDA:52,4,0,0
BRDA:55,5,0,0
BRDA:56,6,0,0
BRDA:57,7,0,0
BRDA:61,8,0,0
BRDA:61,9,0,0
BRDA:61,9,1,0
BRDA:66,10,0,0
BRDA:93,11,0,0
BRDA:94,12,0,0
BRDA:95,13,0,0
BRDA:97,14,0,0
BRDA:106,15,0,0
BRDA:109,16,0,0
BRDA:112,17,0,1236
BRDA:112,17,1,1236
BRDA:113,18,0,2472
BRDA:113,18,1,1854
BRDA:120,19,0,2472
BRDA:133,20,0,0
BRDA:137,21,0,0
BRDA:139,22,0,0
BRDA:142,23,0,0
BRDA:142,23,1,0
BRDA:145,24,0,0
BRDA:145,24,1,0
BRDA:154,25,0,0
BRDA:154,26,0,2472
BRDA:154,26,1,2472
BRDA:160,27,0,0
BRDA:160,28,0,2472
BRDA:160,28,1,2472
BRDA:174,29,0,4
BRDA:175,30,0,4
BRDA:177,31,0,0
BRDA:180,32,0,0
BRDA:182,33,0,4
BRDA:182,33,1,0
BRDA:183,34,0,4
BRDA:183,34,1,0
BRDA:185,35,0,0
BRDA:186,36,0,0
BRDA:187,37,0,0
BRDA:203,38,0,9
BRDA:203,38,1,9
BRDA:203,38,2,9
BRDA:204,39,0,9
BRDA:204,39,1,0
BRDA:205,40,0,9
BRDA:205,40,1,0
BRDA:210,41,0,0
BRDA:210,42,0,9
BRDA:210,42,1,0
BRDA:213,43,0,0
BRDA:213,44,0,9
BRDA:213,44,1,0
BRDA:215,45,0,0
BRDA:216,46,0,0
BRDA:216,47,0,0
BRDA:216,47,1,0
BRDA:217,48,0,0
BRDA:217,48,1,0
BRDA:220,49,0,9
BRDA:224,50,0,0
BRDA:236,51,0,0
BRDA:236,51,1,0
BRDA:236,52,0,0
BRDA:236,52,1,0
BRDA:238,53,0,0
BRDA:238,53,1,0
BRDA:239,54,0,0
BRDA:239,54,1,0
BRDA:240,55,0,0
BRDA:240,56,0,0
BRDA:240,56,1,0
BRDA:258,57,0,0
BRDA:258,57,1,0
BRDA:258,58,0,0
BRDA:258,58,1,0
BRDA:259,59,0,0
BRDA:263,60,0,0
BRDA:263,60,1,0
BRDA:264,61,0,0
BRDA:264,61,1,0
BRDA:265,62,0,0
BRDA:265,62,1,0
BRDA:271,63,0,0
BRDA:271,64,0,0
BRDA:271,64,1,0
BRDA:271,64,2,0
BRDA:271,64,3,0
BRDA:272,65,0,0
BRDA:272,65,1,0
BRDA:276,66,0,0
BRDA:299,67,0,0
BRDA:299,67,1,0
BRDA:300,68,0,0
BRDA:300,68,1,0
BRDA:303,69,0,0
BRDA:303,70,0,0
BRDA:303,70,1,0
BRDA:308,71,0,0
BRDA:333,72,0,63
BRDA:336,73,0,0
BRDA:341,74,0,2535
BRDA:341,74,1,154
BRDA:342,75,0,2535
BRDA:342,75,1,156
BRDA:345,76,0,0
BRDA:345,76,1,2535
BRDA:345,77,0,2535
BRDA:345,77,1,0
BRDA:345,77,2,0
BRDA:351,78,0,0
BRDA:356,79,0,0
BRDA:356,79,1,0
BRDA:356,80,0,0
BRDA:356,80,1,0
BRDA:357,81,0,0
BRDA:357,81,1,0
BRDA:357,82,0,0
BRDA:357,82,1,0
BRDA:364,83,0,103
BRDA:364,84,0,2535
BRDA:364,84,1,103
BRDA:364,84,2,103
BRDA:374,85,0,2535
BRDA:374,85,1,2535
BRDA:376,86,0,0
BRDA:376,87,0,2535
BRDA:376,87,1,0
BRDA:377,88,0,0
BRDA:377,88,1,0
BRDA:379,89,0,0
BRDA:379,89,1,0
BRDA:381,90,0,0
BRDA:381,90,1,0
BRDA:382,91,0,0
BRDA:382,91,1,0
BRDA:391,92,0,0
BRDA:392,93,0,0
BRDA:393,94,0,0
BRDA:394,95,0,0
BRDA:397,96,0,0
BRDA:397,96,1,0
BRDA:405,97,0,0
BRDA:405,97,1,0
BRDA:407,98,0,0
BRDA:407,99,0,0
BRDA:407,99,1,0
BRDA:408,100,0,0
BRDA:408,100,1,0
BRDA:410,101,0,0
BRDA:412,102,0,0
BRDA:412,102,1,0
BRDA:416,103,0,0
BRDA:416,103,1,0
BRDA:418,104,0,0
BRDA:418,104,1,0
BRDA:419,105,0,0
BRDA:419,105,1,0
BRDA:428,106,0,0
BRDA:428,106,1,0
BRDA:428,106,2,0
BRDA:428,106,3,0
BRDA:432,107,0,0
BRDA:432,107,1,0
BRDA:439,108,0,0
BRDA:439,108,1,0
BRDA:440,109,0,0
BRDA:440,109,1,0
BRDA:447,110,0,0
BRDA:456,111,0,0
BRDA:456,111,1,0
BRDA:459,112,0,0
BRDA:459,112,1,0
BRDA:461,113,0,0
BRDA:461,113,1,0
BRDA:465,114,0,0
BRDA:465,114,1,0
BRDA:469,115,0,0
BRDA:469,116,0,0
BRDA:469,116,1,0
BRDA:469,116,2,0
BRDA:469,117,0,0
BRDA:469,117,1,0
BRDA:469,118,0,0
BRDA:469,118,1,0
BRDA:478,119,0,0
BRDA:478,119,1,0
BRDA:482,120,0,0
BRDA:482,120,1,0
BRDA:485,121,0,0
BRDA:485,121,1,0
BRDA:486,122,0,0
BRDA:486,122,1,0
BRDA:494,123,0,0
BRDA:494,123,1,0
BRDA:495,124,0,0
BRDA:495,124,1,0
BRDA:497,125,0,0
BRDA:497,126,0,0
BRDA:497,126,1,0
BRDA:504,127,0,0
BRDA:504,127,1,0
BRDA:520,128,0,0
BRDA:520,128,1,0
BRDA:527,129,0,0
BRDA:527,129,1,0
BRDA:527,130,0,0
BRDA:527,130,1,0
BRDA:527,130,2,0
BRDA:531,131,0,0
BRDA:531,131,1,0
BRDA:550,132,0,9
BRDA:550,132,1,0
BRDA:551,133,0,3
BRDA:556,134,0,6
BRDA:556,134,1,6
BRDA:558,135,0,0
BRDA:561,136,0,0
BRDA:561,137,0,6
BRDA:561,137,1,6
BRDA:564,138,0,0
BRDA:564,138,1,6
BRDA:571,139,0,0
BRDA:571,140,0,7
BRDA:571,140,1,7
BRDA:571,140,2,7
BRDA:574,141,0,7
BRDA:574,141,1,7
BRDA:574,141,2,7
BRDA:574,141,3,7
BRDA:577,142,0,0
BRDA:577,142,1,7
BRDA:578,143,0,0
BRDA:578,143,1,0
BRDA:578,144,0,0
BRDA:578,144,1,0
BRDA:578,144,2,0
BRDA:578,144,3,0
BRDA:578,145,0,0
BRDA:578,145,1,0
BRDA:579,146,0,7
BRDA:579,146,1,7
BRDA:579,147,0,0
BRDA:579,147,1,0
BRDA:579,147,2,0
BRDA:579,147,3,0
BRDA:579,148,0,0
BRDA:579,148,1,0
BRDA:581,149,0,7
BRDA:592,150,0,0
BRDA:593,151,0,0
BRDA:593,151,1,0
BRDA:594,152,0,0
BRDA:594,152,1,0
BRDA:595,153,0,0
BRDA:595,153,1,0
BRDA:596,154,0,0
BRDA:596,154,1,0
BRDA:601,155,0,0
BRDA:601,155,1,0
BRDA:601,155,2,0
BRDA:601,155,3,0
BRDA:602,156,0,0
BRDA:602,156,1,0
BRDA:602,156,2,0
BRDA:602,156,3,0
BRDA:604,157,0,0
BRDA:604,157,1,0
BRDA:605,158,0,0
BRDA:605,158,1,0
BRDA:611,159,0,0
BRDA:611,159,1,0
BRDA:611,159,2,0
BRDA:611,160,0,0
BRDA:611,160,1,0
BRDA:613,161,0,0
BRDA:620,162,0,6
BRDA:633,163,0,3
BRDA:634,164,0,0
BRDA:635,165,0,0
BRDA:637,166,0,3
BRDA:637,167,0,3
BRDA:637,167,1,3
BRDA:646,168,0,0
BRDA:649,169,0,0
BRDA:649,169,1,0
BRDA:650,170,0,0
BRDA:650,170,1,0
BRDA:655,171,0,0
BRDA:658,172,0,0
BRDA:664,173,0,0
BRDA:672,174,0,0
BRDA:673,175,0,0
BRDA:674,176,0,0
BRDA:677,177,0,1
BRDA:677,177,1,0
BRDA:688,178,0,9
BRDA:688,178,1,0
BRDA:689,179,0,9
BRDA:689,179,1,0
BRDA:691,180,0,0
BRDA:691,181,0,9
BRDA:691,181,1,0
BRDA:697,182,0,9
BRDA:697,182,1,0
BRDA:698,183,0,9
BRDA:698,183,1,0
BRDA:702,184,0,0
BRDA:702,184,1,3
BRDA:702,185,0,3
BRDA:702,185,1,3
BRDA:706,186,0,0
BRDA:706,186,1,0
BRDA:707,187,0,0
BRDA:707,187,1,0
BRDA:708,188,0,0
BRDA:708,189,0,0
BRDA:708,189,1,0
BRDA:710,190,0,0
BRDA:711,191,0,3
BRDA:711,192,0,3
BRDA:711,192,1,3
BRF:329
BRH:70
end_of_record
TN:
SF:utils\dashboardLogic.ts
FN:22,(anonymous_0)
FN:33,(anonymous_1)
FN:34,(anonymous_2)
FN:44,(anonymous_3)
FN:65,(anonymous_4)
FN:78,(anonymous_5)
FN:93,(anonymous_6)
FN:96,(anonymous_7)
FN:97,(anonymous_8)
FN:100,(anonymous_9)
FN:102,(anonymous_10)
FN:112,(anonymous_11)
FN:113,(anonymous_12)
FN:122,(anonymous_13)
FN:124,(anonymous_14)
FN:131,(anonymous_15)
FNF:16
FNH:9
FNDA:5,(anonymous_0)
FNDA:5,(anonymous_1)
FNDA:4,(anonymous_2)
FNDA:0,(anonymous_3)
FNDA:4,(anonymous_4)
FNDA:7,(anonymous_5)
FNDA:0,(anonymous_6)
FNDA:5,(anonymous_7)
FNDA:0,(anonymous_8)
FNDA:0,(anonymous_9)
FNDA:6,(anonymous_10)
FNDA:0,(anonymous_11)
FNDA:0,(anonymous_12)
FNDA:0,(anonymous_13)
FNDA:2,(anonymous_14)
FNDA:7,(anonymous_15)
DA:2,1
DA:22,1
DA:29,5
DA:32,5
DA:33,5
DA:35,4
DA:38,4
DA:39,4
DA:43,4
DA:44,0
DA:45,0
DA:46,0
DA:51,4
DA:56,5
DA:59,5
DA:60,5
DA:61,5
DA:62,5
DA:65,5
DA:66,4
DA:67,4
DA:68,4
DA:69,4
DA:72,4
DA:73,0
DA:78,5
DA:79,7
DA:80,7
DA:81,7
DA:82,7
DA:83,4
DA:88,5
DA:91,5
DA:92,4
DA:93,4
DA:95,4
DA:96,5
DA:97,0
DA:100,4
DA:102,4
DA:103,6
DA:104,6
DA:105,2
DA:106,2
DA:108,2
DA:112,4
DA:113,0
DA:114,0
DA:119,4
DA:120,4
DA:122,0
DA:124,4
DA:125,0
DA:130,5
DA:131,5
DA:132,7
DA:133,7
DA:136,7
DA:137,7
DA:143,7
DA:144,7
DA:148,5
LF:62
LH:53
BRDA:29,0,0,5
BRDA:29,0,1,0
BRDA:29,0,2,0
BRDA:33,1,0,5
BRDA:33,1,1,5
BRDA:33,2,0,5
BRDA:33,2,1,0
BRDA:38,3,0,4
BRDA:43,4,0,0
BRDA:43,5,0,4
BRDA:43,5,1,4
BRDA:45,6,0,0
BRDA:45,7,0,0
BRDA:45,7,1,0
BRDA:59,8,0,5
BRDA:68,9,0,0
BRDA:69,10,0,0
BRDA:72,11,0,0
BRDA:79,12,0,7
BRDA:79,13,0,7
BRDA:79,13,1,7
BRDA:82,14,0,4
BRDA:91,15,0,4
BRDA:91,16,0,5
BRDA:91,16,1,4
BRDA:92,17,0,4
BRDA:92,17,1,0
BRDA:92,17,2,0
BRDA:93,18,0,4
BRDA:93,18,1,0
BRDA:96,19,0,5
BRDA:96,19,1,5
BRDA:96,19,2,0
BRDA:97,20,0,0
BRDA:97,20,1,0
BRDA:104,21,0,4
BRDA:105,22,0,0
BRDA:106,23,0,0
BRDA:113,24,0,0
BRDA:120,25,0,4
BRDA:120,25,1,2
BRDA:120,25,2,2
BRDA:124,26,0,0
BRDA:124,27,0,4
BRDA:124,27,1,2
BRDA:137,28,0,7
BRDA:137,28,1,0
BRDA:137,28,2,0
BRDA:137,28,3,0
BRDA:137,28,4,0
BRDA:143,29,0,7
BRF:51
BRH:27
end_of_record
TN:
SF:utils\dateUtils.ts
FN:12,(anonymous_0)
FN:29,(anonymous_1)
FNF:2
FNH:1
FNDA:4,(anonymous_0)
FNDA:0,(anonymous_1)
DA:12,1
DA:13,4
DA:14,4
DA:16,4
DA:19,2
DA:23,2
DA:29,1
DA:34,0
DA:35,0
DA:39,0
LF:10
LH:7
BRDA:12,0,0,0
BRDA:12,1,0,2
BRDA:16,2,0,2
BRDA:29,3,0,0
BRDA:29,4,0,0
BRF:5
BRH:2
end_of_record
TN:
SF:utils\formatters.ts
FN:5,(anonymous_0)
FN:44,(anonymous_1)
FN:52,(anonymous_2)
FN:71,(anonymous_3)
FNF:4
FNH:2
FNDA:55,(anonymous_0)
FNDA:0,(anonymous_1)
FNDA:530,(anonymous_2)
FNDA:0,(anonymous_3)
DA:5,4
DA:8,55
DA:22,55
DA:24,55
DA:25,55
DA:26,55
DA:27,82
DA:28,82
DA:31,82
DA:32,1
DA:34,81
DA:35,81
DA:38,55
DA:44,4
DA:45,0
DA:52,4
DA:53,530
DA:56,530
DA:58,530
DA:62,530
DA:71,4
DA:72,0
DA:73,0
DA:74,0
DA:75,0
LF:25
LH:20
BRDA:8,0,0,55
BRDA:8,0,1,3
BRDA:26,1,0,136
BRDA:26,1,1,82
BRDA:31,2,0,1
BRDA:31,3,0,82
BRDA:31,3,1,1
BRDA:38,4,0,55
BRDA:38,4,1,3
BRDA:52,5,0,530
BRDA:53,6,0,0
BRDA:53,7,0,530
BRDA:53,7,1,530
BRDA:53,7,2,530
BRDA:56,8,0,0
BRDA:56,8,1,530
BRDA:58,9,0,0
BRDA:72,10,0,0
BRDA:75,11,0,0
BRDA:75,11,1,0
BRF:20
BRH:14
end_of_record
TN:
SF:utils\powerPointExport.ts
FN:76,generateExecutiveInsights
FN:92,(anonymous_2)
FN:93,(anonymous_3)
FN:97,(anonymous_4)
FN:102,(anonymous_5)
FN:107,(anonymous_6)
FN:116,(anonymous_7)
FN:131,(anonymous_8)
FN:132,(anonymous_9)
FN:133,(anonymous_10)
FN:146,(anonymous_11)
FN:148,(anonymous_12)
FN:150,(anonymous_13)
FN:153,(anonymous_14)
FN:155,(anonymous_15)
FN:157,(anonymous_16)
FN:159,(anonymous_17)
FN:162,(anonymous_18)
FN:177,(anonymous_19)
FN:182,(anonymous_20)
FN:183,(anonymous_21)
FN:203,exportToPowerPoint
FN:337,(anonymous_23)
FN:366,(anonymous_24)
FN:395,(anonymous_25)
FN:445,(anonymous_26)
FN:500,(anonymous_27)
FN:501,(anonymous_28)
FN:505,(anonymous_29)
FN:510,(anonymous_30)
FN:513,(anonymous_31)
FN:525,(anonymous_32)
FN:575,(anonymous_33)
FN:577,(anonymous_34)
FN:578,(anonymous_35)
FN:580,(anonymous_36)
FN:581,(anonymous_37)
FN:584,(anonymous_38)
FN:584,(anonymous_39)
FN:626,(anonymous_40)
FN:645,(anonymous_41)
FN:688,(anonymous_42)
FNF:42
FNH:0
FNDA:0,generateExecutiveInsights
FNDA:0,(anonymous_2)
FNDA:0,(anonymous_3)
FNDA:0,(anonymous_4)
FNDA:0,(anonymous_5)
FNDA:0,(anonymous_6)
FNDA:0,(anonymous_7)
FNDA:0,(anonymous_8)
FNDA:0,(anonymous_9)
FNDA:0,(anonymous_10)
FNDA:0,(anonymous_11)
FNDA:0,(anonymous_12)
FNDA:0,(anonymous_13)
FNDA:0,(anonymous_14)
FNDA:0,(anonymous_15)
FNDA:0,(anonymous_16)
FNDA:0,(anonymous_17)
FNDA:0,(anonymous_18)
FNDA:0,(anonymous_19)
FNDA:0,(anonymous_20)
FNDA:0,(anonymous_21)
FNDA:0,exportToPowerPoint
FNDA:0,(anonymous_23)
FNDA:0,(anonymous_24)
FNDA:0,(anonymous_25)
FNDA:0,(anonymous_26)
FNDA:0,(anonymous_27)
FNDA:0,(anonymous_28)
FNDA:0,(anonymous_29)
FNDA:0,(anonymous_30)
FNDA:0,(anonymous_31)
FNDA:0,(anonymous_32)
FNDA:0,(anonymous_33)
FNDA:0,(anonymous_34)
FNDA:0,(anonymous_35)
FNDA:0,(anonymous_36)
FNDA:0,(anonymous_37)
FNDA:0,(anonymous_38)
FNDA:0,(anonymous_39)
FNDA:0,(anonymous_40)
FNDA:0,(anonymous_41)
FNDA:0,(anonymous_42)
DA:1,1
DA:3,1
DA:23,1
DA:37,1
DA:88,0
DA:91,0
DA:92,0
DA:94,0
DA:95,0
DA:97,0
DA:98,0
DA:99,0
DA:102,0
DA:103,0
DA:106,0
DA:107,0
DA:110,0
DA:111,0
DA:114,0
DA:115,0
DA:116,0
DA:117,0
DA:118,0
DA:119,0
DA:120,0
DA:121,0
DA:122,0
DA:123,0
DA:125,0
DA:126,0
DA:127,0
DA:131,0
DA:132,0
DA:133,0
DA:134,0
DA:136,0
DA:137,0
DA:138,0
DA:139,0
DA:140,0
DA:144,0
DA:145,0
DA:146,0
DA:147,0
DA:148,0
DA:149,0
DA:150,0
DA:151,0
DA:152,0
DA:153,0
DA:155,0
DA:156,0
DA:157,0
DA:158,0
DA:159,0
DA:160,0
DA:161,0
DA:162,0
DA:164,0
DA:165,0
DA:166,0
DA:167,0
DA:168,0
DA:169,0
DA:170,0
DA:171,0
DA:176,0
DA:177,0
DA:181,0
DA:182,0
DA:183,0
DA:186,0
DA:187,0
DA:190,0
DA:203,1
DA:210,0
DA:211,0
DA:214,0
DA:215,0
DA:216,0
DA:217,0
DA:220,0
DA:221,0
DA:224,0
DA:225,0
DA:227,0
DA:239,0
DA:245,0
DA:256,0
DA:269,0
DA:270,0
DA:271,0
DA:272,0
DA:275,0
DA:287,0
DA:291,0
DA:300,0
DA:311,0
DA:324,0
DA:325,0
DA:336,0
DA:337,0
DA:338,0
DA:348,0
DA:352,0
DA:353,0
DA:354,0
DA:365,0
DA:366,0
DA:367,0
DA:377,0
DA:382,0
DA:383,0
DA:394,0
DA:395,0
DA:396,0
DA:404,0
DA:415,0
DA:427,0
DA:432,0
DA:433,0
DA:444,0
DA:445,0
DA:446,0
DA:454,0
DA:465,0
DA:477,0
DA:483,0
DA:484,0
DA:485,0
DA:487,0
DA:499,0
DA:500,0
DA:502,0
DA:503,0
DA:505,0
DA:506,0
DA:507,0
DA:510,0
DA:511,0
DA:513,0
DA:516,0
DA:525,0
DA:526,0
DA:530,0
DA:534,0
DA:542,0
DA:556,0
DA:557,0
DA:558,0
DA:560,0
DA:572,0
DA:573,0
DA:575,0
DA:576,0
DA:577,0
DA:579,0
DA:580,0
DA:581,0
DA:582,0
DA:584,0
DA:586,0
DA:590,0
DA:603,0
DA:625,0
DA:626,0
DA:627,0
DA:628,0
DA:631,0
DA:643,0
DA:644,0
DA:646,0
DA:647,0
DA:652,0
DA:656,0
DA:665,0
DA:678,0
DA:688,0
DA:690,0
DA:692,0
DA:696,0
DA:705,0
DA:717,0
DA:718,0
DA:734,0
DA:735,0
LF:186
LH:5
BRDA:94,0,0,0
BRDA:94,0,1,0
BRDA:95,1,0,0
BRDA:114,2,0,0
BRDA:114,2,1,0
BRDA:117,3,0,0
BRDA:117,3,1,0
BRDA:120,4,0,0
BRDA:120,4,1,0
BRDA:136,5,0,0
BRDA:136,5,1,0
BRDA:139,6,0,0
BRDA:145,7,0,0
BRDA:149,8,0,0
BRDA:149,8,1,0
BRDA:151,9,0,0
BRDA:151,9,1,0
BRDA:158,10,0,0
BRDA:158,10,1,0
BRDA:160,11,0,0
BRDA:160,11,1,0
BRDA:165,12,0,0
BRDA:165,12,1,0
BRDA:168,13,0,0
BRDA:186,14,0,0
BRDA:206,15,0,0
BRDA:208,16,0,0
BRDA:269,17,0,0
BRDA:287,18,0,0
BRDA:287,18,1,0
BRDA:288,19,0,0
BRDA:288,19,1,0
BRDA:352,20,0,0
BRDA:382,21,0,0
BRDA:382,22,0,0
BRDA:382,22,1,0
BRDA:432,23,0,0
BRDA:483,24,0,0
BRDA:483,25,0,0
BRDA:483,25,1,0
BRDA:502,26,0,0
BRDA:502,26,1,0
BRDA:503,27,0,0
BRDA:526,28,0,0
BRDA:526,28,1,0
BRDA:527,29,0,0
BRDA:527,29,1,0
BRDA:530,30,0,0
BRDA:530,30,1,0
BRDA:531,31,0,0
BRDA:531,31,1,0
BRDA:556,32,0,0
BRDA:556,33,0,0
BRDA:556,33,1,0
BRDA:579,34,0,0
BRDA:579,34,1,0
BRDA:580,35,0,0
BRDA:580,35,1,0
BRDA:581,36,0,0
BRDA:581,36,1,0
BRDA:625,37,0,0
BRDA:643,38,0,0
BRDA:643,38,1,0
BRDA:644,39,0,0
BRDA:644,39,1,0
BRDA:652,40,0,0
BRDA:652,40,1,0
BRDA:653,41,0,0
BRDA:653,41,1,0
BRDA:692,42,0,0
BRDA:692,42,1,0
BRDA:693,43,0,0
BRDA:693,43,1,0
BRDA:717,44,0,0
BRF:74
BRH:0
end_of_record
TN:
SF:utils\weeklyUtils.ts
FN:8,(anonymous_0)
FN:32,(anonymous_1)
FN:80,(anonymous_2)
FN:91,(anonymous_3)
FN:96,(anonymous_4)
FN:103,(anonymous_5)
FNF:6
FNH:6
FNDA:6,(anonymous_0)
FNDA:8,(anonymous_1)
FNDA:3,(anonymous_2)
FNDA:159,(anonymous_3)
FNDA:124,(anonymous_4)
FNDA:36,(anonymous_5)
DA:8,6
DA:9,6
DA:10,6
DA:11,6
DA:12,5
DA:14,1
DA:16,6
DA:17,6
DA:18,6
DA:32,6
DA:33,8
DA:34,8
DA:37,8
DA:38,8
DA:39,8
DA:41,8
DA:42,424
DA:43,424
DA:44,424
DA:46,424
DA:48,424
DA:49,424
DA:50,2968
DA:51,2968
DA:55,2968
DA:56,2950
DA:58,2968
DA:59,2968
DA:62,424
DA:63,424
DA:71,424
DA:72,424
DA:74,8
DA:80,6
DA:87,3
DA:88,3
DA:89,3
DA:91,3
DA:92,159
DA:93,159
DA:94,159
DA:96,106
DA:97,124
DA:98,124
DA:99,124
DA:103,3
DA:104,36
DA:109,24
DA:112,12
LF:49
LH:49
BRDA:8,0,0,1
BRDA:10,1,0,6
BRDA:10,1,1,3
BRDA:10,2,0,3
BRDA:10,2,1,0
BRDA:11,3,0,5
BRDA:11,3,1,1
BRDA:32,4,0,2
BRDA:38,5,0,0
BRDA:38,5,1,8
BRDA:55,6,0,18
BRDA:55,6,1,2950
BRDA:56,7,0,30
BRDA:58,8,0,2968
BRDA:58,8,1,498
BRDA:62,9,0,424
BRDA:72,10,0,0
BRDA:72,11,0,424
BRDA:72,11,1,8
BRDA:83,12,0,1
BRDA:85,13,0,1
BRDA:92,14,0,0
BRDA:92,15,0,159
BRDA:92,15,1,0
BRDA:94,16,0,53
BRDA:94,17,0,159
BRDA:94,17,1,106
BRDA:104,18,0,12
BRDA:109,19,0,12
BRF:29
BRH:24
end_of_record
